2014-04-03 15:07:12.414 16355 DEBUG glance.store [-] Attempting to import store glance.store.filesystem.Store _get_store_class /usr/lib/python2.7/dist-packages/glance/store/__init__.py:146
2014-04-03 15:07:12.432 16355 DEBUG glance.store [-] Registering store <class 'glance.store.filesystem.Store'> with schemes ('file', 'filesystem') create_stores /usr/lib/python2.7/dist-packages/glance/store/__init__.py:176
2014-04-03 15:07:12.479 16355 DEBUG glance.store.base [-] Late loading location class glance.store.filesystem.StoreLocation get_store_location_class /usr/lib/python2.7/dist-packages/glance/store/base.py:82
2014-04-03 15:07:12.485 16355 DEBUG glance.store.location [-] Registering scheme file with {'store_class': <class 'glance.store.filesystem.Store'>, 'location_class': <class 'glance.store.filesystem.StoreLocation'>} register_scheme_map /usr/lib/python2.7/dist-packages/glance/store/location.py:86
2014-04-03 15:07:12.490 16355 DEBUG glance.store.location [-] Registering scheme filesystem with {'store_class': <class 'glance.store.filesystem.Store'>, 'location_class': <class 'glance.store.filesystem.StoreLocation'>} register_scheme_map /usr/lib/python2.7/dist-packages/glance/store/location.py:86
2014-04-03 15:07:12.494 16355 DEBUG glance.store [-] Attempting to import store glance.store.http.Store _get_store_class /usr/lib/python2.7/dist-packages/glance/store/__init__.py:146
2014-04-03 15:07:12.513 16355 DEBUG glance.store [-] Registering store <class 'glance.store.http.Store'> with schemes ('http', 'https') create_stores /usr/lib/python2.7/dist-packages/glance/store/__init__.py:176
2014-04-03 15:07:12.525 16355 DEBUG glance.store.base [-] Late loading location class glance.store.http.StoreLocation get_store_location_class /usr/lib/python2.7/dist-packages/glance/store/base.py:82
2014-04-03 15:07:12.530 16355 DEBUG glance.store.location [-] Registering scheme http with {'store_class': <class 'glance.store.http.Store'>, 'location_class': <class 'glance.store.http.StoreLocation'>} register_scheme_map /usr/lib/python2.7/dist-packages/glance/store/location.py:86
2014-04-03 15:07:12.537 16355 DEBUG glance.store.location [-] Registering scheme https with {'store_class': <class 'glance.store.http.Store'>, 'location_class': <class 'glance.store.http.StoreLocation'>} register_scheme_map /usr/lib/python2.7/dist-packages/glance/store/location.py:86
2014-04-03 15:07:12.543 16355 DEBUG glance.store [-] Attempting to import store glance.store.rbd.Store _get_store_class /usr/lib/python2.7/dist-packages/glance/store/__init__.py:146
2014-04-03 15:07:12.547 16355 DEBUG glance.store [-] Registering store <class 'glance.store.rbd.Store'> with schemes ('rbd',) create_stores /usr/lib/python2.7/dist-packages/glance/store/__init__.py:176
2014-04-03 15:07:12.573 16355 DEBUG glance.store.base [-] Late loading location class glance.store.rbd.StoreLocation get_store_location_class /usr/lib/python2.7/dist-packages/glance/store/base.py:82
2014-04-03 15:07:12.578 16355 DEBUG glance.store.location [-] Registering scheme rbd with {'store_class': <class 'glance.store.rbd.Store'>, 'location_class': <class 'glance.store.rbd.StoreLocation'>} register_scheme_map /usr/lib/python2.7/dist-packages/glance/store/location.py:86
2014-04-03 15:07:12.591 16355 DEBUG glance.store [-] Attempting to import store glance.store.s3.Store _get_store_class /usr/lib/python2.7/dist-packages/glance/store/__init__.py:146
2014-04-03 15:07:12.611 16355 DEBUG glance.store [-] Registering store <class 'glance.store.s3.Store'> with schemes ('s3', 's3+http', 's3+https') create_stores /usr/lib/python2.7/dist-packages/glance/store/__init__.py:176
2014-04-03 15:07:12.645 16355 DEBUG glance.store.base [-] Late loading location class glance.store.s3.StoreLocation get_store_location_class /usr/lib/python2.7/dist-packages/glance/store/base.py:82
2014-04-03 15:07:12.651 16355 DEBUG glance.store.location [-] Registering scheme s3 with {'store_class': <class 'glance.store.s3.Store'>, 'location_class': <class 'glance.store.s3.StoreLocation'>} register_scheme_map /usr/lib/python2.7/dist-packages/glance/store/location.py:86
2014-04-03 15:07:12.657 16355 DEBUG glance.store.location [-] Registering scheme s3+http with {'store_class': <class 'glance.store.s3.Store'>, 'location_class': <class 'glance.store.s3.StoreLocation'>} register_scheme_map /usr/lib/python2.7/dist-packages/glance/store/location.py:86
2014-04-03 15:07:12.660 16355 DEBUG glance.store.location [-] Registering scheme s3+https with {'store_class': <class 'glance.store.s3.Store'>, 'location_class': <class 'glance.store.s3.StoreLocation'>} register_scheme_map /usr/lib/python2.7/dist-packages/glance/store/location.py:86
2014-04-03 15:07:12.662 16355 DEBUG glance.store [-] Attempting to import store glance.store.swift.Store _get_store_class /usr/lib/python2.7/dist-packages/glance/store/__init__.py:146
2014-04-03 15:07:12.804 16355 DEBUG glance.store [-] Registering store <function Store at 0x1c80668> with schemes ('swift+https', 'swift', 'swift+http') create_stores /usr/lib/python2.7/dist-packages/glance/store/__init__.py:176
2014-04-03 15:07:12.830 16355 DEBUG glance.store.base [-] Late loading location class glance.store.swift.StoreLocation get_store_location_class /usr/lib/python2.7/dist-packages/glance/store/base.py:82
2014-04-03 15:07:12.841 16355 DEBUG glance.store.location [-] Registering scheme swift+https with {'store_class': <function Store at 0x1c80668>, 'location_class': <class 'glance.store.swift.StoreLocation'>} register_scheme_map /usr/lib/python2.7/dist-packages/glance/store/location.py:86
2014-04-03 15:07:12.845 16355 DEBUG glance.store.location [-] Registering scheme swift+http with {'store_class': <function Store at 0x1c80668>, 'location_class': <class 'glance.store.swift.StoreLocation'>} register_scheme_map /usr/lib/python2.7/dist-packages/glance/store/location.py:86
2014-04-03 15:07:12.853 16355 DEBUG glance.store.location [-] Registering scheme swift with {'store_class': <function Store at 0x1c80668>, 'location_class': <class 'glance.store.swift.StoreLocation'>} register_scheme_map /usr/lib/python2.7/dist-packages/glance/store/location.py:86
2014-04-03 15:07:12.855 16355 DEBUG glance.store [-] Attempting to import store glance.store.sheepdog.Store _get_store_class /usr/lib/python2.7/dist-packages/glance/store/__init__.py:146
2014-04-03 15:07:12.872 16355 DEBUG glance.openstack.common.processutils [-] Running cmd (subprocess): collie execute /usr/lib/python2.7/dist-packages/glance/openstack/common/processutils.py:142
2014-04-03 15:07:12.971 16355 DEBUG glance.openstack.common.processutils [-] Result was 127 execute /usr/lib/python2.7/dist-packages/glance/openstack/common/processutils.py:167
2014-04-03 15:07:12.993 16355 ERROR glance.store.sheepdog [-] Error in store configuration: Unexpected error while running command.
Command: collie
Exit code: 127
Stdout: ''
Stderr: '/bin/sh: 1: collie: not found\n'
2014-04-03 15:07:13.000 16355 WARNING glance.store.base [-] Failed to configure store correctly: Store sheepdog could not be configured correctly. Reason: Error in store configuration: Unexpected error while running command.
Command: collie
Exit code: 127
Stdout: ''
Stderr: '/bin/sh: 1: collie: not found\n' Disabling add method.
2014-04-03 15:07:13.004 16355 DEBUG glance.store [-] Registering store <class 'glance.store.sheepdog.Store'> with schemes ('sheepdog',) create_stores /usr/lib/python2.7/dist-packages/glance/store/__init__.py:176
2014-04-03 15:07:13.014 16355 DEBUG glance.store.base [-] Late loading location class glance.store.sheepdog.StoreLocation get_store_location_class /usr/lib/python2.7/dist-packages/glance/store/base.py:82
2014-04-03 15:07:13.019 16355 DEBUG glance.store.location [-] Registering scheme sheepdog with {'store_class': <class 'glance.store.sheepdog.Store'>, 'location_class': <class 'glance.store.sheepdog.StoreLocation'>} register_scheme_map /usr/lib/python2.7/dist-packages/glance/store/location.py:86
2014-04-03 15:07:13.025 16355 DEBUG glance.store [-] Attempting to import store glance.store.cinder.Store _get_store_class /usr/lib/python2.7/dist-packages/glance/store/__init__.py:146
2014-04-03 15:07:13.582 16355 WARNING glance.store.base [-] Failed to configure store correctly: Store cinder could not be configured correctly. Reason: Cinder storage requires a context. Disabling add method.
2014-04-03 15:07:13.598 16355 DEBUG glance.store [-] Registering store <class 'glance.store.cinder.Store'> with schemes ('cinder',) create_stores /usr/lib/python2.7/dist-packages/glance/store/__init__.py:176
2014-04-03 15:07:13.603 16355 DEBUG glance.store.base [-] Late loading location class glance.store.cinder.StoreLocation get_store_location_class /usr/lib/python2.7/dist-packages/glance/store/base.py:82
2014-04-03 15:07:13.605 16355 DEBUG glance.store.location [-] Registering scheme cinder with {'store_class': <class 'glance.store.cinder.Store'>, 'location_class': <class 'glance.store.cinder.StoreLocation'>} register_scheme_map /usr/lib/python2.7/dist-packages/glance/store/location.py:86
2014-04-03 15:07:13.610 16355 DEBUG glance.api.policy [-] Loading policy from /etc/glance/policy.json _read_policy_file /usr/lib/python2.7/dist-packages/glance/api/policy.py:96
2014-04-03 15:07:13.625 16355 DEBUG glance.api.policy [-] Loaded policy rules: {u'context_is_admin': 'role:admin', u'default': '@', u'manage_image_cache': 'role:admin'} load_rules /usr/lib/python2.7/dist-packages/glance/api/policy.py:75
2014-04-03 15:07:13.637 16355 DEBUG glance.common.config [-] Loading glance-api-keystone from /etc/glance/glance-api-paste.ini load_paste_app /usr/lib/python2.7/dist-packages/glance/common/config.py:223
2014-04-03 15:07:14.234 16355 WARNING glance.api.v2.images [-] Could not find schema properties file schema-image.json. Continuing without custom properties
2014-04-03 15:07:17.600 16355 DEBUG glance.notifier [-] Converted strategy alias noop to glance.notifier.notify_noop.NoopStrategy __init__ /usr/lib/python2.7/dist-packages/glance/notifier/__init__.py:64
2014-04-03 15:07:17.646 16355 DEBUG glance.notifier [-] Converted strategy alias noop to glance.notifier.notify_noop.NoopStrategy __init__ /usr/lib/python2.7/dist-packages/glance/notifier/__init__.py:64
2014-04-03 15:07:17.667 16355 DEBUG glance.notifier [-] Converted strategy alias noop to glance.notifier.notify_noop.NoopStrategy __init__ /usr/lib/python2.7/dist-packages/glance/notifier/__init__.py:64
2014-04-03 15:07:17.674 16355 DEBUG glance.notifier [-] Converted strategy alias noop to glance.notifier.notify_noop.NoopStrategy __init__ /usr/lib/python2.7/dist-packages/glance/notifier/__init__.py:64
2014-04-03 15:07:17.678 16355 DEBUG routes.middleware [-] Initialized with method overriding = True, and path info altering = True __init__ /usr/lib/python2.7/dist-packages/routes/middleware.py:41
2014-04-03 15:07:17.766 16355 DEBUG glance.notifier [-] Converted strategy alias noop to glance.notifier.notify_noop.NoopStrategy __init__ /usr/lib/python2.7/dist-packages/glance/notifier/__init__.py:64
2014-04-03 15:07:17.789 16355 DEBUG glance.notifier [-] Converted strategy alias noop to glance.notifier.notify_noop.NoopStrategy __init__ /usr/lib/python2.7/dist-packages/glance/notifier/__init__.py:64
2014-04-03 15:07:17.791 16355 DEBUG routes.middleware [-] Initialized with method overriding = True, and path info altering = True __init__ /usr/lib/python2.7/dist-packages/routes/middleware.py:41
2014-04-03 15:07:17.802 16355 INFO keystoneclient.middleware.auth_token [-] Starting keystone auth_token middleware
2014-04-03 15:07:17.813 16355 INFO keystoneclient.middleware.auth_token [-] Using /tmp/keystone-signing-mMs3ZV as cache directory for signing certificate
2014-04-03 15:07:17.825 16355 DEBUG glance.common.config [-] ******************************************************************************** log_opt_values /usr/lib/python2.7/dist-packages/oslo/config/cfg.py:1928
2014-04-03 15:07:17.829 16355 DEBUG glance.common.config [-] Configuration options gathered from: log_opt_values /usr/lib/python2.7/dist-packages/oslo/config/cfg.py:1929
2014-04-03 15:07:17.834 16355 DEBUG glance.common.config [-] command line args: [] log_opt_values /usr/lib/python2.7/dist-packages/oslo/config/cfg.py:1930
2014-04-03 15:07:17.835 16355 DEBUG glance.common.config [-] config files: ['/etc/glance/glance-api.conf'] log_opt_values /usr/lib/python2.7/dist-packages/oslo/config/cfg.py:1931
2014-04-03 15:07:17.835 16355 DEBUG glance.common.config [-] ================================================================================ log_opt_values /usr/lib/python2.7/dist-packages/oslo/config/cfg.py:1932
2014-04-03 15:07:17.843 16355 DEBUG glance.common.config [-] admin_password                 = **** log_opt_values /usr/lib/python2.7/dist-packages/oslo/config/cfg.py:1941
2014-04-03 15:07:17.848 16355 DEBUG glance.common.config [-] admin_role                     = admin log_opt_values /usr/lib/python2.7/dist-packages/oslo/config/cfg.py:1941
2014-04-03 15:07:17.852 16355 DEBUG glance.common.config [-] admin_tenant_name              = **** log_opt_values /usr/lib/python2.7/dist-packages/oslo/config/cfg.py:1941
2014-04-03 15:07:17.860 16355 DEBUG glance.common.config [-] admin_user                     = **** log_opt_values /usr/lib/python2.7/dist-packages/oslo/config/cfg.py:1941
2014-04-03 15:07:17.861 16355 DEBUG glance.common.config [-] allow_additional_image_properties = True log_opt_values /usr/lib/python2.7/dist-packages/oslo/config/cfg.py:1941
2014-04-03 15:07:17.862 16355 DEBUG glance.common.config [-] allow_anonymous_access         = False log_opt_values /usr/lib/python2.7/dist-packages/oslo/config/cfg.py:1941
2014-04-03 15:07:17.863 16355 DEBUG glance.common.config [-] api_limit_max                  = 1000 log_opt_values /usr/lib/python2.7/dist-packages/oslo/config/cfg.py:1941
2014-04-03 15:07:17.872 16355 DEBUG glance.common.config [-] auth_region                    = None log_opt_values /usr/lib/python2.7/dist-packages/oslo/config/cfg.py:1941
2014-04-03 15:07:17.873 16355 DEBUG glance.common.config [-] auth_strategy                  = noauth log_opt_values /usr/lib/python2.7/dist-packages/oslo/config/cfg.py:1941
2014-04-03 15:07:17.873 16355 DEBUG glance.common.config [-] auth_url                       = None log_opt_values /usr/lib/python2.7/dist-packages/oslo/config/cfg.py:1941
2014-04-03 15:07:17.875 16355 DEBUG glance.common.config [-] backlog                        = 4096 log_opt_values /usr/lib/python2.7/dist-packages/oslo/config/cfg.py:1941
2014-04-03 15:07:17.876 16355 DEBUG glance.common.config [-] bind_host                      = 0.0.0.0 log_opt_values /usr/lib/python2.7/dist-packages/oslo/config/cfg.py:1941
2014-04-03 15:07:17.877 16355 DEBUG glance.common.config [-] bind_port                      = 9292 log_opt_values /usr/lib/python2.7/dist-packages/oslo/config/cfg.py:1941
2014-04-03 15:07:17.881 16355 DEBUG glance.common.config [-] ca_file                        = None log_opt_values /usr/lib/python2.7/dist-packages/oslo/config/cfg.py:1941
2014-04-03 15:07:17.885 16355 DEBUG glance.common.config [-] cert_file                      = None log_opt_values /usr/lib/python2.7/dist-packages/oslo/config/cfg.py:1941
2014-04-03 15:07:17.887 16355 DEBUG glance.common.config [-] cinder_api_insecure            = False log_opt_values /usr/lib/python2.7/dist-packages/oslo/config/cfg.py:1941
2014-04-03 15:07:17.893 16355 DEBUG glance.common.config [-] cinder_ca_certificates_file    = None log_opt_values /usr/lib/python2.7/dist-packages/oslo/config/cfg.py:1941
2014-04-03 15:07:17.894 16355 DEBUG glance.common.config [-] cinder_catalog_info            = volume:cinder:publicURL log_opt_values /usr/lib/python2.7/dist-packages/oslo/config/cfg.py:1941
2014-04-03 15:07:17.896 16355 DEBUG glance.common.config [-] cinder_endpoint_template       = None log_opt_values /usr/lib/python2.7/dist-packages/oslo/config/cfg.py:1941
2014-04-03 15:07:17.898 16355 DEBUG glance.common.config [-] cinder_http_retries            = 3 log_opt_values /usr/lib/python2.7/dist-packages/oslo/config/cfg.py:1941
2014-04-03 15:07:17.899 16355 DEBUG glance.common.config [-] cleanup_scrubber               = False log_opt_values /usr/lib/python2.7/dist-packages/oslo/config/cfg.py:1941
2014-04-03 15:07:17.904 16355 DEBUG glance.common.config [-] cleanup_scrubber_time          = 86400 log_opt_values /usr/lib/python2.7/dist-packages/oslo/config/cfg.py:1941
2014-04-03 15:07:17.905 16355 DEBUG glance.common.config [-] config_dir                     = None log_opt_values /usr/lib/python2.7/dist-packages/oslo/config/cfg.py:1941
2014-04-03 15:07:17.916 16355 DEBUG glance.common.config [-] config_file                    = ['/etc/glance/glance-api.conf'] log_opt_values /usr/lib/python2.7/dist-packages/oslo/config/cfg.py:1941
2014-04-03 15:07:17.921 16355 DEBUG glance.common.config [-] container_formats              = ['ami', 'ari', 'aki', 'bare', 'ovf'] log_opt_values /usr/lib/python2.7/dist-packages/oslo/config/cfg.py:1941
2014-04-03 15:07:17.921 16355 DEBUG glance.common.config [-] data_api                       = glance.db.sqlalchemy.api log_opt_values /usr/lib/python2.7/dist-packages/oslo/config/cfg.py:1941
2014-04-03 15:07:17.922 16355 DEBUG glance.common.config [-] db_auto_create                 = False log_opt_values /usr/lib/python2.7/dist-packages/oslo/config/cfg.py:1941
2014-04-03 15:07:17.923 16355 DEBUG glance.common.config [-] debug                          = True log_opt_values /usr/lib/python2.7/dist-packages/oslo/config/cfg.py:1941
2014-04-03 15:07:17.925 16355 DEBUG glance.common.config [-] default_log_levels             = ['amqplib=WARN', 'sqlalchemy=WARN', 'boto=WARN', 'suds=INFO', 'keystone=INFO', 'eventlet.wsgi.server=WARN'] log_opt_values /usr/lib/python2.7/dist-packages/oslo/config/cfg.py:1941
2014-04-03 15:07:17.927 16355 DEBUG glance.common.config [-] default_store                  = file log_opt_values /usr/lib/python2.7/dist-packages/oslo/config/cfg.py:1941
2014-04-03 15:07:17.929 16355 DEBUG glance.common.config [-] delayed_delete                 = False log_opt_values /usr/lib/python2.7/dist-packages/oslo/config/cfg.py:1941
2014-04-03 15:07:17.933 16355 DEBUG glance.common.config [-] disable_process_locking        = False log_opt_values /usr/lib/python2.7/dist-packages/oslo/config/cfg.py:1941
2014-04-03 15:07:17.941 16355 DEBUG glance.common.config [-] disk_formats                   = ['ami', 'ari', 'aki', 'vhd', 'vmdk', 'raw', 'qcow2', 'vdi', 'iso'] log_opt_values /usr/lib/python2.7/dist-packages/oslo/config/cfg.py:1941
2014-04-03 15:07:17.945 16355 DEBUG glance.common.config [-] enable_v1_api                  = True log_opt_values /usr/lib/python2.7/dist-packages/oslo/config/cfg.py:1941
2014-04-03 15:07:17.946 16355 DEBUG glance.common.config [-] enable_v2_api                  = True log_opt_values /usr/lib/python2.7/dist-packages/oslo/config/cfg.py:1941
2014-04-03 15:07:17.947 16355 DEBUG glance.common.config [-] eventlet_hub                   = poll log_opt_values /usr/lib/python2.7/dist-packages/oslo/config/cfg.py:1941
2014-04-03 15:07:17.948 16355 DEBUG glance.common.config [-] fatal_deprecations             = False log_opt_values /usr/lib/python2.7/dist-packages/oslo/config/cfg.py:1941
2014-04-03 15:07:17.952 16355 DEBUG glance.common.config [-] filesystem_store_datadir       = /var/lib/glance/images/ log_opt_values /usr/lib/python2.7/dist-packages/oslo/config/cfg.py:1941
2014-04-03 15:07:17.957 16355 DEBUG glance.common.config [-] filesystem_store_metadata_file = None log_opt_values /usr/lib/python2.7/dist-packages/oslo/config/cfg.py:1941
2014-04-03 15:07:17.957 16355 DEBUG glance.common.config [-] image_size_cap                 = 1099511627776 log_opt_values /usr/lib/python2.7/dist-packages/oslo/config/cfg.py:1941
2014-04-03 15:07:17.965 16355 DEBUG glance.common.config [-] instance_format                = [instance: %(uuid)s]  log_opt_values /usr/lib/python2.7/dist-packages/oslo/config/cfg.py:1941
2014-04-03 15:07:17.973 16355 DEBUG glance.common.config [-] instance_uuid_format           = [instance: %(uuid)s]  log_opt_values /usr/lib/python2.7/dist-packages/oslo/config/cfg.py:1941
2014-04-03 15:07:17.974 16355 DEBUG glance.common.config [-] key_file                       = None log_opt_values /usr/lib/python2.7/dist-packages/oslo/config/cfg.py:1941
2014-04-03 15:07:17.975 16355 DEBUG glance.common.config [-] known_stores                   = ['glance.store.filesystem.Store', 'glance.store.http.Store', 'glance.store.rbd.Store', 'glance.store.s3.Store', 'glance.store.swift.Store', 'glance.store.sheepdog.Store', 'glance.store.cinder.Store'] log_opt_values /usr/lib/python2.7/dist-packages/oslo/config/cfg.py:1941
2014-04-03 15:07:17.975 16355 DEBUG glance.common.config [-] limit_param_default            = 25 log_opt_values /usr/lib/python2.7/dist-packages/oslo/config/cfg.py:1941
2014-04-03 15:07:17.977 16355 DEBUG glance.common.config [-] lock_path                      = None log_opt_values /usr/lib/python2.7/dist-packages/oslo/config/cfg.py:1941
2014-04-03 15:07:17.981 16355 DEBUG glance.common.config [-] log_config                     = None log_opt_values /usr/lib/python2.7/dist-packages/oslo/config/cfg.py:1941
2014-04-03 15:07:17.982 16355 DEBUG glance.common.config [-] log_date_format                = %Y-%m-%d %H:%M:%S log_opt_values /usr/lib/python2.7/dist-packages/oslo/config/cfg.py:1941
2014-04-03 15:07:17.986 16355 DEBUG glance.common.config [-] log_dir                        = None log_opt_values /usr/lib/python2.7/dist-packages/oslo/config/cfg.py:1941
2014-04-03 15:07:17.988 16355 DEBUG glance.common.config [-] log_file                       = /var/log/glance/api.log log_opt_values /usr/lib/python2.7/dist-packages/oslo/config/cfg.py:1941
2014-04-03 15:07:17.989 16355 DEBUG glance.common.config [-] log_format                     = None log_opt_values /usr/lib/python2.7/dist-packages/oslo/config/cfg.py:1941
2014-04-03 15:07:17.993 16355 DEBUG glance.common.config [-] logging_context_format_string  = %(asctime)s.%(msecs)03d %(process)d %(levelname)s %(name)s [%(request_id)s %(user)s %(tenant)s] %(instance)s%(message)s log_opt_values /usr/lib/python2.7/dist-packages/oslo/config/cfg.py:1941
2014-04-03 15:07:17.996 16355 DEBUG glance.common.config [-] logging_debug_format_suffix    = %(funcName)s %(pathname)s:%(lineno)d log_opt_values /usr/lib/python2.7/dist-packages/oslo/config/cfg.py:1941
2014-04-03 15:07:17.998 16355 DEBUG glance.common.config [-] logging_default_format_string  = %(asctime)s.%(msecs)03d %(process)d %(levelname)s %(name)s [-] %(instance)s%(message)s log_opt_values /usr/lib/python2.7/dist-packages/oslo/config/cfg.py:1941
2014-04-03 15:07:17.998 16355 DEBUG glance.common.config [-] logging_exception_prefix       = %(asctime)s.%(msecs)03d %(process)d TRACE %(name)s %(instance)s log_opt_values /usr/lib/python2.7/dist-packages/oslo/config/cfg.py:1941
2014-04-03 15:07:18.003 16355 DEBUG glance.common.config [-] memcached_servers              = None log_opt_values /usr/lib/python2.7/dist-packages/oslo/config/cfg.py:1941
2014-04-03 15:07:18.007 16355 DEBUG glance.common.config [-] metadata_encryption_key        = **** log_opt_values /usr/lib/python2.7/dist-packages/oslo/config/cfg.py:1941
2014-04-03 15:07:18.007 16355 DEBUG glance.common.config [-] notifier_strategy              = noop log_opt_values /usr/lib/python2.7/dist-packages/oslo/config/cfg.py:1941
2014-04-03 15:07:18.010 16355 DEBUG glance.common.config [-] os_region_name                 = None log_opt_values /usr/lib/python2.7/dist-packages/oslo/config/cfg.py:1941
2014-04-03 15:07:18.012 16355 DEBUG glance.common.config [-] owner_is_tenant                = True log_opt_values /usr/lib/python2.7/dist-packages/oslo/config/cfg.py:1941
2014-04-03 15:07:18.018 16355 DEBUG glance.common.config [-] policy_default_rule            = default log_opt_values /usr/lib/python2.7/dist-packages/oslo/config/cfg.py:1941
2014-04-03 15:07:18.019 16355 DEBUG glance.common.config [-] policy_file                    = policy.json log_opt_values /usr/lib/python2.7/dist-packages/oslo/config/cfg.py:1941
2014-04-03 15:07:18.020 16355 DEBUG glance.common.config [-] property_protection_file       = None log_opt_values /usr/lib/python2.7/dist-packages/oslo/config/cfg.py:1941
2014-04-03 15:07:18.027 16355 DEBUG glance.common.config [-] publish_errors                 = False log_opt_values /usr/lib/python2.7/dist-packages/oslo/config/cfg.py:1941
2014-04-03 15:07:18.029 16355 DEBUG glance.common.config [-] pydev_worker_debug_host        = None log_opt_values /usr/lib/python2.7/dist-packages/oslo/config/cfg.py:1941
2014-04-03 15:07:18.037 16355 DEBUG glance.common.config [-] pydev_worker_debug_port        = 5678 log_opt_values /usr/lib/python2.7/dist-packages/oslo/config/cfg.py:1941
2014-04-03 15:07:18.040 16355 DEBUG glance.common.config [-] rbd_store_ceph_conf            = /etc/ceph/ceph.conf log_opt_values /usr/lib/python2.7/dist-packages/oslo/config/cfg.py:1941
2014-04-03 15:07:18.042 16355 DEBUG glance.common.config [-] rbd_store_chunk_size           = 8 log_opt_values /usr/lib/python2.7/dist-packages/oslo/config/cfg.py:1941
2014-04-03 15:07:18.044 16355 DEBUG glance.common.config [-] rbd_store_pool                 = images log_opt_values /usr/lib/python2.7/dist-packages/oslo/config/cfg.py:1941
2014-04-03 15:07:18.047 16355 DEBUG glance.common.config [-] rbd_store_user                 = glance log_opt_values /usr/lib/python2.7/dist-packages/oslo/config/cfg.py:1941
2014-04-03 15:07:18.051 16355 DEBUG glance.common.config [-] registry_client_ca_file        = None log_opt_values /usr/lib/python2.7/dist-packages/oslo/config/cfg.py:1941
2014-04-03 15:07:18.054 16355 DEBUG glance.common.config [-] registry_client_cert_file      = None log_opt_values /usr/lib/python2.7/dist-packages/oslo/config/cfg.py:1941
2014-04-03 15:07:18.055 16355 DEBUG glance.common.config [-] registry_client_insecure       = False log_opt_values /usr/lib/python2.7/dist-packages/oslo/config/cfg.py:1941
2014-04-03 15:07:18.057 16355 DEBUG glance.common.config [-] registry_client_key_file       = None log_opt_values /usr/lib/python2.7/dist-packages/oslo/config/cfg.py:1941
2014-04-03 15:07:18.060 16355 DEBUG glance.common.config [-] registry_client_protocol       = http log_opt_values /usr/lib/python2.7/dist-packages/oslo/config/cfg.py:1941
2014-04-03 15:07:18.069 16355 DEBUG glance.common.config [-] registry_client_timeout        = 600 log_opt_values /usr/lib/python2.7/dist-packages/oslo/config/cfg.py:1941
2014-04-03 15:07:18.073 16355 DEBUG glance.common.config [-] registry_host                  = 0.0.0.0 log_opt_values /usr/lib/python2.7/dist-packages/oslo/config/cfg.py:1941
2014-04-03 15:07:18.073 16355 DEBUG glance.common.config [-] registry_port                  = 9191 log_opt_values /usr/lib/python2.7/dist-packages/oslo/config/cfg.py:1941
2014-04-03 15:07:18.077 16355 DEBUG glance.common.config [-] s3_store_access_key            = ************************ log_opt_values /usr/lib/python2.7/dist-packages/oslo/config/cfg.py:1941
2014-04-03 15:07:18.082 16355 DEBUG glance.common.config [-] s3_store_bucket                = <lowercased 20-char aws access key>glance log_opt_values /usr/lib/python2.7/dist-packages/oslo/config/cfg.py:1941
2014-04-03 15:07:18.083 16355 DEBUG glance.common.config [-] s3_store_bucket_url_format     = subdomain log_opt_values /usr/lib/python2.7/dist-packages/oslo/config/cfg.py:1941
2014-04-03 15:07:18.083 16355 DEBUG glance.common.config [-] s3_store_create_bucket_on_put  = False log_opt_values /usr/lib/python2.7/dist-packages/oslo/config/cfg.py:1941
2014-04-03 15:07:18.085 16355 DEBUG glance.common.config [-] s3_store_host                  = 127.0.0.1:8080/v1.0/ log_opt_values /usr/lib/python2.7/dist-packages/oslo/config/cfg.py:1941
2014-04-03 15:07:18.090 16355 DEBUG glance.common.config [-] s3_store_object_buffer_dir     = None log_opt_values /usr/lib/python2.7/dist-packages/oslo/config/cfg.py:1941
2014-04-03 15:07:18.093 16355 DEBUG glance.common.config [-] s3_store_secret_key            = ************************ log_opt_values /usr/lib/python2.7/dist-packages/oslo/config/cfg.py:1941
2014-04-03 15:07:18.097 16355 DEBUG glance.common.config [-] scrub_time                     = 43200 log_opt_values /usr/lib/python2.7/dist-packages/oslo/config/cfg.py:1941
2014-04-03 15:07:18.102 16355 DEBUG glance.common.config [-] scrubber_datadir               = /var/lib/glance/scrubber log_opt_values /usr/lib/python2.7/dist-packages/oslo/config/cfg.py:1941
2014-04-03 15:07:18.109 16355 DEBUG glance.common.config [-] send_identity_headers          = False log_opt_values /usr/lib/python2.7/dist-packages/oslo/config/cfg.py:1941
2014-04-03 15:07:18.113 16355 DEBUG glance.common.config [-] sheepdog_store_address         = localhost log_opt_values /usr/lib/python2.7/dist-packages/oslo/config/cfg.py:1941
2014-04-03 15:07:18.114 16355 DEBUG glance.common.config [-] sheepdog_store_chunk_size      = 64 log_opt_values /usr/lib/python2.7/dist-packages/oslo/config/cfg.py:1941
2014-04-03 15:07:18.114 16355 DEBUG glance.common.config [-] sheepdog_store_port            = 7000 log_opt_values /usr/lib/python2.7/dist-packages/oslo/config/cfg.py:1941
2014-04-03 15:07:18.116 16355 DEBUG glance.common.config [-] show_image_direct_url          = False log_opt_values /usr/lib/python2.7/dist-packages/oslo/config/cfg.py:1941
2014-04-03 15:07:18.119 16355 DEBUG glance.common.config [-] show_multiple_locations        = False log_opt_values /usr/lib/python2.7/dist-packages/oslo/config/cfg.py:1941
2014-04-03 15:07:18.122 16355 DEBUG glance.common.config [-] sql_connection                 = *************************************** log_opt_values /usr/lib/python2.7/dist-packages/oslo/config/cfg.py:1941
2014-04-03 15:07:18.127 16355 DEBUG glance.common.config [-] sql_idle_timeout               = 3600 log_opt_values /usr/lib/python2.7/dist-packages/oslo/config/cfg.py:1941
2014-04-03 15:07:18.133 16355 DEBUG glance.common.config [-] sql_max_retries                = 60 log_opt_values /usr/lib/python2.7/dist-packages/oslo/config/cfg.py:1941
2014-04-03 15:07:18.137 16355 DEBUG glance.common.config [-] sql_retry_interval             = 1 log_opt_values /usr/lib/python2.7/dist-packages/oslo/config/cfg.py:1941
2014-04-03 15:07:18.143 16355 DEBUG glance.common.config [-] sqlalchemy_debug               = False log_opt_values /usr/lib/python2.7/dist-packages/oslo/config/cfg.py:1941
2014-04-03 15:07:18.149 16355 DEBUG glance.common.config [-] swift_enable_snet              = False log_opt_values /usr/lib/python2.7/dist-packages/oslo/config/cfg.py:1941
2014-04-03 15:07:18.152 16355 DEBUG glance.common.config [-] swift_store_admin_tenants      = [] log_opt_values /usr/lib/python2.7/dist-packages/oslo/config/cfg.py:1941
2014-04-03 15:07:18.155 16355 DEBUG glance.common.config [-] swift_store_auth_address       = 127.0.0.1:5000/v2.0/ log_opt_values /usr/lib/python2.7/dist-packages/oslo/config/cfg.py:1941
2014-04-03 15:07:18.165 16355 DEBUG glance.common.config [-] swift_store_auth_insecure      = False log_opt_values /usr/lib/python2.7/dist-packages/oslo/config/cfg.py:1941
2014-04-03 15:07:18.167 16355 DEBUG glance.common.config [-] swift_store_auth_version       = 2 log_opt_values /usr/lib/python2.7/dist-packages/oslo/config/cfg.py:1941
2014-04-03 15:07:18.168 16355 DEBUG glance.common.config [-] swift_store_container          = glance log_opt_values /usr/lib/python2.7/dist-packages/oslo/config/cfg.py:1941
2014-04-03 15:07:18.169 16355 DEBUG glance.common.config [-] swift_store_create_container_on_put = False log_opt_values /usr/lib/python2.7/dist-packages/oslo/config/cfg.py:1941
2014-04-03 15:07:18.177 16355 DEBUG glance.common.config [-] swift_store_endpoint_type      = publicURL log_opt_values /usr/lib/python2.7/dist-packages/oslo/config/cfg.py:1941
2014-04-03 15:07:18.181 16355 DEBUG glance.common.config [-] swift_store_key                = ******************************** log_opt_values /usr/lib/python2.7/dist-packages/oslo/config/cfg.py:1941
2014-04-03 15:07:18.182 16355 DEBUG glance.common.config [-] swift_store_large_object_chunk_size = 200 log_opt_values /usr/lib/python2.7/dist-packages/oslo/config/cfg.py:1941
2014-04-03 15:07:18.183 16355 DEBUG glance.common.config [-] swift_store_large_object_size  = 5120 log_opt_values /usr/lib/python2.7/dist-packages/oslo/config/cfg.py:1941
2014-04-03 15:07:18.188 16355 DEBUG glance.common.config [-] swift_store_multi_tenant       = False log_opt_values /usr/lib/python2.7/dist-packages/oslo/config/cfg.py:1941
2014-04-03 15:07:18.190 16355 DEBUG glance.common.config [-] swift_store_region             = None log_opt_values /usr/lib/python2.7/dist-packages/oslo/config/cfg.py:1941
2014-04-03 15:07:18.190 16355 DEBUG glance.common.config [-] swift_store_service_type       = object-store log_opt_values /usr/lib/python2.7/dist-packages/oslo/config/cfg.py:1941
2014-04-03 15:07:18.191 16355 DEBUG glance.common.config [-] swift_store_ssl_compression    = True log_opt_values /usr/lib/python2.7/dist-packages/oslo/config/cfg.py:1941
2014-04-03 15:07:18.192 16355 DEBUG glance.common.config [-] swift_store_user               = ********* log_opt_values /usr/lib/python2.7/dist-packages/oslo/config/cfg.py:1941
2014-04-03 15:07:18.201 16355 DEBUG glance.common.config [-] syslog_log_facility            = LOG_USER log_opt_values /usr/lib/python2.7/dist-packages/oslo/config/cfg.py:1941
2014-04-03 15:07:18.205 16355 DEBUG glance.common.config [-] tcp_keepidle                   = 600 log_opt_values /usr/lib/python2.7/dist-packages/oslo/config/cfg.py:1941
2014-04-03 15:07:18.205 16355 DEBUG glance.common.config [-] use_stderr                     = True log_opt_values /usr/lib/python2.7/dist-packages/oslo/config/cfg.py:1941
2014-04-03 15:07:18.208 16355 DEBUG glance.common.config [-] use_syslog                     = False log_opt_values /usr/lib/python2.7/dist-packages/oslo/config/cfg.py:1941
2014-04-03 15:07:18.212 16355 DEBUG glance.common.config [-] use_tpool                      = False log_opt_values /usr/lib/python2.7/dist-packages/oslo/config/cfg.py:1941
2014-04-03 15:07:18.213 16355 DEBUG glance.common.config [-] use_user_token                 = True log_opt_values /usr/lib/python2.7/dist-packages/oslo/config/cfg.py:1941
2014-04-03 15:07:18.217 16355 DEBUG glance.common.config [-] user_storage_quota             = 0 log_opt_values /usr/lib/python2.7/dist-packages/oslo/config/cfg.py:1941
2014-04-03 15:07:18.219 16355 DEBUG glance.common.config [-] verbose                        = True log_opt_values /usr/lib/python2.7/dist-packages/oslo/config/cfg.py:1941
2014-04-03 15:07:18.221 16355 DEBUG glance.common.config [-] workers                        = 1 log_opt_values /usr/lib/python2.7/dist-packages/oslo/config/cfg.py:1941
2014-04-03 15:07:18.226 16355 DEBUG glance.common.config [-] paste_deploy.config_file       = None log_opt_values /usr/lib/python2.7/dist-packages/oslo/config/cfg.py:1949
2014-04-03 15:07:18.227 16355 DEBUG glance.common.config [-] paste_deploy.flavor            = keystone log_opt_values /usr/lib/python2.7/dist-packages/oslo/config/cfg.py:1949
2014-04-03 15:07:18.233 16355 DEBUG glance.common.config [-] keystone_authtoken.admin_password = ****** log_opt_values /usr/lib/python2.7/dist-packages/oslo/config/cfg.py:1949
2014-04-03 15:07:18.237 16355 DEBUG glance.common.config [-] keystone_authtoken.admin_tenant_name = service log_opt_values /usr/lib/python2.7/dist-packages/oslo/config/cfg.py:1949
2014-04-03 15:07:18.240 16355 DEBUG glance.common.config [-] keystone_authtoken.admin_token = **** log_opt_values /usr/lib/python2.7/dist-packages/oslo/config/cfg.py:1949
2014-04-03 15:07:18.243 16355 DEBUG glance.common.config [-] keystone_authtoken.admin_user  = glance log_opt_values /usr/lib/python2.7/dist-packages/oslo/config/cfg.py:1949
2014-04-03 15:07:18.245 16355 DEBUG glance.common.config [-] keystone_authtoken.auth_admin_prefix =  log_opt_values /usr/lib/python2.7/dist-packages/oslo/config/cfg.py:1949
2014-04-03 15:07:18.247 16355 DEBUG glance.common.config [-] keystone_authtoken.auth_host   = controller log_opt_values /usr/lib/python2.7/dist-packages/oslo/config/cfg.py:1949
2014-04-03 15:07:18.247 16355 DEBUG glance.common.config [-] keystone_authtoken.auth_port   = 35357 log_opt_values /usr/lib/python2.7/dist-packages/oslo/config/cfg.py:1949
2014-04-03 15:07:18.260 16355 DEBUG glance.common.config [-] keystone_authtoken.auth_protocol = http log_opt_values /usr/lib/python2.7/dist-packages/oslo/config/cfg.py:1949
2014-04-03 15:07:18.261 16355 DEBUG glance.common.config [-] keystone_authtoken.auth_uri    = http://controller:5000 log_opt_values /usr/lib/python2.7/dist-packages/oslo/config/cfg.py:1949
2014-04-03 15:07:18.263 16355 DEBUG glance.common.config [-] keystone_authtoken.auth_version = None log_opt_values /usr/lib/python2.7/dist-packages/oslo/config/cfg.py:1949
2014-04-03 15:07:18.264 16355 DEBUG glance.common.config [-] keystone_authtoken.cache       = None log_opt_values /usr/lib/python2.7/dist-packages/oslo/config/cfg.py:1949
2014-04-03 15:07:18.272 16355 DEBUG glance.common.config [-] keystone_authtoken.certfile    = None log_opt_values /usr/lib/python2.7/dist-packages/oslo/config/cfg.py:1949
2014-04-03 15:07:18.275 16355 DEBUG glance.common.config [-] keystone_authtoken.delay_auth_decision = False log_opt_values /usr/lib/python2.7/dist-packages/oslo/config/cfg.py:1949
2014-04-03 15:07:18.277 16355 DEBUG glance.common.config [-] keystone_authtoken.http_connect_timeout = None log_opt_values /usr/lib/python2.7/dist-packages/oslo/config/cfg.py:1949
2014-04-03 15:07:18.283 16355 DEBUG glance.common.config [-] keystone_authtoken.http_handler = None log_opt_values /usr/lib/python2.7/dist-packages/oslo/config/cfg.py:1949
2014-04-03 15:07:18.286 16355 DEBUG glance.common.config [-] keystone_authtoken.keyfile     = None log_opt_values /usr/lib/python2.7/dist-packages/oslo/config/cfg.py:1949
2014-04-03 15:07:18.293 16355 DEBUG glance.common.config [-] keystone_authtoken.memcache_secret_key = **** log_opt_values /usr/lib/python2.7/dist-packages/oslo/config/cfg.py:1949
2014-04-03 15:07:18.299 16355 DEBUG glance.common.config [-] keystone_authtoken.memcache_security_strategy = None log_opt_values /usr/lib/python2.7/dist-packages/oslo/config/cfg.py:1949
2014-04-03 15:07:18.300 16355 DEBUG glance.common.config [-] keystone_authtoken.memcached_servers = None log_opt_values /usr/lib/python2.7/dist-packages/oslo/config/cfg.py:1949
2014-04-03 15:07:18.302 16355 DEBUG glance.common.config [-] keystone_authtoken.revocation_cache_time = 1 log_opt_values /usr/lib/python2.7/dist-packages/oslo/config/cfg.py:1949
2014-04-03 15:07:18.308 16355 DEBUG glance.common.config [-] keystone_authtoken.signing_dir = None log_opt_values /usr/lib/python2.7/dist-packages/oslo/config/cfg.py:1949
2014-04-03 15:07:18.313 16355 DEBUG glance.common.config [-] keystone_authtoken.token_cache_time = 300 log_opt_values /usr/lib/python2.7/dist-packages/oslo/config/cfg.py:1949
2014-04-03 15:07:18.314 16355 DEBUG glance.common.config [-] ******************************************************************************** log_opt_values /usr/lib/python2.7/dist-packages/oslo/config/cfg.py:1951
2014-04-03 15:08:54.872 16434 DEBUG glance.api.middleware.version_negotiation [-] Determining version of request: HEAD /v1/images/eeda37d3-f5ca-4f10-a03b-d9ef9959765c Accept:  process_request /usr/lib/python2.7/dist-packages/glance/api/middleware/version_negotiation.py:46
2014-04-03 15:08:54.873 16434 DEBUG glance.api.middleware.version_negotiation [-] Using url versioning process_request /usr/lib/python2.7/dist-packages/glance/api/middleware/version_negotiation.py:59
2014-04-03 15:08:54.874 16434 DEBUG glance.api.middleware.version_negotiation [-] Matched version: v1 process_request /usr/lib/python2.7/dist-packages/glance/api/middleware/version_negotiation.py:71
2014-04-03 15:08:54.874 16434 DEBUG glance.api.middleware.version_negotiation [-] new path /v1/images/eeda37d3-f5ca-4f10-a03b-d9ef9959765c process_request /usr/lib/python2.7/dist-packages/glance/api/middleware/version_negotiation.py:72
2014-04-03 15:08:54.875 16434 DEBUG keystoneclient.middleware.auth_token [-] Authenticating user token __call__ /usr/lib/python2.7/dist-packages/keystoneclient/middleware/auth_token.py:526
2014-04-03 15:08:54.875 16434 DEBUG keystoneclient.middleware.auth_token [-] Removing headers from request environment: X-Identity-Status,X-Domain-Id,X-Domain-Name,X-Project-Id,X-Project-Name,X-Project-Domain-Id,X-Project-Domain-Name,X-User-Id,X-User-Name,X-User-Domain-Id,X-User-Domain-Name,X-Roles,X-Service-Catalog,X-User,X-Tenant-Id,X-Tenant-Name,X-Tenant,X-Role _remove_auth_headers /usr/lib/python2.7/dist-packages/keystoneclient/middleware/auth_token.py:585
2014-04-03 15:08:55.211 16434 DEBUG keystoneclient.middleware.auth_token [-] Storing 74c24c1c0ca24c64a02677eff2391b21 token in memcache _cache_put /usr/lib/python2.7/dist-packages/keystoneclient/middleware/auth_token.py:1036
2014-04-03 15:08:55.220 16434 DEBUG routes.middleware [-] Matched HEAD /images/eeda37d3-f5ca-4f10-a03b-d9ef9959765c __call__ /usr/lib/python2.7/dist-packages/routes/middleware.py:100
2014-04-03 15:08:55.220 16434 DEBUG routes.middleware [-] Route path: '/images/{id}', defaults: {'action': u'meta', 'controller': <glance.common.wsgi.Resource object at 0x2b8a050>} __call__ /usr/lib/python2.7/dist-packages/routes/middleware.py:102
2014-04-03 15:08:55.221 16434 DEBUG routes.middleware [-] Match dict: {'action': u'meta', 'controller': <glance.common.wsgi.Resource object at 0x2b8a050>, 'id': u'eeda37d3-f5ca-4f10-a03b-d9ef9959765c'} __call__ /usr/lib/python2.7/dist-packages/routes/middleware.py:103
2014-04-03 15:08:55.221 16434 DEBUG glance.api.policy [3e4676c7-42b5-42d2-95d7-38cec5bb7753 51ec78d3acd54e49a159516bb4979dc4 fd2b05cbcbd2418a9767633d0130e127] Loading policy from /etc/glance/policy.json _read_policy_file /usr/lib/python2.7/dist-packages/glance/api/policy.py:96
2014-04-03 15:08:55.222 16434 DEBUG glance.api.policy [3e4676c7-42b5-42d2-95d7-38cec5bb7753 51ec78d3acd54e49a159516bb4979dc4 fd2b05cbcbd2418a9767633d0130e127] Loaded policy rules: {u'context_is_admin': 'role:admin', u'default': '@', u'manage_image_cache': 'role:admin'} load_rules /usr/lib/python2.7/dist-packages/glance/api/policy.py:75
2014-04-03 15:08:55.224 16434 DEBUG glance.common.client [3e4676c7-42b5-42d2-95d7-38cec5bb7753 51ec78d3acd54e49a159516bb4979dc4 fd2b05cbcbd2418a9767633d0130e127] Constructed URL: http://0.0.0.0:9191/images/eeda37d3-f5ca-4f10-a03b-d9ef9959765c _construct_url /usr/lib/python2.7/dist-packages/glance/common/client.py:408
2014-04-03 15:08:55.593 16434 DEBUG glance.registry.client.v1.client [3e4676c7-42b5-42d2-95d7-38cec5bb7753 51ec78d3acd54e49a159516bb4979dc4 fd2b05cbcbd2418a9767633d0130e127] Registry request GET /images/eeda37d3-f5ca-4f10-a03b-d9ef9959765c HTTP 200 request id req-9c4ca1dd-cbd0-4112-91ef-0a7907b08c01 do_request /usr/lib/python2.7/dist-packages/glance/registry/client/v1/client.py:115
2014-04-03 15:08:55.605 16434 DEBUG glance.api.middleware.version_negotiation [-] Determining version of request: HEAD /v1/images/eeda37d3-f5ca-4f10-a03b-d9ef9959765c Accept:  process_request /usr/lib/python2.7/dist-packages/glance/api/middleware/version_negotiation.py:46
2014-04-03 15:08:55.606 16434 DEBUG glance.api.middleware.version_negotiation [-] Using url versioning process_request /usr/lib/python2.7/dist-packages/glance/api/middleware/version_negotiation.py:59
2014-04-03 15:08:55.606 16434 DEBUG glance.api.middleware.version_negotiation [-] Matched version: v1 process_request /usr/lib/python2.7/dist-packages/glance/api/middleware/version_negotiation.py:71
2014-04-03 15:08:55.607 16434 DEBUG glance.api.middleware.version_negotiation [-] new path /v1/images/eeda37d3-f5ca-4f10-a03b-d9ef9959765c process_request /usr/lib/python2.7/dist-packages/glance/api/middleware/version_negotiation.py:72
2014-04-03 15:08:55.607 16434 DEBUG keystoneclient.middleware.auth_token [-] Authenticating user token __call__ /usr/lib/python2.7/dist-packages/keystoneclient/middleware/auth_token.py:526
2014-04-03 15:08:55.607 16434 DEBUG keystoneclient.middleware.auth_token [-] Removing headers from request environment: X-Identity-Status,X-Domain-Id,X-Domain-Name,X-Project-Id,X-Project-Name,X-Project-Domain-Id,X-Project-Domain-Name,X-User-Id,X-User-Name,X-User-Domain-Id,X-User-Domain-Name,X-Roles,X-Service-Catalog,X-User,X-Tenant-Id,X-Tenant-Name,X-Tenant,X-Role _remove_auth_headers /usr/lib/python2.7/dist-packages/keystoneclient/middleware/auth_token.py:585
2014-04-03 15:08:55.608 16434 DEBUG keystoneclient.middleware.auth_token [-] Returning cached token 74c24c1c0ca24c64a02677eff2391b21 _cache_get /usr/lib/python2.7/dist-packages/keystoneclient/middleware/auth_token.py:976
2014-04-03 15:08:55.609 16434 DEBUG routes.middleware [-] Matched HEAD /images/eeda37d3-f5ca-4f10-a03b-d9ef9959765c __call__ /usr/lib/python2.7/dist-packages/routes/middleware.py:100
2014-04-03 15:08:55.609 16434 DEBUG routes.middleware [-] Route path: '/images/{id}', defaults: {'action': u'meta', 'controller': <glance.common.wsgi.Resource object at 0x2b8a050>} __call__ /usr/lib/python2.7/dist-packages/routes/middleware.py:102
2014-04-03 15:08:55.609 16434 DEBUG routes.middleware [-] Match dict: {'action': u'meta', 'controller': <glance.common.wsgi.Resource object at 0x2b8a050>, 'id': u'eeda37d3-f5ca-4f10-a03b-d9ef9959765c'} __call__ /usr/lib/python2.7/dist-packages/routes/middleware.py:103
2014-04-03 15:08:55.610 16434 DEBUG glance.api.policy [feb604c5-cc23-4d56-92a0-16eb12d89a37 51ec78d3acd54e49a159516bb4979dc4 fd2b05cbcbd2418a9767633d0130e127] Loaded policy rules: {u'context_is_admin': 'role:admin', u'default': '@', u'manage_image_cache': 'role:admin'} load_rules /usr/lib/python2.7/dist-packages/glance/api/policy.py:75
2014-04-03 15:08:55.611 16434 DEBUG glance.common.client [feb604c5-cc23-4d56-92a0-16eb12d89a37 51ec78d3acd54e49a159516bb4979dc4 fd2b05cbcbd2418a9767633d0130e127] Constructed URL: http://0.0.0.0:9191/images/eeda37d3-f5ca-4f10-a03b-d9ef9959765c _construct_url /usr/lib/python2.7/dist-packages/glance/common/client.py:408
2014-04-03 15:08:55.637 16434 DEBUG glance.registry.client.v1.client [feb604c5-cc23-4d56-92a0-16eb12d89a37 51ec78d3acd54e49a159516bb4979dc4 fd2b05cbcbd2418a9767633d0130e127] Registry request GET /images/eeda37d3-f5ca-4f10-a03b-d9ef9959765c HTTP 200 request id req-44c0bec9-af9b-4c54-9fd9-aff9eec20c86 do_request /usr/lib/python2.7/dist-packages/glance/registry/client/v1/client.py:115
2014-04-03 15:08:55.702 16434 DEBUG glance.api.middleware.version_negotiation [-] Determining version of request: HEAD /v1/images/eeda37d3-f5ca-4f10-a03b-d9ef9959765c Accept:  process_request /usr/lib/python2.7/dist-packages/glance/api/middleware/version_negotiation.py:46
2014-04-03 15:08:55.703 16434 DEBUG glance.api.middleware.version_negotiation [-] Using url versioning process_request /usr/lib/python2.7/dist-packages/glance/api/middleware/version_negotiation.py:59
2014-04-03 15:08:55.703 16434 DEBUG glance.api.middleware.version_negotiation [-] Matched version: v1 process_request /usr/lib/python2.7/dist-packages/glance/api/middleware/version_negotiation.py:71
2014-04-03 15:08:55.703 16434 DEBUG glance.api.middleware.version_negotiation [-] new path /v1/images/eeda37d3-f5ca-4f10-a03b-d9ef9959765c process_request /usr/lib/python2.7/dist-packages/glance/api/middleware/version_negotiation.py:72
2014-04-03 15:08:55.704 16434 DEBUG keystoneclient.middleware.auth_token [-] Authenticating user token __call__ /usr/lib/python2.7/dist-packages/keystoneclient/middleware/auth_token.py:526
2014-04-03 15:08:55.704 16434 DEBUG keystoneclient.middleware.auth_token [-] Removing headers from request environment: X-Identity-Status,X-Domain-Id,X-Domain-Name,X-Project-Id,X-Project-Name,X-Project-Domain-Id,X-Project-Domain-Name,X-User-Id,X-User-Name,X-User-Domain-Id,X-User-Domain-Name,X-Roles,X-Service-Catalog,X-User,X-Tenant-Id,X-Tenant-Name,X-Tenant,X-Role _remove_auth_headers /usr/lib/python2.7/dist-packages/keystoneclient/middleware/auth_token.py:585
2014-04-03 15:08:55.705 16434 DEBUG keystoneclient.middleware.auth_token [-] Returning cached token 74c24c1c0ca24c64a02677eff2391b21 _cache_get /usr/lib/python2.7/dist-packages/keystoneclient/middleware/auth_token.py:976
2014-04-03 15:08:55.706 16434 DEBUG routes.middleware [-] Matched HEAD /images/eeda37d3-f5ca-4f10-a03b-d9ef9959765c __call__ /usr/lib/python2.7/dist-packages/routes/middleware.py:100
2014-04-03 15:08:55.706 16434 DEBUG routes.middleware [-] Route path: '/images/{id}', defaults: {'action': u'meta', 'controller': <glance.common.wsgi.Resource object at 0x2b8a050>} __call__ /usr/lib/python2.7/dist-packages/routes/middleware.py:102
2014-04-03 15:08:55.707 16434 DEBUG routes.middleware [-] Match dict: {'action': u'meta', 'controller': <glance.common.wsgi.Resource object at 0x2b8a050>, 'id': u'eeda37d3-f5ca-4f10-a03b-d9ef9959765c'} __call__ /usr/lib/python2.7/dist-packages/routes/middleware.py:103
2014-04-03 15:08:55.707 16434 DEBUG glance.api.policy [b685d4ae-7e14-4a48-9c7b-98c7b4534fe5 51ec78d3acd54e49a159516bb4979dc4 fd2b05cbcbd2418a9767633d0130e127] Loaded policy rules: {u'context_is_admin': 'role:admin', u'default': '@', u'manage_image_cache': 'role:admin'} load_rules /usr/lib/python2.7/dist-packages/glance/api/policy.py:75
2014-04-03 15:08:55.708 16434 DEBUG glance.common.client [b685d4ae-7e14-4a48-9c7b-98c7b4534fe5 51ec78d3acd54e49a159516bb4979dc4 fd2b05cbcbd2418a9767633d0130e127] Constructed URL: http://0.0.0.0:9191/images/eeda37d3-f5ca-4f10-a03b-d9ef9959765c _construct_url /usr/lib/python2.7/dist-packages/glance/common/client.py:408
2014-04-03 15:08:55.721 16434 DEBUG glance.registry.client.v1.client [b685d4ae-7e14-4a48-9c7b-98c7b4534fe5 51ec78d3acd54e49a159516bb4979dc4 fd2b05cbcbd2418a9767633d0130e127] Registry request GET /images/eeda37d3-f5ca-4f10-a03b-d9ef9959765c HTTP 200 request id req-f80009d4-c8ac-4c53-87f1-28d4eb24c6ba do_request /usr/lib/python2.7/dist-packages/glance/registry/client/v1/client.py:115
2014-04-03 15:08:55.730 16434 DEBUG glance.api.middleware.version_negotiation [-] Determining version of request: HEAD /v1/images/eeda37d3-f5ca-4f10-a03b-d9ef9959765c Accept:  process_request /usr/lib/python2.7/dist-packages/glance/api/middleware/version_negotiation.py:46
2014-04-03 15:08:55.731 16434 DEBUG glance.api.middleware.version_negotiation [-] Using url versioning process_request /usr/lib/python2.7/dist-packages/glance/api/middleware/version_negotiation.py:59
2014-04-03 15:08:55.731 16434 DEBUG glance.api.middleware.version_negotiation [-] Matched version: v1 process_request /usr/lib/python2.7/dist-packages/glance/api/middleware/version_negotiation.py:71
2014-04-03 15:08:55.732 16434 DEBUG glance.api.middleware.version_negotiation [-] new path /v1/images/eeda37d3-f5ca-4f10-a03b-d9ef9959765c process_request /usr/lib/python2.7/dist-packages/glance/api/middleware/version_negotiation.py:72
2014-04-03 15:08:55.732 16434 DEBUG keystoneclient.middleware.auth_token [-] Authenticating user token __call__ /usr/lib/python2.7/dist-packages/keystoneclient/middleware/auth_token.py:526
2014-04-03 15:08:55.733 16434 DEBUG keystoneclient.middleware.auth_token [-] Removing headers from request environment: X-Identity-Status,X-Domain-Id,X-Domain-Name,X-Project-Id,X-Project-Name,X-Project-Domain-Id,X-Project-Domain-Name,X-User-Id,X-User-Name,X-User-Domain-Id,X-User-Domain-Name,X-Roles,X-Service-Catalog,X-User,X-Tenant-Id,X-Tenant-Name,X-Tenant,X-Role _remove_auth_headers /usr/lib/python2.7/dist-packages/keystoneclient/middleware/auth_token.py:585
2014-04-03 15:08:55.733 16434 DEBUG keystoneclient.middleware.auth_token [-] Returning cached token 74c24c1c0ca24c64a02677eff2391b21 _cache_get /usr/lib/python2.7/dist-packages/keystoneclient/middleware/auth_token.py:976
2014-04-03 15:08:55.734 16434 DEBUG routes.middleware [-] Matched HEAD /images/eeda37d3-f5ca-4f10-a03b-d9ef9959765c __call__ /usr/lib/python2.7/dist-packages/routes/middleware.py:100
2014-04-03 15:08:55.734 16434 DEBUG routes.middleware [-] Route path: '/images/{id}', defaults: {'action': u'meta', 'controller': <glance.common.wsgi.Resource object at 0x2b8a050>} __call__ /usr/lib/python2.7/dist-packages/routes/middleware.py:102
2014-04-03 15:08:55.735 16434 DEBUG routes.middleware [-] Match dict: {'action': u'meta', 'controller': <glance.common.wsgi.Resource object at 0x2b8a050>, 'id': u'eeda37d3-f5ca-4f10-a03b-d9ef9959765c'} __call__ /usr/lib/python2.7/dist-packages/routes/middleware.py:103
2014-04-03 15:08:55.735 16434 DEBUG glance.api.policy [db1c13a9-637e-40f6-98bc-923a23d52b2a 51ec78d3acd54e49a159516bb4979dc4 fd2b05cbcbd2418a9767633d0130e127] Loaded policy rules: {u'context_is_admin': 'role:admin', u'default': '@', u'manage_image_cache': 'role:admin'} load_rules /usr/lib/python2.7/dist-packages/glance/api/policy.py:75
2014-04-03 15:08:55.736 16434 DEBUG glance.common.client [db1c13a9-637e-40f6-98bc-923a23d52b2a 51ec78d3acd54e49a159516bb4979dc4 fd2b05cbcbd2418a9767633d0130e127] Constructed URL: http://0.0.0.0:9191/images/eeda37d3-f5ca-4f10-a03b-d9ef9959765c _construct_url /usr/lib/python2.7/dist-packages/glance/common/client.py:408
2014-04-03 15:08:55.751 16434 DEBUG glance.registry.client.v1.client [db1c13a9-637e-40f6-98bc-923a23d52b2a 51ec78d3acd54e49a159516bb4979dc4 fd2b05cbcbd2418a9767633d0130e127] Registry request GET /images/eeda37d3-f5ca-4f10-a03b-d9ef9959765c HTTP 200 request id req-fdfbf6a0-1773-4006-8811-c096b9856663 do_request /usr/lib/python2.7/dist-packages/glance/registry/client/v1/client.py:115
2014-04-03 15:08:56.525 16434 DEBUG glance.api.middleware.version_negotiation [-] Determining version of request: HEAD /v1/images/eeda37d3-f5ca-4f10-a03b-d9ef9959765c Accept:  process_request /usr/lib/python2.7/dist-packages/glance/api/middleware/version_negotiation.py:46
2014-04-03 15:08:56.525 16434 DEBUG glance.api.middleware.version_negotiation [-] Using url versioning process_request /usr/lib/python2.7/dist-packages/glance/api/middleware/version_negotiation.py:59
2014-04-03 15:08:56.526 16434 DEBUG glance.api.middleware.version_negotiation [-] Matched version: v1 process_request /usr/lib/python2.7/dist-packages/glance/api/middleware/version_negotiation.py:71
2014-04-03 15:08:56.526 16434 DEBUG glance.api.middleware.version_negotiation [-] new path /v1/images/eeda37d3-f5ca-4f10-a03b-d9ef9959765c process_request /usr/lib/python2.7/dist-packages/glance/api/middleware/version_negotiation.py:72
2014-04-03 15:08:56.527 16434 DEBUG keystoneclient.middleware.auth_token [-] Authenticating user token __call__ /usr/lib/python2.7/dist-packages/keystoneclient/middleware/auth_token.py:526
2014-04-03 15:08:56.527 16434 DEBUG keystoneclient.middleware.auth_token [-] Removing headers from request environment: X-Identity-Status,X-Domain-Id,X-Domain-Name,X-Project-Id,X-Project-Name,X-Project-Domain-Id,X-Project-Domain-Name,X-User-Id,X-User-Name,X-User-Domain-Id,X-User-Domain-Name,X-Roles,X-Service-Catalog,X-User,X-Tenant-Id,X-Tenant-Name,X-Tenant,X-Role _remove_auth_headers /usr/lib/python2.7/dist-packages/keystoneclient/middleware/auth_token.py:585
2014-04-03 15:08:56.527 16434 DEBUG keystoneclient.middleware.auth_token [-] Returning cached token 74c24c1c0ca24c64a02677eff2391b21 _cache_get /usr/lib/python2.7/dist-packages/keystoneclient/middleware/auth_token.py:976
2014-04-03 15:08:56.529 16434 DEBUG routes.middleware [-] Matched HEAD /images/eeda37d3-f5ca-4f10-a03b-d9ef9959765c __call__ /usr/lib/python2.7/dist-packages/routes/middleware.py:100
2014-04-03 15:08:56.531 16434 DEBUG routes.middleware [-] Route path: '/images/{id}', defaults: {'action': u'meta', 'controller': <glance.common.wsgi.Resource object at 0x2b8a050>} __call__ /usr/lib/python2.7/dist-packages/routes/middleware.py:102
2014-04-03 15:08:56.540 16434 DEBUG routes.middleware [-] Match dict: {'action': u'meta', 'controller': <glance.common.wsgi.Resource object at 0x2b8a050>, 'id': u'eeda37d3-f5ca-4f10-a03b-d9ef9959765c'} __call__ /usr/lib/python2.7/dist-packages/routes/middleware.py:103
2014-04-03 15:08:56.543 16434 DEBUG glance.api.policy [09e59be0-1010-4e40-aa77-ebaf2bbe4d44 51ec78d3acd54e49a159516bb4979dc4 fd2b05cbcbd2418a9767633d0130e127] Loaded policy rules: {u'context_is_admin': 'role:admin', u'default': '@', u'manage_image_cache': 'role:admin'} load_rules /usr/lib/python2.7/dist-packages/glance/api/policy.py:75
2014-04-03 15:08:56.544 16434 DEBUG glance.common.client [09e59be0-1010-4e40-aa77-ebaf2bbe4d44 51ec78d3acd54e49a159516bb4979dc4 fd2b05cbcbd2418a9767633d0130e127] Constructed URL: http://0.0.0.0:9191/images/eeda37d3-f5ca-4f10-a03b-d9ef9959765c _construct_url /usr/lib/python2.7/dist-packages/glance/common/client.py:408
2014-04-03 15:08:56.696 16434 DEBUG glance.registry.client.v1.client [09e59be0-1010-4e40-aa77-ebaf2bbe4d44 51ec78d3acd54e49a159516bb4979dc4 fd2b05cbcbd2418a9767633d0130e127] Registry request GET /images/eeda37d3-f5ca-4f10-a03b-d9ef9959765c HTTP 200 request id req-f2b0fe82-f2ae-47bb-bc49-f8c11d741b25 do_request /usr/lib/python2.7/dist-packages/glance/registry/client/v1/client.py:115
2014-04-03 15:08:56.705 16434 DEBUG glance.api.middleware.version_negotiation [-] Determining version of request: HEAD /v1/images/eeda37d3-f5ca-4f10-a03b-d9ef9959765c Accept:  process_request /usr/lib/python2.7/dist-packages/glance/api/middleware/version_negotiation.py:46
2014-04-03 15:08:56.705 16434 DEBUG glance.api.middleware.version_negotiation [-] Using url versioning process_request /usr/lib/python2.7/dist-packages/glance/api/middleware/version_negotiation.py:59
2014-04-03 15:08:56.706 16434 DEBUG glance.api.middleware.version_negotiation [-] Matched version: v1 process_request /usr/lib/python2.7/dist-packages/glance/api/middleware/version_negotiation.py:71
2014-04-03 15:08:56.709 16434 DEBUG glance.api.middleware.version_negotiation [-] new path /v1/images/eeda37d3-f5ca-4f10-a03b-d9ef9959765c process_request /usr/lib/python2.7/dist-packages/glance/api/middleware/version_negotiation.py:72
2014-04-03 15:08:56.709 16434 DEBUG keystoneclient.middleware.auth_token [-] Authenticating user token __call__ /usr/lib/python2.7/dist-packages/keystoneclient/middleware/auth_token.py:526
2014-04-03 15:08:56.709 16434 DEBUG keystoneclient.middleware.auth_token [-] Removing headers from request environment: X-Identity-Status,X-Domain-Id,X-Domain-Name,X-Project-Id,X-Project-Name,X-Project-Domain-Id,X-Project-Domain-Name,X-User-Id,X-User-Name,X-User-Domain-Id,X-User-Domain-Name,X-Roles,X-Service-Catalog,X-User,X-Tenant-Id,X-Tenant-Name,X-Tenant,X-Role _remove_auth_headers /usr/lib/python2.7/dist-packages/keystoneclient/middleware/auth_token.py:585
2014-04-03 15:08:56.710 16434 DEBUG keystoneclient.middleware.auth_token [-] Returning cached token 74c24c1c0ca24c64a02677eff2391b21 _cache_get /usr/lib/python2.7/dist-packages/keystoneclient/middleware/auth_token.py:976
2014-04-03 15:08:56.711 16434 DEBUG routes.middleware [-] Matched HEAD /images/eeda37d3-f5ca-4f10-a03b-d9ef9959765c __call__ /usr/lib/python2.7/dist-packages/routes/middleware.py:100
2014-04-03 15:08:56.711 16434 DEBUG routes.middleware [-] Route path: '/images/{id}', defaults: {'action': u'meta', 'controller': <glance.common.wsgi.Resource object at 0x2b8a050>} __call__ /usr/lib/python2.7/dist-packages/routes/middleware.py:102
2014-04-03 15:08:56.711 16434 DEBUG routes.middleware [-] Match dict: {'action': u'meta', 'controller': <glance.common.wsgi.Resource object at 0x2b8a050>, 'id': u'eeda37d3-f5ca-4f10-a03b-d9ef9959765c'} __call__ /usr/lib/python2.7/dist-packages/routes/middleware.py:103
2014-04-03 15:08:56.713 16434 DEBUG glance.api.policy [b8906aa8-cc6f-430f-a03b-74a42822a35a 51ec78d3acd54e49a159516bb4979dc4 fd2b05cbcbd2418a9767633d0130e127] Loaded policy rules: {u'context_is_admin': 'role:admin', u'default': '@', u'manage_image_cache': 'role:admin'} load_rules /usr/lib/python2.7/dist-packages/glance/api/policy.py:75
2014-04-03 15:08:56.713 16434 DEBUG glance.common.client [b8906aa8-cc6f-430f-a03b-74a42822a35a 51ec78d3acd54e49a159516bb4979dc4 fd2b05cbcbd2418a9767633d0130e127] Constructed URL: http://0.0.0.0:9191/images/eeda37d3-f5ca-4f10-a03b-d9ef9959765c _construct_url /usr/lib/python2.7/dist-packages/glance/common/client.py:408
2014-04-03 15:08:56.737 16434 DEBUG glance.registry.client.v1.client [b8906aa8-cc6f-430f-a03b-74a42822a35a 51ec78d3acd54e49a159516bb4979dc4 fd2b05cbcbd2418a9767633d0130e127] Registry request GET /images/eeda37d3-f5ca-4f10-a03b-d9ef9959765c HTTP 200 request id req-4a2e2b88-f806-43d2-8550-697bdaac7c2c do_request /usr/lib/python2.7/dist-packages/glance/registry/client/v1/client.py:115
2014-04-03 15:08:56.821 16434 DEBUG glance.api.middleware.version_negotiation [-] Determining version of request: HEAD /v1/images/eeda37d3-f5ca-4f10-a03b-d9ef9959765c Accept:  process_request /usr/lib/python2.7/dist-packages/glance/api/middleware/version_negotiation.py:46
2014-04-03 15:08:56.822 16434 DEBUG glance.api.middleware.version_negotiation [-] Using url versioning process_request /usr/lib/python2.7/dist-packages/glance/api/middleware/version_negotiation.py:59
2014-04-03 15:08:56.823 16434 DEBUG glance.api.middleware.version_negotiation [-] Matched version: v1 process_request /usr/lib/python2.7/dist-packages/glance/api/middleware/version_negotiation.py:71
2014-04-03 15:08:56.823 16434 DEBUG glance.api.middleware.version_negotiation [-] new path /v1/images/eeda37d3-f5ca-4f10-a03b-d9ef9959765c process_request /usr/lib/python2.7/dist-packages/glance/api/middleware/version_negotiation.py:72
2014-04-03 15:08:56.824 16434 DEBUG keystoneclient.middleware.auth_token [-] Authenticating user token __call__ /usr/lib/python2.7/dist-packages/keystoneclient/middleware/auth_token.py:526
2014-04-03 15:08:56.824 16434 DEBUG keystoneclient.middleware.auth_token [-] Removing headers from request environment: X-Identity-Status,X-Domain-Id,X-Domain-Name,X-Project-Id,X-Project-Name,X-Project-Domain-Id,X-Project-Domain-Name,X-User-Id,X-User-Name,X-User-Domain-Id,X-User-Domain-Name,X-Roles,X-Service-Catalog,X-User,X-Tenant-Id,X-Tenant-Name,X-Tenant,X-Role _remove_auth_headers /usr/lib/python2.7/dist-packages/keystoneclient/middleware/auth_token.py:585
2014-04-03 15:08:56.825 16434 DEBUG keystoneclient.middleware.auth_token [-] Returning cached token 74c24c1c0ca24c64a02677eff2391b21 _cache_get /usr/lib/python2.7/dist-packages/keystoneclient/middleware/auth_token.py:976
2014-04-03 15:08:56.826 16434 DEBUG routes.middleware [-] Matched HEAD /images/eeda37d3-f5ca-4f10-a03b-d9ef9959765c __call__ /usr/lib/python2.7/dist-packages/routes/middleware.py:100
2014-04-03 15:08:56.826 16434 DEBUG routes.middleware [-] Route path: '/images/{id}', defaults: {'action': u'meta', 'controller': <glance.common.wsgi.Resource object at 0x2b8a050>} __call__ /usr/lib/python2.7/dist-packages/routes/middleware.py:102
2014-04-03 15:08:56.827 16434 DEBUG routes.middleware [-] Match dict: {'action': u'meta', 'controller': <glance.common.wsgi.Resource object at 0x2b8a050>, 'id': u'eeda37d3-f5ca-4f10-a03b-d9ef9959765c'} __call__ /usr/lib/python2.7/dist-packages/routes/middleware.py:103
2014-04-03 15:08:56.827 16434 DEBUG glance.api.policy [812e062d-fb03-4f26-9ede-68f1e7682af0 51ec78d3acd54e49a159516bb4979dc4 fd2b05cbcbd2418a9767633d0130e127] Loaded policy rules: {u'context_is_admin': 'role:admin', u'default': '@', u'manage_image_cache': 'role:admin'} load_rules /usr/lib/python2.7/dist-packages/glance/api/policy.py:75
2014-04-03 15:08:56.828 16434 DEBUG glance.common.client [812e062d-fb03-4f26-9ede-68f1e7682af0 51ec78d3acd54e49a159516bb4979dc4 fd2b05cbcbd2418a9767633d0130e127] Constructed URL: http://0.0.0.0:9191/images/eeda37d3-f5ca-4f10-a03b-d9ef9959765c _construct_url /usr/lib/python2.7/dist-packages/glance/common/client.py:408
2014-04-03 15:08:56.845 16434 DEBUG glance.registry.client.v1.client [812e062d-fb03-4f26-9ede-68f1e7682af0 51ec78d3acd54e49a159516bb4979dc4 fd2b05cbcbd2418a9767633d0130e127] Registry request GET /images/eeda37d3-f5ca-4f10-a03b-d9ef9959765c HTTP 200 request id req-6f0a088d-5b54-410d-9a69-5c5f15a7190e do_request /usr/lib/python2.7/dist-packages/glance/registry/client/v1/client.py:115
2014-04-03 15:08:56.861 16434 DEBUG glance.api.middleware.version_negotiation [-] Determining version of request: HEAD /v1/images/eeda37d3-f5ca-4f10-a03b-d9ef9959765c Accept:  process_request /usr/lib/python2.7/dist-packages/glance/api/middleware/version_negotiation.py:46
2014-04-03 15:08:56.862 16434 DEBUG glance.api.middleware.version_negotiation [-] Using url versioning process_request /usr/lib/python2.7/dist-packages/glance/api/middleware/version_negotiation.py:59
2014-04-03 15:08:56.862 16434 DEBUG glance.api.middleware.version_negotiation [-] Matched version: v1 process_request /usr/lib/python2.7/dist-packages/glance/api/middleware/version_negotiation.py:71
2014-04-03 15:08:56.863 16434 DEBUG glance.api.middleware.version_negotiation [-] new path /v1/images/eeda37d3-f5ca-4f10-a03b-d9ef9959765c process_request /usr/lib/python2.7/dist-packages/glance/api/middleware/version_negotiation.py:72
2014-04-03 15:08:56.863 16434 DEBUG keystoneclient.middleware.auth_token [-] Authenticating user token __call__ /usr/lib/python2.7/dist-packages/keystoneclient/middleware/auth_token.py:526
2014-04-03 15:08:56.864 16434 DEBUG keystoneclient.middleware.auth_token [-] Removing headers from request environment: X-Identity-Status,X-Domain-Id,X-Domain-Name,X-Project-Id,X-Project-Name,X-Project-Domain-Id,X-Project-Domain-Name,X-User-Id,X-User-Name,X-User-Domain-Id,X-User-Domain-Name,X-Roles,X-Service-Catalog,X-User,X-Tenant-Id,X-Tenant-Name,X-Tenant,X-Role _remove_auth_headers /usr/lib/python2.7/dist-packages/keystoneclient/middleware/auth_token.py:585
2014-04-03 15:08:56.864 16434 DEBUG keystoneclient.middleware.auth_token [-] Returning cached token 74c24c1c0ca24c64a02677eff2391b21 _cache_get /usr/lib/python2.7/dist-packages/keystoneclient/middleware/auth_token.py:976
2014-04-03 15:08:56.865 16434 DEBUG routes.middleware [-] Matched HEAD /images/eeda37d3-f5ca-4f10-a03b-d9ef9959765c __call__ /usr/lib/python2.7/dist-packages/routes/middleware.py:100
2014-04-03 15:08:56.866 16434 DEBUG routes.middleware [-] Route path: '/images/{id}', defaults: {'action': u'meta', 'controller': <glance.common.wsgi.Resource object at 0x2b8a050>} __call__ /usr/lib/python2.7/dist-packages/routes/middleware.py:102
2014-04-03 15:08:56.866 16434 DEBUG routes.middleware [-] Match dict: {'action': u'meta', 'controller': <glance.common.wsgi.Resource object at 0x2b8a050>, 'id': u'eeda37d3-f5ca-4f10-a03b-d9ef9959765c'} __call__ /usr/lib/python2.7/dist-packages/routes/middleware.py:103
2014-04-03 15:08:56.867 16434 DEBUG glance.api.policy [010c52fc-f560-4cf7-814f-820b2acd7aea 51ec78d3acd54e49a159516bb4979dc4 fd2b05cbcbd2418a9767633d0130e127] Loaded policy rules: {u'context_is_admin': 'role:admin', u'default': '@', u'manage_image_cache': 'role:admin'} load_rules /usr/lib/python2.7/dist-packages/glance/api/policy.py:75
2014-04-03 15:08:56.867 16434 DEBUG glance.common.client [010c52fc-f560-4cf7-814f-820b2acd7aea 51ec78d3acd54e49a159516bb4979dc4 fd2b05cbcbd2418a9767633d0130e127] Constructed URL: http://0.0.0.0:9191/images/eeda37d3-f5ca-4f10-a03b-d9ef9959765c _construct_url /usr/lib/python2.7/dist-packages/glance/common/client.py:408
2014-04-03 15:08:56.883 16434 DEBUG glance.registry.client.v1.client [010c52fc-f560-4cf7-814f-820b2acd7aea 51ec78d3acd54e49a159516bb4979dc4 fd2b05cbcbd2418a9767633d0130e127] Registry request GET /images/eeda37d3-f5ca-4f10-a03b-d9ef9959765c HTTP 200 request id req-cabb7435-b3a4-4489-82a6-53ad2216ca21 do_request /usr/lib/python2.7/dist-packages/glance/registry/client/v1/client.py:115
