2014-04-03 15:07:09.470 16126 DEBUG nova.servicegroup.api [-] ServiceGroup driver defined as an instance of db __new__ /usr/lib/python2.7/dist-packages/nova/servicegroup/api.py:62
2014-04-03 15:07:10.921 16126 DEBUG stevedore.extension [-] found extension EntryPoint.parse('file = nova.image.download.file') _load_plugins /usr/lib/python2.7/dist-packages/stevedore/extension.py:84
2014-04-03 15:07:11.563 16126 INFO nova.openstack.common.periodic_task [-] Skipping periodic task _periodic_update_dns because its interval is negative
2014-04-03 15:07:11.651 16126 DEBUG stevedore.extension [-] found extension EntryPoint.parse('file = nova.image.download.file') _load_plugins /usr/lib/python2.7/dist-packages/stevedore/extension.py:84
2014-04-03 15:07:11.701 16126 DEBUG stevedore.extension [-] found extension EntryPoint.parse('file = nova.image.download.file') _load_plugins /usr/lib/python2.7/dist-packages/stevedore/extension.py:84
2014-04-03 15:07:11.715 16126 DEBUG stevedore.extension [-] found extension EntryPoint.parse('file = nova.image.download.file') _load_plugins /usr/lib/python2.7/dist-packages/stevedore/extension.py:84
2014-04-03 15:07:11.736 16126 DEBUG nova.openstack.common.service [-] Full set of CONF: wait /usr/lib/python2.7/dist-packages/nova/openstack/common/service.py:113
2014-04-03 15:07:11.771 16126 DEBUG nova.openstack.common.service [-] ******************************************************************************** log_opt_values /usr/lib/python2.7/dist-packages/oslo/config/cfg.py:1928
2014-04-03 15:07:11.780 16126 DEBUG nova.openstack.common.service [-] Configuration options gathered from: log_opt_values /usr/lib/python2.7/dist-packages/oslo/config/cfg.py:1929
2014-04-03 15:07:11.785 16126 DEBUG nova.openstack.common.service [-] command line args: ['--config-file=/etc/nova/nova.conf'] log_opt_values /usr/lib/python2.7/dist-packages/oslo/config/cfg.py:1930
2014-04-03 15:07:11.789 16126 DEBUG nova.openstack.common.service [-] config files: ['/etc/nova/nova.conf'] log_opt_values /usr/lib/python2.7/dist-packages/oslo/config/cfg.py:1931
2014-04-03 15:07:11.793 16126 DEBUG nova.openstack.common.service [-] ================================================================================ log_opt_values /usr/lib/python2.7/dist-packages/oslo/config/cfg.py:1932
2014-04-03 15:07:11.817 16126 DEBUG nova.openstack.common.service [-] allow_instance_snapshots       = True log_opt_values /usr/lib/python2.7/dist-packages/oslo/config/cfg.py:1941
2014-04-03 15:07:11.817 16126 DEBUG nova.openstack.common.service [-] allow_migrate_to_same_host     = False log_opt_values /usr/lib/python2.7/dist-packages/oslo/config/cfg.py:1941
2014-04-03 15:07:11.817 16126 DEBUG nova.openstack.common.service [-] allow_resize_to_same_host      = False log_opt_values /usr/lib/python2.7/dist-packages/oslo/config/cfg.py:1941
2014-04-03 15:07:11.818 16126 DEBUG nova.openstack.common.service [-] allow_same_net_traffic         = True log_opt_values /usr/lib/python2.7/dist-packages/oslo/config/cfg.py:1941
2014-04-03 15:07:11.818 16126 DEBUG nova.openstack.common.service [-] allowed_direct_url_schemes     = [] log_opt_values /usr/lib/python2.7/dist-packages/oslo/config/cfg.py:1941
2014-04-03 15:07:11.828 16126 DEBUG nova.openstack.common.service [-] allowed_rpc_exception_modules  = ['nova.exception', 'cinder.exception', 'exceptions'] log_opt_values /usr/lib/python2.7/dist-packages/oslo/config/cfg.py:1941
2014-04-03 15:07:11.830 16126 DEBUG nova.openstack.common.service [-] api_paste_config               = /etc/nova/api-paste.ini log_opt_values /usr/lib/python2.7/dist-packages/oslo/config/cfg.py:1941
2014-04-03 15:07:11.831 16126 DEBUG nova.openstack.common.service [-] api_rate_limit                 = False log_opt_values /usr/lib/python2.7/dist-packages/oslo/config/cfg.py:1941
2014-04-03 15:07:11.833 16126 DEBUG nova.openstack.common.service [-] auth_strategy                  = keystone log_opt_values /usr/lib/python2.7/dist-packages/oslo/config/cfg.py:1941
2014-04-03 15:07:11.836 16126 DEBUG nova.openstack.common.service [-] auto_assign_floating_ip        = False log_opt_values /usr/lib/python2.7/dist-packages/oslo/config/cfg.py:1941
2014-04-03 15:07:11.843 16126 DEBUG nova.openstack.common.service [-] backdoor_port                  = None log_opt_values /usr/lib/python2.7/dist-packages/oslo/config/cfg.py:1941
2014-04-03 15:07:11.849 16126 DEBUG nova.openstack.common.service [-] bandwidth_poll_interval        = 600 log_opt_values /usr/lib/python2.7/dist-packages/oslo/config/cfg.py:1941
2014-04-03 15:07:11.850 16126 DEBUG nova.openstack.common.service [-] base_dir_name                  = _base log_opt_values /usr/lib/python2.7/dist-packages/oslo/config/cfg.py:1941
2014-04-03 15:07:11.856 16126 DEBUG nova.openstack.common.service [-] bindir                         = /usr/local/bin log_opt_values /usr/lib/python2.7/dist-packages/oslo/config/cfg.py:1941
2014-04-03 15:07:11.862 16126 DEBUG nova.openstack.common.service [-] block_migration_flag           = VIR_MIGRATE_UNDEFINE_SOURCE, VIR_MIGRATE_PEER2PEER, VIR_MIGRATE_NON_SHARED_INC log_opt_values /usr/lib/python2.7/dist-packages/oslo/config/cfg.py:1941
2014-04-03 15:07:11.866 16126 DEBUG nova.openstack.common.service [-] boot_script_template           = /usr/lib/python2.7/dist-packages/nova/cloudpipe/bootscript.template log_opt_values /usr/lib/python2.7/dist-packages/oslo/config/cfg.py:1941
2014-04-03 15:07:11.869 16126 DEBUG nova.openstack.common.service [-] ca_file                        = cacert.pem log_opt_values /usr/lib/python2.7/dist-packages/oslo/config/cfg.py:1941
2014-04-03 15:07:11.871 16126 DEBUG nova.openstack.common.service [-] ca_path                        = /var/lib/nova/CA log_opt_values /usr/lib/python2.7/dist-packages/oslo/config/cfg.py:1941
2014-04-03 15:07:11.873 16126 DEBUG nova.openstack.common.service [-] cert_manager                   = nova.cert.manager.CertManager log_opt_values /usr/lib/python2.7/dist-packages/oslo/config/cfg.py:1941
2014-04-03 15:07:11.876 16126 DEBUG nova.openstack.common.service [-] checksum_base_images           = False log_opt_values /usr/lib/python2.7/dist-packages/oslo/config/cfg.py:1941
2014-04-03 15:07:11.885 16126 DEBUG nova.openstack.common.service [-] checksum_interval_seconds      = 3600 log_opt_values /usr/lib/python2.7/dist-packages/oslo/config/cfg.py:1941
2014-04-03 15:07:11.888 16126 DEBUG nova.openstack.common.service [-] cnt_vpn_clients                = 0 log_opt_values /usr/lib/python2.7/dist-packages/oslo/config/cfg.py:1941
2014-04-03 15:07:11.892 16126 DEBUG nova.openstack.common.service [-] compute_api_class              = nova.compute.api.API log_opt_values /usr/lib/python2.7/dist-packages/oslo/config/cfg.py:1941
2014-04-03 15:07:11.894 16126 DEBUG nova.openstack.common.service [-] compute_driver                 = None log_opt_values /usr/lib/python2.7/dist-packages/oslo/config/cfg.py:1941
2014-04-03 15:07:11.898 16126 DEBUG nova.openstack.common.service [-] compute_manager                = nova.compute.manager.ComputeManager log_opt_values /usr/lib/python2.7/dist-packages/oslo/config/cfg.py:1941
2014-04-03 15:07:11.903 16126 DEBUG nova.openstack.common.service [-] compute_stats_class            = nova.compute.stats.Stats log_opt_values /usr/lib/python2.7/dist-packages/oslo/config/cfg.py:1941
2014-04-03 15:07:11.905 16126 DEBUG nova.openstack.common.service [-] compute_topic                  = compute log_opt_values /usr/lib/python2.7/dist-packages/oslo/config/cfg.py:1941
2014-04-03 15:07:11.906 16126 DEBUG nova.openstack.common.service [-] config_dir                     = None log_opt_values /usr/lib/python2.7/dist-packages/oslo/config/cfg.py:1941
2014-04-03 15:07:11.909 16126 DEBUG nova.openstack.common.service [-] config_drive_format            = iso9660 log_opt_values /usr/lib/python2.7/dist-packages/oslo/config/cfg.py:1941
2014-04-03 15:07:11.918 16126 DEBUG nova.openstack.common.service [-] config_drive_skip_versions     = 1.0 2007-01-19 2007-03-01 2007-08-29 2007-10-10 2007-12-15 2008-02-01 2008-09-01 log_opt_values /usr/lib/python2.7/dist-packages/oslo/config/cfg.py:1941
2014-04-03 15:07:11.921 16126 DEBUG nova.openstack.common.service [-] config_drive_tempdir           = None log_opt_values /usr/lib/python2.7/dist-packages/oslo/config/cfg.py:1941
2014-04-03 15:07:11.927 16126 DEBUG nova.openstack.common.service [-] config_file                    = ['/etc/nova/nova.conf'] log_opt_values /usr/lib/python2.7/dist-packages/oslo/config/cfg.py:1941
2014-04-03 15:07:11.929 16126 DEBUG nova.openstack.common.service [-] console_host                   = controller log_opt_values /usr/lib/python2.7/dist-packages/oslo/config/cfg.py:1941
2014-04-03 15:07:11.934 16126 DEBUG nova.openstack.common.service [-] console_manager                = nova.console.manager.ConsoleProxyManager log_opt_values /usr/lib/python2.7/dist-packages/oslo/config/cfg.py:1941
2014-04-03 15:07:11.936 16126 DEBUG nova.openstack.common.service [-] console_token_ttl              = 600 log_opt_values /usr/lib/python2.7/dist-packages/oslo/config/cfg.py:1941
2014-04-03 15:07:11.941 16126 DEBUG nova.openstack.common.service [-] console_topic                  = console log_opt_values /usr/lib/python2.7/dist-packages/oslo/config/cfg.py:1941
2014-04-03 15:07:11.947 16126 DEBUG nova.openstack.common.service [-] consoleauth_manager            = nova.consoleauth.manager.ConsoleAuthManager log_opt_values /usr/lib/python2.7/dist-packages/oslo/config/cfg.py:1941
2014-04-03 15:07:11.952 16126 DEBUG nova.openstack.common.service [-] consoleauth_topic              = consoleauth log_opt_values /usr/lib/python2.7/dist-packages/oslo/config/cfg.py:1941
2014-04-03 15:07:11.957 16126 DEBUG nova.openstack.common.service [-] control_exchange               = nova log_opt_values /usr/lib/python2.7/dist-packages/oslo/config/cfg.py:1941
2014-04-03 15:07:11.965 16126 DEBUG nova.openstack.common.service [-] create_unique_mac_address_attempts = 5 log_opt_values /usr/lib/python2.7/dist-packages/oslo/config/cfg.py:1941
2014-04-03 15:07:11.967 16126 DEBUG nova.openstack.common.service [-] crl_file                       = crl.pem log_opt_values /usr/lib/python2.7/dist-packages/oslo/config/cfg.py:1941
2014-04-03 15:07:11.968 16126 DEBUG nova.openstack.common.service [-] db_driver                      = nova.db log_opt_values /usr/lib/python2.7/dist-packages/oslo/config/cfg.py:1941
2014-04-03 15:07:11.973 16126 DEBUG nova.openstack.common.service [-] debug                          = True log_opt_values /usr/lib/python2.7/dist-packages/oslo/config/cfg.py:1941
2014-04-03 15:07:11.974 16126 DEBUG nova.openstack.common.service [-] default_access_ip_network_name = None log_opt_values /usr/lib/python2.7/dist-packages/oslo/config/cfg.py:1941
2014-04-03 15:07:11.975 16126 DEBUG nova.openstack.common.service [-] default_availability_zone      = nova log_opt_values /usr/lib/python2.7/dist-packages/oslo/config/cfg.py:1941
2014-04-03 15:07:11.977 16126 DEBUG nova.openstack.common.service [-] default_ephemeral_format       = None log_opt_values /usr/lib/python2.7/dist-packages/oslo/config/cfg.py:1941
2014-04-03 15:07:11.986 16126 DEBUG nova.openstack.common.service [-] default_flavor                 = m1.small log_opt_values /usr/lib/python2.7/dist-packages/oslo/config/cfg.py:1941
2014-04-03 15:07:11.991 16126 DEBUG nova.openstack.common.service [-] default_floating_pool          = nova log_opt_values /usr/lib/python2.7/dist-packages/oslo/config/cfg.py:1941
2014-04-03 15:07:11.997 16126 DEBUG nova.openstack.common.service [-] default_log_levels             = ['amqplib=WARN', 'sqlalchemy=WARN', 'boto=WARN', 'suds=INFO', 'keystone=INFO', 'eventlet.wsgi.server=WARN'] log_opt_values /usr/lib/python2.7/dist-packages/oslo/config/cfg.py:1941
2014-04-03 15:07:11.999 16126 DEBUG nova.openstack.common.service [-] default_notification_level     = INFO log_opt_values /usr/lib/python2.7/dist-packages/oslo/config/cfg.py:1941
2014-04-03 15:07:12.003 16126 DEBUG nova.openstack.common.service [-] default_publisher_id           = None log_opt_values /usr/lib/python2.7/dist-packages/oslo/config/cfg.py:1941
2014-04-03 15:07:12.005 16126 DEBUG nova.openstack.common.service [-] default_schedule_zone          = None log_opt_values /usr/lib/python2.7/dist-packages/oslo/config/cfg.py:1941
2014-04-03 15:07:12.012 16126 DEBUG nova.openstack.common.service [-] defer_iptables_apply           = False log_opt_values /usr/lib/python2.7/dist-packages/oslo/config/cfg.py:1941
2014-04-03 15:07:12.017 16126 DEBUG nova.openstack.common.service [-] dhcp_domain                    = novalocal log_opt_values /usr/lib/python2.7/dist-packages/oslo/config/cfg.py:1941
2014-04-03 15:07:12.018 16126 DEBUG nova.openstack.common.service [-] dhcp_lease_time                = 120 log_opt_values /usr/lib/python2.7/dist-packages/oslo/config/cfg.py:1941
2014-04-03 15:07:12.019 16126 DEBUG nova.openstack.common.service [-] dhcpbridge                     = /usr/bin/nova-dhcpbridge log_opt_values /usr/lib/python2.7/dist-packages/oslo/config/cfg.py:1941
2014-04-03 15:07:12.029 16126 DEBUG nova.openstack.common.service [-] dhcpbridge_flagfile            = ['/etc/nova/nova.conf'] log_opt_values /usr/lib/python2.7/dist-packages/oslo/config/cfg.py:1941
2014-04-03 15:07:12.038 16126 DEBUG nova.openstack.common.service [-] disable_process_locking        = False log_opt_values /usr/lib/python2.7/dist-packages/oslo/config/cfg.py:1941
2014-04-03 15:07:12.041 16126 DEBUG nova.openstack.common.service [-] disk_cachemodes                = [] log_opt_values /usr/lib/python2.7/dist-packages/oslo/config/cfg.py:1941
2014-04-03 15:07:12.049 16126 DEBUG nova.openstack.common.service [-] dmz_cidr                       = [] log_opt_values /usr/lib/python2.7/dist-packages/oslo/config/cfg.py:1941
2014-04-03 15:07:12.053 16126 DEBUG nova.openstack.common.service [-] dmz_mask                       = 255.255.255.0 log_opt_values /usr/lib/python2.7/dist-packages/oslo/config/cfg.py:1941
2014-04-03 15:07:12.055 16126 DEBUG nova.openstack.common.service [-] dmz_net                        = 10.0.0.0 log_opt_values /usr/lib/python2.7/dist-packages/oslo/config/cfg.py:1941
2014-04-03 15:07:12.060 16126 DEBUG nova.openstack.common.service [-] dns_server                     = [] log_opt_values /usr/lib/python2.7/dist-packages/oslo/config/cfg.py:1941
2014-04-03 15:07:12.067 16126 DEBUG nova.openstack.common.service [-] dns_update_periodic_interval   = -1 log_opt_values /usr/lib/python2.7/dist-packages/oslo/config/cfg.py:1941
2014-04-03 15:07:12.068 16126 DEBUG nova.openstack.common.service [-] dnsmasq_config_file            =  log_opt_values /usr/lib/python2.7/dist-packages/oslo/config/cfg.py:1941
2014-04-03 15:07:12.077 16126 DEBUG nova.openstack.common.service [-] ec2_listen                     = 0.0.0.0 log_opt_values /usr/lib/python2.7/dist-packages/oslo/config/cfg.py:1941
2014-04-03 15:07:12.082 16126 DEBUG nova.openstack.common.service [-] ec2_listen_port                = 8773 log_opt_values /usr/lib/python2.7/dist-packages/oslo/config/cfg.py:1941
2014-04-03 15:07:12.085 16126 DEBUG nova.openstack.common.service [-] ec2_private_dns_show_ip        = True log_opt_values /usr/lib/python2.7/dist-packages/oslo/config/cfg.py:1941
2014-04-03 15:07:12.089 16126 DEBUG nova.openstack.common.service [-] ec2_strict_validation          = True log_opt_values /usr/lib/python2.7/dist-packages/oslo/config/cfg.py:1941
2014-04-03 15:07:12.091 16126 DEBUG nova.openstack.common.service [-] ec2_timestamp_expiry           = 300 log_opt_values /usr/lib/python2.7/dist-packages/oslo/config/cfg.py:1941
2014-04-03 15:07:12.094 16126 DEBUG nova.openstack.common.service [-] ec2_workers                    = None log_opt_values /usr/lib/python2.7/dist-packages/oslo/config/cfg.py:1941
2014-04-03 15:07:12.098 16126 DEBUG nova.openstack.common.service [-] enable_instance_password       = True log_opt_values /usr/lib/python2.7/dist-packages/oslo/config/cfg.py:1941
2014-04-03 15:07:12.100 16126 DEBUG nova.openstack.common.service [-] enable_new_services            = True log_opt_values /usr/lib/python2.7/dist-packages/oslo/config/cfg.py:1941
2014-04-03 15:07:12.102 16126 DEBUG nova.openstack.common.service [-] enabled_apis                   = ['ec2', 'osapi_compute', 'metadata'] log_opt_values /usr/lib/python2.7/dist-packages/oslo/config/cfg.py:1941
2014-04-03 15:07:12.117 16126 DEBUG nova.openstack.common.service [-] enabled_ssl_apis               = [] log_opt_values /usr/lib/python2.7/dist-packages/oslo/config/cfg.py:1941
2014-04-03 15:07:12.125 16126 DEBUG nova.openstack.common.service [-] fake_call                      = False log_opt_values /usr/lib/python2.7/dist-packages/oslo/config/cfg.py:1941
2014-04-03 15:07:12.128 16126 DEBUG nova.openstack.common.service [-] fake_network                   = False log_opt_values /usr/lib/python2.7/dist-packages/oslo/config/cfg.py:1941
2014-04-03 15:07:12.130 16126 DEBUG nova.openstack.common.service [-] fake_rabbit                    = False log_opt_values /usr/lib/python2.7/dist-packages/oslo/config/cfg.py:1941
2014-04-03 15:07:12.135 16126 DEBUG nova.openstack.common.service [-] fatal_deprecations             = False log_opt_values /usr/lib/python2.7/dist-packages/oslo/config/cfg.py:1941
2014-04-03 15:07:12.137 16126 DEBUG nova.openstack.common.service [-] fatal_exception_format_errors  = False log_opt_values /usr/lib/python2.7/dist-packages/oslo/config/cfg.py:1941
2014-04-03 15:07:12.141 16126 DEBUG nova.openstack.common.service [-] firewall_driver                = nova.virt.firewall.NoopFirewallDriver log_opt_values /usr/lib/python2.7/dist-packages/oslo/config/cfg.py:1941
2014-04-03 15:07:12.143 16126 DEBUG nova.openstack.common.service [-] fixed_ip_disassociate_timeout  = 600 log_opt_values /usr/lib/python2.7/dist-packages/oslo/config/cfg.py:1941
2014-04-03 15:07:12.144 16126 DEBUG nova.openstack.common.service [-] fixed_range_v6                 = fd00::/48 log_opt_values /usr/lib/python2.7/dist-packages/oslo/config/cfg.py:1941
2014-04-03 15:07:12.149 16126 DEBUG nova.openstack.common.service [-] flat_injected                  = False log_opt_values /usr/lib/python2.7/dist-packages/oslo/config/cfg.py:1941
2014-04-03 15:07:12.152 16126 DEBUG nova.openstack.common.service [-] flat_interface                 = None log_opt_values /usr/lib/python2.7/dist-packages/oslo/config/cfg.py:1941
2014-04-03 15:07:12.163 16126 DEBUG nova.openstack.common.service [-] flat_network_bridge            = None log_opt_values /usr/lib/python2.7/dist-packages/oslo/config/cfg.py:1941
2014-04-03 15:07:12.169 16126 DEBUG nova.openstack.common.service [-] flat_network_dns               = 8.8.4.4 log_opt_values /usr/lib/python2.7/dist-packages/oslo/config/cfg.py:1941
2014-04-03 15:07:12.177 16126 DEBUG nova.openstack.common.service [-] floating_ip_dns_manager        = nova.network.noop_dns_driver.NoopDNSDriver log_opt_values /usr/lib/python2.7/dist-packages/oslo/config/cfg.py:1941
2014-04-03 15:07:12.185 16126 DEBUG nova.openstack.common.service [-] force_config_drive             = None log_opt_values /usr/lib/python2.7/dist-packages/oslo/config/cfg.py:1941
2014-04-03 15:07:12.187 16126 DEBUG nova.openstack.common.service [-] force_dhcp_release             = True log_opt_values /usr/lib/python2.7/dist-packages/oslo/config/cfg.py:1941
2014-04-03 15:07:12.187 16126 DEBUG nova.openstack.common.service [-] force_raw_images               = True log_opt_values /usr/lib/python2.7/dist-packages/oslo/config/cfg.py:1941
2014-04-03 15:07:12.193 16126 DEBUG nova.openstack.common.service [-] force_snat_range               = [] log_opt_values /usr/lib/python2.7/dist-packages/oslo/config/cfg.py:1941
2014-04-03 15:07:12.197 16126 DEBUG nova.openstack.common.service [-] forward_bridge_interface       = ['all'] log_opt_values /usr/lib/python2.7/dist-packages/oslo/config/cfg.py:1941
2014-04-03 15:07:12.201 16126 DEBUG nova.openstack.common.service [-] gateway                        = None log_opt_values /usr/lib/python2.7/dist-packages/oslo/config/cfg.py:1941
2014-04-03 15:07:12.203 16126 DEBUG nova.openstack.common.service [-] gateway_v6                     = None log_opt_values /usr/lib/python2.7/dist-packages/oslo/config/cfg.py:1941
2014-04-03 15:07:12.205 16126 DEBUG nova.openstack.common.service [-] glance_api_insecure            = False log_opt_values /usr/lib/python2.7/dist-packages/oslo/config/cfg.py:1941
2014-04-03 15:07:12.209 16126 DEBUG nova.openstack.common.service [-] glance_api_servers             = ['10.233.52.67:9292'] log_opt_values /usr/lib/python2.7/dist-packages/oslo/config/cfg.py:1941
2014-04-03 15:07:12.217 16126 DEBUG nova.openstack.common.service [-] glance_host                    = 10.233.52.67 log_opt_values /usr/lib/python2.7/dist-packages/oslo/config/cfg.py:1941
2014-04-03 15:07:12.221 16126 DEBUG nova.openstack.common.service [-] glance_num_retries             = 0 log_opt_values /usr/lib/python2.7/dist-packages/oslo/config/cfg.py:1941
2014-04-03 15:07:12.228 16126 DEBUG nova.openstack.common.service [-] glance_port                    = 9292 log_opt_values /usr/lib/python2.7/dist-packages/oslo/config/cfg.py:1941
2014-04-03 15:07:12.230 16126 DEBUG nova.openstack.common.service [-] glance_protocol                = http log_opt_values /usr/lib/python2.7/dist-packages/oslo/config/cfg.py:1941
2014-04-03 15:07:12.232 16126 DEBUG nova.openstack.common.service [-] heal_instance_info_cache_interval = 60 log_opt_values /usr/lib/python2.7/dist-packages/oslo/config/cfg.py:1941
2014-04-03 15:07:12.240 16126 DEBUG nova.openstack.common.service [-] host                           = controller log_opt_values /usr/lib/python2.7/dist-packages/oslo/config/cfg.py:1941
2014-04-03 15:07:12.242 16126 DEBUG nova.openstack.common.service [-] host_state_interval            = 120 log_opt_values /usr/lib/python2.7/dist-packages/oslo/config/cfg.py:1941
2014-04-03 15:07:12.244 16126 DEBUG nova.openstack.common.service [-] image_cache_manager_interval   = 2400 log_opt_values /usr/lib/python2.7/dist-packages/oslo/config/cfg.py:1941
2014-04-03 15:07:12.246 16126 DEBUG nova.openstack.common.service [-] image_info_filename_pattern    = /var/lib/nova/instances/_base/%(image)s.info log_opt_values /usr/lib/python2.7/dist-packages/oslo/config/cfg.py:1941
2014-04-03 15:07:12.259 16126 DEBUG nova.openstack.common.service [-] injected_network_template      = /usr/lib/python2.7/dist-packages/nova/virt/interfaces.template log_opt_values /usr/lib/python2.7/dist-packages/oslo/config/cfg.py:1941
2014-04-03 15:07:12.261 16126 DEBUG nova.openstack.common.service [-] instance_build_timeout         = 0 log_opt_values /usr/lib/python2.7/dist-packages/oslo/config/cfg.py:1941
2014-04-03 15:07:12.263 16126 DEBUG nova.openstack.common.service [-] instance_delete_interval       = 300 log_opt_values /usr/lib/python2.7/dist-packages/oslo/config/cfg.py:1941
2014-04-03 15:07:12.265 16126 DEBUG nova.openstack.common.service [-] instance_dns_domain            =  log_opt_values /usr/lib/python2.7/dist-packages/oslo/config/cfg.py:1941
2014-04-03 15:07:12.268 16126 DEBUG nova.openstack.common.service [-] instance_dns_manager           = nova.network.noop_dns_driver.NoopDNSDriver log_opt_values /usr/lib/python2.7/dist-packages/oslo/config/cfg.py:1941
2014-04-03 15:07:12.270 16126 DEBUG nova.openstack.common.service [-] instance_format                = [instance: %(uuid)s]  log_opt_values /usr/lib/python2.7/dist-packages/oslo/config/cfg.py:1941
2014-04-03 15:07:12.281 16126 DEBUG nova.openstack.common.service [-] instance_name_template         = instance-%08x log_opt_values /usr/lib/python2.7/dist-packages/oslo/config/cfg.py:1941
2014-04-03 15:07:12.285 16126 DEBUG nova.openstack.common.service [-] instance_usage_audit           = False log_opt_values /usr/lib/python2.7/dist-packages/oslo/config/cfg.py:1941
2014-04-03 15:07:12.290 16126 DEBUG nova.openstack.common.service [-] instance_usage_audit_period    = month log_opt_values /usr/lib/python2.7/dist-packages/oslo/config/cfg.py:1941
2014-04-03 15:07:12.293 16126 DEBUG nova.openstack.common.service [-] instance_uuid_format           = [instance: %(uuid)s]  log_opt_values /usr/lib/python2.7/dist-packages/oslo/config/cfg.py:1941
2014-04-03 15:07:12.295 16126 DEBUG nova.openstack.common.service [-] instances_path                 = /var/lib/nova/instances log_opt_values /usr/lib/python2.7/dist-packages/oslo/config/cfg.py:1941
2014-04-03 15:07:12.303 16126 DEBUG nova.openstack.common.service [-] internal_service_availability_zone = internal log_opt_values /usr/lib/python2.7/dist-packages/oslo/config/cfg.py:1941
2014-04-03 15:07:12.309 16126 DEBUG nova.openstack.common.service [-] iptables_bottom_regex          =  log_opt_values /usr/lib/python2.7/dist-packages/oslo/config/cfg.py:1941
2014-04-03 15:07:12.317 16126 DEBUG nova.openstack.common.service [-] iptables_drop_action           = DROP log_opt_values /usr/lib/python2.7/dist-packages/oslo/config/cfg.py:1941
2014-04-03 15:07:12.321 16126 DEBUG nova.openstack.common.service [-] iptables_top_regex             =  log_opt_values /usr/lib/python2.7/dist-packages/oslo/config/cfg.py:1941
2014-04-03 15:07:12.325 16126 DEBUG nova.openstack.common.service [-] ipv6_backend                   = rfc2462 log_opt_values /usr/lib/python2.7/dist-packages/oslo/config/cfg.py:1941
2014-04-03 15:07:12.328 16126 DEBUG nova.openstack.common.service [-] key_file                       = private/cakey.pem log_opt_values /usr/lib/python2.7/dist-packages/oslo/config/cfg.py:1941
2014-04-03 15:07:12.330 16126 DEBUG nova.openstack.common.service [-] keys_path                      = /var/lib/nova/keys log_opt_values /usr/lib/python2.7/dist-packages/oslo/config/cfg.py:1941
2014-04-03 15:07:12.332 16126 DEBUG nova.openstack.common.service [-] keystone_ec2_url               = http://localhost:5000/v2.0/ec2tokens log_opt_values /usr/lib/python2.7/dist-packages/oslo/config/cfg.py:1941
2014-04-03 15:07:12.343 16126 DEBUG nova.openstack.common.service [-] l3_lib                         = nova.network.l3.LinuxNetL3 log_opt_values /usr/lib/python2.7/dist-packages/oslo/config/cfg.py:1941
2014-04-03 15:07:12.346 16126 DEBUG nova.openstack.common.service [-] libvirt_cpu_mode               = None log_opt_values /usr/lib/python2.7/dist-packages/oslo/config/cfg.py:1941
2014-04-03 15:07:12.352 16126 DEBUG nova.openstack.common.service [-] libvirt_cpu_model              = None log_opt_values /usr/lib/python2.7/dist-packages/oslo/config/cfg.py:1941
2014-04-03 15:07:12.357 16126 DEBUG nova.openstack.common.service [-] libvirt_disk_prefix            = None log_opt_values /usr/lib/python2.7/dist-packages/oslo/config/cfg.py:1941
2014-04-03 15:07:12.361 16126 DEBUG nova.openstack.common.service [-] libvirt_images_rbd_ceph_conf   =  log_opt_values /usr/lib/python2.7/dist-packages/oslo/config/cfg.py:1941
2014-04-03 15:07:12.364 16126 DEBUG nova.openstack.common.service [-] libvirt_images_rbd_pool        = rbd log_opt_values /usr/lib/python2.7/dist-packages/oslo/config/cfg.py:1941
2014-04-03 15:07:12.367 16126 DEBUG nova.openstack.common.service [-] libvirt_images_type            = default log_opt_values /usr/lib/python2.7/dist-packages/oslo/config/cfg.py:1941
2014-04-03 15:07:12.368 16126 DEBUG nova.openstack.common.service [-] libvirt_images_volume_group    = None log_opt_values /usr/lib/python2.7/dist-packages/oslo/config/cfg.py:1941
2014-04-03 15:07:12.374 16126 DEBUG nova.openstack.common.service [-] libvirt_inject_key             = True log_opt_values /usr/lib/python2.7/dist-packages/oslo/config/cfg.py:1941
2014-04-03 15:07:12.381 16126 DEBUG nova.openstack.common.service [-] libvirt_inject_partition       = 1 log_opt_values /usr/lib/python2.7/dist-packages/oslo/config/cfg.py:1941
2014-04-03 15:07:12.386 16126 DEBUG nova.openstack.common.service [-] libvirt_inject_password        = False log_opt_values /usr/lib/python2.7/dist-packages/oslo/config/cfg.py:1941
2014-04-03 15:07:12.394 16126 DEBUG nova.openstack.common.service [-] libvirt_lvm_snapshot_size      = 1000 log_opt_values /usr/lib/python2.7/dist-packages/oslo/config/cfg.py:1941
2014-04-03 15:07:12.395 16126 DEBUG nova.openstack.common.service [-] libvirt_nonblocking            = True log_opt_values /usr/lib/python2.7/dist-packages/oslo/config/cfg.py:1941
2014-04-03 15:07:12.401 16126 DEBUG nova.openstack.common.service [-] libvirt_snapshot_compression   = False log_opt_values /usr/lib/python2.7/dist-packages/oslo/config/cfg.py:1941
2014-04-03 15:07:12.403 16126 DEBUG nova.openstack.common.service [-] libvirt_snapshots_directory    = /var/lib/nova/instances/snapshots log_opt_values /usr/lib/python2.7/dist-packages/oslo/config/cfg.py:1941
2014-04-03 15:07:12.409 16126 DEBUG nova.openstack.common.service [-] libvirt_sparse_logical_volumes = False log_opt_values /usr/lib/python2.7/dist-packages/oslo/config/cfg.py:1941
2014-04-03 15:07:12.414 16126 DEBUG nova.openstack.common.service [-] libvirt_type                   = kvm log_opt_values /usr/lib/python2.7/dist-packages/oslo/config/cfg.py:1941
2014-04-03 15:07:12.422 16126 DEBUG nova.openstack.common.service [-] libvirt_uri                    =  log_opt_values /usr/lib/python2.7/dist-packages/oslo/config/cfg.py:1941
2014-04-03 15:07:12.424 16126 DEBUG nova.openstack.common.service [-] libvirt_vif_driver             = nova.virt.libvirt.vif.LibvirtGenericVIFDriver log_opt_values /usr/lib/python2.7/dist-packages/oslo/config/cfg.py:1941
2014-04-03 15:07:12.427 16126 DEBUG nova.openstack.common.service [-] libvirt_volume_drivers         = ['iscsi=nova.virt.libvirt.volume.LibvirtISCSIVolumeDriver', 'iser=nova.virt.libvirt.volume.LibvirtISERVolumeDriver', 'local=nova.virt.libvirt.volume.LibvirtVolumeDriver', 'fake=nova.virt.libvirt.volume.LibvirtFakeVolumeDriver', 'rbd=nova.virt.libvirt.volume.LibvirtNetVolumeDriver', 'sheepdog=nova.virt.libvirt.volume.LibvirtNetVolumeDriver', 'nfs=nova.virt.libvirt.volume.LibvirtNFSVolumeDriver', 'aoe=nova.virt.libvirt.volume.LibvirtAOEVolumeDriver', 'glusterfs=nova.virt.libvirt.volume.LibvirtGlusterfsVolumeDriver', 'fibre_channel=nova.virt.libvirt.volume.LibvirtFibreChannelVolumeDriver', 'scality=nova.virt.libvirt.volume.LibvirtScalityVolumeDriver'] log_opt_values /usr/lib/python2.7/dist-packages/oslo/config/cfg.py:1941
2014-04-03 15:07:12.435 16126 DEBUG nova.openstack.common.service [-] libvirt_wait_soft_reboot_seconds = 120 log_opt_values /usr/lib/python2.7/dist-packages/oslo/config/cfg.py:1941
2014-04-03 15:07:12.441 16126 DEBUG nova.openstack.common.service [-] linuxnet_interface_driver      = nova.network.linux_net.LinuxOVSInterfaceDriver log_opt_values /usr/lib/python2.7/dist-packages/oslo/config/cfg.py:1941
2014-04-03 15:07:12.443 16126 DEBUG nova.openstack.common.service [-] linuxnet_ovs_integration_bridge = br-int log_opt_values /usr/lib/python2.7/dist-packages/oslo/config/cfg.py:1941
2014-04-03 15:07:12.452 16126 DEBUG nova.openstack.common.service [-] live_migration_bandwidth       = 0 log_opt_values /usr/lib/python2.7/dist-packages/oslo/config/cfg.py:1941
2014-04-03 15:07:12.458 16126 DEBUG nova.openstack.common.service [-] live_migration_flag            = VIR_MIGRATE_UNDEFINE_SOURCE, VIR_MIGRATE_PEER2PEER log_opt_values /usr/lib/python2.7/dist-packages/oslo/config/cfg.py:1941
2014-04-03 15:07:12.459 16126 DEBUG nova.openstack.common.service [-] live_migration_retry_count     = 30 log_opt_values /usr/lib/python2.7/dist-packages/oslo/config/cfg.py:1941
2014-04-03 15:07:12.465 16126 DEBUG nova.openstack.common.service [-] live_migration_uri             = qemu+tcp://%s/system log_opt_values /usr/lib/python2.7/dist-packages/oslo/config/cfg.py:1941
2014-04-03 15:07:12.467 16126 DEBUG nova.openstack.common.service [-] lock_path                      = /var/lock/nova log_opt_values /usr/lib/python2.7/dist-packages/oslo/config/cfg.py:1941
2014-04-03 15:07:12.469 16126 DEBUG nova.openstack.common.service [-] lockout_attempts               = 5 log_opt_values /usr/lib/python2.7/dist-packages/oslo/config/cfg.py:1941
2014-04-03 15:07:12.472 16126 DEBUG nova.openstack.common.service [-] lockout_minutes                = 15 log_opt_values /usr/lib/python2.7/dist-packages/oslo/config/cfg.py:1941
2014-04-03 15:07:12.477 16126 DEBUG nova.openstack.common.service [-] lockout_window                 = 15 log_opt_values /usr/lib/python2.7/dist-packages/oslo/config/cfg.py:1941
2014-04-03 15:07:12.479 16126 DEBUG nova.openstack.common.service [-] log_config                     = None log_opt_values /usr/lib/python2.7/dist-packages/oslo/config/cfg.py:1941
2014-04-03 15:07:12.486 16126 DEBUG nova.openstack.common.service [-] log_date_format                = %Y-%m-%d %H:%M:%S log_opt_values /usr/lib/python2.7/dist-packages/oslo/config/cfg.py:1941
2014-04-03 15:07:12.490 16126 DEBUG nova.openstack.common.service [-] log_dir                        = /var/log/nova log_opt_values /usr/lib/python2.7/dist-packages/oslo/config/cfg.py:1941
2014-04-03 15:07:12.495 16126 DEBUG nova.openstack.common.service [-] log_file                       = None log_opt_values /usr/lib/python2.7/dist-packages/oslo/config/cfg.py:1941
2014-04-03 15:07:12.501 16126 DEBUG nova.openstack.common.service [-] log_format                     = None log_opt_values /usr/lib/python2.7/dist-packages/oslo/config/cfg.py:1941
2014-04-03 15:07:12.503 16126 DEBUG nova.openstack.common.service [-] logging_context_format_string  = %(asctime)s.%(msecs)03d %(process)d %(levelname)s %(name)s [%(request_id)s %(user)s %(tenant)s] %(instance)s%(message)s log_opt_values /usr/lib/python2.7/dist-packages/oslo/config/cfg.py:1941
2014-04-03 15:07:12.506 16126 DEBUG nova.openstack.common.service [-] logging_debug_format_suffix    = %(funcName)s %(pathname)s:%(lineno)d log_opt_values /usr/lib/python2.7/dist-packages/oslo/config/cfg.py:1941
2014-04-03 15:07:12.509 16126 DEBUG nova.openstack.common.service [-] logging_default_format_string  = %(asctime)s.%(msecs)03d %(process)d %(levelname)s %(name)s [-] %(instance)s%(message)s log_opt_values /usr/lib/python2.7/dist-packages/oslo/config/cfg.py:1941
2014-04-03 15:07:12.514 16126 DEBUG nova.openstack.common.service [-] logging_exception_prefix       = %(asctime)s.%(msecs)03d %(process)d TRACE %(name)s %(instance)s log_opt_values /usr/lib/python2.7/dist-packages/oslo/config/cfg.py:1941
2014-04-03 15:07:12.517 16126 DEBUG nova.openstack.common.service [-] max_age                        = 0 log_opt_values /usr/lib/python2.7/dist-packages/oslo/config/cfg.py:1941
2014-04-03 15:07:12.519 16126 DEBUG nova.openstack.common.service [-] max_local_block_devices        = 3 log_opt_values /usr/lib/python2.7/dist-packages/oslo/config/cfg.py:1941
2014-04-03 15:07:12.526 16126 DEBUG nova.openstack.common.service [-] maximum_instance_delete_attempts = 5 log_opt_values /usr/lib/python2.7/dist-packages/oslo/config/cfg.py:1941
2014-04-03 15:07:12.531 16126 DEBUG nova.openstack.common.service [-] memcached_servers              = None log_opt_values /usr/lib/python2.7/dist-packages/oslo/config/cfg.py:1941
2014-04-03 15:07:12.541 16126 DEBUG nova.openstack.common.service [-] metadata_host                  = 10.233.52.67 log_opt_values /usr/lib/python2.7/dist-packages/oslo/config/cfg.py:1941
2014-04-03 15:07:12.544 16126 DEBUG nova.openstack.common.service [-] metadata_listen                = 0.0.0.0 log_opt_values /usr/lib/python2.7/dist-packages/oslo/config/cfg.py:1941
2014-04-03 15:07:12.549 16126 DEBUG nova.openstack.common.service [-] metadata_listen_port           = 8775 log_opt_values /usr/lib/python2.7/dist-packages/oslo/config/cfg.py:1941
2014-04-03 15:07:12.552 16126 DEBUG nova.openstack.common.service [-] metadata_manager               = nova.api.manager.MetadataManager log_opt_values /usr/lib/python2.7/dist-packages/oslo/config/cfg.py:1941
2014-04-03 15:07:12.553 16126 DEBUG nova.openstack.common.service [-] metadata_port                  = 8775 log_opt_values /usr/lib/python2.7/dist-packages/oslo/config/cfg.py:1941
2014-04-03 15:07:12.561 16126 DEBUG nova.openstack.common.service [-] metadata_workers               = None log_opt_values /usr/lib/python2.7/dist-packages/oslo/config/cfg.py:1941
2014-04-03 15:07:12.563 16126 DEBUG nova.openstack.common.service [-] migrate_max_retries            = -1 log_opt_values /usr/lib/python2.7/dist-packages/oslo/config/cfg.py:1941
2014-04-03 15:07:12.569 16126 DEBUG nova.openstack.common.service [-] mkisofs_cmd                    = genisoimage log_opt_values /usr/lib/python2.7/dist-packages/oslo/config/cfg.py:1941
2014-04-03 15:07:12.571 16126 DEBUG nova.openstack.common.service [-] monkey_patch                   = False log_opt_values /usr/lib/python2.7/dist-packages/oslo/config/cfg.py:1941
2014-04-03 15:07:12.573 16126 DEBUG nova.openstack.common.service [-] monkey_patch_modules           = ['nova.api.ec2.cloud:nova.notifications.notify_decorator', 'nova.compute.api:nova.notifications.notify_decorator'] log_opt_values /usr/lib/python2.7/dist-packages/oslo/config/cfg.py:1941
2014-04-03 15:07:12.578 16126 DEBUG nova.openstack.common.service [-] multi_host                     = False log_opt_values /usr/lib/python2.7/dist-packages/oslo/config/cfg.py:1941
2014-04-03 15:07:12.590 16126 DEBUG nova.openstack.common.service [-] multi_instance_display_name_template = %(name)s-%(uuid)s log_opt_values /usr/lib/python2.7/dist-packages/oslo/config/cfg.py:1941
2014-04-03 15:07:12.593 16126 DEBUG nova.openstack.common.service [-] my_ip                          = 10.233.52.67 log_opt_values /usr/lib/python2.7/dist-packages/oslo/config/cfg.py:1941
2014-04-03 15:07:12.595 16126 DEBUG nova.openstack.common.service [-] network_allocate_retries       = 0 log_opt_values /usr/lib/python2.7/dist-packages/oslo/config/cfg.py:1941
2014-04-03 15:07:12.597 16126 DEBUG nova.openstack.common.service [-] network_api_class              = nova.network.neutronv2.api.API log_opt_values /usr/lib/python2.7/dist-packages/oslo/config/cfg.py:1941
2014-04-03 15:07:12.602 16126 DEBUG nova.openstack.common.service [-] network_device_mtu             = None log_opt_values /usr/lib/python2.7/dist-packages/oslo/config/cfg.py:1941
2014-04-03 15:07:12.612 16126 DEBUG nova.openstack.common.service [-] network_driver                 = nova.network.linux_net log_opt_values /usr/lib/python2.7/dist-packages/oslo/config/cfg.py:1941
2014-04-03 15:07:12.615 16126 DEBUG nova.openstack.common.service [-] network_manager                = nova.network.manager.VlanManager log_opt_values /usr/lib/python2.7/dist-packages/oslo/config/cfg.py:1941
2014-04-03 15:07:12.616 16126 DEBUG nova.openstack.common.service [-] network_size                   = 256 log_opt_values /usr/lib/python2.7/dist-packages/oslo/config/cfg.py:1941
2014-04-03 15:07:12.621 16126 DEBUG nova.openstack.common.service [-] network_topic                  = network log_opt_values /usr/lib/python2.7/dist-packages/oslo/config/cfg.py:1941
2014-04-03 15:07:12.623 16126 DEBUG nova.openstack.common.service [-] networks_path                  = /var/lib/nova/networks log_opt_values /usr/lib/python2.7/dist-packages/oslo/config/cfg.py:1941
2014-04-03 15:07:12.625 16126 DEBUG nova.openstack.common.service [-] non_inheritable_image_properties = ['cache_in_nova', 'bittorrent'] log_opt_values /usr/lib/python2.7/dist-packages/oslo/config/cfg.py:1941
2014-04-03 15:07:12.633 16126 DEBUG nova.openstack.common.service [-] notification_driver            = [] log_opt_values /usr/lib/python2.7/dist-packages/oslo/config/cfg.py:1941
2014-04-03 15:07:12.635 16126 DEBUG nova.openstack.common.service [-] notify_api_faults              = False log_opt_values /usr/lib/python2.7/dist-packages/oslo/config/cfg.py:1941
2014-04-03 15:07:12.637 16126 DEBUG nova.openstack.common.service [-] notify_on_state_change         = None log_opt_values /usr/lib/python2.7/dist-packages/oslo/config/cfg.py:1941
2014-04-03 15:07:12.644 16126 DEBUG nova.openstack.common.service [-] novncproxy_base_url            = http://127.0.0.1:6080/vnc_auto.html log_opt_values /usr/lib/python2.7/dist-packages/oslo/config/cfg.py:1941
2014-04-03 15:07:12.649 16126 DEBUG nova.openstack.common.service [-] null_kernel                    = nokernel log_opt_values /usr/lib/python2.7/dist-packages/oslo/config/cfg.py:1941
2014-04-03 15:07:12.652 16126 DEBUG nova.openstack.common.service [-] num_networks                   = 1 log_opt_values /usr/lib/python2.7/dist-packages/oslo/config/cfg.py:1941
2014-04-03 15:07:12.658 16126 DEBUG nova.openstack.common.service [-] osapi_compute_ext_list         = [] log_opt_values /usr/lib/python2.7/dist-packages/oslo/config/cfg.py:1941
2014-04-03 15:07:12.661 16126 DEBUG nova.openstack.common.service [-] osapi_compute_extension        = ['nova.api.openstack.compute.contrib.standard_extensions'] log_opt_values /usr/lib/python2.7/dist-packages/oslo/config/cfg.py:1941
2014-04-03 15:07:12.663 16126 DEBUG nova.openstack.common.service [-] osapi_compute_link_prefix      = None log_opt_values /usr/lib/python2.7/dist-packages/oslo/config/cfg.py:1941
2014-04-03 15:07:12.665 16126 DEBUG nova.openstack.common.service [-] osapi_compute_listen           = 0.0.0.0 log_opt_values /usr/lib/python2.7/dist-packages/oslo/config/cfg.py:1941
2014-04-03 15:07:12.679 16126 DEBUG nova.openstack.common.service [-] osapi_compute_listen_port      = 8774 log_opt_values /usr/lib/python2.7/dist-packages/oslo/config/cfg.py:1941
2014-04-03 15:07:12.689 16126 DEBUG nova.openstack.common.service [-] osapi_compute_workers          = None log_opt_values /usr/lib/python2.7/dist-packages/oslo/config/cfg.py:1941
2014-04-03 15:07:12.692 16126 DEBUG nova.openstack.common.service [-] osapi_glance_link_prefix       = None log_opt_values /usr/lib/python2.7/dist-packages/oslo/config/cfg.py:1941
2014-04-03 15:07:12.694 16126 DEBUG nova.openstack.common.service [-] osapi_max_limit                = 1000 log_opt_values /usr/lib/python2.7/dist-packages/oslo/config/cfg.py:1941
2014-04-03 15:07:12.698 16126 DEBUG nova.openstack.common.service [-] password_length                = 12 log_opt_values /usr/lib/python2.7/dist-packages/oslo/config/cfg.py:1941
2014-04-03 15:07:12.700 16126 DEBUG nova.openstack.common.service [-] pci_alias                      = [] log_opt_values /usr/lib/python2.7/dist-packages/oslo/config/cfg.py:1941
2014-04-03 15:07:12.702 16126 DEBUG nova.openstack.common.service [-] pci_passthrough_whitelist      = [] log_opt_values /usr/lib/python2.7/dist-packages/oslo/config/cfg.py:1941
2014-04-03 15:07:12.706 16126 DEBUG nova.openstack.common.service [-] periodic_enable                = True log_opt_values /usr/lib/python2.7/dist-packages/oslo/config/cfg.py:1941
2014-04-03 15:07:12.707 16126 DEBUG nova.openstack.common.service [-] periodic_fuzzy_delay           = 60 log_opt_values /usr/lib/python2.7/dist-packages/oslo/config/cfg.py:1941
2014-04-03 15:07:12.718 16126 DEBUG nova.openstack.common.service [-] policy_default_rule            = default log_opt_values /usr/lib/python2.7/dist-packages/oslo/config/cfg.py:1941
2014-04-03 15:07:12.728 16126 DEBUG nova.openstack.common.service [-] policy_file                    = policy.json log_opt_values /usr/lib/python2.7/dist-packages/oslo/config/cfg.py:1941
2014-04-03 15:07:12.729 16126 DEBUG nova.openstack.common.service [-] preallocate_images             = none log_opt_values /usr/lib/python2.7/dist-packages/oslo/config/cfg.py:1941
2014-04-03 15:07:12.732 16126 DEBUG nova.openstack.common.service [-] project_cert_subject           = /C=US/ST=California/O=OpenStack/OU=NovaDev/CN=project-ca-%.16s-%s log_opt_values /usr/lib/python2.7/dist-packages/oslo/config/cfg.py:1941
2014-04-03 15:07:12.733 16126 DEBUG nova.openstack.common.service [-] public_interface               = eth0 log_opt_values /usr/lib/python2.7/dist-packages/oslo/config/cfg.py:1941
2014-04-03 15:07:12.738 16126 DEBUG nova.openstack.common.service [-] publish_errors                 = False log_opt_values /usr/lib/python2.7/dist-packages/oslo/config/cfg.py:1941
2014-04-03 15:07:12.740 16126 DEBUG nova.openstack.common.service [-] pybasedir                      = /usr/lib/python2.7/dist-packages log_opt_values /usr/lib/python2.7/dist-packages/oslo/config/cfg.py:1941
2014-04-03 15:07:12.743 16126 DEBUG nova.openstack.common.service [-] quota_cores                    = 20 log_opt_values /usr/lib/python2.7/dist-packages/oslo/config/cfg.py:1941
2014-04-03 15:07:12.749 16126 DEBUG nova.openstack.common.service [-] quota_driver                   = nova.quota.DbQuotaDriver log_opt_values /usr/lib/python2.7/dist-packages/oslo/config/cfg.py:1941
2014-04-03 15:07:12.750 16126 DEBUG nova.openstack.common.service [-] quota_fixed_ips                = -1 log_opt_values /usr/lib/python2.7/dist-packages/oslo/config/cfg.py:1941
2014-04-03 15:07:12.756 16126 DEBUG nova.openstack.common.service [-] quota_floating_ips             = 10 log_opt_values /usr/lib/python2.7/dist-packages/oslo/config/cfg.py:1941
2014-04-03 15:07:12.761 16126 DEBUG nova.openstack.common.service [-] quota_injected_file_content_bytes = 10240 log_opt_values /usr/lib/python2.7/dist-packages/oslo/config/cfg.py:1941
2014-04-03 15:07:12.764 16126 DEBUG nova.openstack.common.service [-] quota_injected_file_path_bytes = 255 log_opt_values /usr/lib/python2.7/dist-packages/oslo/config/cfg.py:1941
2014-04-03 15:07:12.769 16126 DEBUG nova.openstack.common.service [-] quota_injected_files           = 5 log_opt_values /usr/lib/python2.7/dist-packages/oslo/config/cfg.py:1941
2014-04-03 15:07:12.772 16126 DEBUG nova.openstack.common.service [-] quota_instances                = 10 log_opt_values /usr/lib/python2.7/dist-packages/oslo/config/cfg.py:1941
2014-04-03 15:07:12.773 16126 DEBUG nova.openstack.common.service [-] quota_key_pairs                = 100 log_opt_values /usr/lib/python2.7/dist-packages/oslo/config/cfg.py:1941
2014-04-03 15:07:12.774 16126 DEBUG nova.openstack.common.service [-] quota_metadata_items           = 128 log_opt_values /usr/lib/python2.7/dist-packages/oslo/config/cfg.py:1941
2014-04-03 15:07:12.778 16126 DEBUG nova.openstack.common.service [-] quota_ram                      = 51200 log_opt_values /usr/lib/python2.7/dist-packages/oslo/config/cfg.py:1941
2014-04-03 15:07:12.789 16126 DEBUG nova.openstack.common.service [-] quota_security_group_rules     = 20 log_opt_values /usr/lib/python2.7/dist-packages/oslo/config/cfg.py:1941
2014-04-03 15:07:12.793 16126 DEBUG nova.openstack.common.service [-] quota_security_groups          = 10 log_opt_values /usr/lib/python2.7/dist-packages/oslo/config/cfg.py:1941
2014-04-03 15:07:12.795 16126 DEBUG nova.openstack.common.service [-] reboot_timeout                 = 0 log_opt_values /usr/lib/python2.7/dist-packages/oslo/config/cfg.py:1941
2014-04-03 15:07:12.801 16126 DEBUG nova.openstack.common.service [-] reclaim_instance_interval      = 0 log_opt_values /usr/lib/python2.7/dist-packages/oslo/config/cfg.py:1941
2014-04-03 15:07:12.806 16126 DEBUG nova.openstack.common.service [-] remove_unused_base_images      = True log_opt_values /usr/lib/python2.7/dist-packages/oslo/config/cfg.py:1941
2014-04-03 15:07:12.807 16126 DEBUG nova.openstack.common.service [-] remove_unused_kernels          = False log_opt_values /usr/lib/python2.7/dist-packages/oslo/config/cfg.py:1941
2014-04-03 15:07:12.812 16126 DEBUG nova.openstack.common.service [-] remove_unused_original_minimum_age_seconds = 86400 log_opt_values /usr/lib/python2.7/dist-packages/oslo/config/cfg.py:1941
2014-04-03 15:07:12.813 16126 DEBUG nova.openstack.common.service [-] remove_unused_resized_minimum_age_seconds = 3600 log_opt_values /usr/lib/python2.7/dist-packages/oslo/config/cfg.py:1941
2014-04-03 15:07:12.816 16126 DEBUG nova.openstack.common.service [-] report_interval                = 10 log_opt_values /usr/lib/python2.7/dist-packages/oslo/config/cfg.py:1941
2014-04-03 15:07:12.819 16126 DEBUG nova.openstack.common.service [-] rescue_image_id                = None log_opt_values /usr/lib/python2.7/dist-packages/oslo/config/cfg.py:1941
2014-04-03 15:07:12.825 16126 DEBUG nova.openstack.common.service [-] rescue_kernel_id               = None log_opt_values /usr/lib/python2.7/dist-packages/oslo/config/cfg.py:1941
2014-04-03 15:07:12.829 16126 DEBUG nova.openstack.common.service [-] rescue_ramdisk_id              = None log_opt_values /usr/lib/python2.7/dist-packages/oslo/config/cfg.py:1941
2014-04-03 15:07:12.832 16126 DEBUG nova.openstack.common.service [-] rescue_timeout                 = 0 log_opt_values /usr/lib/python2.7/dist-packages/oslo/config/cfg.py:1941
2014-04-03 15:07:12.842 16126 DEBUG nova.openstack.common.service [-] reservation_expire             = 86400 log_opt_values /usr/lib/python2.7/dist-packages/oslo/config/cfg.py:1941
2014-04-03 15:07:12.849 16126 DEBUG nova.openstack.common.service [-] reserved_host_disk_mb          = 0 log_opt_values /usr/lib/python2.7/dist-packages/oslo/config/cfg.py:1941
2014-04-03 15:07:12.853 16126 DEBUG nova.openstack.common.service [-] reserved_host_memory_mb        = 512 log_opt_values /usr/lib/python2.7/dist-packages/oslo/config/cfg.py:1941
2014-04-03 15:07:12.855 16126 DEBUG nova.openstack.common.service [-] resize_confirm_window          = 0 log_opt_values /usr/lib/python2.7/dist-packages/oslo/config/cfg.py:1941
2014-04-03 15:07:12.857 16126 DEBUG nova.openstack.common.service [-] resize_fs_using_block_device   = False log_opt_values /usr/lib/python2.7/dist-packages/oslo/config/cfg.py:1941
2014-04-03 15:07:12.860 16126 DEBUG nova.openstack.common.service [-] resume_guests_state_on_host_boot = False log_opt_values /usr/lib/python2.7/dist-packages/oslo/config/cfg.py:1941
2014-04-03 15:07:12.862 16126 DEBUG nova.openstack.common.service [-] rootwrap_config                = /etc/nova/rootwrap.conf log_opt_values /usr/lib/python2.7/dist-packages/oslo/config/cfg.py:1941
2014-04-03 15:07:12.865 16126 DEBUG nova.openstack.common.service [-] routing_source_ip              = 10.233.52.67 log_opt_values /usr/lib/python2.7/dist-packages/oslo/config/cfg.py:1941
2014-04-03 15:07:12.866 16126 DEBUG nova.openstack.common.service [-] rpc_backend                    = nova.rpc.impl_kombu log_opt_values /usr/lib/python2.7/dist-packages/oslo/config/cfg.py:1941
2014-04-03 15:07:12.870 16126 DEBUG nova.openstack.common.service [-] rpc_cast_timeout               = 30 log_opt_values /usr/lib/python2.7/dist-packages/oslo/config/cfg.py:1941
2014-04-03 15:07:12.881 16126 DEBUG nova.openstack.common.service [-] rpc_conn_pool_size             = 30 log_opt_values /usr/lib/python2.7/dist-packages/oslo/config/cfg.py:1941
2014-04-03 15:07:12.892 16126 DEBUG nova.openstack.common.service [-] rpc_response_timeout           = 60 log_opt_values /usr/lib/python2.7/dist-packages/oslo/config/cfg.py:1941
2014-04-03 15:07:12.894 16126 DEBUG nova.openstack.common.service [-] rpc_thread_pool_size           = 64 log_opt_values /usr/lib/python2.7/dist-packages/oslo/config/cfg.py:1941
2014-04-03 15:07:12.898 16126 DEBUG nova.openstack.common.service [-] run_external_periodic_tasks    = True log_opt_values /usr/lib/python2.7/dist-packages/oslo/config/cfg.py:1941
2014-04-03 15:07:12.899 16126 DEBUG nova.openstack.common.service [-] running_deleted_instance_action = log log_opt_values /usr/lib/python2.7/dist-packages/oslo/config/cfg.py:1941
2014-04-03 15:07:12.902 16126 DEBUG nova.openstack.common.service [-] running_deleted_instance_poll_interval = 1800 log_opt_values /usr/lib/python2.7/dist-packages/oslo/config/cfg.py:1941
2014-04-03 15:07:12.905 16126 DEBUG nova.openstack.common.service [-] running_deleted_instance_timeout = 0 log_opt_values /usr/lib/python2.7/dist-packages/oslo/config/cfg.py:1941
2014-04-03 15:07:12.906 16126 DEBUG nova.openstack.common.service [-] scheduler_manager              = nova.scheduler.manager.SchedulerManager log_opt_values /usr/lib/python2.7/dist-packages/oslo/config/cfg.py:1941
2014-04-03 15:07:12.908 16126 DEBUG nova.openstack.common.service [-] scheduler_topic                = scheduler log_opt_values /usr/lib/python2.7/dist-packages/oslo/config/cfg.py:1941
2014-04-03 15:07:12.911 16126 DEBUG nova.openstack.common.service [-] security_group_api             = neutron log_opt_values /usr/lib/python2.7/dist-packages/oslo/config/cfg.py:1941
2014-04-03 15:07:12.913 16126 DEBUG nova.openstack.common.service [-] send_arp_for_ha                = False log_opt_values /usr/lib/python2.7/dist-packages/oslo/config/cfg.py:1941
2014-04-03 15:07:12.924 16126 DEBUG nova.openstack.common.service [-] send_arp_for_ha_count          = 3 log_opt_values /usr/lib/python2.7/dist-packages/oslo/config/cfg.py:1941
2014-04-03 15:07:12.928 16126 DEBUG nova.openstack.common.service [-] service_down_time              = 60 log_opt_values /usr/lib/python2.7/dist-packages/oslo/config/cfg.py:1941
2014-04-03 15:07:12.931 16126 DEBUG nova.openstack.common.service [-] servicegroup_driver            = db log_opt_values /usr/lib/python2.7/dist-packages/oslo/config/cfg.py:1941
2014-04-03 15:07:12.938 16126 DEBUG nova.openstack.common.service [-] share_dhcp_address             = False log_opt_values /usr/lib/python2.7/dist-packages/oslo/config/cfg.py:1941
2014-04-03 15:07:12.942 16126 DEBUG nova.openstack.common.service [-] shelved_offload_time           = 0 log_opt_values /usr/lib/python2.7/dist-packages/oslo/config/cfg.py:1941
2014-04-03 15:07:12.944 16126 DEBUG nova.openstack.common.service [-] shelved_poll_interval          = 3600 log_opt_values /usr/lib/python2.7/dist-packages/oslo/config/cfg.py:1941
2014-04-03 15:07:12.952 16126 DEBUG nova.openstack.common.service [-] snapshot_image_format          = None log_opt_values /usr/lib/python2.7/dist-packages/oslo/config/cfg.py:1941
2014-04-03 15:07:12.956 16126 DEBUG nova.openstack.common.service [-] snapshot_name_template         = snapshot-%s log_opt_values /usr/lib/python2.7/dist-packages/oslo/config/cfg.py:1941
2014-04-03 15:07:12.957 16126 DEBUG nova.openstack.common.service [-] sqlite_db                      = nova.sqlite log_opt_values /usr/lib/python2.7/dist-packages/oslo/config/cfg.py:1941
2014-04-03 15:07:12.962 16126 DEBUG nova.openstack.common.service [-] sqlite_synchronous             = True log_opt_values /usr/lib/python2.7/dist-packages/oslo/config/cfg.py:1941
2014-04-03 15:07:12.968 16126 DEBUG nova.openstack.common.service [-] ssl_ca_file                    = None log_opt_values /usr/lib/python2.7/dist-packages/oslo/config/cfg.py:1941
2014-04-03 15:07:12.972 16126 DEBUG nova.openstack.common.service [-] ssl_cert_file                  = None log_opt_values /usr/lib/python2.7/dist-packages/oslo/config/cfg.py:1941
2014-04-03 15:07:12.973 16126 DEBUG nova.openstack.common.service [-] ssl_key_file                   = None log_opt_values /usr/lib/python2.7/dist-packages/oslo/config/cfg.py:1941
2014-04-03 15:07:12.976 16126 DEBUG nova.openstack.common.service [-] state_path                     = /var/lib/nova log_opt_values /usr/lib/python2.7/dist-packages/oslo/config/cfg.py:1941
2014-04-03 15:07:12.977 16126 DEBUG nova.openstack.common.service [-] sync_power_state_interval      = 600 log_opt_values /usr/lib/python2.7/dist-packages/oslo/config/cfg.py:1941
2014-04-03 15:07:12.981 16126 DEBUG nova.openstack.common.service [-] syslog_log_facility            = LOG_USER log_opt_values /usr/lib/python2.7/dist-packages/oslo/config/cfg.py:1941
2014-04-03 15:07:12.987 16126 DEBUG nova.openstack.common.service [-] tcp_keepidle                   = 600 log_opt_values /usr/lib/python2.7/dist-packages/oslo/config/cfg.py:1941
2014-04-03 15:07:12.993 16126 DEBUG nova.openstack.common.service [-] teardown_unused_network_gateway = False log_opt_values /usr/lib/python2.7/dist-packages/oslo/config/cfg.py:1941
2014-04-03 15:07:12.996 16126 DEBUG nova.openstack.common.service [-] tempdir                        = None log_opt_values /usr/lib/python2.7/dist-packages/oslo/config/cfg.py:1941
2014-04-03 15:07:12.999 16126 DEBUG nova.openstack.common.service [-] until_refresh                  = 0 log_opt_values /usr/lib/python2.7/dist-packages/oslo/config/cfg.py:1941
2014-04-03 15:07:13.002 16126 DEBUG nova.openstack.common.service [-] update_dns_entries             = False log_opt_values /usr/lib/python2.7/dist-packages/oslo/config/cfg.py:1941
2014-04-03 15:07:13.012 16126 DEBUG nova.openstack.common.service [-] use_cow_images                 = True log_opt_values /usr/lib/python2.7/dist-packages/oslo/config/cfg.py:1941
2014-04-03 15:07:13.015 16126 DEBUG nova.openstack.common.service [-] use_forwarded_for              = False log_opt_values /usr/lib/python2.7/dist-packages/oslo/config/cfg.py:1941
2014-04-03 15:07:13.021 16126 DEBUG nova.openstack.common.service [-] use_ipv6                       = False log_opt_values /usr/lib/python2.7/dist-packages/oslo/config/cfg.py:1941
2014-04-03 15:07:13.025 16126 DEBUG nova.openstack.common.service [-] use_network_dns_servers        = False log_opt_values /usr/lib/python2.7/dist-packages/oslo/config/cfg.py:1941
2014-04-03 15:07:13.027 16126 DEBUG nova.openstack.common.service [-] use_project_ca                 = False log_opt_values /usr/lib/python2.7/dist-packages/oslo/config/cfg.py:1941
2014-04-03 15:07:13.029 16126 DEBUG nova.openstack.common.service [-] use_single_default_gateway     = False log_opt_values /usr/lib/python2.7/dist-packages/oslo/config/cfg.py:1941
2014-04-03 15:07:13.033 16126 DEBUG nova.openstack.common.service [-] use_stderr                     = True log_opt_values /usr/lib/python2.7/dist-packages/oslo/config/cfg.py:1941
2014-04-03 15:07:13.035 16126 DEBUG nova.openstack.common.service [-] use_syslog                     = False log_opt_values /usr/lib/python2.7/dist-packages/oslo/config/cfg.py:1941
2014-04-03 15:07:13.037 16126 DEBUG nova.openstack.common.service [-] use_usb_tablet                 = True log_opt_values /usr/lib/python2.7/dist-packages/oslo/config/cfg.py:1941
2014-04-03 15:07:13.041 16126 DEBUG nova.openstack.common.service [-] user_cert_subject              = /C=US/ST=California/O=OpenStack/OU=NovaDev/CN=%.16s-%.16s-%s log_opt_values /usr/lib/python2.7/dist-packages/oslo/config/cfg.py:1941
2014-04-03 15:07:13.045 16126 DEBUG nova.openstack.common.service [-] vcpu_pin_set                   = None log_opt_values /usr/lib/python2.7/dist-packages/oslo/config/cfg.py:1941
2014-04-03 15:07:13.047 16126 DEBUG nova.openstack.common.service [-] vendordata_driver              = nova.api.metadata.vendordata_json.JsonFileVendorData log_opt_values /usr/lib/python2.7/dist-packages/oslo/config/cfg.py:1941
2014-04-03 15:07:13.058 16126 DEBUG nova.openstack.common.service [-] verbose                        = True log_opt_values /usr/lib/python2.7/dist-packages/oslo/config/cfg.py:1941
2014-04-03 15:07:13.062 16126 DEBUG nova.openstack.common.service [-] virt_mkfs                      = ['default=mkfs.ext3 -L %(fs_label)s -F %(target)s', 'linux=mkfs.ext3 -L %(fs_label)s -F %(target)s', 'windows=mkfs.ntfs --force --fast --label %(fs_label)s %(target)s'] log_opt_values /usr/lib/python2.7/dist-packages/oslo/config/cfg.py:1941
2014-04-03 15:07:13.067 16126 DEBUG nova.openstack.common.service [-] vlan_interface                 = None log_opt_values /usr/lib/python2.7/dist-packages/oslo/config/cfg.py:1941
2014-04-03 15:07:13.073 16126 DEBUG nova.openstack.common.service [-] vlan_start                     = 100 log_opt_values /usr/lib/python2.7/dist-packages/oslo/config/cfg.py:1941
2014-04-03 15:07:13.077 16126 DEBUG nova.openstack.common.service [-] vnc_enabled                    = True log_opt_values /usr/lib/python2.7/dist-packages/oslo/config/cfg.py:1941
2014-04-03 15:07:13.085 16126 DEBUG nova.openstack.common.service [-] vnc_keymap                     = en-us log_opt_values /usr/lib/python2.7/dist-packages/oslo/config/cfg.py:1941
2014-04-03 15:07:13.090 16126 DEBUG nova.openstack.common.service [-] vncserver_listen               = 10.233.52.67 log_opt_values /usr/lib/python2.7/dist-packages/oslo/config/cfg.py:1941
2014-04-03 15:07:13.093 16126 DEBUG nova.openstack.common.service [-] vncserver_proxyclient_address  = 10.233.52.67 log_opt_values /usr/lib/python2.7/dist-packages/oslo/config/cfg.py:1941
2014-04-03 15:07:13.095 16126 DEBUG nova.openstack.common.service [-] volume_api_class               = nova.volume.cinder.API log_opt_values /usr/lib/python2.7/dist-packages/oslo/config/cfg.py:1941
2014-04-03 15:07:13.098 16126 DEBUG nova.openstack.common.service [-] volume_usage_poll_interval     = 0 log_opt_values /usr/lib/python2.7/dist-packages/oslo/config/cfg.py:1941
2014-04-03 15:07:13.099 16126 DEBUG nova.openstack.common.service [-] vpn_flavor                     = m1.tiny log_opt_values /usr/lib/python2.7/dist-packages/oslo/config/cfg.py:1941
2014-04-03 15:07:13.102 16126 DEBUG nova.openstack.common.service [-] vpn_image_id                   = 0 log_opt_values /usr/lib/python2.7/dist-packages/oslo/config/cfg.py:1941
2014-04-03 15:07:13.105 16126 DEBUG nova.openstack.common.service [-] vpn_ip                         = 10.233.52.67 log_opt_values /usr/lib/python2.7/dist-packages/oslo/config/cfg.py:1941
2014-04-03 15:07:13.108 16126 DEBUG nova.openstack.common.service [-] vpn_key_suffix                 = -vpn log_opt_values /usr/lib/python2.7/dist-packages/oslo/config/cfg.py:1941
2014-04-03 15:07:13.117 16126 DEBUG nova.openstack.common.service [-] vpn_start                      = 1000 log_opt_values /usr/lib/python2.7/dist-packages/oslo/config/cfg.py:1941
2014-04-03 15:07:13.120 16126 DEBUG nova.openstack.common.service [-] wsgi_log_format                = %(client_ip)s "%(request_line)s" status: %(status_code)s len: %(body_length)s time: %(wall_seconds).7f log_opt_values /usr/lib/python2.7/dist-packages/oslo/config/cfg.py:1941
2014-04-03 15:07:13.129 16126 DEBUG nova.openstack.common.service [-] xen_hvmloader_path             = /usr/lib/xen/boot/hvmloader log_opt_values /usr/lib/python2.7/dist-packages/oslo/config/cfg.py:1941
2014-04-03 15:07:13.131 16126 DEBUG nova.openstack.common.service [-] xvpvncproxy_base_url           = http://127.0.0.1:6081/console log_opt_values /usr/lib/python2.7/dist-packages/oslo/config/cfg.py:1941
2014-04-03 15:07:13.132 16126 DEBUG nova.openstack.common.service [-] osapi_v3.enabled               = False log_opt_values /usr/lib/python2.7/dist-packages/oslo/config/cfg.py:1949
2014-04-03 15:07:13.141 16126 DEBUG nova.openstack.common.service [-] osapi_v3.extensions_blacklist  = [] log_opt_values /usr/lib/python2.7/dist-packages/oslo/config/cfg.py:1949
2014-04-03 15:07:13.142 16126 DEBUG nova.openstack.common.service [-] osapi_v3.extensions_whitelist  = [] log_opt_values /usr/lib/python2.7/dist-packages/oslo/config/cfg.py:1949
2014-04-03 15:07:13.146 16126 DEBUG nova.openstack.common.service [-] conductor.manager              = nova.conductor.manager.ConductorManager log_opt_values /usr/lib/python2.7/dist-packages/oslo/config/cfg.py:1949
2014-04-03 15:07:13.152 16126 DEBUG nova.openstack.common.service [-] conductor.topic                = conductor log_opt_values /usr/lib/python2.7/dist-packages/oslo/config/cfg.py:1949
2014-04-03 15:07:13.154 16126 DEBUG nova.openstack.common.service [-] conductor.use_local            = False log_opt_values /usr/lib/python2.7/dist-packages/oslo/config/cfg.py:1949
2014-04-03 15:07:13.156 16126 DEBUG nova.openstack.common.service [-] conductor.workers              = None log_opt_values /usr/lib/python2.7/dist-packages/oslo/config/cfg.py:1949
2014-04-03 15:07:13.162 16126 DEBUG nova.openstack.common.service [-] keymgr.api_class               = nova.keymgr.conf_key_mgr.ConfKeyManager log_opt_values /usr/lib/python2.7/dist-packages/oslo/config/cfg.py:1949
2014-04-03 15:07:13.169 16126 DEBUG nova.openstack.common.service [-] cells.bandwidth_update_interval = 600 log_opt_values /usr/lib/python2.7/dist-packages/oslo/config/cfg.py:1949
2014-04-03 15:07:13.171 16126 DEBUG nova.openstack.common.service [-] cells.call_timeout             = 60 log_opt_values /usr/lib/python2.7/dist-packages/oslo/config/cfg.py:1949
2014-04-03 15:07:13.172 16126 DEBUG nova.openstack.common.service [-] cells.capabilities             = ['hypervisor=xenserver;kvm', 'os=linux;windows'] log_opt_values /usr/lib/python2.7/dist-packages/oslo/config/cfg.py:1949
2014-04-03 15:07:13.177 16126 DEBUG nova.openstack.common.service [-] cells.cell_type                = None log_opt_values /usr/lib/python2.7/dist-packages/oslo/config/cfg.py:1949
2014-04-03 15:07:13.181 16126 DEBUG nova.openstack.common.service [-] cells.enable                   = False log_opt_values /usr/lib/python2.7/dist-packages/oslo/config/cfg.py:1949
2014-04-03 15:07:13.183 16126 DEBUG nova.openstack.common.service [-] cells.manager                  = nova.cells.manager.CellsManager log_opt_values /usr/lib/python2.7/dist-packages/oslo/config/cfg.py:1949
2014-04-03 15:07:13.191 16126 DEBUG nova.openstack.common.service [-] cells.mute_child_interval      = 300 log_opt_values /usr/lib/python2.7/dist-packages/oslo/config/cfg.py:1949
2014-04-03 15:07:13.197 16126 DEBUG nova.openstack.common.service [-] cells.name                     = nova log_opt_values /usr/lib/python2.7/dist-packages/oslo/config/cfg.py:1949
2014-04-03 15:07:13.202 16126 DEBUG nova.openstack.common.service [-] cells.reserve_percent          = 10.0 log_opt_values /usr/lib/python2.7/dist-packages/oslo/config/cfg.py:1949
2014-04-03 15:07:13.204 16126 DEBUG nova.openstack.common.service [-] cells.topic                    = cells log_opt_values /usr/lib/python2.7/dist-packages/oslo/config/cfg.py:1949
2014-04-03 15:07:13.213 16126 DEBUG nova.openstack.common.service [-] database.backend               = sqlalchemy log_opt_values /usr/lib/python2.7/dist-packages/oslo/config/cfg.py:1949
2014-04-03 15:07:13.218 16126 DEBUG nova.openstack.common.service [-] database.connection            = *********************************** log_opt_values /usr/lib/python2.7/dist-packages/oslo/config/cfg.py:1949
2014-04-03 15:07:13.226 16126 DEBUG nova.openstack.common.service [-] database.connection_debug      = 0 log_opt_values /usr/lib/python2.7/dist-packages/oslo/config/cfg.py:1949
2014-04-03 15:07:13.228 16126 DEBUG nova.openstack.common.service [-] database.connection_trace      = False log_opt_values /usr/lib/python2.7/dist-packages/oslo/config/cfg.py:1949
2014-04-03 15:07:13.230 16126 DEBUG nova.openstack.common.service [-] database.idle_timeout          = 3600 log_opt_values /usr/lib/python2.7/dist-packages/oslo/config/cfg.py:1949
2014-04-03 15:07:13.231 16126 DEBUG nova.openstack.common.service [-] database.max_overflow          = None log_opt_values /usr/lib/python2.7/dist-packages/oslo/config/cfg.py:1949
2014-04-03 15:07:13.237 16126 DEBUG nova.openstack.common.service [-] database.max_pool_size         = None log_opt_values /usr/lib/python2.7/dist-packages/oslo/config/cfg.py:1949
2014-04-03 15:07:13.243 16126 DEBUG nova.openstack.common.service [-] database.max_retries           = 10 log_opt_values /usr/lib/python2.7/dist-packages/oslo/config/cfg.py:1949
2014-04-03 15:07:13.250 16126 DEBUG nova.openstack.common.service [-] database.min_pool_size         = 1 log_opt_values /usr/lib/python2.7/dist-packages/oslo/config/cfg.py:1949
2014-04-03 15:07:13.253 16126 DEBUG nova.openstack.common.service [-] database.pool_timeout          = None log_opt_values /usr/lib/python2.7/dist-packages/oslo/config/cfg.py:1949
2014-04-03 15:07:13.254 16126 DEBUG nova.openstack.common.service [-] database.retry_interval        = 10 log_opt_values /usr/lib/python2.7/dist-packages/oslo/config/cfg.py:1949
2014-04-03 15:07:13.258 16126 DEBUG nova.openstack.common.service [-] database.slave_connection      =  log_opt_values /usr/lib/python2.7/dist-packages/oslo/config/cfg.py:1949
2014-04-03 15:07:13.261 16126 DEBUG nova.openstack.common.service [-] database.use_tpool             = False log_opt_values /usr/lib/python2.7/dist-packages/oslo/config/cfg.py:1949
2014-04-03 15:07:13.265 16126 DEBUG nova.openstack.common.service [-] image_file_url.filesystems     = [] log_opt_values /usr/lib/python2.7/dist-packages/oslo/config/cfg.py:1949
2014-04-03 15:07:13.268 16126 DEBUG nova.openstack.common.service [-] upgrade_levels.baseapi         = None log_opt_values /usr/lib/python2.7/dist-packages/oslo/config/cfg.py:1949
2014-04-03 15:07:13.274 16126 DEBUG nova.openstack.common.service [-] upgrade_levels.cells           = None log_opt_values /usr/lib/python2.7/dist-packages/oslo/config/cfg.py:1949
2014-04-03 15:07:13.277 16126 DEBUG nova.openstack.common.service [-] upgrade_levels.compute         = None log_opt_values /usr/lib/python2.7/dist-packages/oslo/config/cfg.py:1949
2014-04-03 15:07:13.281 16126 DEBUG nova.openstack.common.service [-] upgrade_levels.conductor       = None log_opt_values /usr/lib/python2.7/dist-packages/oslo/config/cfg.py:1949
2014-04-03 15:07:13.286 16126 DEBUG nova.openstack.common.service [-] upgrade_levels.console         = None log_opt_values /usr/lib/python2.7/dist-packages/oslo/config/cfg.py:1949
2014-04-03 15:07:13.294 16126 DEBUG nova.openstack.common.service [-] upgrade_levels.consoleauth     = None log_opt_values /usr/lib/python2.7/dist-packages/oslo/config/cfg.py:1949
2014-04-03 15:07:13.296 16126 DEBUG nova.openstack.common.service [-] upgrade_levels.network         = None log_opt_values /usr/lib/python2.7/dist-packages/oslo/config/cfg.py:1949
2014-04-03 15:07:13.301 16126 DEBUG nova.openstack.common.service [-] upgrade_levels.scheduler       = None log_opt_values /usr/lib/python2.7/dist-packages/oslo/config/cfg.py:1949
2014-04-03 15:07:13.303 16126 DEBUG nova.openstack.common.service [-] spice.agent_enabled            = True log_opt_values /usr/lib/python2.7/dist-packages/oslo/config/cfg.py:1949
2014-04-03 15:07:13.309 16126 DEBUG nova.openstack.common.service [-] spice.enabled                  = False log_opt_values /usr/lib/python2.7/dist-packages/oslo/config/cfg.py:1949
2014-04-03 15:07:13.311 16126 DEBUG nova.openstack.common.service [-] spice.html5proxy_base_url      = http://127.0.0.1:6082/spice_auto.html log_opt_values /usr/lib/python2.7/dist-packages/oslo/config/cfg.py:1949
2014-04-03 15:07:13.319 16126 DEBUG nova.openstack.common.service [-] spice.keymap                   = en-us log_opt_values /usr/lib/python2.7/dist-packages/oslo/config/cfg.py:1949
2014-04-03 15:07:13.320 16126 DEBUG nova.openstack.common.service [-] spice.server_listen            = 127.0.0.1 log_opt_values /usr/lib/python2.7/dist-packages/oslo/config/cfg.py:1949
2014-04-03 15:07:13.325 16126 DEBUG nova.openstack.common.service [-] spice.server_proxyclient_address = 127.0.0.1 log_opt_values /usr/lib/python2.7/dist-packages/oslo/config/cfg.py:1949
2014-04-03 15:07:13.331 16126 DEBUG nova.openstack.common.service [-] ******************************************************************************** log_opt_values /usr/lib/python2.7/dist-packages/oslo/config/cfg.py:1951
2014-04-03 15:07:13.333 16126 AUDIT nova.service [-] Starting consoleauth node (version 2013.2.2)
2014-04-03 15:07:13.346 16126 DEBUG nova.openstack.common.lockutils [req-f2366a2b-2604-4b6c-96d9-448791fc15e5 None None] Got semaphore "dbapi_backend" lock /usr/lib/python2.7/dist-packages/nova/openstack/common/lockutils.py:166
2014-04-03 15:07:13.362 16126 DEBUG nova.openstack.common.lockutils [req-f2366a2b-2604-4b6c-96d9-448791fc15e5 None None] Got semaphore / lock "__get_backend" inner /usr/lib/python2.7/dist-packages/nova/openstack/common/lockutils.py:245
2014-04-03 15:07:19.799 16126 DEBUG amqp [-] Start from server, version: 0.9, properties: {u'information': u'Licensed under the MPL.  See http://www.rabbitmq.com/', u'product': u'RabbitMQ', u'copyright': u'Copyright (C) 2007-2011 VMware, Inc.', u'capabilities': {u'exchange_exchange_bindings': True, u'consumer_cancel_notify': True, u'publisher_confirms': True, u'basic.nack': True}, u'platform': u'Erlang/OTP', u'version': u'2.7.1'}, mechanisms: [u'PLAIN', u'AMQPLAIN'], locales: [u'en_US'] _start /usr/lib/python2.7/dist-packages/amqp/connection.py:706
2014-04-03 15:07:19.803 16126 DEBUG amqp [-] Open OK! _open_ok /usr/lib/python2.7/dist-packages/amqp/connection.py:592
2014-04-03 15:07:19.809 16126 DEBUG amqp [-] using channel_id: 1 __init__ /usr/lib/python2.7/dist-packages/amqp/channel.py:70
2014-04-03 15:07:19.810 16126 DEBUG amqp [-] Channel open _open_ok /usr/lib/python2.7/dist-packages/amqp/channel.py:420
2014-04-03 15:07:19.813 16126 INFO nova.openstack.common.rpc.common [req-f2366a2b-2604-4b6c-96d9-448791fc15e5 None None] Connected to AMQP server on controller:5672
2014-04-03 15:07:19.821 16126 DEBUG nova.service [req-f2366a2b-2604-4b6c-96d9-448791fc15e5 None None] Creating Consumer connection for Service consoleauth start /usr/lib/python2.7/dist-packages/nova/service.py:171
2014-04-03 15:07:19.873 16126 DEBUG nova.service [req-f2366a2b-2604-4b6c-96d9-448791fc15e5 None None] Join ServiceGroup membership for this service consoleauth start /usr/lib/python2.7/dist-packages/nova/service.py:189
2014-04-03 15:07:19.873 16126 DEBUG nova.servicegroup.api [req-f2366a2b-2604-4b6c-96d9-448791fc15e5 None None] Join new ServiceGroup member controller to the consoleauth group, service = <nova.service.Service object at 0x2adda90> join /usr/lib/python2.7/dist-packages/nova/servicegroup/api.py:87
2014-04-03 15:07:19.874 16126 DEBUG nova.servicegroup.drivers.db [req-f2366a2b-2604-4b6c-96d9-448791fc15e5 None None] DB_Driver: join new ServiceGroup member controller to the consoleauth group, service = <nova.service.Service object at 0x2adda90> join /usr/lib/python2.7/dist-packages/nova/servicegroup/drivers/db.py:45
2014-04-03 15:07:58.882 16126 DEBUG nova.openstack.common.loopingcall [-] Dynamic looping call sleeping for 60.00 seconds _inner /usr/lib/python2.7/dist-packages/nova/openstack/common/loopingcall.py:132
2014-04-03 15:08:58.889 16126 DEBUG nova.openstack.common.loopingcall [-] Dynamic looping call sleeping for 60.00 seconds _inner /usr/lib/python2.7/dist-packages/nova/openstack/common/loopingcall.py:132
2014-04-03 15:09:58.897 16126 DEBUG nova.openstack.common.loopingcall [-] Dynamic looping call sleeping for 60.00 seconds _inner /usr/lib/python2.7/dist-packages/nova/openstack/common/loopingcall.py:132
