2014-04-03 15:07:09.505 16099 DEBUG nova.servicegroup.api [-] ServiceGroup driver defined as an instance of db __new__ /usr/lib/python2.7/dist-packages/nova/servicegroup/api.py:62
2014-04-03 15:07:10.872 16099 DEBUG stevedore.extension [-] found extension EntryPoint.parse('file = nova.image.download.file') _load_plugins /usr/lib/python2.7/dist-packages/stevedore/extension.py:84
2014-04-03 15:07:11.565 16099 INFO nova.openstack.common.periodic_task [-] Skipping periodic task _periodic_update_dns because its interval is negative
2014-04-03 15:07:11.654 16099 DEBUG stevedore.extension [-] found extension EntryPoint.parse('file = nova.image.download.file') _load_plugins /usr/lib/python2.7/dist-packages/stevedore/extension.py:84
2014-04-03 15:07:11.705 16099 DEBUG stevedore.extension [-] found extension EntryPoint.parse('file = nova.image.download.file') _load_plugins /usr/lib/python2.7/dist-packages/stevedore/extension.py:84
2014-04-03 15:07:11.722 16099 DEBUG stevedore.extension [-] found extension EntryPoint.parse('file = nova.image.download.file') _load_plugins /usr/lib/python2.7/dist-packages/stevedore/extension.py:84
2014-04-03 15:07:11.770 16099 DEBUG nova.openstack.common.service [-] Full set of CONF: wait /usr/lib/python2.7/dist-packages/nova/openstack/common/service.py:113
2014-04-03 15:07:11.783 16099 DEBUG nova.openstack.common.service [-] ******************************************************************************** log_opt_values /usr/lib/python2.7/dist-packages/oslo/config/cfg.py:1928
2014-04-03 15:07:11.788 16099 DEBUG nova.openstack.common.service [-] Configuration options gathered from: log_opt_values /usr/lib/python2.7/dist-packages/oslo/config/cfg.py:1929
2014-04-03 15:07:11.789 16099 DEBUG nova.openstack.common.service [-] command line args: ['--config-file=/etc/nova/nova.conf'] log_opt_values /usr/lib/python2.7/dist-packages/oslo/config/cfg.py:1930
2014-04-03 15:07:11.794 16099 DEBUG nova.openstack.common.service [-] config files: ['/etc/nova/nova.conf'] log_opt_values /usr/lib/python2.7/dist-packages/oslo/config/cfg.py:1931
2014-04-03 15:07:11.821 16099 DEBUG nova.openstack.common.service [-] ================================================================================ log_opt_values /usr/lib/python2.7/dist-packages/oslo/config/cfg.py:1932
2014-04-03 15:07:11.821 16099 DEBUG nova.openstack.common.service [-] allow_instance_snapshots       = True log_opt_values /usr/lib/python2.7/dist-packages/oslo/config/cfg.py:1941
2014-04-03 15:07:11.821 16099 DEBUG nova.openstack.common.service [-] allow_migrate_to_same_host     = False log_opt_values /usr/lib/python2.7/dist-packages/oslo/config/cfg.py:1941
2014-04-03 15:07:11.822 16099 DEBUG nova.openstack.common.service [-] allow_resize_to_same_host      = False log_opt_values /usr/lib/python2.7/dist-packages/oslo/config/cfg.py:1941
2014-04-03 15:07:11.822 16099 DEBUG nova.openstack.common.service [-] allow_same_net_traffic         = True log_opt_values /usr/lib/python2.7/dist-packages/oslo/config/cfg.py:1941
2014-04-03 15:07:11.822 16099 DEBUG nova.openstack.common.service [-] allowed_direct_url_schemes     = [] log_opt_values /usr/lib/python2.7/dist-packages/oslo/config/cfg.py:1941
2014-04-03 15:07:11.822 16099 DEBUG nova.openstack.common.service [-] allowed_rpc_exception_modules  = ['nova.exception', 'cinder.exception', 'exceptions'] log_opt_values /usr/lib/python2.7/dist-packages/oslo/config/cfg.py:1941
2014-04-03 15:07:11.823 16099 DEBUG nova.openstack.common.service [-] api_paste_config               = /etc/nova/api-paste.ini log_opt_values /usr/lib/python2.7/dist-packages/oslo/config/cfg.py:1941
2014-04-03 15:07:11.823 16099 DEBUG nova.openstack.common.service [-] api_rate_limit                 = False log_opt_values /usr/lib/python2.7/dist-packages/oslo/config/cfg.py:1941
2014-04-03 15:07:11.823 16099 DEBUG nova.openstack.common.service [-] auth_strategy                  = keystone log_opt_values /usr/lib/python2.7/dist-packages/oslo/config/cfg.py:1941
2014-04-03 15:07:11.823 16099 DEBUG nova.openstack.common.service [-] auto_assign_floating_ip        = False log_opt_values /usr/lib/python2.7/dist-packages/oslo/config/cfg.py:1941
2014-04-03 15:07:11.824 16099 DEBUG nova.openstack.common.service [-] backdoor_port                  = None log_opt_values /usr/lib/python2.7/dist-packages/oslo/config/cfg.py:1941
2014-04-03 15:07:11.824 16099 DEBUG nova.openstack.common.service [-] bandwidth_poll_interval        = 600 log_opt_values /usr/lib/python2.7/dist-packages/oslo/config/cfg.py:1941
2014-04-03 15:07:11.824 16099 DEBUG nova.openstack.common.service [-] base_dir_name                  = _base log_opt_values /usr/lib/python2.7/dist-packages/oslo/config/cfg.py:1941
2014-04-03 15:07:11.824 16099 DEBUG nova.openstack.common.service [-] bindir                         = /usr/local/bin log_opt_values /usr/lib/python2.7/dist-packages/oslo/config/cfg.py:1941
2014-04-03 15:07:11.859 16099 DEBUG nova.openstack.common.service [-] block_migration_flag           = VIR_MIGRATE_UNDEFINE_SOURCE, VIR_MIGRATE_PEER2PEER, VIR_MIGRATE_NON_SHARED_INC log_opt_values /usr/lib/python2.7/dist-packages/oslo/config/cfg.py:1941
2014-04-03 15:07:11.862 16099 DEBUG nova.openstack.common.service [-] boot_script_template           = /usr/lib/python2.7/dist-packages/nova/cloudpipe/bootscript.template log_opt_values /usr/lib/python2.7/dist-packages/oslo/config/cfg.py:1941
2014-04-03 15:07:11.867 16099 DEBUG nova.openstack.common.service [-] ca_file                        = cacert.pem log_opt_values /usr/lib/python2.7/dist-packages/oslo/config/cfg.py:1941
2014-04-03 15:07:11.870 16099 DEBUG nova.openstack.common.service [-] ca_path                        = /var/lib/nova/CA log_opt_values /usr/lib/python2.7/dist-packages/oslo/config/cfg.py:1941
2014-04-03 15:07:11.872 16099 DEBUG nova.openstack.common.service [-] cert_manager                   = nova.cert.manager.CertManager log_opt_values /usr/lib/python2.7/dist-packages/oslo/config/cfg.py:1941
2014-04-03 15:07:11.875 16099 DEBUG nova.openstack.common.service [-] cert_topic                     = cert log_opt_values /usr/lib/python2.7/dist-packages/oslo/config/cfg.py:1941
2014-04-03 15:07:11.884 16099 DEBUG nova.openstack.common.service [-] checksum_base_images           = False log_opt_values /usr/lib/python2.7/dist-packages/oslo/config/cfg.py:1941
2014-04-03 15:07:11.888 16099 DEBUG nova.openstack.common.service [-] checksum_interval_seconds      = 3600 log_opt_values /usr/lib/python2.7/dist-packages/oslo/config/cfg.py:1941
2014-04-03 15:07:11.891 16099 DEBUG nova.openstack.common.service [-] cnt_vpn_clients                = 0 log_opt_values /usr/lib/python2.7/dist-packages/oslo/config/cfg.py:1941
2014-04-03 15:07:11.895 16099 DEBUG nova.openstack.common.service [-] compute_api_class              = nova.compute.api.API log_opt_values /usr/lib/python2.7/dist-packages/oslo/config/cfg.py:1941
2014-04-03 15:07:11.898 16099 DEBUG nova.openstack.common.service [-] compute_driver                 = None log_opt_values /usr/lib/python2.7/dist-packages/oslo/config/cfg.py:1941
2014-04-03 15:07:11.902 16099 DEBUG nova.openstack.common.service [-] compute_manager                = nova.compute.manager.ComputeManager log_opt_values /usr/lib/python2.7/dist-packages/oslo/config/cfg.py:1941
2014-04-03 15:07:11.904 16099 DEBUG nova.openstack.common.service [-] compute_stats_class            = nova.compute.stats.Stats log_opt_values /usr/lib/python2.7/dist-packages/oslo/config/cfg.py:1941
2014-04-03 15:07:11.907 16099 DEBUG nova.openstack.common.service [-] compute_topic                  = compute log_opt_values /usr/lib/python2.7/dist-packages/oslo/config/cfg.py:1941
2014-04-03 15:07:11.912 16099 DEBUG nova.openstack.common.service [-] config_dir                     = None log_opt_values /usr/lib/python2.7/dist-packages/oslo/config/cfg.py:1941
2014-04-03 15:07:11.919 16099 DEBUG nova.openstack.common.service [-] config_drive_format            = iso9660 log_opt_values /usr/lib/python2.7/dist-packages/oslo/config/cfg.py:1941
2014-04-03 15:07:11.921 16099 DEBUG nova.openstack.common.service [-] config_drive_skip_versions     = 1.0 2007-01-19 2007-03-01 2007-08-29 2007-10-10 2007-12-15 2008-02-01 2008-09-01 log_opt_values /usr/lib/python2.7/dist-packages/oslo/config/cfg.py:1941
2014-04-03 15:07:11.927 16099 DEBUG nova.openstack.common.service [-] config_drive_tempdir           = None log_opt_values /usr/lib/python2.7/dist-packages/oslo/config/cfg.py:1941
2014-04-03 15:07:11.930 16099 DEBUG nova.openstack.common.service [-] config_file                    = ['/etc/nova/nova.conf'] log_opt_values /usr/lib/python2.7/dist-packages/oslo/config/cfg.py:1941
2014-04-03 15:07:11.934 16099 DEBUG nova.openstack.common.service [-] console_host                   = controller log_opt_values /usr/lib/python2.7/dist-packages/oslo/config/cfg.py:1941
2014-04-03 15:07:11.936 16099 DEBUG nova.openstack.common.service [-] console_manager                = nova.console.manager.ConsoleProxyManager log_opt_values /usr/lib/python2.7/dist-packages/oslo/config/cfg.py:1941
2014-04-03 15:07:11.943 16099 DEBUG nova.openstack.common.service [-] console_topic                  = console log_opt_values /usr/lib/python2.7/dist-packages/oslo/config/cfg.py:1941
2014-04-03 15:07:11.950 16099 DEBUG nova.openstack.common.service [-] consoleauth_topic              = consoleauth log_opt_values /usr/lib/python2.7/dist-packages/oslo/config/cfg.py:1941
2014-04-03 15:07:11.953 16099 DEBUG nova.openstack.common.service [-] control_exchange               = nova log_opt_values /usr/lib/python2.7/dist-packages/oslo/config/cfg.py:1941
2014-04-03 15:07:11.961 16099 DEBUG nova.openstack.common.service [-] create_unique_mac_address_attempts = 5 log_opt_values /usr/lib/python2.7/dist-packages/oslo/config/cfg.py:1941
2014-04-03 15:07:11.966 16099 DEBUG nova.openstack.common.service [-] crl_file                       = crl.pem log_opt_values /usr/lib/python2.7/dist-packages/oslo/config/cfg.py:1941
2014-04-03 15:07:11.967 16099 DEBUG nova.openstack.common.service [-] db_driver                      = nova.db log_opt_values /usr/lib/python2.7/dist-packages/oslo/config/cfg.py:1941
2014-04-03 15:07:11.970 16099 DEBUG nova.openstack.common.service [-] debug                          = True log_opt_values /usr/lib/python2.7/dist-packages/oslo/config/cfg.py:1941
2014-04-03 15:07:11.973 16099 DEBUG nova.openstack.common.service [-] default_access_ip_network_name = None log_opt_values /usr/lib/python2.7/dist-packages/oslo/config/cfg.py:1941
2014-04-03 15:07:11.974 16099 DEBUG nova.openstack.common.service [-] default_availability_zone      = nova log_opt_values /usr/lib/python2.7/dist-packages/oslo/config/cfg.py:1941
2014-04-03 15:07:11.976 16099 DEBUG nova.openstack.common.service [-] default_ephemeral_format       = None log_opt_values /usr/lib/python2.7/dist-packages/oslo/config/cfg.py:1941
2014-04-03 15:07:11.980 16099 DEBUG nova.openstack.common.service [-] default_flavor                 = m1.small log_opt_values /usr/lib/python2.7/dist-packages/oslo/config/cfg.py:1941
2014-04-03 15:07:11.989 16099 DEBUG nova.openstack.common.service [-] default_floating_pool          = nova log_opt_values /usr/lib/python2.7/dist-packages/oslo/config/cfg.py:1941
2014-04-03 15:07:11.993 16099 DEBUG nova.openstack.common.service [-] default_log_levels             = ['amqplib=WARN', 'sqlalchemy=WARN', 'boto=WARN', 'suds=INFO', 'keystone=INFO', 'eventlet.wsgi.server=WARN'] log_opt_values /usr/lib/python2.7/dist-packages/oslo/config/cfg.py:1941
2014-04-03 15:07:11.997 16099 DEBUG nova.openstack.common.service [-] default_notification_level     = INFO log_opt_values /usr/lib/python2.7/dist-packages/oslo/config/cfg.py:1941
2014-04-03 15:07:12.000 16099 DEBUG nova.openstack.common.service [-] default_publisher_id           = None log_opt_values /usr/lib/python2.7/dist-packages/oslo/config/cfg.py:1941
2014-04-03 15:07:12.003 16099 DEBUG nova.openstack.common.service [-] default_schedule_zone          = None log_opt_values /usr/lib/python2.7/dist-packages/oslo/config/cfg.py:1941
2014-04-03 15:07:12.006 16099 DEBUG nova.openstack.common.service [-] defer_iptables_apply           = False log_opt_values /usr/lib/python2.7/dist-packages/oslo/config/cfg.py:1941
2014-04-03 15:07:12.013 16099 DEBUG nova.openstack.common.service [-] dhcp_domain                    = novalocal log_opt_values /usr/lib/python2.7/dist-packages/oslo/config/cfg.py:1941
2014-04-03 15:07:12.017 16099 DEBUG nova.openstack.common.service [-] dhcp_lease_time                = 120 log_opt_values /usr/lib/python2.7/dist-packages/oslo/config/cfg.py:1941
2014-04-03 15:07:12.019 16099 DEBUG nova.openstack.common.service [-] dhcpbridge                     = /usr/bin/nova-dhcpbridge log_opt_values /usr/lib/python2.7/dist-packages/oslo/config/cfg.py:1941
2014-04-03 15:07:12.026 16099 DEBUG nova.openstack.common.service [-] dhcpbridge_flagfile            = ['/etc/nova/nova.conf'] log_opt_values /usr/lib/python2.7/dist-packages/oslo/config/cfg.py:1941
2014-04-03 15:07:12.041 16099 DEBUG nova.openstack.common.service [-] disable_process_locking        = False log_opt_values /usr/lib/python2.7/dist-packages/oslo/config/cfg.py:1941
2014-04-03 15:07:12.049 16099 DEBUG nova.openstack.common.service [-] disk_cachemodes                = [] log_opt_values /usr/lib/python2.7/dist-packages/oslo/config/cfg.py:1941
2014-04-03 15:07:12.053 16099 DEBUG nova.openstack.common.service [-] dmz_cidr                       = [] log_opt_values /usr/lib/python2.7/dist-packages/oslo/config/cfg.py:1941
2014-04-03 15:07:12.055 16099 DEBUG nova.openstack.common.service [-] dmz_mask                       = 255.255.255.0 log_opt_values /usr/lib/python2.7/dist-packages/oslo/config/cfg.py:1941
2014-04-03 15:07:12.059 16099 DEBUG nova.openstack.common.service [-] dmz_net                        = 10.0.0.0 log_opt_values /usr/lib/python2.7/dist-packages/oslo/config/cfg.py:1941
2014-04-03 15:07:12.069 16099 DEBUG nova.openstack.common.service [-] dns_server                     = [] log_opt_values /usr/lib/python2.7/dist-packages/oslo/config/cfg.py:1941
2014-04-03 15:07:12.081 16099 DEBUG nova.openstack.common.service [-] dns_update_periodic_interval   = -1 log_opt_values /usr/lib/python2.7/dist-packages/oslo/config/cfg.py:1941
2014-04-03 15:07:12.085 16099 DEBUG nova.openstack.common.service [-] dnsmasq_config_file            =  log_opt_values /usr/lib/python2.7/dist-packages/oslo/config/cfg.py:1941
2014-04-03 15:07:12.086 16099 DEBUG nova.openstack.common.service [-] ec2_listen                     = 0.0.0.0 log_opt_values /usr/lib/python2.7/dist-packages/oslo/config/cfg.py:1941
2014-04-03 15:07:12.090 16099 DEBUG nova.openstack.common.service [-] ec2_listen_port                = 8773 log_opt_values /usr/lib/python2.7/dist-packages/oslo/config/cfg.py:1941
2014-04-03 15:07:12.092 16099 DEBUG nova.openstack.common.service [-] ec2_private_dns_show_ip        = True log_opt_values /usr/lib/python2.7/dist-packages/oslo/config/cfg.py:1941
2014-04-03 15:07:12.098 16099 DEBUG nova.openstack.common.service [-] ec2_strict_validation          = True log_opt_values /usr/lib/python2.7/dist-packages/oslo/config/cfg.py:1941
2014-04-03 15:07:12.099 16099 DEBUG nova.openstack.common.service [-] ec2_timestamp_expiry           = 300 log_opt_values /usr/lib/python2.7/dist-packages/oslo/config/cfg.py:1941
2014-04-03 15:07:12.102 16099 DEBUG nova.openstack.common.service [-] ec2_workers                    = None log_opt_values /usr/lib/python2.7/dist-packages/oslo/config/cfg.py:1941
2014-04-03 15:07:12.113 16099 DEBUG nova.openstack.common.service [-] enable_instance_password       = True log_opt_values /usr/lib/python2.7/dist-packages/oslo/config/cfg.py:1941
2014-04-03 15:07:12.125 16099 DEBUG nova.openstack.common.service [-] enable_new_services            = True log_opt_values /usr/lib/python2.7/dist-packages/oslo/config/cfg.py:1941
2014-04-03 15:07:12.128 16099 DEBUG nova.openstack.common.service [-] enabled_apis                   = ['ec2', 'osapi_compute', 'metadata'] log_opt_values /usr/lib/python2.7/dist-packages/oslo/config/cfg.py:1941
2014-04-03 15:07:12.131 16099 DEBUG nova.openstack.common.service [-] enabled_ssl_apis               = [] log_opt_values /usr/lib/python2.7/dist-packages/oslo/config/cfg.py:1941
2014-04-03 15:07:12.137 16099 DEBUG nova.openstack.common.service [-] fake_call                      = False log_opt_values /usr/lib/python2.7/dist-packages/oslo/config/cfg.py:1941
2014-04-03 15:07:12.140 16099 DEBUG nova.openstack.common.service [-] fake_network                   = False log_opt_values /usr/lib/python2.7/dist-packages/oslo/config/cfg.py:1941
2014-04-03 15:07:12.142 16099 DEBUG nova.openstack.common.service [-] fake_rabbit                    = False log_opt_values /usr/lib/python2.7/dist-packages/oslo/config/cfg.py:1941
2014-04-03 15:07:12.143 16099 DEBUG nova.openstack.common.service [-] fatal_deprecations             = False log_opt_values /usr/lib/python2.7/dist-packages/oslo/config/cfg.py:1941
2014-04-03 15:07:12.147 16099 DEBUG nova.openstack.common.service [-] fatal_exception_format_errors  = False log_opt_values /usr/lib/python2.7/dist-packages/oslo/config/cfg.py:1941
2014-04-03 15:07:12.152 16099 DEBUG nova.openstack.common.service [-] firewall_driver                = nova.virt.firewall.NoopFirewallDriver log_opt_values /usr/lib/python2.7/dist-packages/oslo/config/cfg.py:1941
2014-04-03 15:07:12.161 16099 DEBUG nova.openstack.common.service [-] fixed_ip_disassociate_timeout  = 600 log_opt_values /usr/lib/python2.7/dist-packages/oslo/config/cfg.py:1941
2014-04-03 15:07:12.168 16099 DEBUG nova.openstack.common.service [-] fixed_range_v6                 = fd00::/48 log_opt_values /usr/lib/python2.7/dist-packages/oslo/config/cfg.py:1941
2014-04-03 15:07:12.179 16099 DEBUG nova.openstack.common.service [-] flat_injected                  = False log_opt_values /usr/lib/python2.7/dist-packages/oslo/config/cfg.py:1941
2014-04-03 15:07:12.182 16099 DEBUG nova.openstack.common.service [-] flat_interface                 = None log_opt_values /usr/lib/python2.7/dist-packages/oslo/config/cfg.py:1941
2014-04-03 15:07:12.186 16099 DEBUG nova.openstack.common.service [-] flat_network_bridge            = None log_opt_values /usr/lib/python2.7/dist-packages/oslo/config/cfg.py:1941
2014-04-03 15:07:12.187 16099 DEBUG nova.openstack.common.service [-] flat_network_dns               = 8.8.4.4 log_opt_values /usr/lib/python2.7/dist-packages/oslo/config/cfg.py:1941
2014-04-03 15:07:12.193 16099 DEBUG nova.openstack.common.service [-] floating_ip_dns_manager        = nova.network.noop_dns_driver.NoopDNSDriver log_opt_values /usr/lib/python2.7/dist-packages/oslo/config/cfg.py:1941
2014-04-03 15:07:12.194 16099 DEBUG nova.openstack.common.service [-] force_config_drive             = None log_opt_values /usr/lib/python2.7/dist-packages/oslo/config/cfg.py:1941
2014-04-03 15:07:12.201 16099 DEBUG nova.openstack.common.service [-] force_dhcp_release             = True log_opt_values /usr/lib/python2.7/dist-packages/oslo/config/cfg.py:1941
2014-04-03 15:07:12.202 16099 DEBUG nova.openstack.common.service [-] force_raw_images               = True log_opt_values /usr/lib/python2.7/dist-packages/oslo/config/cfg.py:1941
2014-04-03 15:07:12.205 16099 DEBUG nova.openstack.common.service [-] force_snat_range               = [] log_opt_values /usr/lib/python2.7/dist-packages/oslo/config/cfg.py:1941
2014-04-03 15:07:12.209 16099 DEBUG nova.openstack.common.service [-] forward_bridge_interface       = ['all'] log_opt_values /usr/lib/python2.7/dist-packages/oslo/config/cfg.py:1941
2014-04-03 15:07:12.211 16099 DEBUG nova.openstack.common.service [-] gateway                        = None log_opt_values /usr/lib/python2.7/dist-packages/oslo/config/cfg.py:1941
2014-04-03 15:07:12.217 16099 DEBUG nova.openstack.common.service [-] gateway_v6                     = None log_opt_values /usr/lib/python2.7/dist-packages/oslo/config/cfg.py:1941
2014-04-03 15:07:12.227 16099 DEBUG nova.openstack.common.service [-] glance_api_insecure            = False log_opt_values /usr/lib/python2.7/dist-packages/oslo/config/cfg.py:1941
2014-04-03 15:07:12.229 16099 DEBUG nova.openstack.common.service [-] glance_api_servers             = ['10.233.52.67:9292'] log_opt_values /usr/lib/python2.7/dist-packages/oslo/config/cfg.py:1941
2014-04-03 15:07:12.231 16099 DEBUG nova.openstack.common.service [-] glance_host                    = 10.233.52.67 log_opt_values /usr/lib/python2.7/dist-packages/oslo/config/cfg.py:1941
2014-04-03 15:07:12.236 16099 DEBUG nova.openstack.common.service [-] glance_num_retries             = 0 log_opt_values /usr/lib/python2.7/dist-packages/oslo/config/cfg.py:1941
2014-04-03 15:07:12.242 16099 DEBUG nova.openstack.common.service [-] glance_port                    = 9292 log_opt_values /usr/lib/python2.7/dist-packages/oslo/config/cfg.py:1941
2014-04-03 15:07:12.243 16099 DEBUG nova.openstack.common.service [-] glance_protocol                = http log_opt_values /usr/lib/python2.7/dist-packages/oslo/config/cfg.py:1941
2014-04-03 15:07:12.245 16099 DEBUG nova.openstack.common.service [-] heal_instance_info_cache_interval = 60 log_opt_values /usr/lib/python2.7/dist-packages/oslo/config/cfg.py:1941
2014-04-03 15:07:12.257 16099 DEBUG nova.openstack.common.service [-] host                           = controller log_opt_values /usr/lib/python2.7/dist-packages/oslo/config/cfg.py:1941
2014-04-03 15:07:12.260 16099 DEBUG nova.openstack.common.service [-] host_state_interval            = 120 log_opt_values /usr/lib/python2.7/dist-packages/oslo/config/cfg.py:1941
2014-04-03 15:07:12.261 16099 DEBUG nova.openstack.common.service [-] image_cache_manager_interval   = 2400 log_opt_values /usr/lib/python2.7/dist-packages/oslo/config/cfg.py:1941
2014-04-03 15:07:12.262 16099 DEBUG nova.openstack.common.service [-] image_info_filename_pattern    = /var/lib/nova/instances/_base/%(image)s.info log_opt_values /usr/lib/python2.7/dist-packages/oslo/config/cfg.py:1941
2014-04-03 15:07:12.265 16099 DEBUG nova.openstack.common.service [-] injected_network_template      = /usr/lib/python2.7/dist-packages/nova/virt/interfaces.template log_opt_values /usr/lib/python2.7/dist-packages/oslo/config/cfg.py:1941
2014-04-03 15:07:12.269 16099 DEBUG nova.openstack.common.service [-] instance_build_timeout         = 0 log_opt_values /usr/lib/python2.7/dist-packages/oslo/config/cfg.py:1941
2014-04-03 15:07:12.273 16099 DEBUG nova.openstack.common.service [-] instance_delete_interval       = 300 log_opt_values /usr/lib/python2.7/dist-packages/oslo/config/cfg.py:1941
2014-04-03 15:07:12.282 16099 DEBUG nova.openstack.common.service [-] instance_dns_domain            =  log_opt_values /usr/lib/python2.7/dist-packages/oslo/config/cfg.py:1941
2014-04-03 15:07:12.286 16099 DEBUG nova.openstack.common.service [-] instance_dns_manager           = nova.network.noop_dns_driver.NoopDNSDriver log_opt_values /usr/lib/python2.7/dist-packages/oslo/config/cfg.py:1941
2014-04-03 15:07:12.289 16099 DEBUG nova.openstack.common.service [-] instance_format                = [instance: %(uuid)s]  log_opt_values /usr/lib/python2.7/dist-packages/oslo/config/cfg.py:1941
2014-04-03 15:07:12.293 16099 DEBUG nova.openstack.common.service [-] instance_name_template         = instance-%08x log_opt_values /usr/lib/python2.7/dist-packages/oslo/config/cfg.py:1941
2014-04-03 15:07:12.295 16099 DEBUG nova.openstack.common.service [-] instance_usage_audit           = False log_opt_values /usr/lib/python2.7/dist-packages/oslo/config/cfg.py:1941
2014-04-03 15:07:12.302 16099 DEBUG nova.openstack.common.service [-] instance_usage_audit_period    = month log_opt_values /usr/lib/python2.7/dist-packages/oslo/config/cfg.py:1941
2014-04-03 15:07:12.308 16099 DEBUG nova.openstack.common.service [-] instance_uuid_format           = [instance: %(uuid)s]  log_opt_values /usr/lib/python2.7/dist-packages/oslo/config/cfg.py:1941
2014-04-03 15:07:12.313 16099 DEBUG nova.openstack.common.service [-] instances_path                 = /var/lib/nova/instances log_opt_values /usr/lib/python2.7/dist-packages/oslo/config/cfg.py:1941
2014-04-03 15:07:12.318 16099 DEBUG nova.openstack.common.service [-] internal_service_availability_zone = internal log_opt_values /usr/lib/python2.7/dist-packages/oslo/config/cfg.py:1941
2014-04-03 15:07:12.321 16099 DEBUG nova.openstack.common.service [-] iptables_bottom_regex          =  log_opt_values /usr/lib/python2.7/dist-packages/oslo/config/cfg.py:1941
2014-04-03 15:07:12.327 16099 DEBUG nova.openstack.common.service [-] iptables_drop_action           = DROP log_opt_values /usr/lib/python2.7/dist-packages/oslo/config/cfg.py:1941
2014-04-03 15:07:12.329 16099 DEBUG nova.openstack.common.service [-] iptables_top_regex             =  log_opt_values /usr/lib/python2.7/dist-packages/oslo/config/cfg.py:1941
2014-04-03 15:07:12.331 16099 DEBUG nova.openstack.common.service [-] ipv6_backend                   = rfc2462 log_opt_values /usr/lib/python2.7/dist-packages/oslo/config/cfg.py:1941
2014-04-03 15:07:12.332 16099 DEBUG nova.openstack.common.service [-] key_file                       = private/cakey.pem log_opt_values /usr/lib/python2.7/dist-packages/oslo/config/cfg.py:1941
2014-04-03 15:07:12.345 16099 DEBUG nova.openstack.common.service [-] keys_path                      = /var/lib/nova/keys log_opt_values /usr/lib/python2.7/dist-packages/oslo/config/cfg.py:1941
2014-04-03 15:07:12.347 16099 DEBUG nova.openstack.common.service [-] keystone_ec2_url               = http://localhost:5000/v2.0/ec2tokens log_opt_values /usr/lib/python2.7/dist-packages/oslo/config/cfg.py:1941
2014-04-03 15:07:12.353 16099 DEBUG nova.openstack.common.service [-] l3_lib                         = nova.network.l3.LinuxNetL3 log_opt_values /usr/lib/python2.7/dist-packages/oslo/config/cfg.py:1941
2014-04-03 15:07:12.357 16099 DEBUG nova.openstack.common.service [-] libvirt_cpu_mode               = None log_opt_values /usr/lib/python2.7/dist-packages/oslo/config/cfg.py:1941
2014-04-03 15:07:12.361 16099 DEBUG nova.openstack.common.service [-] libvirt_cpu_model              = None log_opt_values /usr/lib/python2.7/dist-packages/oslo/config/cfg.py:1941
2014-04-03 15:07:12.365 16099 DEBUG nova.openstack.common.service [-] libvirt_disk_prefix            = None log_opt_values /usr/lib/python2.7/dist-packages/oslo/config/cfg.py:1941
2014-04-03 15:07:12.366 16099 DEBUG nova.openstack.common.service [-] libvirt_images_rbd_ceph_conf   =  log_opt_values /usr/lib/python2.7/dist-packages/oslo/config/cfg.py:1941
2014-04-03 15:07:12.368 16099 DEBUG nova.openstack.common.service [-] libvirt_images_rbd_pool        = rbd log_opt_values /usr/lib/python2.7/dist-packages/oslo/config/cfg.py:1941
2014-04-03 15:07:12.373 16099 DEBUG nova.openstack.common.service [-] libvirt_images_type            = default log_opt_values /usr/lib/python2.7/dist-packages/oslo/config/cfg.py:1941
2014-04-03 15:07:12.377 16099 DEBUG nova.openstack.common.service [-] libvirt_images_volume_group    = None log_opt_values /usr/lib/python2.7/dist-packages/oslo/config/cfg.py:1941
2014-04-03 15:07:12.385 16099 DEBUG nova.openstack.common.service [-] libvirt_inject_key             = True log_opt_values /usr/lib/python2.7/dist-packages/oslo/config/cfg.py:1941
2014-04-03 15:07:12.391 16099 DEBUG nova.openstack.common.service [-] libvirt_inject_partition       = 1 log_opt_values /usr/lib/python2.7/dist-packages/oslo/config/cfg.py:1941
2014-04-03 15:07:12.394 16099 DEBUG nova.openstack.common.service [-] libvirt_inject_password        = False log_opt_values /usr/lib/python2.7/dist-packages/oslo/config/cfg.py:1941
2014-04-03 15:07:12.396 16099 DEBUG nova.openstack.common.service [-] libvirt_lvm_snapshot_size      = 1000 log_opt_values /usr/lib/python2.7/dist-packages/oslo/config/cfg.py:1941
2014-04-03 15:07:12.401 16099 DEBUG nova.openstack.common.service [-] libvirt_nonblocking            = True log_opt_values /usr/lib/python2.7/dist-packages/oslo/config/cfg.py:1941
2014-04-03 15:07:12.403 16099 DEBUG nova.openstack.common.service [-] libvirt_snapshot_compression   = False log_opt_values /usr/lib/python2.7/dist-packages/oslo/config/cfg.py:1941
2014-04-03 15:07:12.409 16099 DEBUG nova.openstack.common.service [-] libvirt_snapshots_directory    = /var/lib/nova/instances/snapshots log_opt_values /usr/lib/python2.7/dist-packages/oslo/config/cfg.py:1941
2014-04-03 15:07:12.415 16099 DEBUG nova.openstack.common.service [-] libvirt_sparse_logical_volumes = False log_opt_values /usr/lib/python2.7/dist-packages/oslo/config/cfg.py:1941
2014-04-03 15:07:12.422 16099 DEBUG nova.openstack.common.service [-] libvirt_type                   = kvm log_opt_values /usr/lib/python2.7/dist-packages/oslo/config/cfg.py:1941
2014-04-03 15:07:12.424 16099 DEBUG nova.openstack.common.service [-] libvirt_uri                    =  log_opt_values /usr/lib/python2.7/dist-packages/oslo/config/cfg.py:1941
2014-04-03 15:07:12.427 16099 DEBUG nova.openstack.common.service [-] libvirt_vif_driver             = nova.virt.libvirt.vif.LibvirtGenericVIFDriver log_opt_values /usr/lib/python2.7/dist-packages/oslo/config/cfg.py:1941
2014-04-03 15:07:12.435 16099 DEBUG nova.openstack.common.service [-] libvirt_volume_drivers         = ['iscsi=nova.virt.libvirt.volume.LibvirtISCSIVolumeDriver', 'iser=nova.virt.libvirt.volume.LibvirtISERVolumeDriver', 'local=nova.virt.libvirt.volume.LibvirtVolumeDriver', 'fake=nova.virt.libvirt.volume.LibvirtFakeVolumeDriver', 'rbd=nova.virt.libvirt.volume.LibvirtNetVolumeDriver', 'sheepdog=nova.virt.libvirt.volume.LibvirtNetVolumeDriver', 'nfs=nova.virt.libvirt.volume.LibvirtNFSVolumeDriver', 'aoe=nova.virt.libvirt.volume.LibvirtAOEVolumeDriver', 'glusterfs=nova.virt.libvirt.volume.LibvirtGlusterfsVolumeDriver', 'fibre_channel=nova.virt.libvirt.volume.LibvirtFibreChannelVolumeDriver', 'scality=nova.virt.libvirt.volume.LibvirtScalityVolumeDriver'] log_opt_values /usr/lib/python2.7/dist-packages/oslo/config/cfg.py:1941
2014-04-03 15:07:12.442 16099 DEBUG nova.openstack.common.service [-] libvirt_wait_soft_reboot_seconds = 120 log_opt_values /usr/lib/python2.7/dist-packages/oslo/config/cfg.py:1941
2014-04-03 15:07:12.444 16099 DEBUG nova.openstack.common.service [-] linuxnet_interface_driver      = nova.network.linux_net.LinuxOVSInterfaceDriver log_opt_values /usr/lib/python2.7/dist-packages/oslo/config/cfg.py:1941
2014-04-03 15:07:12.457 16099 DEBUG nova.openstack.common.service [-] linuxnet_ovs_integration_bridge = br-int log_opt_values /usr/lib/python2.7/dist-packages/oslo/config/cfg.py:1941
2014-04-03 15:07:12.458 16099 DEBUG nova.openstack.common.service [-] live_migration_bandwidth       = 0 log_opt_values /usr/lib/python2.7/dist-packages/oslo/config/cfg.py:1941
2014-04-03 15:07:12.460 16099 DEBUG nova.openstack.common.service [-] live_migration_flag            = VIR_MIGRATE_UNDEFINE_SOURCE, VIR_MIGRATE_PEER2PEER log_opt_values /usr/lib/python2.7/dist-packages/oslo/config/cfg.py:1941
2014-04-03 15:07:12.466 16099 DEBUG nova.openstack.common.service [-] live_migration_retry_count     = 30 log_opt_values /usr/lib/python2.7/dist-packages/oslo/config/cfg.py:1941
2014-04-03 15:07:12.468 16099 DEBUG nova.openstack.common.service [-] live_migration_uri             = qemu+tcp://%s/system log_opt_values /usr/lib/python2.7/dist-packages/oslo/config/cfg.py:1941
2014-04-03 15:07:12.470 16099 DEBUG nova.openstack.common.service [-] lock_path                      = /var/lock/nova log_opt_values /usr/lib/python2.7/dist-packages/oslo/config/cfg.py:1941
2014-04-03 15:07:12.471 16099 DEBUG nova.openstack.common.service [-] lockout_attempts               = 5 log_opt_values /usr/lib/python2.7/dist-packages/oslo/config/cfg.py:1941
2014-04-03 15:07:12.477 16099 DEBUG nova.openstack.common.service [-] lockout_minutes                = 15 log_opt_values /usr/lib/python2.7/dist-packages/oslo/config/cfg.py:1941
2014-04-03 15:07:12.480 16099 DEBUG nova.openstack.common.service [-] lockout_window                 = 15 log_opt_values /usr/lib/python2.7/dist-packages/oslo/config/cfg.py:1941
2014-04-03 15:07:12.485 16099 DEBUG nova.openstack.common.service [-] log_config                     = None log_opt_values /usr/lib/python2.7/dist-packages/oslo/config/cfg.py:1941
2014-04-03 15:07:12.489 16099 DEBUG nova.openstack.common.service [-] log_date_format                = %Y-%m-%d %H:%M:%S log_opt_values /usr/lib/python2.7/dist-packages/oslo/config/cfg.py:1941
2014-04-03 15:07:12.494 16099 DEBUG nova.openstack.common.service [-] log_dir                        = /var/log/nova log_opt_values /usr/lib/python2.7/dist-packages/oslo/config/cfg.py:1941
2014-04-03 15:07:12.497 16099 DEBUG nova.openstack.common.service [-] log_file                       = None log_opt_values /usr/lib/python2.7/dist-packages/oslo/config/cfg.py:1941
2014-04-03 15:07:12.502 16099 DEBUG nova.openstack.common.service [-] log_format                     = None log_opt_values /usr/lib/python2.7/dist-packages/oslo/config/cfg.py:1941
2014-04-03 15:07:12.505 16099 DEBUG nova.openstack.common.service [-] logging_context_format_string  = %(asctime)s.%(msecs)03d %(process)d %(levelname)s %(name)s [%(request_id)s %(user)s %(tenant)s] %(instance)s%(message)s log_opt_values /usr/lib/python2.7/dist-packages/oslo/config/cfg.py:1941
2014-04-03 15:07:12.509 16099 DEBUG nova.openstack.common.service [-] logging_debug_format_suffix    = %(funcName)s %(pathname)s:%(lineno)d log_opt_values /usr/lib/python2.7/dist-packages/oslo/config/cfg.py:1941
2014-04-03 15:07:12.514 16099 DEBUG nova.openstack.common.service [-] logging_default_format_string  = %(asctime)s.%(msecs)03d %(process)d %(levelname)s %(name)s [-] %(instance)s%(message)s log_opt_values /usr/lib/python2.7/dist-packages/oslo/config/cfg.py:1941
2014-04-03 15:07:12.517 16099 DEBUG nova.openstack.common.service [-] logging_exception_prefix       = %(asctime)s.%(msecs)03d %(process)d TRACE %(name)s %(instance)s log_opt_values /usr/lib/python2.7/dist-packages/oslo/config/cfg.py:1941
2014-04-03 15:07:12.518 16099 DEBUG nova.openstack.common.service [-] max_age                        = 0 log_opt_values /usr/lib/python2.7/dist-packages/oslo/config/cfg.py:1941
2014-04-03 15:07:12.525 16099 DEBUG nova.openstack.common.service [-] max_local_block_devices        = 3 log_opt_values /usr/lib/python2.7/dist-packages/oslo/config/cfg.py:1941
2014-04-03 15:07:12.530 16099 DEBUG nova.openstack.common.service [-] maximum_instance_delete_attempts = 5 log_opt_values /usr/lib/python2.7/dist-packages/oslo/config/cfg.py:1941
2014-04-03 15:07:12.541 16099 DEBUG nova.openstack.common.service [-] memcached_servers              = None log_opt_values /usr/lib/python2.7/dist-packages/oslo/config/cfg.py:1941
2014-04-03 15:07:12.544 16099 DEBUG nova.openstack.common.service [-] metadata_host                  = 10.233.52.67 log_opt_values /usr/lib/python2.7/dist-packages/oslo/config/cfg.py:1941
2014-04-03 15:07:12.550 16099 DEBUG nova.openstack.common.service [-] metadata_listen                = 0.0.0.0 log_opt_values /usr/lib/python2.7/dist-packages/oslo/config/cfg.py:1941
2014-04-03 15:07:12.552 16099 DEBUG nova.openstack.common.service [-] metadata_listen_port           = 8775 log_opt_values /usr/lib/python2.7/dist-packages/oslo/config/cfg.py:1941
2014-04-03 15:07:12.558 16099 DEBUG nova.openstack.common.service [-] metadata_manager               = nova.api.manager.MetadataManager log_opt_values /usr/lib/python2.7/dist-packages/oslo/config/cfg.py:1941
2014-04-03 15:07:12.562 16099 DEBUG nova.openstack.common.service [-] metadata_port                  = 8775 log_opt_values /usr/lib/python2.7/dist-packages/oslo/config/cfg.py:1941
2014-04-03 15:07:12.563 16099 DEBUG nova.openstack.common.service [-] metadata_workers               = None log_opt_values /usr/lib/python2.7/dist-packages/oslo/config/cfg.py:1941
2014-04-03 15:07:12.570 16099 DEBUG nova.openstack.common.service [-] migrate_max_retries            = -1 log_opt_values /usr/lib/python2.7/dist-packages/oslo/config/cfg.py:1941
2014-04-03 15:07:12.570 16099 DEBUG nova.openstack.common.service [-] mkisofs_cmd                    = genisoimage log_opt_values /usr/lib/python2.7/dist-packages/oslo/config/cfg.py:1941
2014-04-03 15:07:12.573 16099 DEBUG nova.openstack.common.service [-] monkey_patch                   = False log_opt_values /usr/lib/python2.7/dist-packages/oslo/config/cfg.py:1941
2014-04-03 15:07:12.577 16099 DEBUG nova.openstack.common.service [-] monkey_patch_modules           = ['nova.api.ec2.cloud:nova.notifications.notify_decorator', 'nova.compute.api:nova.notifications.notify_decorator'] log_opt_values /usr/lib/python2.7/dist-packages/oslo/config/cfg.py:1941
2014-04-03 15:07:12.589 16099 DEBUG nova.openstack.common.service [-] multi_host                     = False log_opt_values /usr/lib/python2.7/dist-packages/oslo/config/cfg.py:1941
2014-04-03 15:07:12.592 16099 DEBUG nova.openstack.common.service [-] multi_instance_display_name_template = %(name)s-%(uuid)s log_opt_values /usr/lib/python2.7/dist-packages/oslo/config/cfg.py:1941
2014-04-03 15:07:12.596 16099 DEBUG nova.openstack.common.service [-] my_ip                          = 10.233.52.67 log_opt_values /usr/lib/python2.7/dist-packages/oslo/config/cfg.py:1941
2014-04-03 15:07:12.597 16099 DEBUG nova.openstack.common.service [-] network_allocate_retries       = 0 log_opt_values /usr/lib/python2.7/dist-packages/oslo/config/cfg.py:1941
2014-04-03 15:07:12.603 16099 DEBUG nova.openstack.common.service [-] network_api_class              = nova.network.neutronv2.api.API log_opt_values /usr/lib/python2.7/dist-packages/oslo/config/cfg.py:1941
2014-04-03 15:07:12.612 16099 DEBUG nova.openstack.common.service [-] network_device_mtu             = None log_opt_values /usr/lib/python2.7/dist-packages/oslo/config/cfg.py:1941
2014-04-03 15:07:12.614 16099 DEBUG nova.openstack.common.service [-] network_driver                 = nova.network.linux_net log_opt_values /usr/lib/python2.7/dist-packages/oslo/config/cfg.py:1941
2014-04-03 15:07:12.616 16099 DEBUG nova.openstack.common.service [-] network_manager                = nova.network.manager.VlanManager log_opt_values /usr/lib/python2.7/dist-packages/oslo/config/cfg.py:1941
2014-04-03 15:07:12.620 16099 DEBUG nova.openstack.common.service [-] network_size                   = 256 log_opt_values /usr/lib/python2.7/dist-packages/oslo/config/cfg.py:1941
2014-04-03 15:07:12.622 16099 DEBUG nova.openstack.common.service [-] network_topic                  = network log_opt_values /usr/lib/python2.7/dist-packages/oslo/config/cfg.py:1941
2014-04-03 15:07:12.624 16099 DEBUG nova.openstack.common.service [-] networks_path                  = /var/lib/nova/networks log_opt_values /usr/lib/python2.7/dist-packages/oslo/config/cfg.py:1941
2014-04-03 15:07:12.633 16099 DEBUG nova.openstack.common.service [-] non_inheritable_image_properties = ['cache_in_nova', 'bittorrent'] log_opt_values /usr/lib/python2.7/dist-packages/oslo/config/cfg.py:1941
2014-04-03 15:07:12.636 16099 DEBUG nova.openstack.common.service [-] notification_driver            = [] log_opt_values /usr/lib/python2.7/dist-packages/oslo/config/cfg.py:1941
2014-04-03 15:07:12.638 16099 DEBUG nova.openstack.common.service [-] notify_api_faults              = False log_opt_values /usr/lib/python2.7/dist-packages/oslo/config/cfg.py:1941
2014-04-03 15:07:12.644 16099 DEBUG nova.openstack.common.service [-] notify_on_state_change         = None log_opt_values /usr/lib/python2.7/dist-packages/oslo/config/cfg.py:1941
2014-04-03 15:07:12.649 16099 DEBUG nova.openstack.common.service [-] novncproxy_base_url            = http://127.0.0.1:6080/vnc_auto.html log_opt_values /usr/lib/python2.7/dist-packages/oslo/config/cfg.py:1941
2014-04-03 15:07:12.651 16099 DEBUG nova.openstack.common.service [-] null_kernel                    = nokernel log_opt_values /usr/lib/python2.7/dist-packages/oslo/config/cfg.py:1941
2014-04-03 15:07:12.658 16099 DEBUG nova.openstack.common.service [-] num_networks                   = 1 log_opt_values /usr/lib/python2.7/dist-packages/oslo/config/cfg.py:1941
2014-04-03 15:07:12.661 16099 DEBUG nova.openstack.common.service [-] osapi_compute_ext_list         = [] log_opt_values /usr/lib/python2.7/dist-packages/oslo/config/cfg.py:1941
2014-04-03 15:07:12.662 16099 DEBUG nova.openstack.common.service [-] osapi_compute_extension        = ['nova.api.openstack.compute.contrib.standard_extensions'] log_opt_values /usr/lib/python2.7/dist-packages/oslo/config/cfg.py:1941
2014-04-03 15:07:12.666 16099 DEBUG nova.openstack.common.service [-] osapi_compute_link_prefix      = None log_opt_values /usr/lib/python2.7/dist-packages/oslo/config/cfg.py:1941
2014-04-03 15:07:12.673 16099 DEBUG nova.openstack.common.service [-] osapi_compute_listen           = 0.0.0.0 log_opt_values /usr/lib/python2.7/dist-packages/oslo/config/cfg.py:1941
2014-04-03 15:07:12.677 16099 DEBUG nova.openstack.common.service [-] osapi_compute_listen_port      = 8774 log_opt_values /usr/lib/python2.7/dist-packages/oslo/config/cfg.py:1941
2014-04-03 15:07:12.680 16099 DEBUG nova.openstack.common.service [-] osapi_compute_workers          = None log_opt_values /usr/lib/python2.7/dist-packages/oslo/config/cfg.py:1941
2014-04-03 15:07:12.689 16099 DEBUG nova.openstack.common.service [-] osapi_glance_link_prefix       = None log_opt_values /usr/lib/python2.7/dist-packages/oslo/config/cfg.py:1941
2014-04-03 15:07:12.690 16099 DEBUG nova.openstack.common.service [-] osapi_max_limit                = 1000 log_opt_values /usr/lib/python2.7/dist-packages/oslo/config/cfg.py:1941
2014-04-03 15:07:12.693 16099 DEBUG nova.openstack.common.service [-] password_length                = 12 log_opt_values /usr/lib/python2.7/dist-packages/oslo/config/cfg.py:1941
2014-04-03 15:07:12.696 16099 DEBUG nova.openstack.common.service [-] pci_alias                      = [] log_opt_values /usr/lib/python2.7/dist-packages/oslo/config/cfg.py:1941
2014-04-03 15:07:12.699 16099 DEBUG nova.openstack.common.service [-] pci_passthrough_whitelist      = [] log_opt_values /usr/lib/python2.7/dist-packages/oslo/config/cfg.py:1941
2014-04-03 15:07:12.701 16099 DEBUG nova.openstack.common.service [-] periodic_enable                = True log_opt_values /usr/lib/python2.7/dist-packages/oslo/config/cfg.py:1941
2014-04-03 15:07:12.705 16099 DEBUG nova.openstack.common.service [-] periodic_fuzzy_delay           = 60 log_opt_values /usr/lib/python2.7/dist-packages/oslo/config/cfg.py:1941
2014-04-03 15:07:12.706 16099 DEBUG nova.openstack.common.service [-] policy_default_rule            = default log_opt_values /usr/lib/python2.7/dist-packages/oslo/config/cfg.py:1941
2014-04-03 15:07:12.717 16099 DEBUG nova.openstack.common.service [-] policy_file                    = policy.json log_opt_values /usr/lib/python2.7/dist-packages/oslo/config/cfg.py:1941
2014-04-03 15:07:12.727 16099 DEBUG nova.openstack.common.service [-] preallocate_images             = none log_opt_values /usr/lib/python2.7/dist-packages/oslo/config/cfg.py:1941
2014-04-03 15:07:12.729 16099 DEBUG nova.openstack.common.service [-] project_cert_subject           = /C=US/ST=California/O=OpenStack/OU=NovaDev/CN=project-ca-%.16s-%s log_opt_values /usr/lib/python2.7/dist-packages/oslo/config/cfg.py:1941
2014-04-03 15:07:12.731 16099 DEBUG nova.openstack.common.service [-] public_interface               = eth0 log_opt_values /usr/lib/python2.7/dist-packages/oslo/config/cfg.py:1941
2014-04-03 15:07:12.732 16099 DEBUG nova.openstack.common.service [-] publish_errors                 = False log_opt_values /usr/lib/python2.7/dist-packages/oslo/config/cfg.py:1941
2014-04-03 15:07:12.737 16099 DEBUG nova.openstack.common.service [-] pybasedir                      = /usr/lib/python2.7/dist-packages log_opt_values /usr/lib/python2.7/dist-packages/oslo/config/cfg.py:1941
2014-04-03 15:07:12.740 16099 DEBUG nova.openstack.common.service [-] quota_cores                    = 20 log_opt_values /usr/lib/python2.7/dist-packages/oslo/config/cfg.py:1941
2014-04-03 15:07:12.743 16099 DEBUG nova.openstack.common.service [-] quota_driver                   = nova.quota.DbQuotaDriver log_opt_values /usr/lib/python2.7/dist-packages/oslo/config/cfg.py:1941
2014-04-03 15:07:12.749 16099 DEBUG nova.openstack.common.service [-] quota_fixed_ips                = -1 log_opt_values /usr/lib/python2.7/dist-packages/oslo/config/cfg.py:1941
2014-04-03 15:07:12.751 16099 DEBUG nova.openstack.common.service [-] quota_floating_ips             = 10 log_opt_values /usr/lib/python2.7/dist-packages/oslo/config/cfg.py:1941
2014-04-03 15:07:12.756 16099 DEBUG nova.openstack.common.service [-] quota_injected_file_content_bytes = 10240 log_opt_values /usr/lib/python2.7/dist-packages/oslo/config/cfg.py:1941
2014-04-03 15:07:12.760 16099 DEBUG nova.openstack.common.service [-] quota_injected_file_path_bytes = 255 log_opt_values /usr/lib/python2.7/dist-packages/oslo/config/cfg.py:1941
2014-04-03 15:07:12.762 16099 DEBUG nova.openstack.common.service [-] quota_injected_files           = 5 log_opt_values /usr/lib/python2.7/dist-packages/oslo/config/cfg.py:1941
2014-04-03 15:07:12.769 16099 DEBUG nova.openstack.common.service [-] quota_instances                = 10 log_opt_values /usr/lib/python2.7/dist-packages/oslo/config/cfg.py:1941
2014-04-03 15:07:12.771 16099 DEBUG nova.openstack.common.service [-] quota_key_pairs                = 100 log_opt_values /usr/lib/python2.7/dist-packages/oslo/config/cfg.py:1941
2014-04-03 15:07:12.773 16099 DEBUG nova.openstack.common.service [-] quota_metadata_items           = 128 log_opt_values /usr/lib/python2.7/dist-packages/oslo/config/cfg.py:1941
2014-04-03 15:07:12.774 16099 DEBUG nova.openstack.common.service [-] quota_ram                      = 51200 log_opt_values /usr/lib/python2.7/dist-packages/oslo/config/cfg.py:1941
2014-04-03 15:07:12.778 16099 DEBUG nova.openstack.common.service [-] quota_security_group_rules     = 20 log_opt_values /usr/lib/python2.7/dist-packages/oslo/config/cfg.py:1941
2014-04-03 15:07:12.794 16099 DEBUG nova.openstack.common.service [-] quota_security_groups          = 10 log_opt_values /usr/lib/python2.7/dist-packages/oslo/config/cfg.py:1941
2014-04-03 15:07:12.801 16099 DEBUG nova.openstack.common.service [-] reboot_timeout                 = 0 log_opt_values /usr/lib/python2.7/dist-packages/oslo/config/cfg.py:1941
2014-04-03 15:07:12.805 16099 DEBUG nova.openstack.common.service [-] reclaim_instance_interval      = 0 log_opt_values /usr/lib/python2.7/dist-packages/oslo/config/cfg.py:1941
2014-04-03 15:07:12.807 16099 DEBUG nova.openstack.common.service [-] remove_unused_base_images      = True log_opt_values /usr/lib/python2.7/dist-packages/oslo/config/cfg.py:1941
2014-04-03 15:07:12.811 16099 DEBUG nova.openstack.common.service [-] remove_unused_kernels          = False log_opt_values /usr/lib/python2.7/dist-packages/oslo/config/cfg.py:1941
2014-04-03 15:07:12.813 16099 DEBUG nova.openstack.common.service [-] remove_unused_original_minimum_age_seconds = 86400 log_opt_values /usr/lib/python2.7/dist-packages/oslo/config/cfg.py:1941
2014-04-03 15:07:12.817 16099 DEBUG nova.openstack.common.service [-] remove_unused_resized_minimum_age_seconds = 3600 log_opt_values /usr/lib/python2.7/dist-packages/oslo/config/cfg.py:1941
2014-04-03 15:07:12.818 16099 DEBUG nova.openstack.common.service [-] report_interval                = 10 log_opt_values /usr/lib/python2.7/dist-packages/oslo/config/cfg.py:1941
2014-04-03 15:07:12.825 16099 DEBUG nova.openstack.common.service [-] rescue_image_id                = None log_opt_values /usr/lib/python2.7/dist-packages/oslo/config/cfg.py:1941
2014-04-03 15:07:12.828 16099 DEBUG nova.openstack.common.service [-] rescue_kernel_id               = None log_opt_values /usr/lib/python2.7/dist-packages/oslo/config/cfg.py:1941
2014-04-03 15:07:12.831 16099 DEBUG nova.openstack.common.service [-] rescue_ramdisk_id              = None log_opt_values /usr/lib/python2.7/dist-packages/oslo/config/cfg.py:1941
2014-04-03 15:07:12.842 16099 DEBUG nova.openstack.common.service [-] rescue_timeout                 = 0 log_opt_values /usr/lib/python2.7/dist-packages/oslo/config/cfg.py:1941
2014-04-03 15:07:12.845 16099 DEBUG nova.openstack.common.service [-] reservation_expire             = 86400 log_opt_values /usr/lib/python2.7/dist-packages/oslo/config/cfg.py:1941
2014-04-03 15:07:12.852 16099 DEBUG nova.openstack.common.service [-] reserved_host_disk_mb          = 0 log_opt_values /usr/lib/python2.7/dist-packages/oslo/config/cfg.py:1941
2014-04-03 15:07:12.854 16099 DEBUG nova.openstack.common.service [-] reserved_host_memory_mb        = 512 log_opt_values /usr/lib/python2.7/dist-packages/oslo/config/cfg.py:1941
2014-04-03 15:07:12.856 16099 DEBUG nova.openstack.common.service [-] resize_confirm_window          = 0 log_opt_values /usr/lib/python2.7/dist-packages/oslo/config/cfg.py:1941
2014-04-03 15:07:12.859 16099 DEBUG nova.openstack.common.service [-] resize_fs_using_block_device   = False log_opt_values /usr/lib/python2.7/dist-packages/oslo/config/cfg.py:1941
2014-04-03 15:07:12.860 16099 DEBUG nova.openstack.common.service [-] resume_guests_state_on_host_boot = False log_opt_values /usr/lib/python2.7/dist-packages/oslo/config/cfg.py:1941
2014-04-03 15:07:12.863 16099 DEBUG nova.openstack.common.service [-] rootwrap_config                = /etc/nova/rootwrap.conf log_opt_values /usr/lib/python2.7/dist-packages/oslo/config/cfg.py:1941
2014-04-03 15:07:12.865 16099 DEBUG nova.openstack.common.service [-] routing_source_ip              = 10.233.52.67 log_opt_values /usr/lib/python2.7/dist-packages/oslo/config/cfg.py:1941
2014-04-03 15:07:12.867 16099 DEBUG nova.openstack.common.service [-] rpc_backend                    = nova.rpc.impl_kombu log_opt_values /usr/lib/python2.7/dist-packages/oslo/config/cfg.py:1941
2014-04-03 15:07:12.873 16099 DEBUG nova.openstack.common.service [-] rpc_cast_timeout               = 30 log_opt_values /usr/lib/python2.7/dist-packages/oslo/config/cfg.py:1941
2014-04-03 15:07:12.882 16099 DEBUG nova.openstack.common.service [-] rpc_conn_pool_size             = 30 log_opt_values /usr/lib/python2.7/dist-packages/oslo/config/cfg.py:1941
2014-04-03 15:07:12.892 16099 DEBUG nova.openstack.common.service [-] rpc_response_timeout           = 60 log_opt_values /usr/lib/python2.7/dist-packages/oslo/config/cfg.py:1941
2014-04-03 15:07:12.896 16099 DEBUG nova.openstack.common.service [-] rpc_thread_pool_size           = 64 log_opt_values /usr/lib/python2.7/dist-packages/oslo/config/cfg.py:1941
2014-04-03 15:07:12.898 16099 DEBUG nova.openstack.common.service [-] run_external_periodic_tasks    = True log_opt_values /usr/lib/python2.7/dist-packages/oslo/config/cfg.py:1941
2014-04-03 15:07:12.900 16099 DEBUG nova.openstack.common.service [-] running_deleted_instance_action = log log_opt_values /usr/lib/python2.7/dist-packages/oslo/config/cfg.py:1941
2014-04-03 15:07:12.902 16099 DEBUG nova.openstack.common.service [-] running_deleted_instance_poll_interval = 1800 log_opt_values /usr/lib/python2.7/dist-packages/oslo/config/cfg.py:1941
2014-04-03 15:07:12.905 16099 DEBUG nova.openstack.common.service [-] running_deleted_instance_timeout = 0 log_opt_values /usr/lib/python2.7/dist-packages/oslo/config/cfg.py:1941
2014-04-03 15:07:12.907 16099 DEBUG nova.openstack.common.service [-] scheduler_manager              = nova.scheduler.manager.SchedulerManager log_opt_values /usr/lib/python2.7/dist-packages/oslo/config/cfg.py:1941
2014-04-03 15:07:12.909 16099 DEBUG nova.openstack.common.service [-] scheduler_topic                = scheduler log_opt_values /usr/lib/python2.7/dist-packages/oslo/config/cfg.py:1941
2014-04-03 15:07:12.911 16099 DEBUG nova.openstack.common.service [-] security_group_api             = neutron log_opt_values /usr/lib/python2.7/dist-packages/oslo/config/cfg.py:1941
2014-04-03 15:07:12.916 16099 DEBUG nova.openstack.common.service [-] send_arp_for_ha                = False log_opt_values /usr/lib/python2.7/dist-packages/oslo/config/cfg.py:1941
2014-04-03 15:07:12.925 16099 DEBUG nova.openstack.common.service [-] send_arp_for_ha_count          = 3 log_opt_values /usr/lib/python2.7/dist-packages/oslo/config/cfg.py:1941
2014-04-03 15:07:12.929 16099 DEBUG nova.openstack.common.service [-] service_down_time              = 60 log_opt_values /usr/lib/python2.7/dist-packages/oslo/config/cfg.py:1941
2014-04-03 15:07:12.932 16099 DEBUG nova.openstack.common.service [-] servicegroup_driver            = db log_opt_values /usr/lib/python2.7/dist-packages/oslo/config/cfg.py:1941
2014-04-03 15:07:12.941 16099 DEBUG nova.openstack.common.service [-] share_dhcp_address             = False log_opt_values /usr/lib/python2.7/dist-packages/oslo/config/cfg.py:1941
2014-04-03 15:07:12.943 16099 DEBUG nova.openstack.common.service [-] shelved_offload_time           = 0 log_opt_values /usr/lib/python2.7/dist-packages/oslo/config/cfg.py:1941
2014-04-03 15:07:12.950 16099 DEBUG nova.openstack.common.service [-] shelved_poll_interval          = 3600 log_opt_values /usr/lib/python2.7/dist-packages/oslo/config/cfg.py:1941
2014-04-03 15:07:12.955 16099 DEBUG nova.openstack.common.service [-] snapshot_image_format          = None log_opt_values /usr/lib/python2.7/dist-packages/oslo/config/cfg.py:1941
2014-04-03 15:07:12.957 16099 DEBUG nova.openstack.common.service [-] snapshot_name_template         = snapshot-%s log_opt_values /usr/lib/python2.7/dist-packages/oslo/config/cfg.py:1941
2014-04-03 15:07:12.961 16099 DEBUG nova.openstack.common.service [-] sqlite_db                      = nova.sqlite log_opt_values /usr/lib/python2.7/dist-packages/oslo/config/cfg.py:1941
2014-04-03 15:07:12.966 16099 DEBUG nova.openstack.common.service [-] sqlite_synchronous             = True log_opt_values /usr/lib/python2.7/dist-packages/oslo/config/cfg.py:1941
2014-04-03 15:07:12.969 16099 DEBUG nova.openstack.common.service [-] ssl_ca_file                    = None log_opt_values /usr/lib/python2.7/dist-packages/oslo/config/cfg.py:1941
2014-04-03 15:07:12.973 16099 DEBUG nova.openstack.common.service [-] ssl_cert_file                  = None log_opt_values /usr/lib/python2.7/dist-packages/oslo/config/cfg.py:1941
2014-04-03 15:07:12.974 16099 DEBUG nova.openstack.common.service [-] ssl_key_file                   = None log_opt_values /usr/lib/python2.7/dist-packages/oslo/config/cfg.py:1941
2014-04-03 15:07:12.976 16099 DEBUG nova.openstack.common.service [-] state_path                     = /var/lib/nova log_opt_values /usr/lib/python2.7/dist-packages/oslo/config/cfg.py:1941
2014-04-03 15:07:12.978 16099 DEBUG nova.openstack.common.service [-] sync_power_state_interval      = 600 log_opt_values /usr/lib/python2.7/dist-packages/oslo/config/cfg.py:1941
2014-04-03 15:07:12.981 16099 DEBUG nova.openstack.common.service [-] syslog_log_facility            = LOG_USER log_opt_values /usr/lib/python2.7/dist-packages/oslo/config/cfg.py:1941
2014-04-03 15:07:12.987 16099 DEBUG nova.openstack.common.service [-] tcp_keepidle                   = 600 log_opt_values /usr/lib/python2.7/dist-packages/oslo/config/cfg.py:1941
2014-04-03 15:07:12.994 16099 DEBUG nova.openstack.common.service [-] teardown_unused_network_gateway = False log_opt_values /usr/lib/python2.7/dist-packages/oslo/config/cfg.py:1941
2014-04-03 15:07:12.997 16099 DEBUG nova.openstack.common.service [-] tempdir                        = None log_opt_values /usr/lib/python2.7/dist-packages/oslo/config/cfg.py:1941
2014-04-03 15:07:13.000 16099 DEBUG nova.openstack.common.service [-] until_refresh                  = 0 log_opt_values /usr/lib/python2.7/dist-packages/oslo/config/cfg.py:1941
2014-04-03 15:07:13.003 16099 DEBUG nova.openstack.common.service [-] update_dns_entries             = False log_opt_values /usr/lib/python2.7/dist-packages/oslo/config/cfg.py:1941
2014-04-03 15:07:13.012 16099 DEBUG nova.openstack.common.service [-] use_cow_images                 = True log_opt_values /usr/lib/python2.7/dist-packages/oslo/config/cfg.py:1941
2014-04-03 15:07:13.015 16099 DEBUG nova.openstack.common.service [-] use_forwarded_for              = False log_opt_values /usr/lib/python2.7/dist-packages/oslo/config/cfg.py:1941
2014-04-03 15:07:13.023 16099 DEBUG nova.openstack.common.service [-] use_ipv6                       = False log_opt_values /usr/lib/python2.7/dist-packages/oslo/config/cfg.py:1941
2014-04-03 15:07:13.026 16099 DEBUG nova.openstack.common.service [-] use_network_dns_servers        = False log_opt_values /usr/lib/python2.7/dist-packages/oslo/config/cfg.py:1941
2014-04-03 15:07:13.028 16099 DEBUG nova.openstack.common.service [-] use_project_ca                 = False log_opt_values /usr/lib/python2.7/dist-packages/oslo/config/cfg.py:1941
2014-04-03 15:07:13.030 16099 DEBUG nova.openstack.common.service [-] use_single_default_gateway     = False log_opt_values /usr/lib/python2.7/dist-packages/oslo/config/cfg.py:1941
2014-04-03 15:07:13.035 16099 DEBUG nova.openstack.common.service [-] use_stderr                     = True log_opt_values /usr/lib/python2.7/dist-packages/oslo/config/cfg.py:1941
2014-04-03 15:07:13.036 16099 DEBUG nova.openstack.common.service [-] use_syslog                     = False log_opt_values /usr/lib/python2.7/dist-packages/oslo/config/cfg.py:1941
2014-04-03 15:07:13.037 16099 DEBUG nova.openstack.common.service [-] use_usb_tablet                 = True log_opt_values /usr/lib/python2.7/dist-packages/oslo/config/cfg.py:1941
2014-04-03 15:07:13.042 16099 DEBUG nova.openstack.common.service [-] user_cert_subject              = /C=US/ST=California/O=OpenStack/OU=NovaDev/CN=%.16s-%.16s-%s log_opt_values /usr/lib/python2.7/dist-packages/oslo/config/cfg.py:1941
2014-04-03 15:07:13.046 16099 DEBUG nova.openstack.common.service [-] vcpu_pin_set                   = None log_opt_values /usr/lib/python2.7/dist-packages/oslo/config/cfg.py:1941
2014-04-03 15:07:13.052 16099 DEBUG nova.openstack.common.service [-] vendordata_driver              = nova.api.metadata.vendordata_json.JsonFileVendorData log_opt_values /usr/lib/python2.7/dist-packages/oslo/config/cfg.py:1941
2014-04-03 15:07:13.058 16099 DEBUG nova.openstack.common.service [-] verbose                        = True log_opt_values /usr/lib/python2.7/dist-packages/oslo/config/cfg.py:1941
2014-04-03 15:07:13.063 16099 DEBUG nova.openstack.common.service [-] virt_mkfs                      = ['default=mkfs.ext3 -L %(fs_label)s -F %(target)s', 'linux=mkfs.ext3 -L %(fs_label)s -F %(target)s', 'windows=mkfs.ntfs --force --fast --label %(fs_label)s %(target)s'] log_opt_values /usr/lib/python2.7/dist-packages/oslo/config/cfg.py:1941
2014-04-03 15:07:13.067 16099 DEBUG nova.openstack.common.service [-] vlan_interface                 = None log_opt_values /usr/lib/python2.7/dist-packages/oslo/config/cfg.py:1941
2014-04-03 15:07:13.079 16099 DEBUG nova.openstack.common.service [-] vlan_start                     = 100 log_opt_values /usr/lib/python2.7/dist-packages/oslo/config/cfg.py:1941
2014-04-03 15:07:13.089 16099 DEBUG nova.openstack.common.service [-] vnc_enabled                    = True log_opt_values /usr/lib/python2.7/dist-packages/oslo/config/cfg.py:1941
2014-04-03 15:07:13.093 16099 DEBUG nova.openstack.common.service [-] vnc_keymap                     = en-us log_opt_values /usr/lib/python2.7/dist-packages/oslo/config/cfg.py:1941
2014-04-03 15:07:13.094 16099 DEBUG nova.openstack.common.service [-] vncserver_listen               = 10.233.52.67 log_opt_values /usr/lib/python2.7/dist-packages/oslo/config/cfg.py:1941
2014-04-03 15:07:13.097 16099 DEBUG nova.openstack.common.service [-] vncserver_proxyclient_address  = 10.233.52.67 log_opt_values /usr/lib/python2.7/dist-packages/oslo/config/cfg.py:1941
2014-04-03 15:07:13.099 16099 DEBUG nova.openstack.common.service [-] volume_api_class               = nova.volume.cinder.API log_opt_values /usr/lib/python2.7/dist-packages/oslo/config/cfg.py:1941
2014-04-03 15:07:13.101 16099 DEBUG nova.openstack.common.service [-] volume_usage_poll_interval     = 0 log_opt_values /usr/lib/python2.7/dist-packages/oslo/config/cfg.py:1941
2014-04-03 15:07:13.105 16099 DEBUG nova.openstack.common.service [-] vpn_flavor                     = m1.tiny log_opt_values /usr/lib/python2.7/dist-packages/oslo/config/cfg.py:1941
2014-04-03 15:07:13.106 16099 DEBUG nova.openstack.common.service [-] vpn_image_id                   = 0 log_opt_values /usr/lib/python2.7/dist-packages/oslo/config/cfg.py:1941
2014-04-03 15:07:13.117 16099 DEBUG nova.openstack.common.service [-] vpn_ip                         = 10.233.52.67 log_opt_values /usr/lib/python2.7/dist-packages/oslo/config/cfg.py:1941
2014-04-03 15:07:13.119 16099 DEBUG nova.openstack.common.service [-] vpn_key_suffix                 = -vpn log_opt_values /usr/lib/python2.7/dist-packages/oslo/config/cfg.py:1941
2014-04-03 15:07:13.129 16099 DEBUG nova.openstack.common.service [-] vpn_start                      = 1000 log_opt_values /usr/lib/python2.7/dist-packages/oslo/config/cfg.py:1941
2014-04-03 15:07:13.130 16099 DEBUG nova.openstack.common.service [-] wsgi_log_format                = %(client_ip)s "%(request_line)s" status: %(status_code)s len: %(body_length)s time: %(wall_seconds).7f log_opt_values /usr/lib/python2.7/dist-packages/oslo/config/cfg.py:1941
2014-04-03 15:07:13.132 16099 DEBUG nova.openstack.common.service [-] xen_hvmloader_path             = /usr/lib/xen/boot/hvmloader log_opt_values /usr/lib/python2.7/dist-packages/oslo/config/cfg.py:1941
2014-04-03 15:07:13.139 16099 DEBUG nova.openstack.common.service [-] xvpvncproxy_base_url           = http://127.0.0.1:6081/console log_opt_values /usr/lib/python2.7/dist-packages/oslo/config/cfg.py:1941
2014-04-03 15:07:13.142 16099 DEBUG nova.openstack.common.service [-] osapi_v3.enabled               = False log_opt_values /usr/lib/python2.7/dist-packages/oslo/config/cfg.py:1949
2014-04-03 15:07:13.144 16099 DEBUG nova.openstack.common.service [-] osapi_v3.extensions_blacklist  = [] log_opt_values /usr/lib/python2.7/dist-packages/oslo/config/cfg.py:1949
2014-04-03 15:07:13.148 16099 DEBUG nova.openstack.common.service [-] osapi_v3.extensions_whitelist  = [] log_opt_values /usr/lib/python2.7/dist-packages/oslo/config/cfg.py:1949
2014-04-03 15:07:13.153 16099 DEBUG nova.openstack.common.service [-] conductor.manager              = nova.conductor.manager.ConductorManager log_opt_values /usr/lib/python2.7/dist-packages/oslo/config/cfg.py:1949
2014-04-03 15:07:13.155 16099 DEBUG nova.openstack.common.service [-] conductor.topic                = conductor log_opt_values /usr/lib/python2.7/dist-packages/oslo/config/cfg.py:1949
2014-04-03 15:07:13.161 16099 DEBUG nova.openstack.common.service [-] conductor.use_local            = False log_opt_values /usr/lib/python2.7/dist-packages/oslo/config/cfg.py:1949
2014-04-03 15:07:13.165 16099 DEBUG nova.openstack.common.service [-] conductor.workers              = None log_opt_values /usr/lib/python2.7/dist-packages/oslo/config/cfg.py:1949
2014-04-03 15:07:13.170 16099 DEBUG nova.openstack.common.service [-] keymgr.api_class               = nova.keymgr.conf_key_mgr.ConfKeyManager log_opt_values /usr/lib/python2.7/dist-packages/oslo/config/cfg.py:1949
2014-04-03 15:07:13.172 16099 DEBUG nova.openstack.common.service [-] cells.bandwidth_update_interval = 600 log_opt_values /usr/lib/python2.7/dist-packages/oslo/config/cfg.py:1949
2014-04-03 15:07:13.173 16099 DEBUG nova.openstack.common.service [-] cells.call_timeout             = 60 log_opt_values /usr/lib/python2.7/dist-packages/oslo/config/cfg.py:1949
2014-04-03 15:07:13.177 16099 DEBUG nova.openstack.common.service [-] cells.capabilities             = ['hypervisor=xenserver;kvm', 'os=linux;windows'] log_opt_values /usr/lib/python2.7/dist-packages/oslo/config/cfg.py:1949
2014-04-03 15:07:13.181 16099 DEBUG nova.openstack.common.service [-] cells.cell_type                = None log_opt_values /usr/lib/python2.7/dist-packages/oslo/config/cfg.py:1949
2014-04-03 15:07:13.184 16099 DEBUG nova.openstack.common.service [-] cells.enable                   = False log_opt_values /usr/lib/python2.7/dist-packages/oslo/config/cfg.py:1949
2014-04-03 15:07:13.192 16099 DEBUG nova.openstack.common.service [-] cells.manager                  = nova.cells.manager.CellsManager log_opt_values /usr/lib/python2.7/dist-packages/oslo/config/cfg.py:1949
2014-04-03 15:07:13.199 16099 DEBUG nova.openstack.common.service [-] cells.mute_child_interval      = 300 log_opt_values /usr/lib/python2.7/dist-packages/oslo/config/cfg.py:1949
2014-04-03 15:07:13.203 16099 DEBUG nova.openstack.common.service [-] cells.name                     = nova log_opt_values /usr/lib/python2.7/dist-packages/oslo/config/cfg.py:1949
2014-04-03 15:07:13.209 16099 DEBUG nova.openstack.common.service [-] cells.reserve_percent          = 10.0 log_opt_values /usr/lib/python2.7/dist-packages/oslo/config/cfg.py:1949
2014-04-03 15:07:13.214 16099 DEBUG nova.openstack.common.service [-] cells.topic                    = cells log_opt_values /usr/lib/python2.7/dist-packages/oslo/config/cfg.py:1949
2014-04-03 15:07:13.217 16099 DEBUG nova.openstack.common.service [-] database.backend               = sqlalchemy log_opt_values /usr/lib/python2.7/dist-packages/oslo/config/cfg.py:1949
2014-04-03 15:07:13.225 16099 DEBUG nova.openstack.common.service [-] database.connection            = *********************************** log_opt_values /usr/lib/python2.7/dist-packages/oslo/config/cfg.py:1949
2014-04-03 15:07:13.228 16099 DEBUG nova.openstack.common.service [-] database.connection_debug      = 0 log_opt_values /usr/lib/python2.7/dist-packages/oslo/config/cfg.py:1949
2014-04-03 15:07:13.229 16099 DEBUG nova.openstack.common.service [-] database.connection_trace      = False log_opt_values /usr/lib/python2.7/dist-packages/oslo/config/cfg.py:1949
2014-04-03 15:07:13.231 16099 DEBUG nova.openstack.common.service [-] database.idle_timeout          = 3600 log_opt_values /usr/lib/python2.7/dist-packages/oslo/config/cfg.py:1949
2014-04-03 15:07:13.232 16099 DEBUG nova.openstack.common.service [-] database.max_overflow          = None log_opt_values /usr/lib/python2.7/dist-packages/oslo/config/cfg.py:1949
2014-04-03 15:07:13.242 16099 DEBUG nova.openstack.common.service [-] database.max_pool_size         = None log_opt_values /usr/lib/python2.7/dist-packages/oslo/config/cfg.py:1949
2014-04-03 15:07:13.249 16099 DEBUG nova.openstack.common.service [-] database.max_retries           = 10 log_opt_values /usr/lib/python2.7/dist-packages/oslo/config/cfg.py:1949
2014-04-03 15:07:13.252 16099 DEBUG nova.openstack.common.service [-] database.min_pool_size         = 1 log_opt_values /usr/lib/python2.7/dist-packages/oslo/config/cfg.py:1949
2014-04-03 15:07:13.254 16099 DEBUG nova.openstack.common.service [-] database.pool_timeout          = None log_opt_values /usr/lib/python2.7/dist-packages/oslo/config/cfg.py:1949
2014-04-03 15:07:13.258 16099 DEBUG nova.openstack.common.service [-] database.retry_interval        = 10 log_opt_values /usr/lib/python2.7/dist-packages/oslo/config/cfg.py:1949
2014-04-03 15:07:13.262 16099 DEBUG nova.openstack.common.service [-] database.slave_connection      =  log_opt_values /usr/lib/python2.7/dist-packages/oslo/config/cfg.py:1949
2014-04-03 15:07:13.265 16099 DEBUG nova.openstack.common.service [-] database.use_tpool             = False log_opt_values /usr/lib/python2.7/dist-packages/oslo/config/cfg.py:1949
2014-04-03 15:07:13.268 16099 DEBUG nova.openstack.common.service [-] image_file_url.filesystems     = [] log_opt_values /usr/lib/python2.7/dist-packages/oslo/config/cfg.py:1949
2014-04-03 15:07:13.273 16099 DEBUG nova.openstack.common.service [-] upgrade_levels.baseapi         = None log_opt_values /usr/lib/python2.7/dist-packages/oslo/config/cfg.py:1949
2014-04-03 15:07:13.278 16099 DEBUG nova.openstack.common.service [-] upgrade_levels.cells           = None log_opt_values /usr/lib/python2.7/dist-packages/oslo/config/cfg.py:1949
2014-04-03 15:07:13.285 16099 DEBUG nova.openstack.common.service [-] upgrade_levels.cert            = None log_opt_values /usr/lib/python2.7/dist-packages/oslo/config/cfg.py:1949
2014-04-03 15:07:13.287 16099 DEBUG nova.openstack.common.service [-] upgrade_levels.compute         = None log_opt_values /usr/lib/python2.7/dist-packages/oslo/config/cfg.py:1949
2014-04-03 15:07:13.295 16099 DEBUG nova.openstack.common.service [-] upgrade_levels.conductor       = None log_opt_values /usr/lib/python2.7/dist-packages/oslo/config/cfg.py:1949
2014-04-03 15:07:13.297 16099 DEBUG nova.openstack.common.service [-] upgrade_levels.console         = None log_opt_values /usr/lib/python2.7/dist-packages/oslo/config/cfg.py:1949
2014-04-03 15:07:13.302 16099 DEBUG nova.openstack.common.service [-] upgrade_levels.consoleauth     = None log_opt_values /usr/lib/python2.7/dist-packages/oslo/config/cfg.py:1949
2014-04-03 15:07:13.304 16099 DEBUG nova.openstack.common.service [-] upgrade_levels.network         = None log_opt_values /usr/lib/python2.7/dist-packages/oslo/config/cfg.py:1949
2014-04-03 15:07:13.310 16099 DEBUG nova.openstack.common.service [-] upgrade_levels.scheduler       = None log_opt_values /usr/lib/python2.7/dist-packages/oslo/config/cfg.py:1949
2014-04-03 15:07:13.312 16099 DEBUG nova.openstack.common.service [-] spice.agent_enabled            = True log_opt_values /usr/lib/python2.7/dist-packages/oslo/config/cfg.py:1949
2014-04-03 15:07:13.319 16099 DEBUG nova.openstack.common.service [-] spice.enabled                  = False log_opt_values /usr/lib/python2.7/dist-packages/oslo/config/cfg.py:1949
2014-04-03 15:07:13.321 16099 DEBUG nova.openstack.common.service [-] spice.html5proxy_base_url      = http://127.0.0.1:6082/spice_auto.html log_opt_values /usr/lib/python2.7/dist-packages/oslo/config/cfg.py:1949
2014-04-03 15:07:13.327 16099 DEBUG nova.openstack.common.service [-] spice.keymap                   = en-us log_opt_values /usr/lib/python2.7/dist-packages/oslo/config/cfg.py:1949
2014-04-03 15:07:13.330 16099 DEBUG nova.openstack.common.service [-] spice.server_listen            = 127.0.0.1 log_opt_values /usr/lib/python2.7/dist-packages/oslo/config/cfg.py:1949
2014-04-03 15:07:13.333 16099 DEBUG nova.openstack.common.service [-] spice.server_proxyclient_address = 127.0.0.1 log_opt_values /usr/lib/python2.7/dist-packages/oslo/config/cfg.py:1949
2014-04-03 15:07:13.342 16099 DEBUG nova.openstack.common.service [-] ******************************************************************************** log_opt_values /usr/lib/python2.7/dist-packages/oslo/config/cfg.py:1951
2014-04-03 15:07:13.348 16099 AUDIT nova.service [-] Starting cert node (version 2013.2.2)
2014-04-03 15:07:13.355 16099 DEBUG nova.openstack.common.lockutils [req-6e734c56-c613-4b7f-95f9-5045243023da None None] Got semaphore "dbapi_backend" lock /usr/lib/python2.7/dist-packages/nova/openstack/common/lockutils.py:166
2014-04-03 15:07:13.377 16099 DEBUG nova.openstack.common.lockutils [req-6e734c56-c613-4b7f-95f9-5045243023da None None] Got semaphore / lock "__get_backend" inner /usr/lib/python2.7/dist-packages/nova/openstack/common/lockutils.py:245
2014-04-03 15:07:19.793 16099 DEBUG amqp [-] Start from server, version: 0.9, properties: {u'information': u'Licensed under the MPL.  See http://www.rabbitmq.com/', u'product': u'RabbitMQ', u'copyright': u'Copyright (C) 2007-2011 VMware, Inc.', u'capabilities': {u'exchange_exchange_bindings': True, u'consumer_cancel_notify': True, u'publisher_confirms': True, u'basic.nack': True}, u'platform': u'Erlang/OTP', u'version': u'2.7.1'}, mechanisms: [u'PLAIN', u'AMQPLAIN'], locales: [u'en_US'] _start /usr/lib/python2.7/dist-packages/amqp/connection.py:706
2014-04-03 15:07:19.800 16099 DEBUG amqp [-] Open OK! _open_ok /usr/lib/python2.7/dist-packages/amqp/connection.py:592
2014-04-03 15:07:19.802 16099 DEBUG amqp [-] using channel_id: 1 __init__ /usr/lib/python2.7/dist-packages/amqp/channel.py:70
2014-04-03 15:07:19.808 16099 DEBUG amqp [-] Channel open _open_ok /usr/lib/python2.7/dist-packages/amqp/channel.py:420
2014-04-03 15:07:19.809 16099 INFO nova.openstack.common.rpc.common [req-6e734c56-c613-4b7f-95f9-5045243023da None None] Connected to AMQP server on controller:5672
2014-04-03 15:07:19.817 16099 DEBUG nova.service [req-6e734c56-c613-4b7f-95f9-5045243023da None None] Creating Consumer connection for Service cert start /usr/lib/python2.7/dist-packages/nova/service.py:171
2014-04-03 15:07:19.867 16099 DEBUG nova.service [req-6e734c56-c613-4b7f-95f9-5045243023da None None] Join ServiceGroup membership for this service cert start /usr/lib/python2.7/dist-packages/nova/service.py:189
2014-04-03 15:07:19.867 16099 DEBUG nova.servicegroup.api [req-6e734c56-c613-4b7f-95f9-5045243023da None None] Join new ServiceGroup member controller to the cert group, service = <nova.service.Service object at 0x3280650> join /usr/lib/python2.7/dist-packages/nova/servicegroup/api.py:87
2014-04-03 15:07:19.867 16099 DEBUG nova.servicegroup.drivers.db [req-6e734c56-c613-4b7f-95f9-5045243023da None None] DB_Driver: join new ServiceGroup member controller to the cert group, service = <nova.service.Service object at 0x3280650> join /usr/lib/python2.7/dist-packages/nova/servicegroup/drivers/db.py:45
2014-04-03 15:07:46.872 16099 DEBUG nova.openstack.common.loopingcall [-] Dynamic looping call sleeping for 60.00 seconds _inner /usr/lib/python2.7/dist-packages/nova/openstack/common/loopingcall.py:132
2014-04-03 15:08:46.877 16099 DEBUG nova.openstack.common.loopingcall [-] Dynamic looping call sleeping for 60.00 seconds _inner /usr/lib/python2.7/dist-packages/nova/openstack/common/loopingcall.py:132
2014-04-03 15:09:46.885 16099 DEBUG nova.openstack.common.loopingcall [-] Dynamic looping call sleeping for 60.00 seconds _inner /usr/lib/python2.7/dist-packages/nova/openstack/common/loopingcall.py:132
