2014-04-03 15:07:09.567 16144 DEBUG nova.servicegroup.api [-] ServiceGroup driver defined as an instance of db __new__ /usr/lib/python2.7/dist-packages/nova/servicegroup/api.py:62
2014-04-03 15:07:10.949 16144 DEBUG stevedore.extension [-] found extension EntryPoint.parse('file = nova.image.download.file') _load_plugins /usr/lib/python2.7/dist-packages/stevedore/extension.py:84
2014-04-03 15:07:11.583 16144 INFO nova.openstack.common.periodic_task [-] Skipping periodic task _periodic_update_dns because its interval is negative
2014-04-03 15:07:11.696 16144 DEBUG stevedore.extension [-] found extension EntryPoint.parse('file = nova.image.download.file') _load_plugins /usr/lib/python2.7/dist-packages/stevedore/extension.py:84
2014-04-03 15:07:12.129 16144 DEBUG stevedore.extension [-] found extension EntryPoint.parse('file = nova.image.download.file') _load_plugins /usr/lib/python2.7/dist-packages/stevedore/extension.py:84
2014-04-03 15:07:12.140 16144 DEBUG stevedore.extension [-] found extension EntryPoint.parse('file = nova.image.download.file') _load_plugins /usr/lib/python2.7/dist-packages/stevedore/extension.py:84
2014-04-03 15:07:12.156 16144 DEBUG nova.openstack.common.service [-] Full set of CONF: wait /usr/lib/python2.7/dist-packages/nova/openstack/common/service.py:113
2014-04-03 15:07:12.206 16144 DEBUG nova.openstack.common.service [-] ******************************************************************************** log_opt_values /usr/lib/python2.7/dist-packages/oslo/config/cfg.py:1928
2014-04-03 15:07:12.210 16144 DEBUG nova.openstack.common.service [-] Configuration options gathered from: log_opt_values /usr/lib/python2.7/dist-packages/oslo/config/cfg.py:1929
2014-04-03 15:07:12.212 16144 DEBUG nova.openstack.common.service [-] command line args: ['--config-file=/etc/nova/nova.conf'] log_opt_values /usr/lib/python2.7/dist-packages/oslo/config/cfg.py:1930
2014-04-03 15:07:12.217 16144 DEBUG nova.openstack.common.service [-] config files: ['/etc/nova/nova.conf'] log_opt_values /usr/lib/python2.7/dist-packages/oslo/config/cfg.py:1931
2014-04-03 15:07:12.227 16144 DEBUG nova.openstack.common.service [-] ================================================================================ log_opt_values /usr/lib/python2.7/dist-packages/oslo/config/cfg.py:1932
2014-04-03 15:07:12.230 16144 DEBUG nova.openstack.common.service [-] allow_instance_snapshots       = True log_opt_values /usr/lib/python2.7/dist-packages/oslo/config/cfg.py:1941
2014-04-03 15:07:12.231 16144 DEBUG nova.openstack.common.service [-] allow_migrate_to_same_host     = False log_opt_values /usr/lib/python2.7/dist-packages/oslo/config/cfg.py:1941
2014-04-03 15:07:12.237 16144 DEBUG nova.openstack.common.service [-] allow_resize_to_same_host      = False log_opt_values /usr/lib/python2.7/dist-packages/oslo/config/cfg.py:1941
2014-04-03 15:07:12.242 16144 DEBUG nova.openstack.common.service [-] allow_same_net_traffic         = True log_opt_values /usr/lib/python2.7/dist-packages/oslo/config/cfg.py:1941
2014-04-03 15:07:12.244 16144 DEBUG nova.openstack.common.service [-] allowed_direct_url_schemes     = [] log_opt_values /usr/lib/python2.7/dist-packages/oslo/config/cfg.py:1941
2014-04-03 15:07:12.245 16144 DEBUG nova.openstack.common.service [-] allowed_rpc_exception_modules  = ['nova.exception', 'cinder.exception', 'exceptions'] log_opt_values /usr/lib/python2.7/dist-packages/oslo/config/cfg.py:1941
2014-04-03 15:07:12.258 16144 DEBUG nova.openstack.common.service [-] api_paste_config               = /etc/nova/api-paste.ini log_opt_values /usr/lib/python2.7/dist-packages/oslo/config/cfg.py:1941
2014-04-03 15:07:12.260 16144 DEBUG nova.openstack.common.service [-] api_rate_limit                 = False log_opt_values /usr/lib/python2.7/dist-packages/oslo/config/cfg.py:1941
2014-04-03 15:07:12.262 16144 DEBUG nova.openstack.common.service [-] auth_strategy                  = keystone log_opt_values /usr/lib/python2.7/dist-packages/oslo/config/cfg.py:1941
2014-04-03 15:07:12.263 16144 DEBUG nova.openstack.common.service [-] auto_assign_floating_ip        = False log_opt_values /usr/lib/python2.7/dist-packages/oslo/config/cfg.py:1941
2014-04-03 15:07:12.266 16144 DEBUG nova.openstack.common.service [-] backdoor_port                  = None log_opt_values /usr/lib/python2.7/dist-packages/oslo/config/cfg.py:1941
2014-04-03 15:07:12.269 16144 DEBUG nova.openstack.common.service [-] bandwidth_poll_interval        = 600 log_opt_values /usr/lib/python2.7/dist-packages/oslo/config/cfg.py:1941
2014-04-03 15:07:12.273 16144 DEBUG nova.openstack.common.service [-] base_dir_name                  = _base log_opt_values /usr/lib/python2.7/dist-packages/oslo/config/cfg.py:1941
2014-04-03 15:07:12.282 16144 DEBUG nova.openstack.common.service [-] bindir                         = /usr/local/bin log_opt_values /usr/lib/python2.7/dist-packages/oslo/config/cfg.py:1941
2014-04-03 15:07:12.286 16144 DEBUG nova.openstack.common.service [-] block_migration_flag           = VIR_MIGRATE_UNDEFINE_SOURCE, VIR_MIGRATE_PEER2PEER, VIR_MIGRATE_NON_SHARED_INC log_opt_values /usr/lib/python2.7/dist-packages/oslo/config/cfg.py:1941
2014-04-03 15:07:12.290 16144 DEBUG nova.openstack.common.service [-] boot_script_template           = /usr/lib/python2.7/dist-packages/nova/cloudpipe/bootscript.template log_opt_values /usr/lib/python2.7/dist-packages/oslo/config/cfg.py:1941
2014-04-03 15:07:12.294 16144 DEBUG nova.openstack.common.service [-] ca_file                        = cacert.pem log_opt_values /usr/lib/python2.7/dist-packages/oslo/config/cfg.py:1941
2014-04-03 15:07:12.295 16144 DEBUG nova.openstack.common.service [-] ca_path                        = /var/lib/nova/CA log_opt_values /usr/lib/python2.7/dist-packages/oslo/config/cfg.py:1941
2014-04-03 15:07:12.304 16144 DEBUG nova.openstack.common.service [-] cert_manager                   = nova.cert.manager.CertManager log_opt_values /usr/lib/python2.7/dist-packages/oslo/config/cfg.py:1941
2014-04-03 15:07:12.310 16144 DEBUG nova.openstack.common.service [-] checksum_base_images           = False log_opt_values /usr/lib/python2.7/dist-packages/oslo/config/cfg.py:1941
2014-04-03 15:07:12.317 16144 DEBUG nova.openstack.common.service [-] checksum_interval_seconds      = 3600 log_opt_values /usr/lib/python2.7/dist-packages/oslo/config/cfg.py:1941
2014-04-03 15:07:12.321 16144 DEBUG nova.openstack.common.service [-] cnt_vpn_clients                = 0 log_opt_values /usr/lib/python2.7/dist-packages/oslo/config/cfg.py:1941
2014-04-03 15:07:12.325 16144 DEBUG nova.openstack.common.service [-] compute_api_class              = nova.compute.api.API log_opt_values /usr/lib/python2.7/dist-packages/oslo/config/cfg.py:1941
2014-04-03 15:07:12.328 16144 DEBUG nova.openstack.common.service [-] compute_driver                 = None log_opt_values /usr/lib/python2.7/dist-packages/oslo/config/cfg.py:1941
2014-04-03 15:07:12.330 16144 DEBUG nova.openstack.common.service [-] compute_manager                = nova.compute.manager.ComputeManager log_opt_values /usr/lib/python2.7/dist-packages/oslo/config/cfg.py:1941
2014-04-03 15:07:12.331 16144 DEBUG nova.openstack.common.service [-] compute_stats_class            = nova.compute.stats.Stats log_opt_values /usr/lib/python2.7/dist-packages/oslo/config/cfg.py:1941
2014-04-03 15:07:12.333 16144 DEBUG nova.openstack.common.service [-] compute_topic                  = compute log_opt_values /usr/lib/python2.7/dist-packages/oslo/config/cfg.py:1941
2014-04-03 15:07:12.345 16144 DEBUG nova.openstack.common.service [-] config_dir                     = None log_opt_values /usr/lib/python2.7/dist-packages/oslo/config/cfg.py:1941
2014-04-03 15:07:12.347 16144 DEBUG nova.openstack.common.service [-] config_drive_format            = iso9660 log_opt_values /usr/lib/python2.7/dist-packages/oslo/config/cfg.py:1941
2014-04-03 15:07:12.353 16144 DEBUG nova.openstack.common.service [-] config_drive_skip_versions     = 1.0 2007-01-19 2007-03-01 2007-08-29 2007-10-10 2007-12-15 2008-02-01 2008-09-01 log_opt_values /usr/lib/python2.7/dist-packages/oslo/config/cfg.py:1941
2014-04-03 15:07:12.358 16144 DEBUG nova.openstack.common.service [-] config_drive_tempdir           = None log_opt_values /usr/lib/python2.7/dist-packages/oslo/config/cfg.py:1941
2014-04-03 15:07:12.362 16144 DEBUG nova.openstack.common.service [-] config_file                    = ['/etc/nova/nova.conf'] log_opt_values /usr/lib/python2.7/dist-packages/oslo/config/cfg.py:1941
2014-04-03 15:07:12.365 16144 DEBUG nova.openstack.common.service [-] console_host                   = controller log_opt_values /usr/lib/python2.7/dist-packages/oslo/config/cfg.py:1941
2014-04-03 15:07:12.366 16144 DEBUG nova.openstack.common.service [-] console_manager                = nova.console.manager.ConsoleProxyManager log_opt_values /usr/lib/python2.7/dist-packages/oslo/config/cfg.py:1941
2014-04-03 15:07:12.368 16144 DEBUG nova.openstack.common.service [-] console_topic                  = console log_opt_values /usr/lib/python2.7/dist-packages/oslo/config/cfg.py:1941
2014-04-03 15:07:12.377 16144 DEBUG nova.openstack.common.service [-] consoleauth_topic              = consoleauth log_opt_values /usr/lib/python2.7/dist-packages/oslo/config/cfg.py:1941
2014-04-03 15:07:12.381 16144 DEBUG nova.openstack.common.service [-] control_exchange               = nova log_opt_values /usr/lib/python2.7/dist-packages/oslo/config/cfg.py:1941
2014-04-03 15:07:12.386 16144 DEBUG nova.openstack.common.service [-] cpu_allocation_ratio           = 16.0 log_opt_values /usr/lib/python2.7/dist-packages/oslo/config/cfg.py:1941
2014-04-03 15:07:12.393 16144 DEBUG nova.openstack.common.service [-] create_unique_mac_address_attempts = 5 log_opt_values /usr/lib/python2.7/dist-packages/oslo/config/cfg.py:1941
2014-04-03 15:07:12.395 16144 DEBUG nova.openstack.common.service [-] crl_file                       = crl.pem log_opt_values /usr/lib/python2.7/dist-packages/oslo/config/cfg.py:1941
2014-04-03 15:07:12.400 16144 DEBUG nova.openstack.common.service [-] db_driver                      = nova.db log_opt_values /usr/lib/python2.7/dist-packages/oslo/config/cfg.py:1941
2014-04-03 15:07:12.402 16144 DEBUG nova.openstack.common.service [-] debug                          = True log_opt_values /usr/lib/python2.7/dist-packages/oslo/config/cfg.py:1941
2014-04-03 15:07:12.404 16144 DEBUG nova.openstack.common.service [-] default_access_ip_network_name = None log_opt_values /usr/lib/python2.7/dist-packages/oslo/config/cfg.py:1941
2014-04-03 15:07:12.410 16144 DEBUG nova.openstack.common.service [-] default_availability_zone      = nova log_opt_values /usr/lib/python2.7/dist-packages/oslo/config/cfg.py:1941
2014-04-03 15:07:12.421 16144 DEBUG nova.openstack.common.service [-] default_ephemeral_format       = None log_opt_values /usr/lib/python2.7/dist-packages/oslo/config/cfg.py:1941
2014-04-03 15:07:12.423 16144 DEBUG nova.openstack.common.service [-] default_flavor                 = m1.small log_opt_values /usr/lib/python2.7/dist-packages/oslo/config/cfg.py:1941
2014-04-03 15:07:12.424 16144 DEBUG nova.openstack.common.service [-] default_floating_pool          = nova log_opt_values /usr/lib/python2.7/dist-packages/oslo/config/cfg.py:1941
2014-04-03 15:07:12.428 16144 DEBUG nova.openstack.common.service [-] default_log_levels             = ['amqplib=WARN', 'sqlalchemy=WARN', 'boto=WARN', 'suds=INFO', 'keystone=INFO', 'eventlet.wsgi.server=WARN'] log_opt_values /usr/lib/python2.7/dist-packages/oslo/config/cfg.py:1941
2014-04-03 15:07:12.436 16144 DEBUG nova.openstack.common.service [-] default_notification_level     = INFO log_opt_values /usr/lib/python2.7/dist-packages/oslo/config/cfg.py:1941
2014-04-03 15:07:12.442 16144 DEBUG nova.openstack.common.service [-] default_publisher_id           = None log_opt_values /usr/lib/python2.7/dist-packages/oslo/config/cfg.py:1941
2014-04-03 15:07:12.444 16144 DEBUG nova.openstack.common.service [-] default_schedule_zone          = None log_opt_values /usr/lib/python2.7/dist-packages/oslo/config/cfg.py:1941
2014-04-03 15:07:12.452 16144 DEBUG nova.openstack.common.service [-] defer_iptables_apply           = False log_opt_values /usr/lib/python2.7/dist-packages/oslo/config/cfg.py:1941
2014-04-03 15:07:12.458 16144 DEBUG nova.openstack.common.service [-] dhcp_domain                    = novalocal log_opt_values /usr/lib/python2.7/dist-packages/oslo/config/cfg.py:1941
2014-04-03 15:07:12.460 16144 DEBUG nova.openstack.common.service [-] dhcp_lease_time                = 120 log_opt_values /usr/lib/python2.7/dist-packages/oslo/config/cfg.py:1941
2014-04-03 15:07:12.465 16144 DEBUG nova.openstack.common.service [-] dhcpbridge                     = /usr/bin/nova-dhcpbridge log_opt_values /usr/lib/python2.7/dist-packages/oslo/config/cfg.py:1941
2014-04-03 15:07:12.467 16144 DEBUG nova.openstack.common.service [-] dhcpbridge_flagfile            = ['/etc/nova/nova.conf'] log_opt_values /usr/lib/python2.7/dist-packages/oslo/config/cfg.py:1941
2014-04-03 15:07:12.470 16144 DEBUG nova.openstack.common.service [-] disable_process_locking        = False log_opt_values /usr/lib/python2.7/dist-packages/oslo/config/cfg.py:1941
2014-04-03 15:07:12.471 16144 DEBUG nova.openstack.common.service [-] disk_allocation_ratio          = 1.0 log_opt_values /usr/lib/python2.7/dist-packages/oslo/config/cfg.py:1941
2014-04-03 15:07:12.477 16144 DEBUG nova.openstack.common.service [-] disk_cachemodes                = [] log_opt_values /usr/lib/python2.7/dist-packages/oslo/config/cfg.py:1941
2014-04-03 15:07:12.480 16144 DEBUG nova.openstack.common.service [-] dmz_cidr                       = [] log_opt_values /usr/lib/python2.7/dist-packages/oslo/config/cfg.py:1941
2014-04-03 15:07:12.486 16144 DEBUG nova.openstack.common.service [-] dmz_mask                       = 255.255.255.0 log_opt_values /usr/lib/python2.7/dist-packages/oslo/config/cfg.py:1941
2014-04-03 15:07:12.490 16144 DEBUG nova.openstack.common.service [-] dmz_net                        = 10.0.0.0 log_opt_values /usr/lib/python2.7/dist-packages/oslo/config/cfg.py:1941
2014-04-03 15:07:12.495 16144 DEBUG nova.openstack.common.service [-] dns_server                     = [] log_opt_values /usr/lib/python2.7/dist-packages/oslo/config/cfg.py:1941
2014-04-03 15:07:12.501 16144 DEBUG nova.openstack.common.service [-] dns_update_periodic_interval   = -1 log_opt_values /usr/lib/python2.7/dist-packages/oslo/config/cfg.py:1941
2014-04-03 15:07:12.503 16144 DEBUG nova.openstack.common.service [-] dnsmasq_config_file            =  log_opt_values /usr/lib/python2.7/dist-packages/oslo/config/cfg.py:1941
2014-04-03 15:07:12.505 16144 DEBUG nova.openstack.common.service [-] ec2_listen                     = 0.0.0.0 log_opt_values /usr/lib/python2.7/dist-packages/oslo/config/cfg.py:1941
2014-04-03 15:07:12.509 16144 DEBUG nova.openstack.common.service [-] ec2_listen_port                = 8773 log_opt_values /usr/lib/python2.7/dist-packages/oslo/config/cfg.py:1941
2014-04-03 15:07:12.515 16144 DEBUG nova.openstack.common.service [-] ec2_private_dns_show_ip        = True log_opt_values /usr/lib/python2.7/dist-packages/oslo/config/cfg.py:1941
2014-04-03 15:07:12.517 16144 DEBUG nova.openstack.common.service [-] ec2_strict_validation          = True log_opt_values /usr/lib/python2.7/dist-packages/oslo/config/cfg.py:1941
2014-04-03 15:07:12.519 16144 DEBUG nova.openstack.common.service [-] ec2_timestamp_expiry           = 300 log_opt_values /usr/lib/python2.7/dist-packages/oslo/config/cfg.py:1941
2014-04-03 15:07:12.526 16144 DEBUG nova.openstack.common.service [-] ec2_workers                    = None log_opt_values /usr/lib/python2.7/dist-packages/oslo/config/cfg.py:1941
2014-04-03 15:07:12.533 16144 DEBUG nova.openstack.common.service [-] enable_instance_password       = True log_opt_values /usr/lib/python2.7/dist-packages/oslo/config/cfg.py:1941
2014-04-03 15:07:12.542 16144 DEBUG nova.openstack.common.service [-] enable_new_services            = True log_opt_values /usr/lib/python2.7/dist-packages/oslo/config/cfg.py:1941
2014-04-03 15:07:12.543 16144 DEBUG nova.openstack.common.service [-] enabled_apis                   = ['ec2', 'osapi_compute', 'metadata'] log_opt_values /usr/lib/python2.7/dist-packages/oslo/config/cfg.py:1941
2014-04-03 15:07:12.550 16144 DEBUG nova.openstack.common.service [-] enabled_ssl_apis               = [] log_opt_values /usr/lib/python2.7/dist-packages/oslo/config/cfg.py:1941
2014-04-03 15:07:12.553 16144 DEBUG nova.openstack.common.service [-] fake_call                      = False log_opt_values /usr/lib/python2.7/dist-packages/oslo/config/cfg.py:1941
2014-04-03 15:07:12.558 16144 DEBUG nova.openstack.common.service [-] fake_network                   = False log_opt_values /usr/lib/python2.7/dist-packages/oslo/config/cfg.py:1941
2014-04-03 15:07:12.561 16144 DEBUG nova.openstack.common.service [-] fake_rabbit                    = False log_opt_values /usr/lib/python2.7/dist-packages/oslo/config/cfg.py:1941
2014-04-03 15:07:12.562 16144 DEBUG nova.openstack.common.service [-] fatal_deprecations             = False log_opt_values /usr/lib/python2.7/dist-packages/oslo/config/cfg.py:1941
2014-04-03 15:07:12.568 16144 DEBUG nova.openstack.common.service [-] fatal_exception_format_errors  = False log_opt_values /usr/lib/python2.7/dist-packages/oslo/config/cfg.py:1941
2014-04-03 15:07:12.571 16144 DEBUG nova.openstack.common.service [-] firewall_driver                = nova.virt.firewall.NoopFirewallDriver log_opt_values /usr/lib/python2.7/dist-packages/oslo/config/cfg.py:1941
2014-04-03 15:07:12.574 16144 DEBUG nova.openstack.common.service [-] fixed_ip_disassociate_timeout  = 600 log_opt_values /usr/lib/python2.7/dist-packages/oslo/config/cfg.py:1941
2014-04-03 15:07:12.577 16144 DEBUG nova.openstack.common.service [-] fixed_range_v6                 = fd00::/48 log_opt_values /usr/lib/python2.7/dist-packages/oslo/config/cfg.py:1941
2014-04-03 15:07:12.589 16144 DEBUG nova.openstack.common.service [-] flat_injected                  = False log_opt_values /usr/lib/python2.7/dist-packages/oslo/config/cfg.py:1941
2014-04-03 15:07:12.592 16144 DEBUG nova.openstack.common.service [-] flat_interface                 = None log_opt_values /usr/lib/python2.7/dist-packages/oslo/config/cfg.py:1941
2014-04-03 15:07:12.595 16144 DEBUG nova.openstack.common.service [-] flat_network_bridge            = None log_opt_values /usr/lib/python2.7/dist-packages/oslo/config/cfg.py:1941
2014-04-03 15:07:12.596 16144 DEBUG nova.openstack.common.service [-] flat_network_dns               = 8.8.4.4 log_opt_values /usr/lib/python2.7/dist-packages/oslo/config/cfg.py:1941
2014-04-03 15:07:12.604 16144 DEBUG nova.openstack.common.service [-] floating_ip_dns_manager        = nova.network.noop_dns_driver.NoopDNSDriver log_opt_values /usr/lib/python2.7/dist-packages/oslo/config/cfg.py:1941
2014-04-03 15:07:12.613 16144 DEBUG nova.openstack.common.service [-] force_config_drive             = None log_opt_values /usr/lib/python2.7/dist-packages/oslo/config/cfg.py:1941
2014-04-03 15:07:12.614 16144 DEBUG nova.openstack.common.service [-] force_dhcp_release             = True log_opt_values /usr/lib/python2.7/dist-packages/oslo/config/cfg.py:1941
2014-04-03 15:07:12.616 16144 DEBUG nova.openstack.common.service [-] force_raw_images               = True log_opt_values /usr/lib/python2.7/dist-packages/oslo/config/cfg.py:1941
2014-04-03 15:07:12.618 16144 DEBUG nova.openstack.common.service [-] force_snat_range               = [] log_opt_values /usr/lib/python2.7/dist-packages/oslo/config/cfg.py:1941
2014-04-03 15:07:12.622 16144 DEBUG nova.openstack.common.service [-] forward_bridge_interface       = ['all'] log_opt_values /usr/lib/python2.7/dist-packages/oslo/config/cfg.py:1941
2014-04-03 15:07:12.624 16144 DEBUG nova.openstack.common.service [-] gateway                        = None log_opt_values /usr/lib/python2.7/dist-packages/oslo/config/cfg.py:1941
2014-04-03 15:07:12.627 16144 DEBUG nova.openstack.common.service [-] gateway_v6                     = None log_opt_values /usr/lib/python2.7/dist-packages/oslo/config/cfg.py:1941
2014-04-03 15:07:12.634 16144 DEBUG nova.openstack.common.service [-] glance_api_insecure            = False log_opt_values /usr/lib/python2.7/dist-packages/oslo/config/cfg.py:1941
2014-04-03 15:07:12.636 16144 DEBUG nova.openstack.common.service [-] glance_api_servers             = ['10.233.52.67:9292'] log_opt_values /usr/lib/python2.7/dist-packages/oslo/config/cfg.py:1941
2014-04-03 15:07:12.645 16144 DEBUG nova.openstack.common.service [-] glance_host                    = 10.233.52.67 log_opt_values /usr/lib/python2.7/dist-packages/oslo/config/cfg.py:1941
2014-04-03 15:07:12.651 16144 DEBUG nova.openstack.common.service [-] glance_num_retries             = 0 log_opt_values /usr/lib/python2.7/dist-packages/oslo/config/cfg.py:1941
2014-04-03 15:07:12.657 16144 DEBUG nova.openstack.common.service [-] glance_port                    = 9292 log_opt_values /usr/lib/python2.7/dist-packages/oslo/config/cfg.py:1941
2014-04-03 15:07:12.659 16144 DEBUG nova.openstack.common.service [-] glance_protocol                = http log_opt_values /usr/lib/python2.7/dist-packages/oslo/config/cfg.py:1941
2014-04-03 15:07:12.661 16144 DEBUG nova.openstack.common.service [-] heal_instance_info_cache_interval = 60 log_opt_values /usr/lib/python2.7/dist-packages/oslo/config/cfg.py:1941
2014-04-03 15:07:12.663 16144 DEBUG nova.openstack.common.service [-] host                           = controller log_opt_values /usr/lib/python2.7/dist-packages/oslo/config/cfg.py:1941
2014-04-03 15:07:12.666 16144 DEBUG nova.openstack.common.service [-] host_state_interval            = 120 log_opt_values /usr/lib/python2.7/dist-packages/oslo/config/cfg.py:1941
2014-04-03 15:07:12.673 16144 DEBUG nova.openstack.common.service [-] image_cache_manager_interval   = 2400 log_opt_values /usr/lib/python2.7/dist-packages/oslo/config/cfg.py:1941
2014-04-03 15:07:12.677 16144 DEBUG nova.openstack.common.service [-] image_info_filename_pattern    = /var/lib/nova/instances/_base/%(image)s.info log_opt_values /usr/lib/python2.7/dist-packages/oslo/config/cfg.py:1941
2014-04-03 15:07:12.681 16144 DEBUG nova.openstack.common.service [-] injected_network_template      = /usr/lib/python2.7/dist-packages/nova/virt/interfaces.template log_opt_values /usr/lib/python2.7/dist-packages/oslo/config/cfg.py:1941
2014-04-03 15:07:12.690 16144 DEBUG nova.openstack.common.service [-] instance_build_timeout         = 0 log_opt_values /usr/lib/python2.7/dist-packages/oslo/config/cfg.py:1941
2014-04-03 15:07:12.692 16144 DEBUG nova.openstack.common.service [-] instance_delete_interval       = 300 log_opt_values /usr/lib/python2.7/dist-packages/oslo/config/cfg.py:1941
2014-04-03 15:07:12.694 16144 DEBUG nova.openstack.common.service [-] instance_dns_domain            =  log_opt_values /usr/lib/python2.7/dist-packages/oslo/config/cfg.py:1941
2014-04-03 15:07:12.698 16144 DEBUG nova.openstack.common.service [-] instance_dns_manager           = nova.network.noop_dns_driver.NoopDNSDriver log_opt_values /usr/lib/python2.7/dist-packages/oslo/config/cfg.py:1941
2014-04-03 15:07:12.701 16144 DEBUG nova.openstack.common.service [-] instance_format                = [instance: %(uuid)s]  log_opt_values /usr/lib/python2.7/dist-packages/oslo/config/cfg.py:1941
2014-04-03 15:07:12.705 16144 DEBUG nova.openstack.common.service [-] instance_name_template         = instance-%08x log_opt_values /usr/lib/python2.7/dist-packages/oslo/config/cfg.py:1941
2014-04-03 15:07:12.706 16144 DEBUG nova.openstack.common.service [-] instance_usage_audit           = False log_opt_values /usr/lib/python2.7/dist-packages/oslo/config/cfg.py:1941
2014-04-03 15:07:12.708 16144 DEBUG nova.openstack.common.service [-] instance_usage_audit_period    = month log_opt_values /usr/lib/python2.7/dist-packages/oslo/config/cfg.py:1941
2014-04-03 15:07:12.721 16144 DEBUG nova.openstack.common.service [-] instance_uuid_format           = [instance: %(uuid)s]  log_opt_values /usr/lib/python2.7/dist-packages/oslo/config/cfg.py:1941
2014-04-03 15:07:12.728 16144 DEBUG nova.openstack.common.service [-] instances_path                 = /var/lib/nova/instances log_opt_values /usr/lib/python2.7/dist-packages/oslo/config/cfg.py:1941
2014-04-03 15:07:12.732 16144 DEBUG nova.openstack.common.service [-] internal_service_availability_zone = internal log_opt_values /usr/lib/python2.7/dist-packages/oslo/config/cfg.py:1941
2014-04-03 15:07:12.733 16144 DEBUG nova.openstack.common.service [-] iptables_bottom_regex          =  log_opt_values /usr/lib/python2.7/dist-packages/oslo/config/cfg.py:1941
2014-04-03 15:07:12.738 16144 DEBUG nova.openstack.common.service [-] iptables_drop_action           = DROP log_opt_values /usr/lib/python2.7/dist-packages/oslo/config/cfg.py:1941
2014-04-03 15:07:12.741 16144 DEBUG nova.openstack.common.service [-] iptables_top_regex             =  log_opt_values /usr/lib/python2.7/dist-packages/oslo/config/cfg.py:1941
2014-04-03 15:07:12.744 16144 DEBUG nova.openstack.common.service [-] ipv6_backend                   = rfc2462 log_opt_values /usr/lib/python2.7/dist-packages/oslo/config/cfg.py:1941
2014-04-03 15:07:12.749 16144 DEBUG nova.openstack.common.service [-] isolated_hosts                 = [] log_opt_values /usr/lib/python2.7/dist-packages/oslo/config/cfg.py:1941
2014-04-03 15:07:12.751 16144 DEBUG nova.openstack.common.service [-] isolated_images                = [] log_opt_values /usr/lib/python2.7/dist-packages/oslo/config/cfg.py:1941
2014-04-03 15:07:12.756 16144 DEBUG nova.openstack.common.service [-] key_file                       = private/cakey.pem log_opt_values /usr/lib/python2.7/dist-packages/oslo/config/cfg.py:1941
2014-04-03 15:07:12.761 16144 DEBUG nova.openstack.common.service [-] keys_path                      = /var/lib/nova/keys log_opt_values /usr/lib/python2.7/dist-packages/oslo/config/cfg.py:1941
2014-04-03 15:07:12.765 16144 DEBUG nova.openstack.common.service [-] keystone_ec2_url               = http://localhost:5000/v2.0/ec2tokens log_opt_values /usr/lib/python2.7/dist-packages/oslo/config/cfg.py:1941
2014-04-03 15:07:12.770 16144 DEBUG nova.openstack.common.service [-] l3_lib                         = nova.network.l3.LinuxNetL3 log_opt_values /usr/lib/python2.7/dist-packages/oslo/config/cfg.py:1941
2014-04-03 15:07:12.772 16144 DEBUG nova.openstack.common.service [-] libvirt_cpu_mode               = None log_opt_values /usr/lib/python2.7/dist-packages/oslo/config/cfg.py:1941
2014-04-03 15:07:12.774 16144 DEBUG nova.openstack.common.service [-] libvirt_cpu_model              = None log_opt_values /usr/lib/python2.7/dist-packages/oslo/config/cfg.py:1941
2014-04-03 15:07:12.775 16144 DEBUG nova.openstack.common.service [-] libvirt_disk_prefix            = None log_opt_values /usr/lib/python2.7/dist-packages/oslo/config/cfg.py:1941
2014-04-03 15:07:12.781 16144 DEBUG nova.openstack.common.service [-] libvirt_images_rbd_ceph_conf   =  log_opt_values /usr/lib/python2.7/dist-packages/oslo/config/cfg.py:1941
2014-04-03 15:07:12.789 16144 DEBUG nova.openstack.common.service [-] libvirt_images_rbd_pool        = rbd log_opt_values /usr/lib/python2.7/dist-packages/oslo/config/cfg.py:1941
2014-04-03 15:07:12.793 16144 DEBUG nova.openstack.common.service [-] libvirt_images_type            = default log_opt_values /usr/lib/python2.7/dist-packages/oslo/config/cfg.py:1941
2014-04-03 15:07:12.795 16144 DEBUG nova.openstack.common.service [-] libvirt_images_volume_group    = None log_opt_values /usr/lib/python2.7/dist-packages/oslo/config/cfg.py:1941
2014-04-03 15:07:12.801 16144 DEBUG nova.openstack.common.service [-] libvirt_inject_key             = True log_opt_values /usr/lib/python2.7/dist-packages/oslo/config/cfg.py:1941
2014-04-03 15:07:12.805 16144 DEBUG nova.openstack.common.service [-] libvirt_inject_partition       = 1 log_opt_values /usr/lib/python2.7/dist-packages/oslo/config/cfg.py:1941
2014-04-03 15:07:12.807 16144 DEBUG nova.openstack.common.service [-] libvirt_inject_password        = False log_opt_values /usr/lib/python2.7/dist-packages/oslo/config/cfg.py:1941
2014-04-03 15:07:12.811 16144 DEBUG nova.openstack.common.service [-] libvirt_lvm_snapshot_size      = 1000 log_opt_values /usr/lib/python2.7/dist-packages/oslo/config/cfg.py:1941
2014-04-03 15:07:12.814 16144 DEBUG nova.openstack.common.service [-] libvirt_nonblocking            = True log_opt_values /usr/lib/python2.7/dist-packages/oslo/config/cfg.py:1941
2014-04-03 15:07:12.817 16144 DEBUG nova.openstack.common.service [-] libvirt_snapshot_compression   = False log_opt_values /usr/lib/python2.7/dist-packages/oslo/config/cfg.py:1941
2014-04-03 15:07:12.819 16144 DEBUG nova.openstack.common.service [-] libvirt_snapshots_directory    = /var/lib/nova/instances/snapshots log_opt_values /usr/lib/python2.7/dist-packages/oslo/config/cfg.py:1941
2014-04-03 15:07:12.826 16144 DEBUG nova.openstack.common.service [-] libvirt_sparse_logical_volumes = False log_opt_values /usr/lib/python2.7/dist-packages/oslo/config/cfg.py:1941
2014-04-03 15:07:12.829 16144 DEBUG nova.openstack.common.service [-] libvirt_type                   = kvm log_opt_values /usr/lib/python2.7/dist-packages/oslo/config/cfg.py:1941
2014-04-03 15:07:12.832 16144 DEBUG nova.openstack.common.service [-] libvirt_uri                    =  log_opt_values /usr/lib/python2.7/dist-packages/oslo/config/cfg.py:1941
2014-04-03 15:07:12.842 16144 DEBUG nova.openstack.common.service [-] libvirt_vif_driver             = nova.virt.libvirt.vif.LibvirtGenericVIFDriver log_opt_values /usr/lib/python2.7/dist-packages/oslo/config/cfg.py:1941
2014-04-03 15:07:12.849 16144 DEBUG nova.openstack.common.service [-] libvirt_volume_drivers         = ['iscsi=nova.virt.libvirt.volume.LibvirtISCSIVolumeDriver', 'iser=nova.virt.libvirt.volume.LibvirtISERVolumeDriver', 'local=nova.virt.libvirt.volume.LibvirtVolumeDriver', 'fake=nova.virt.libvirt.volume.LibvirtFakeVolumeDriver', 'rbd=nova.virt.libvirt.volume.LibvirtNetVolumeDriver', 'sheepdog=nova.virt.libvirt.volume.LibvirtNetVolumeDriver', 'nfs=nova.virt.libvirt.volume.LibvirtNFSVolumeDriver', 'aoe=nova.virt.libvirt.volume.LibvirtAOEVolumeDriver', 'glusterfs=nova.virt.libvirt.volume.LibvirtGlusterfsVolumeDriver', 'fibre_channel=nova.virt.libvirt.volume.LibvirtFibreChannelVolumeDriver', 'scality=nova.virt.libvirt.volume.LibvirtScalityVolumeDriver'] log_opt_values /usr/lib/python2.7/dist-packages/oslo/config/cfg.py:1941
2014-04-03 15:07:12.853 16144 DEBUG nova.openstack.common.service [-] libvirt_wait_soft_reboot_seconds = 120 log_opt_values /usr/lib/python2.7/dist-packages/oslo/config/cfg.py:1941
2014-04-03 15:07:12.855 16144 DEBUG nova.openstack.common.service [-] linuxnet_interface_driver      = nova.network.linux_net.LinuxOVSInterfaceDriver log_opt_values /usr/lib/python2.7/dist-packages/oslo/config/cfg.py:1941
2014-04-03 15:07:12.858 16144 DEBUG nova.openstack.common.service [-] linuxnet_ovs_integration_bridge = br-int log_opt_values /usr/lib/python2.7/dist-packages/oslo/config/cfg.py:1941
2014-04-03 15:07:12.860 16144 DEBUG nova.openstack.common.service [-] live_migration_bandwidth       = 0 log_opt_values /usr/lib/python2.7/dist-packages/oslo/config/cfg.py:1941
2014-04-03 15:07:12.863 16144 DEBUG nova.openstack.common.service [-] live_migration_flag            = VIR_MIGRATE_UNDEFINE_SOURCE, VIR_MIGRATE_PEER2PEER log_opt_values /usr/lib/python2.7/dist-packages/oslo/config/cfg.py:1941
2014-04-03 15:07:12.869 16144 DEBUG nova.openstack.common.service [-] live_migration_retry_count     = 30 log_opt_values /usr/lib/python2.7/dist-packages/oslo/config/cfg.py:1941
2014-04-03 15:07:12.881 16144 DEBUG nova.openstack.common.service [-] live_migration_uri             = qemu+tcp://%s/system log_opt_values /usr/lib/python2.7/dist-packages/oslo/config/cfg.py:1941
2014-04-03 15:07:12.889 16144 DEBUG nova.openstack.common.service [-] lock_path                      = /var/lock/nova log_opt_values /usr/lib/python2.7/dist-packages/oslo/config/cfg.py:1941
2014-04-03 15:07:12.893 16144 DEBUG nova.openstack.common.service [-] lockout_attempts               = 5 log_opt_values /usr/lib/python2.7/dist-packages/oslo/config/cfg.py:1941
2014-04-03 15:07:12.897 16144 DEBUG nova.openstack.common.service [-] lockout_minutes                = 15 log_opt_values /usr/lib/python2.7/dist-packages/oslo/config/cfg.py:1941
2014-04-03 15:07:12.898 16144 DEBUG nova.openstack.common.service [-] lockout_window                 = 15 log_opt_values /usr/lib/python2.7/dist-packages/oslo/config/cfg.py:1941
2014-04-03 15:07:12.900 16144 DEBUG nova.openstack.common.service [-] log_config                     = None log_opt_values /usr/lib/python2.7/dist-packages/oslo/config/cfg.py:1941
2014-04-03 15:07:12.903 16144 DEBUG nova.openstack.common.service [-] log_date_format                = %Y-%m-%d %H:%M:%S log_opt_values /usr/lib/python2.7/dist-packages/oslo/config/cfg.py:1941
2014-04-03 15:07:12.906 16144 DEBUG nova.openstack.common.service [-] log_dir                        = /var/log/nova log_opt_values /usr/lib/python2.7/dist-packages/oslo/config/cfg.py:1941
2014-04-03 15:07:12.907 16144 DEBUG nova.openstack.common.service [-] log_file                       = None log_opt_values /usr/lib/python2.7/dist-packages/oslo/config/cfg.py:1941
2014-04-03 15:07:12.909 16144 DEBUG nova.openstack.common.service [-] log_format                     = None log_opt_values /usr/lib/python2.7/dist-packages/oslo/config/cfg.py:1941
2014-04-03 15:07:12.912 16144 DEBUG nova.openstack.common.service [-] logging_context_format_string  = %(asctime)s.%(msecs)03d %(process)d %(levelname)s %(name)s [%(request_id)s %(user)s %(tenant)s] %(instance)s%(message)s log_opt_values /usr/lib/python2.7/dist-packages/oslo/config/cfg.py:1941
2014-04-03 15:07:12.921 16144 DEBUG nova.openstack.common.service [-] logging_debug_format_suffix    = %(funcName)s %(pathname)s:%(lineno)d log_opt_values /usr/lib/python2.7/dist-packages/oslo/config/cfg.py:1941
2014-04-03 15:07:12.927 16144 DEBUG nova.openstack.common.service [-] logging_default_format_string  = %(asctime)s.%(msecs)03d %(process)d %(levelname)s %(name)s [-] %(instance)s%(message)s log_opt_values /usr/lib/python2.7/dist-packages/oslo/config/cfg.py:1941
2014-04-03 15:07:12.929 16144 DEBUG nova.openstack.common.service [-] logging_exception_prefix       = %(asctime)s.%(msecs)03d %(process)d TRACE %(name)s %(instance)s log_opt_values /usr/lib/python2.7/dist-packages/oslo/config/cfg.py:1941
2014-04-03 15:07:12.936 16144 DEBUG nova.openstack.common.service [-] max_age                        = 0 log_opt_values /usr/lib/python2.7/dist-packages/oslo/config/cfg.py:1941
2014-04-03 15:07:12.941 16144 DEBUG nova.openstack.common.service [-] max_instances_per_host         = 50 log_opt_values /usr/lib/python2.7/dist-packages/oslo/config/cfg.py:1941
2014-04-03 15:07:12.943 16144 DEBUG nova.openstack.common.service [-] max_io_ops_per_host            = 8 log_opt_values /usr/lib/python2.7/dist-packages/oslo/config/cfg.py:1941
2014-04-03 15:07:12.950 16144 DEBUG nova.openstack.common.service [-] max_local_block_devices        = 3 log_opt_values /usr/lib/python2.7/dist-packages/oslo/config/cfg.py:1941
2014-04-03 15:07:12.955 16144 DEBUG nova.openstack.common.service [-] maximum_instance_delete_attempts = 5 log_opt_values /usr/lib/python2.7/dist-packages/oslo/config/cfg.py:1941
2014-04-03 15:07:12.957 16144 DEBUG nova.openstack.common.service [-] memcached_servers              = None log_opt_values /usr/lib/python2.7/dist-packages/oslo/config/cfg.py:1941
2014-04-03 15:07:12.961 16144 DEBUG nova.openstack.common.service [-] metadata_host                  = 10.233.52.67 log_opt_values /usr/lib/python2.7/dist-packages/oslo/config/cfg.py:1941
2014-04-03 15:07:12.966 16144 DEBUG nova.openstack.common.service [-] metadata_listen                = 0.0.0.0 log_opt_values /usr/lib/python2.7/dist-packages/oslo/config/cfg.py:1941
2014-04-03 15:07:12.969 16144 DEBUG nova.openstack.common.service [-] metadata_listen_port           = 8775 log_opt_values /usr/lib/python2.7/dist-packages/oslo/config/cfg.py:1941
2014-04-03 15:07:12.973 16144 DEBUG nova.openstack.common.service [-] metadata_manager               = nova.api.manager.MetadataManager log_opt_values /usr/lib/python2.7/dist-packages/oslo/config/cfg.py:1941
2014-04-03 15:07:12.974 16144 DEBUG nova.openstack.common.service [-] metadata_port                  = 8775 log_opt_values /usr/lib/python2.7/dist-packages/oslo/config/cfg.py:1941
2014-04-03 15:07:12.977 16144 DEBUG nova.openstack.common.service [-] metadata_workers               = None log_opt_values /usr/lib/python2.7/dist-packages/oslo/config/cfg.py:1941
2014-04-03 15:07:12.978 16144 DEBUG nova.openstack.common.service [-] migrate_max_retries            = -1 log_opt_values /usr/lib/python2.7/dist-packages/oslo/config/cfg.py:1941
2014-04-03 15:07:12.983 16144 DEBUG nova.openstack.common.service [-] mkisofs_cmd                    = genisoimage log_opt_values /usr/lib/python2.7/dist-packages/oslo/config/cfg.py:1941
2014-04-03 15:07:12.987 16144 DEBUG nova.openstack.common.service [-] monkey_patch                   = False log_opt_values /usr/lib/python2.7/dist-packages/oslo/config/cfg.py:1941
2014-04-03 15:07:12.994 16144 DEBUG nova.openstack.common.service [-] monkey_patch_modules           = ['nova.api.ec2.cloud:nova.notifications.notify_decorator', 'nova.compute.api:nova.notifications.notify_decorator'] log_opt_values /usr/lib/python2.7/dist-packages/oslo/config/cfg.py:1941
2014-04-03 15:07:12.998 16144 DEBUG nova.openstack.common.service [-] multi_host                     = False log_opt_values /usr/lib/python2.7/dist-packages/oslo/config/cfg.py:1941
2014-04-03 15:07:13.002 16144 DEBUG nova.openstack.common.service [-] multi_instance_display_name_template = %(name)s-%(uuid)s log_opt_values /usr/lib/python2.7/dist-packages/oslo/config/cfg.py:1941
2014-04-03 15:07:13.003 16144 DEBUG nova.openstack.common.service [-] my_ip                          = 10.233.52.67 log_opt_values /usr/lib/python2.7/dist-packages/oslo/config/cfg.py:1941
2014-04-03 15:07:13.013 16144 DEBUG nova.openstack.common.service [-] network_allocate_retries       = 0 log_opt_values /usr/lib/python2.7/dist-packages/oslo/config/cfg.py:1941
2014-04-03 15:07:13.016 16144 DEBUG nova.openstack.common.service [-] network_api_class              = nova.network.neutronv2.api.API log_opt_values /usr/lib/python2.7/dist-packages/oslo/config/cfg.py:1941
2014-04-03 15:07:13.024 16144 DEBUG nova.openstack.common.service [-] network_device_mtu             = None log_opt_values /usr/lib/python2.7/dist-packages/oslo/config/cfg.py:1941
2014-04-03 15:07:13.026 16144 DEBUG nova.openstack.common.service [-] network_driver                 = nova.network.linux_net log_opt_values /usr/lib/python2.7/dist-packages/oslo/config/cfg.py:1941
2014-04-03 15:07:13.028 16144 DEBUG nova.openstack.common.service [-] network_manager                = nova.network.manager.VlanManager log_opt_values /usr/lib/python2.7/dist-packages/oslo/config/cfg.py:1941
2014-04-03 15:07:13.029 16144 DEBUG nova.openstack.common.service [-] network_size                   = 256 log_opt_values /usr/lib/python2.7/dist-packages/oslo/config/cfg.py:1941
2014-04-03 15:07:13.034 16144 DEBUG nova.openstack.common.service [-] network_topic                  = network log_opt_values /usr/lib/python2.7/dist-packages/oslo/config/cfg.py:1941
2014-04-03 15:07:13.036 16144 DEBUG nova.openstack.common.service [-] networks_path                  = /var/lib/nova/networks log_opt_values /usr/lib/python2.7/dist-packages/oslo/config/cfg.py:1941
2014-04-03 15:07:13.041 16144 DEBUG nova.openstack.common.service [-] non_inheritable_image_properties = ['cache_in_nova', 'bittorrent'] log_opt_values /usr/lib/python2.7/dist-packages/oslo/config/cfg.py:1941
2014-04-03 15:07:13.045 16144 DEBUG nova.openstack.common.service [-] notification_driver            = [] log_opt_values /usr/lib/python2.7/dist-packages/oslo/config/cfg.py:1941
2014-04-03 15:07:13.047 16144 DEBUG nova.openstack.common.service [-] notify_api_faults              = False log_opt_values /usr/lib/python2.7/dist-packages/oslo/config/cfg.py:1941
2014-04-03 15:07:13.056 16144 DEBUG nova.openstack.common.service [-] notify_on_state_change         = None log_opt_values /usr/lib/python2.7/dist-packages/oslo/config/cfg.py:1941
2014-04-03 15:07:13.062 16144 DEBUG nova.openstack.common.service [-] novncproxy_base_url            = http://127.0.0.1:6080/vnc_auto.html log_opt_values /usr/lib/python2.7/dist-packages/oslo/config/cfg.py:1941
2014-04-03 15:07:13.065 16144 DEBUG nova.openstack.common.service [-] null_kernel                    = nokernel log_opt_values /usr/lib/python2.7/dist-packages/oslo/config/cfg.py:1941
2014-04-03 15:07:13.069 16144 DEBUG nova.openstack.common.service [-] num_networks                   = 1 log_opt_values /usr/lib/python2.7/dist-packages/oslo/config/cfg.py:1941
2014-04-03 15:07:13.077 16144 DEBUG nova.openstack.common.service [-] osapi_compute_ext_list         = [] log_opt_values /usr/lib/python2.7/dist-packages/oslo/config/cfg.py:1941
2014-04-03 15:07:13.080 16144 DEBUG nova.openstack.common.service [-] osapi_compute_extension        = ['nova.api.openstack.compute.contrib.standard_extensions'] log_opt_values /usr/lib/python2.7/dist-packages/oslo/config/cfg.py:1941
2014-04-03 15:07:13.089 16144 DEBUG nova.openstack.common.service [-] osapi_compute_link_prefix      = None log_opt_values /usr/lib/python2.7/dist-packages/oslo/config/cfg.py:1941
2014-04-03 15:07:13.090 16144 DEBUG nova.openstack.common.service [-] osapi_compute_listen           = 0.0.0.0 log_opt_values /usr/lib/python2.7/dist-packages/oslo/config/cfg.py:1941
2014-04-03 15:07:13.093 16144 DEBUG nova.openstack.common.service [-] osapi_compute_listen_port      = 8774 log_opt_values /usr/lib/python2.7/dist-packages/oslo/config/cfg.py:1941
2014-04-03 15:07:13.096 16144 DEBUG nova.openstack.common.service [-] osapi_compute_workers          = None log_opt_values /usr/lib/python2.7/dist-packages/oslo/config/cfg.py:1941
2014-04-03 15:07:13.098 16144 DEBUG nova.openstack.common.service [-] osapi_glance_link_prefix       = None log_opt_values /usr/lib/python2.7/dist-packages/oslo/config/cfg.py:1941
2014-04-03 15:07:13.100 16144 DEBUG nova.openstack.common.service [-] osapi_max_limit                = 1000 log_opt_values /usr/lib/python2.7/dist-packages/oslo/config/cfg.py:1941
2014-04-03 15:07:13.104 16144 DEBUG nova.openstack.common.service [-] password_length                = 12 log_opt_values /usr/lib/python2.7/dist-packages/oslo/config/cfg.py:1941
2014-04-03 15:07:13.106 16144 DEBUG nova.openstack.common.service [-] pci_alias                      = [] log_opt_values /usr/lib/python2.7/dist-packages/oslo/config/cfg.py:1941
2014-04-03 15:07:13.110 16144 DEBUG nova.openstack.common.service [-] pci_passthrough_whitelist      = [] log_opt_values /usr/lib/python2.7/dist-packages/oslo/config/cfg.py:1941
2014-04-03 15:07:13.118 16144 DEBUG nova.openstack.common.service [-] periodic_enable                = True log_opt_values /usr/lib/python2.7/dist-packages/oslo/config/cfg.py:1941
2014-04-03 15:07:13.128 16144 DEBUG nova.openstack.common.service [-] periodic_fuzzy_delay           = 60 log_opt_values /usr/lib/python2.7/dist-packages/oslo/config/cfg.py:1941
2014-04-03 15:07:13.130 16144 DEBUG nova.openstack.common.service [-] policy_default_rule            = default log_opt_values /usr/lib/python2.7/dist-packages/oslo/config/cfg.py:1941
2014-04-03 15:07:13.131 16144 DEBUG nova.openstack.common.service [-] policy_file                    = policy.json log_opt_values /usr/lib/python2.7/dist-packages/oslo/config/cfg.py:1941
2014-04-03 15:07:13.137 16144 DEBUG nova.openstack.common.service [-] preallocate_images             = none log_opt_values /usr/lib/python2.7/dist-packages/oslo/config/cfg.py:1941
2014-04-03 15:07:13.141 16144 DEBUG nova.openstack.common.service [-] project_cert_subject           = /C=US/ST=California/O=OpenStack/OU=NovaDev/CN=project-ca-%.16s-%s log_opt_values /usr/lib/python2.7/dist-packages/oslo/config/cfg.py:1941
2014-04-03 15:07:13.144 16144 DEBUG nova.openstack.common.service [-] public_interface               = eth0 log_opt_values /usr/lib/python2.7/dist-packages/oslo/config/cfg.py:1941
2014-04-03 15:07:13.147 16144 DEBUG nova.openstack.common.service [-] publish_errors                 = False log_opt_values /usr/lib/python2.7/dist-packages/oslo/config/cfg.py:1941
2014-04-03 15:07:13.153 16144 DEBUG nova.openstack.common.service [-] pybasedir                      = /usr/lib/python2.7/dist-packages log_opt_values /usr/lib/python2.7/dist-packages/oslo/config/cfg.py:1941
2014-04-03 15:07:13.154 16144 DEBUG nova.openstack.common.service [-] quota_cores                    = 20 log_opt_values /usr/lib/python2.7/dist-packages/oslo/config/cfg.py:1941
2014-04-03 15:07:13.161 16144 DEBUG nova.openstack.common.service [-] quota_driver                   = nova.quota.DbQuotaDriver log_opt_values /usr/lib/python2.7/dist-packages/oslo/config/cfg.py:1941
2014-04-03 15:07:13.165 16144 DEBUG nova.openstack.common.service [-] quota_fixed_ips                = -1 log_opt_values /usr/lib/python2.7/dist-packages/oslo/config/cfg.py:1941
2014-04-03 15:07:13.170 16144 DEBUG nova.openstack.common.service [-] quota_floating_ips             = 10 log_opt_values /usr/lib/python2.7/dist-packages/oslo/config/cfg.py:1941
2014-04-03 15:07:13.171 16144 DEBUG nova.openstack.common.service [-] quota_injected_file_content_bytes = 10240 log_opt_values /usr/lib/python2.7/dist-packages/oslo/config/cfg.py:1941
2014-04-03 15:07:13.173 16144 DEBUG nova.openstack.common.service [-] quota_injected_file_path_bytes = 255 log_opt_values /usr/lib/python2.7/dist-packages/oslo/config/cfg.py:1941
2014-04-03 15:07:13.177 16144 DEBUG nova.openstack.common.service [-] quota_injected_files           = 5 log_opt_values /usr/lib/python2.7/dist-packages/oslo/config/cfg.py:1941
2014-04-03 15:07:13.181 16144 DEBUG nova.openstack.common.service [-] quota_instances                = 10 log_opt_values /usr/lib/python2.7/dist-packages/oslo/config/cfg.py:1941
2014-04-03 15:07:13.184 16144 DEBUG nova.openstack.common.service [-] quota_key_pairs                = 100 log_opt_values /usr/lib/python2.7/dist-packages/oslo/config/cfg.py:1941
2014-04-03 15:07:13.191 16144 DEBUG nova.openstack.common.service [-] quota_metadata_items           = 128 log_opt_values /usr/lib/python2.7/dist-packages/oslo/config/cfg.py:1941
2014-04-03 15:07:13.197 16144 DEBUG nova.openstack.common.service [-] quota_ram                      = 51200 log_opt_values /usr/lib/python2.7/dist-packages/oslo/config/cfg.py:1941
2014-04-03 15:07:13.202 16144 DEBUG nova.openstack.common.service [-] quota_security_group_rules     = 20 log_opt_values /usr/lib/python2.7/dist-packages/oslo/config/cfg.py:1941
2014-04-03 15:07:13.204 16144 DEBUG nova.openstack.common.service [-] quota_security_groups          = 10 log_opt_values /usr/lib/python2.7/dist-packages/oslo/config/cfg.py:1941
2014-04-03 15:07:13.213 16144 DEBUG nova.openstack.common.service [-] ram_allocation_ratio           = 1.5 log_opt_values /usr/lib/python2.7/dist-packages/oslo/config/cfg.py:1941
2014-04-03 15:07:13.217 16144 DEBUG nova.openstack.common.service [-] ram_weight_multiplier          = 1.0 log_opt_values /usr/lib/python2.7/dist-packages/oslo/config/cfg.py:1941
2014-04-03 15:07:13.225 16144 DEBUG nova.openstack.common.service [-] reboot_timeout                 = 0 log_opt_values /usr/lib/python2.7/dist-packages/oslo/config/cfg.py:1941
2014-04-03 15:07:13.227 16144 DEBUG nova.openstack.common.service [-] reclaim_instance_interval      = 0 log_opt_values /usr/lib/python2.7/dist-packages/oslo/config/cfg.py:1941
2014-04-03 15:07:13.228 16144 DEBUG nova.openstack.common.service [-] remove_unused_base_images      = True log_opt_values /usr/lib/python2.7/dist-packages/oslo/config/cfg.py:1941
2014-04-03 15:07:13.230 16144 DEBUG nova.openstack.common.service [-] remove_unused_kernels          = False log_opt_values /usr/lib/python2.7/dist-packages/oslo/config/cfg.py:1941
2014-04-03 15:07:13.231 16144 DEBUG nova.openstack.common.service [-] remove_unused_original_minimum_age_seconds = 86400 log_opt_values /usr/lib/python2.7/dist-packages/oslo/config/cfg.py:1941
2014-04-03 15:07:13.237 16144 DEBUG nova.openstack.common.service [-] remove_unused_resized_minimum_age_seconds = 3600 log_opt_values /usr/lib/python2.7/dist-packages/oslo/config/cfg.py:1941
2014-04-03 15:07:13.242 16144 DEBUG nova.openstack.common.service [-] report_interval                = 10 log_opt_values /usr/lib/python2.7/dist-packages/oslo/config/cfg.py:1941
2014-04-03 15:07:13.249 16144 DEBUG nova.openstack.common.service [-] rescue_image_id                = None log_opt_values /usr/lib/python2.7/dist-packages/oslo/config/cfg.py:1941
2014-04-03 15:07:13.250 16144 DEBUG nova.openstack.common.service [-] rescue_kernel_id               = None log_opt_values /usr/lib/python2.7/dist-packages/oslo/config/cfg.py:1941
2014-04-03 15:07:13.254 16144 DEBUG nova.openstack.common.service [-] rescue_ramdisk_id              = None log_opt_values /usr/lib/python2.7/dist-packages/oslo/config/cfg.py:1941
2014-04-03 15:07:13.257 16144 DEBUG nova.openstack.common.service [-] rescue_timeout                 = 0 log_opt_values /usr/lib/python2.7/dist-packages/oslo/config/cfg.py:1941
2014-04-03 15:07:13.261 16144 DEBUG nova.openstack.common.service [-] reservation_expire             = 86400 log_opt_values /usr/lib/python2.7/dist-packages/oslo/config/cfg.py:1941
2014-04-03 15:07:13.262 16144 DEBUG nova.openstack.common.service [-] reserved_host_disk_mb          = 0 log_opt_values /usr/lib/python2.7/dist-packages/oslo/config/cfg.py:1941
2014-04-03 15:07:13.266 16144 DEBUG nova.openstack.common.service [-] reserved_host_memory_mb        = 512 log_opt_values /usr/lib/python2.7/dist-packages/oslo/config/cfg.py:1941
2014-04-03 15:07:13.269 16144 DEBUG nova.openstack.common.service [-] resize_confirm_window          = 0 log_opt_values /usr/lib/python2.7/dist-packages/oslo/config/cfg.py:1941
2014-04-03 15:07:13.276 16144 DEBUG nova.openstack.common.service [-] resize_fs_using_block_device   = False log_opt_values /usr/lib/python2.7/dist-packages/oslo/config/cfg.py:1941
2014-04-03 15:07:13.278 16144 DEBUG nova.openstack.common.service [-] restrict_isolated_hosts_to_isolated_images = True log_opt_values /usr/lib/python2.7/dist-packages/oslo/config/cfg.py:1941
2014-04-03 15:07:13.285 16144 DEBUG nova.openstack.common.service [-] resume_guests_state_on_host_boot = False log_opt_values /usr/lib/python2.7/dist-packages/oslo/config/cfg.py:1941
2014-04-03 15:07:13.287 16144 DEBUG nova.openstack.common.service [-] rootwrap_config                = /etc/nova/rootwrap.conf log_opt_values /usr/lib/python2.7/dist-packages/oslo/config/cfg.py:1941
2014-04-03 15:07:13.296 16144 DEBUG nova.openstack.common.service [-] routing_source_ip              = 10.233.52.67 log_opt_values /usr/lib/python2.7/dist-packages/oslo/config/cfg.py:1941
2014-04-03 15:07:13.301 16144 DEBUG nova.openstack.common.service [-] rpc_backend                    = nova.rpc.impl_kombu log_opt_values /usr/lib/python2.7/dist-packages/oslo/config/cfg.py:1941
2014-04-03 15:07:13.304 16144 DEBUG nova.openstack.common.service [-] rpc_cast_timeout               = 30 log_opt_values /usr/lib/python2.7/dist-packages/oslo/config/cfg.py:1941
2014-04-03 15:07:13.310 16144 DEBUG nova.openstack.common.service [-] rpc_conn_pool_size             = 30 log_opt_values /usr/lib/python2.7/dist-packages/oslo/config/cfg.py:1941
2014-04-03 15:07:13.311 16144 DEBUG nova.openstack.common.service [-] rpc_response_timeout           = 60 log_opt_values /usr/lib/python2.7/dist-packages/oslo/config/cfg.py:1941
2014-04-03 15:07:13.318 16144 DEBUG nova.openstack.common.service [-] rpc_thread_pool_size           = 64 log_opt_values /usr/lib/python2.7/dist-packages/oslo/config/cfg.py:1941
2014-04-03 15:07:13.320 16144 DEBUG nova.openstack.common.service [-] run_external_periodic_tasks    = True log_opt_values /usr/lib/python2.7/dist-packages/oslo/config/cfg.py:1941
2014-04-03 15:07:13.325 16144 DEBUG nova.openstack.common.service [-] running_deleted_instance_action = log log_opt_values /usr/lib/python2.7/dist-packages/oslo/config/cfg.py:1941
2014-04-03 15:07:13.329 16144 DEBUG nova.openstack.common.service [-] running_deleted_instance_poll_interval = 1800 log_opt_values /usr/lib/python2.7/dist-packages/oslo/config/cfg.py:1941
2014-04-03 15:07:13.332 16144 DEBUG nova.openstack.common.service [-] running_deleted_instance_timeout = 0 log_opt_values /usr/lib/python2.7/dist-packages/oslo/config/cfg.py:1941
2014-04-03 15:07:13.337 16144 DEBUG nova.openstack.common.service [-] scheduler_available_filters    = ['nova.scheduler.filters.all_filters'] log_opt_values /usr/lib/python2.7/dist-packages/oslo/config/cfg.py:1941
2014-04-03 15:07:13.343 16144 DEBUG nova.openstack.common.service [-] scheduler_default_filters      = ['RetryFilter', 'AvailabilityZoneFilter', 'RamFilter', 'ComputeFilter', 'ComputeCapabilitiesFilter', 'ImagePropertiesFilter'] log_opt_values /usr/lib/python2.7/dist-packages/oslo/config/cfg.py:1941
2014-04-03 15:07:13.350 16144 DEBUG nova.openstack.common.service [-] scheduler_driver               = nova.scheduler.filter_scheduler.FilterScheduler log_opt_values /usr/lib/python2.7/dist-packages/oslo/config/cfg.py:1941
2014-04-03 15:07:13.354 16144 DEBUG nova.openstack.common.service [-] scheduler_host_manager         = nova.scheduler.host_manager.HostManager log_opt_values /usr/lib/python2.7/dist-packages/oslo/config/cfg.py:1941
2014-04-03 15:07:13.361 16144 DEBUG nova.openstack.common.service [-] scheduler_host_subset_size     = 1 log_opt_values /usr/lib/python2.7/dist-packages/oslo/config/cfg.py:1941
2014-04-03 15:07:13.363 16144 DEBUG nova.openstack.common.service [-] scheduler_json_config_location =  log_opt_values /usr/lib/python2.7/dist-packages/oslo/config/cfg.py:1941
2014-04-03 15:07:13.368 16144 DEBUG nova.openstack.common.service [-] scheduler_manager              = nova.scheduler.manager.SchedulerManager log_opt_values /usr/lib/python2.7/dist-packages/oslo/config/cfg.py:1941
2014-04-03 15:07:13.378 16144 DEBUG nova.openstack.common.service [-] scheduler_max_attempts         = 3 log_opt_values /usr/lib/python2.7/dist-packages/oslo/config/cfg.py:1941
2014-04-03 15:07:13.390 16144 DEBUG nova.openstack.common.service [-] scheduler_topic                = scheduler log_opt_values /usr/lib/python2.7/dist-packages/oslo/config/cfg.py:1941
2014-04-03 15:07:13.393 16144 DEBUG nova.openstack.common.service [-] scheduler_weight_classes       = ['nova.scheduler.weights.all_weighers'] log_opt_values /usr/lib/python2.7/dist-packages/oslo/config/cfg.py:1941
2014-04-03 15:07:13.395 16144 DEBUG nova.openstack.common.service [-] security_group_api             = neutron log_opt_values /usr/lib/python2.7/dist-packages/oslo/config/cfg.py:1941
2014-04-03 15:07:13.396 16144 DEBUG nova.openstack.common.service [-] send_arp_for_ha                = False log_opt_values /usr/lib/python2.7/dist-packages/oslo/config/cfg.py:1941
2014-04-03 15:07:13.402 16144 DEBUG nova.openstack.common.service [-] send_arp_for_ha_count          = 3 log_opt_values /usr/lib/python2.7/dist-packages/oslo/config/cfg.py:1941
2014-04-03 15:07:13.414 16144 DEBUG nova.openstack.common.service [-] service_down_time              = 60 log_opt_values /usr/lib/python2.7/dist-packages/oslo/config/cfg.py:1941
2014-04-03 15:07:13.419 16144 DEBUG nova.openstack.common.service [-] servicegroup_driver            = db log_opt_values /usr/lib/python2.7/dist-packages/oslo/config/cfg.py:1941
2014-04-03 15:07:13.423 16144 DEBUG nova.openstack.common.service [-] share_dhcp_address             = False log_opt_values /usr/lib/python2.7/dist-packages/oslo/config/cfg.py:1941
2014-04-03 15:07:13.425 16144 DEBUG nova.openstack.common.service [-] shelved_offload_time           = 0 log_opt_values /usr/lib/python2.7/dist-packages/oslo/config/cfg.py:1941
2014-04-03 15:07:13.427 16144 DEBUG nova.openstack.common.service [-] shelved_poll_interval          = 3600 log_opt_values /usr/lib/python2.7/dist-packages/oslo/config/cfg.py:1941
2014-04-03 15:07:13.438 16144 DEBUG nova.openstack.common.service [-] snapshot_image_format          = None log_opt_values /usr/lib/python2.7/dist-packages/oslo/config/cfg.py:1941
2014-04-03 15:07:13.443 16144 DEBUG nova.openstack.common.service [-] snapshot_name_template         = snapshot-%s log_opt_values /usr/lib/python2.7/dist-packages/oslo/config/cfg.py:1941
2014-04-03 15:07:13.446 16144 DEBUG nova.openstack.common.service [-] sqlite_db                      = nova.sqlite log_opt_values /usr/lib/python2.7/dist-packages/oslo/config/cfg.py:1941
2014-04-03 15:07:13.449 16144 DEBUG nova.openstack.common.service [-] sqlite_synchronous             = True log_opt_values /usr/lib/python2.7/dist-packages/oslo/config/cfg.py:1941
2014-04-03 15:07:13.457 16144 DEBUG nova.openstack.common.service [-] ssl_ca_file                    = None log_opt_values /usr/lib/python2.7/dist-packages/oslo/config/cfg.py:1941
2014-04-03 15:07:13.468 16144 DEBUG nova.openstack.common.service [-] ssl_cert_file                  = None log_opt_values /usr/lib/python2.7/dist-packages/oslo/config/cfg.py:1941
2014-04-03 15:07:13.477 16144 DEBUG nova.openstack.common.service [-] ssl_key_file                   = None log_opt_values /usr/lib/python2.7/dist-packages/oslo/config/cfg.py:1941
2014-04-03 15:07:13.481 16144 DEBUG nova.openstack.common.service [-] state_path                     = /var/lib/nova log_opt_values /usr/lib/python2.7/dist-packages/oslo/config/cfg.py:1941
2014-04-03 15:07:13.485 16144 DEBUG nova.openstack.common.service [-] sync_power_state_interval      = 600 log_opt_values /usr/lib/python2.7/dist-packages/oslo/config/cfg.py:1941
2014-04-03 15:07:13.486 16144 DEBUG nova.openstack.common.service [-] syslog_log_facility            = LOG_USER log_opt_values /usr/lib/python2.7/dist-packages/oslo/config/cfg.py:1941
2014-04-03 15:07:13.488 16144 DEBUG nova.openstack.common.service [-] tcp_keepidle                   = 600 log_opt_values /usr/lib/python2.7/dist-packages/oslo/config/cfg.py:1941
2014-04-03 15:07:13.490 16144 DEBUG nova.openstack.common.service [-] teardown_unused_network_gateway = False log_opt_values /usr/lib/python2.7/dist-packages/oslo/config/cfg.py:1941
2014-04-03 15:07:13.493 16144 DEBUG nova.openstack.common.service [-] tempdir                        = None log_opt_values /usr/lib/python2.7/dist-packages/oslo/config/cfg.py:1941
2014-04-03 15:07:13.497 16144 DEBUG nova.openstack.common.service [-] until_refresh                  = 0 log_opt_values /usr/lib/python2.7/dist-packages/oslo/config/cfg.py:1941
2014-04-03 15:07:13.501 16144 DEBUG nova.openstack.common.service [-] update_dns_entries             = False log_opt_values /usr/lib/python2.7/dist-packages/oslo/config/cfg.py:1941
2014-04-03 15:07:13.509 16144 DEBUG nova.openstack.common.service [-] use_cow_images                 = True log_opt_values /usr/lib/python2.7/dist-packages/oslo/config/cfg.py:1941
2014-04-03 15:07:13.509 16144 DEBUG nova.openstack.common.service [-] use_forwarded_for              = False log_opt_values /usr/lib/python2.7/dist-packages/oslo/config/cfg.py:1941
2014-04-03 15:07:13.512 16144 DEBUG nova.openstack.common.service [-] use_ipv6                       = False log_opt_values /usr/lib/python2.7/dist-packages/oslo/config/cfg.py:1941
2014-04-03 15:07:13.519 16144 DEBUG nova.openstack.common.service [-] use_network_dns_servers        = False log_opt_values /usr/lib/python2.7/dist-packages/oslo/config/cfg.py:1941
2014-04-03 15:07:13.520 16144 DEBUG nova.openstack.common.service [-] use_project_ca                 = False log_opt_values /usr/lib/python2.7/dist-packages/oslo/config/cfg.py:1941
2014-04-03 15:07:13.522 16144 DEBUG nova.openstack.common.service [-] use_single_default_gateway     = False log_opt_values /usr/lib/python2.7/dist-packages/oslo/config/cfg.py:1941
2014-04-03 15:07:13.525 16144 DEBUG nova.openstack.common.service [-] use_stderr                     = True log_opt_values /usr/lib/python2.7/dist-packages/oslo/config/cfg.py:1941
2014-04-03 15:07:13.527 16144 DEBUG nova.openstack.common.service [-] use_syslog                     = False log_opt_values /usr/lib/python2.7/dist-packages/oslo/config/cfg.py:1941
2014-04-03 15:07:13.532 16144 DEBUG nova.openstack.common.service [-] use_usb_tablet                 = True log_opt_values /usr/lib/python2.7/dist-packages/oslo/config/cfg.py:1941
2014-04-03 15:07:13.541 16144 DEBUG nova.openstack.common.service [-] user_cert_subject              = /C=US/ST=California/O=OpenStack/OU=NovaDev/CN=%.16s-%.16s-%s log_opt_values /usr/lib/python2.7/dist-packages/oslo/config/cfg.py:1941
2014-04-03 15:07:13.544 16144 DEBUG nova.openstack.common.service [-] vcpu_pin_set                   = None log_opt_values /usr/lib/python2.7/dist-packages/oslo/config/cfg.py:1941
2014-04-03 15:07:13.544 16144 DEBUG nova.openstack.common.service [-] vendordata_driver              = nova.api.metadata.vendordata_json.JsonFileVendorData log_opt_values /usr/lib/python2.7/dist-packages/oslo/config/cfg.py:1941
2014-04-03 15:07:13.548 16144 DEBUG nova.openstack.common.service [-] verbose                        = True log_opt_values /usr/lib/python2.7/dist-packages/oslo/config/cfg.py:1941
2014-04-03 15:07:13.561 16144 DEBUG nova.openstack.common.service [-] virt_mkfs                      = ['default=mkfs.ext3 -L %(fs_label)s -F %(target)s', 'linux=mkfs.ext3 -L %(fs_label)s -F %(target)s', 'windows=mkfs.ntfs --force --fast --label %(fs_label)s %(target)s'] log_opt_values /usr/lib/python2.7/dist-packages/oslo/config/cfg.py:1941
2014-04-03 15:07:13.565 16144 DEBUG nova.openstack.common.service [-] vlan_interface                 = None log_opt_values /usr/lib/python2.7/dist-packages/oslo/config/cfg.py:1941
2014-04-03 15:07:13.568 16144 DEBUG nova.openstack.common.service [-] vlan_start                     = 100 log_opt_values /usr/lib/python2.7/dist-packages/oslo/config/cfg.py:1941
2014-04-03 15:07:13.569 16144 DEBUG nova.openstack.common.service [-] vnc_enabled                    = True log_opt_values /usr/lib/python2.7/dist-packages/oslo/config/cfg.py:1941
2014-04-03 15:07:13.570 16144 DEBUG nova.openstack.common.service [-] vnc_keymap                     = en-us log_opt_values /usr/lib/python2.7/dist-packages/oslo/config/cfg.py:1941
2014-04-03 15:07:13.570 16144 DEBUG nova.openstack.common.service [-] vncserver_listen               = 10.233.52.67 log_opt_values /usr/lib/python2.7/dist-packages/oslo/config/cfg.py:1941
2014-04-03 15:07:13.573 16144 DEBUG nova.openstack.common.service [-] vncserver_proxyclient_address  = 10.233.52.67 log_opt_values /usr/lib/python2.7/dist-packages/oslo/config/cfg.py:1941
2014-04-03 15:07:13.577 16144 DEBUG nova.openstack.common.service [-] volume_api_class               = nova.volume.cinder.API log_opt_values /usr/lib/python2.7/dist-packages/oslo/config/cfg.py:1941
2014-04-03 15:07:13.583 16144 DEBUG nova.openstack.common.service [-] volume_usage_poll_interval     = 0 log_opt_values /usr/lib/python2.7/dist-packages/oslo/config/cfg.py:1941
2014-04-03 15:07:13.584 16144 DEBUG nova.openstack.common.service [-] vpn_flavor                     = m1.tiny log_opt_values /usr/lib/python2.7/dist-packages/oslo/config/cfg.py:1941
2014-04-03 15:07:13.589 16144 DEBUG nova.openstack.common.service [-] vpn_image_id                   = 0 log_opt_values /usr/lib/python2.7/dist-packages/oslo/config/cfg.py:1941
2014-04-03 15:07:13.597 16144 DEBUG nova.openstack.common.service [-] vpn_ip                         = 10.233.52.67 log_opt_values /usr/lib/python2.7/dist-packages/oslo/config/cfg.py:1941
2014-04-03 15:07:13.599 16144 DEBUG nova.openstack.common.service [-] vpn_key_suffix                 = -vpn log_opt_values /usr/lib/python2.7/dist-packages/oslo/config/cfg.py:1941
2014-04-03 15:07:13.602 16144 DEBUG nova.openstack.common.service [-] vpn_start                      = 1000 log_opt_values /usr/lib/python2.7/dist-packages/oslo/config/cfg.py:1941
2014-04-03 15:07:13.604 16144 DEBUG nova.openstack.common.service [-] wsgi_log_format                = %(client_ip)s "%(request_line)s" status: %(status_code)s len: %(body_length)s time: %(wall_seconds).7f log_opt_values /usr/lib/python2.7/dist-packages/oslo/config/cfg.py:1941
2014-04-03 15:07:13.609 16144 DEBUG nova.openstack.common.service [-] xen_hvmloader_path             = /usr/lib/xen/boot/hvmloader log_opt_values /usr/lib/python2.7/dist-packages/oslo/config/cfg.py:1941
2014-04-03 15:07:13.617 16144 DEBUG nova.openstack.common.service [-] xvpvncproxy_base_url           = http://127.0.0.1:6081/console log_opt_values /usr/lib/python2.7/dist-packages/oslo/config/cfg.py:1941
2014-04-03 15:07:13.617 16144 DEBUG nova.openstack.common.service [-] osapi_v3.enabled               = False log_opt_values /usr/lib/python2.7/dist-packages/oslo/config/cfg.py:1949
2014-04-03 15:07:13.621 16144 DEBUG nova.openstack.common.service [-] osapi_v3.extensions_blacklist  = [] log_opt_values /usr/lib/python2.7/dist-packages/oslo/config/cfg.py:1949
2014-04-03 15:07:13.625 16144 DEBUG nova.openstack.common.service [-] osapi_v3.extensions_whitelist  = [] log_opt_values /usr/lib/python2.7/dist-packages/oslo/config/cfg.py:1949
2014-04-03 15:07:13.627 16144 DEBUG nova.openstack.common.service [-] conductor.manager              = nova.conductor.manager.ConductorManager log_opt_values /usr/lib/python2.7/dist-packages/oslo/config/cfg.py:1949
2014-04-03 15:07:13.639 16144 DEBUG nova.openstack.common.service [-] conductor.topic                = conductor log_opt_values /usr/lib/python2.7/dist-packages/oslo/config/cfg.py:1949
2014-04-03 15:07:13.639 16144 DEBUG nova.openstack.common.service [-] conductor.use_local            = False log_opt_values /usr/lib/python2.7/dist-packages/oslo/config/cfg.py:1949
2014-04-03 15:07:13.640 16144 DEBUG nova.openstack.common.service [-] conductor.workers              = None log_opt_values /usr/lib/python2.7/dist-packages/oslo/config/cfg.py:1949
2014-04-03 15:07:13.645 16144 DEBUG nova.openstack.common.service [-] keymgr.api_class               = nova.keymgr.conf_key_mgr.ConfKeyManager log_opt_values /usr/lib/python2.7/dist-packages/oslo/config/cfg.py:1949
2014-04-03 15:07:13.649 16144 DEBUG nova.openstack.common.service [-] cells.bandwidth_update_interval = 600 log_opt_values /usr/lib/python2.7/dist-packages/oslo/config/cfg.py:1949
2014-04-03 15:07:13.652 16144 DEBUG nova.openstack.common.service [-] cells.call_timeout             = 60 log_opt_values /usr/lib/python2.7/dist-packages/oslo/config/cfg.py:1949
2014-04-03 15:07:13.653 16144 DEBUG nova.openstack.common.service [-] cells.capabilities             = ['hypervisor=xenserver;kvm', 'os=linux;windows'] log_opt_values /usr/lib/python2.7/dist-packages/oslo/config/cfg.py:1949
2014-04-03 15:07:13.660 16144 DEBUG nova.openstack.common.service [-] cells.cell_type                = None log_opt_values /usr/lib/python2.7/dist-packages/oslo/config/cfg.py:1949
2014-04-03 15:07:13.661 16144 DEBUG nova.openstack.common.service [-] cells.enable                   = False log_opt_values /usr/lib/python2.7/dist-packages/oslo/config/cfg.py:1949
2014-04-03 15:07:13.665 16144 DEBUG nova.openstack.common.service [-] cells.manager                  = nova.cells.manager.CellsManager log_opt_values /usr/lib/python2.7/dist-packages/oslo/config/cfg.py:1949
2014-04-03 15:07:13.666 16144 DEBUG nova.openstack.common.service [-] cells.mute_child_interval      = 300 log_opt_values /usr/lib/python2.7/dist-packages/oslo/config/cfg.py:1949
2014-04-03 15:07:13.669 16144 DEBUG nova.openstack.common.service [-] cells.name                     = nova log_opt_values /usr/lib/python2.7/dist-packages/oslo/config/cfg.py:1949
2014-04-03 15:07:13.676 16144 DEBUG nova.openstack.common.service [-] cells.reserve_percent          = 10.0 log_opt_values /usr/lib/python2.7/dist-packages/oslo/config/cfg.py:1949
2014-04-03 15:07:13.678 16144 DEBUG nova.openstack.common.service [-] cells.topic                    = cells log_opt_values /usr/lib/python2.7/dist-packages/oslo/config/cfg.py:1949
2014-04-03 15:07:13.681 16144 DEBUG nova.openstack.common.service [-] database.backend               = sqlalchemy log_opt_values /usr/lib/python2.7/dist-packages/oslo/config/cfg.py:1949
2014-04-03 15:07:13.688 16144 DEBUG nova.openstack.common.service [-] database.connection            = *********************************** log_opt_values /usr/lib/python2.7/dist-packages/oslo/config/cfg.py:1949
2014-04-03 15:07:13.690 16144 DEBUG nova.openstack.common.service [-] database.connection_debug      = 0 log_opt_values /usr/lib/python2.7/dist-packages/oslo/config/cfg.py:1949
2014-04-03 15:07:13.696 16144 DEBUG nova.openstack.common.service [-] database.connection_trace      = False log_opt_values /usr/lib/python2.7/dist-packages/oslo/config/cfg.py:1949
2014-04-03 15:07:13.701 16144 DEBUG nova.openstack.common.service [-] database.idle_timeout          = 3600 log_opt_values /usr/lib/python2.7/dist-packages/oslo/config/cfg.py:1949
2014-04-03 15:07:13.705 16144 DEBUG nova.openstack.common.service [-] database.max_overflow          = None log_opt_values /usr/lib/python2.7/dist-packages/oslo/config/cfg.py:1949
2014-04-03 15:07:13.709 16144 DEBUG nova.openstack.common.service [-] database.max_pool_size         = None log_opt_values /usr/lib/python2.7/dist-packages/oslo/config/cfg.py:1949
2014-04-03 15:07:13.717 16144 DEBUG nova.openstack.common.service [-] database.max_retries           = 10 log_opt_values /usr/lib/python2.7/dist-packages/oslo/config/cfg.py:1949
2014-04-03 15:07:13.718 16144 DEBUG nova.openstack.common.service [-] database.min_pool_size         = 1 log_opt_values /usr/lib/python2.7/dist-packages/oslo/config/cfg.py:1949
2014-04-03 15:07:13.721 16144 DEBUG nova.openstack.common.service [-] database.pool_timeout          = None log_opt_values /usr/lib/python2.7/dist-packages/oslo/config/cfg.py:1949
2014-04-03 15:07:13.725 16144 DEBUG nova.openstack.common.service [-] database.retry_interval        = 10 log_opt_values /usr/lib/python2.7/dist-packages/oslo/config/cfg.py:1949
2014-04-03 15:07:13.727 16144 DEBUG nova.openstack.common.service [-] database.slave_connection      =  log_opt_values /usr/lib/python2.7/dist-packages/oslo/config/cfg.py:1949
2014-04-03 15:07:13.729 16144 DEBUG nova.openstack.common.service [-] database.use_tpool             = False log_opt_values /usr/lib/python2.7/dist-packages/oslo/config/cfg.py:1949
2014-04-03 15:07:13.733 16144 DEBUG nova.openstack.common.service [-] image_file_url.filesystems     = [] log_opt_values /usr/lib/python2.7/dist-packages/oslo/config/cfg.py:1949
2014-04-03 15:07:13.737 16144 DEBUG nova.openstack.common.service [-] trusted_computing.attestation_api_url = /OpenAttestationWebServices/V1.0 log_opt_values /usr/lib/python2.7/dist-packages/oslo/config/cfg.py:1949
2014-04-03 15:07:13.741 16144 DEBUG nova.openstack.common.service [-] trusted_computing.attestation_auth_blob = None log_opt_values /usr/lib/python2.7/dist-packages/oslo/config/cfg.py:1949
2014-04-03 15:07:13.743 16144 DEBUG nova.openstack.common.service [-] trusted_computing.attestation_auth_timeout = 60 log_opt_values /usr/lib/python2.7/dist-packages/oslo/config/cfg.py:1949
2014-04-03 15:07:13.745 16144 DEBUG nova.openstack.common.service [-] trusted_computing.attestation_port = 8443 log_opt_values /usr/lib/python2.7/dist-packages/oslo/config/cfg.py:1949
2014-04-03 15:07:13.746 16144 DEBUG nova.openstack.common.service [-] trusted_computing.attestation_server = None log_opt_values /usr/lib/python2.7/dist-packages/oslo/config/cfg.py:1949
2014-04-03 15:07:13.753 16144 DEBUG nova.openstack.common.service [-] trusted_computing.attestation_server_ca_file = None log_opt_values /usr/lib/python2.7/dist-packages/oslo/config/cfg.py:1949
2014-04-03 15:07:13.760 16144 DEBUG nova.openstack.common.service [-] upgrade_levels.baseapi         = None log_opt_values /usr/lib/python2.7/dist-packages/oslo/config/cfg.py:1949
2014-04-03 15:07:13.768 16144 DEBUG nova.openstack.common.service [-] upgrade_levels.cells           = None log_opt_values /usr/lib/python2.7/dist-packages/oslo/config/cfg.py:1949
2014-04-03 15:07:13.771 16144 DEBUG nova.openstack.common.service [-] upgrade_levels.compute         = None log_opt_values /usr/lib/python2.7/dist-packages/oslo/config/cfg.py:1949
2014-04-03 15:07:13.775 16144 DEBUG nova.openstack.common.service [-] upgrade_levels.conductor       = None log_opt_values /usr/lib/python2.7/dist-packages/oslo/config/cfg.py:1949
2014-04-03 15:07:13.775 16144 DEBUG nova.openstack.common.service [-] upgrade_levels.console         = None log_opt_values /usr/lib/python2.7/dist-packages/oslo/config/cfg.py:1949
2014-04-03 15:07:13.776 16144 DEBUG nova.openstack.common.service [-] upgrade_levels.consoleauth     = None log_opt_values /usr/lib/python2.7/dist-packages/oslo/config/cfg.py:1949
2014-04-03 15:07:13.779 16144 DEBUG nova.openstack.common.service [-] upgrade_levels.network         = None log_opt_values /usr/lib/python2.7/dist-packages/oslo/config/cfg.py:1949
2014-04-03 15:07:13.784 16144 DEBUG nova.openstack.common.service [-] upgrade_levels.scheduler       = None log_opt_values /usr/lib/python2.7/dist-packages/oslo/config/cfg.py:1949
2014-04-03 15:07:13.785 16144 DEBUG nova.openstack.common.service [-] spice.agent_enabled            = True log_opt_values /usr/lib/python2.7/dist-packages/oslo/config/cfg.py:1949
2014-04-03 15:07:13.789 16144 DEBUG nova.openstack.common.service [-] spice.enabled                  = False log_opt_values /usr/lib/python2.7/dist-packages/oslo/config/cfg.py:1949
2014-04-03 15:07:13.793 16144 DEBUG nova.openstack.common.service [-] spice.html5proxy_base_url      = http://127.0.0.1:6082/spice_auto.html log_opt_values /usr/lib/python2.7/dist-packages/oslo/config/cfg.py:1949
2014-04-03 15:07:13.801 16144 DEBUG nova.openstack.common.service [-] spice.keymap                   = en-us log_opt_values /usr/lib/python2.7/dist-packages/oslo/config/cfg.py:1949
2014-04-03 15:07:13.805 16144 DEBUG nova.openstack.common.service [-] spice.server_listen            = 127.0.0.1 log_opt_values /usr/lib/python2.7/dist-packages/oslo/config/cfg.py:1949
2014-04-03 15:07:13.806 16144 DEBUG nova.openstack.common.service [-] spice.server_proxyclient_address = 127.0.0.1 log_opt_values /usr/lib/python2.7/dist-packages/oslo/config/cfg.py:1949
2014-04-03 15:07:13.809 16144 DEBUG nova.openstack.common.service [-] ******************************************************************************** log_opt_values /usr/lib/python2.7/dist-packages/oslo/config/cfg.py:1951
2014-04-03 15:07:13.813 16144 AUDIT nova.service [-] Starting scheduler node (version 2013.2.2)
2014-04-03 15:07:13.816 16144 DEBUG nova.openstack.common.lockutils [req-0b3f06ca-7ffd-462a-95e6-915832c039b2 None None] Got semaphore "dbapi_backend" lock /usr/lib/python2.7/dist-packages/nova/openstack/common/lockutils.py:166
2014-04-03 15:07:13.833 16144 DEBUG nova.openstack.common.lockutils [req-0b3f06ca-7ffd-462a-95e6-915832c039b2 None None] Got semaphore / lock "__get_backend" inner /usr/lib/python2.7/dist-packages/nova/openstack/common/lockutils.py:245
2014-04-03 15:07:19.997 16144 DEBUG amqp [-] Start from server, version: 0.9, properties: {u'information': u'Licensed under the MPL.  See http://www.rabbitmq.com/', u'product': u'RabbitMQ', u'copyright': u'Copyright (C) 2007-2011 VMware, Inc.', u'capabilities': {u'exchange_exchange_bindings': True, u'consumer_cancel_notify': True, u'publisher_confirms': True, u'basic.nack': True}, u'platform': u'Erlang/OTP', u'version': u'2.7.1'}, mechanisms: [u'PLAIN', u'AMQPLAIN'], locales: [u'en_US'] _start /usr/lib/python2.7/dist-packages/amqp/connection.py:706
2014-04-03 15:07:20.006 16144 DEBUG amqp [-] Open OK! _open_ok /usr/lib/python2.7/dist-packages/amqp/connection.py:592
2014-04-03 15:07:20.007 16144 DEBUG amqp [-] using channel_id: 1 __init__ /usr/lib/python2.7/dist-packages/amqp/channel.py:70
2014-04-03 15:07:20.011 16144 DEBUG amqp [-] Channel open _open_ok /usr/lib/python2.7/dist-packages/amqp/channel.py:420
2014-04-03 15:07:20.011 16144 INFO nova.openstack.common.rpc.common [req-0b3f06ca-7ffd-462a-95e6-915832c039b2 None None] Connected to AMQP server on controller:5672
2014-04-03 15:07:20.012 16144 DEBUG nova.service [req-0b3f06ca-7ffd-462a-95e6-915832c039b2 None None] Creating Consumer connection for Service scheduler start /usr/lib/python2.7/dist-packages/nova/service.py:171
2014-04-03 15:07:20.037 16144 DEBUG nova.service [req-0b3f06ca-7ffd-462a-95e6-915832c039b2 None None] Join ServiceGroup membership for this service scheduler start /usr/lib/python2.7/dist-packages/nova/service.py:189
2014-04-03 15:07:20.037 16144 DEBUG nova.servicegroup.api [req-0b3f06ca-7ffd-462a-95e6-915832c039b2 None None] Join new ServiceGroup member controller to the scheduler group, service = <nova.service.Service object at 0x3e81750> join /usr/lib/python2.7/dist-packages/nova/servicegroup/api.py:87
2014-04-03 15:07:20.040 16144 DEBUG nova.servicegroup.drivers.db [req-0b3f06ca-7ffd-462a-95e6-915832c039b2 None None] DB_Driver: join new ServiceGroup member controller to the scheduler group, service = <nova.service.Service object at 0x3e81750> join /usr/lib/python2.7/dist-packages/nova/servicegroup/drivers/db.py:45
2014-04-03 15:08:01.046 16144 DEBUG nova.openstack.common.periodic_task [req-4499e0dc-79e8-489f-8424-24dfcba765b0 None None] Running periodic task SchedulerManager._expire_reservations run_periodic_tasks /usr/lib/python2.7/dist-packages/nova/openstack/common/periodic_task.py:176
2014-04-03 15:08:01.060 16144 DEBUG nova.openstack.common.loopingcall [-] Dynamic looping call sleeping for 60.00 seconds _inner /usr/lib/python2.7/dist-packages/nova/openstack/common/loopingcall.py:132
2014-04-03 15:08:56.181 16144 DEBUG nova.openstack.common.rpc.amqp [-] received {u'_context_roles': [u'admin'], u'_context_request_id': u'req-55f4156f-aa91-4b04-bc06-c6267c155e56', u'_context_quota_class': None, u'_context_user_name': u'admin', u'_context_project_name': u'admin', u'_context_service_catalog': [], u'_context_tenant': u'fd2b05cbcbd2418a9767633d0130e127', u'_context_auth_token': '<SANITIZED>', u'args': {u'legacy_bdm_in_spec': False, u'request_spec': {u'num_instances': 1, u'block_device_mapping': [{u'instance_uuid': u'b18a0b79-1c5a-460a-bb7e-fc82258f78f2', u'guest_format': None, u'boot_index': 0, u'no_device': None, u'connection_info': None, u'volume_id': None, u'volume_size': None, u'device_name': None, u'disk_bus': None, u'image_id': u'eeda37d3-f5ca-4f10-a03b-d9ef9959765c', u'source_type': u'image', u'device_type': u'disk', u'snapshot_id': None, u'destination_type': u'local', u'delete_on_termination': True}], u'image': {u'status': u'active', u'name': u'CirrOS 0.3.1', u'deleted': False, u'container_format': u'bare', u'created_at': u'2014-03-11T14:48:18.000000', u'disk_format': u'qcow2', u'updated_at': u'2014-03-11T14:48:21.000000', u'properties': {}, u'min_disk': 0, u'min_ram': 0, u'checksum': u'd972013792949d0d3ba628fbe8685bce', u'owner': u'fd2b05cbcbd2418a9767633d0130e127', u'is_public': True, u'deleted_at': None, u'id': u'eeda37d3-f5ca-4f10-a03b-d9ef9959765c', u'size': 13147648}, u'instance_type': {u'root_gb': 0, u'name': u'myflavor', u'ephemeral_gb': 0, u'memory_mb': 50, u'vcpus': 1, u'extra_specs': {}, u'swap': 0, u'rxtx_factor': 1.0, u'flavorid': u'6', u'vcpu_weight': None, u'id': 6}, u'instance_properties': {u'vm_state': u'building', u'availability_zone': None, u'terminated_at': None, u'ephemeral_gb': 0, u'instance_type_id': 6, u'user_data': None, u'cleaned': False, u'vm_mode': None, u'deleted_at': None, u'reservation_id': u'r-ijk07yx8', u'id': 13, u'security_groups': {u'objects': []}, u'disable_terminate': False, u'root_device_name': None, u'display_name': u'mymachine2', u'uuid': u'b18a0b79-1c5a-460a-bb7e-fc82258f78f2', u'default_swap_device': None, u'info_cache': {u'instance_uuid': u'b18a0b79-1c5a-460a-bb7e-fc82258f78f2', u'network_info': []}, u'hostname': u'mymachine2', u'launched_on': None, u'display_description': u'mymachine2', u'key_data': None, u'deleted': False, u'scheduled_at': None, u'power_state': 0, u'default_ephemeral_device': None, u'progress': 0, u'project_id': u'fd2b05cbcbd2418a9767633d0130e127', u'launched_at': None, u'config_drive': u'', u'node': None, u'ramdisk_id': u'', u'access_ip_v6': None, u'access_ip_v4': None, u'kernel_id': u'', u'key_name': None, u'updated_at': None, u'host': None, u'user_id': u'51ec78d3acd54e49a159516bb4979dc4', u'system_metadata': {u'instance_type_memory_mb': 50, u'instance_type_swap': 0, u'instance_type_vcpu_weight': None, u'instance_type_root_gb': 0, u'instance_type_name': u'myflavor', u'instance_type_id': 6, u'instance_type_ephemeral_gb': 0, u'instance_type_rxtx_factor': 1.0, u'image_disk_format': u'qcow2', u'instance_type_flavorid': u'6', u'instance_type_vcpus': 1, u'image_container_format': u'bare', u'image_min_ram': 0, u'image_min_disk': 0, u'image_base_image_ref': u'eeda37d3-f5ca-4f10-a03b-d9ef9959765c'}, u'task_state': u'scheduling', u'shutdown_terminate': False, u'cell_name': None, u'root_gb': 0, u'locked': False, u'name': u'instance-0000000d', u'created_at': u'2014-04-03T09:38:55.999777', u'locked_by': None, u'launch_index': 0, u'memory_mb': 50, u'vcpus': 1, u'image_ref': u'eeda37d3-f5ca-4f10-a03b-d9ef9959765c', u'architecture': None, u'auto_disk_config': False, u'os_type': None, u'metadata': {}}, u'security_group': [u'default'], u'instance_uuids': [u'b18a0b79-1c5a-460a-bb7e-fc82258f78f2']}, u'is_first_time': True, u'filter_properties': {u'instance_type': {u'disabled': False, u'root_gb': 0, u'name': u'myflavor', u'flavorid': u'6', u'deleted': 0, u'created_at': u'2014-03-12T05:08:02.000000', u'ephemeral_gb': 0, u'updated_at': None, u'memory_mb': 50, u'vcpus': 1, u'extra_specs': {}, u'swap': 0, u'rxtx_factor': 1.0, u'is_public': True, u'deleted_at': None, u'vcpu_weight': None, u'id': 6}, u'scheduler_hints': {}}, u'admin_password': '<SANITIZED>', u'injected_files': [], u'requested_networks': [[u'53226ed5-fd71-4a6c-8d8e-fc68df4335ac', None, None]]}, u'namespace': None, u'_context_instance_lock_checked': False, u'_context_timestamp': u'2014-04-03T09:38:55.676883', u'_context_is_admin': True, u'version': u'2.9', u'_context_project_id': u'fd2b05cbcbd2418a9767633d0130e127', u'_context_user': u'51ec78d3acd54e49a159516bb4979dc4', u'_unique_id': u'2fa8774c1fbb44fe874a1e2c6cf3f03a', u'_context_read_deleted': u'no', u'_context_user_id': u'51ec78d3acd54e49a159516bb4979dc4', u'method': u'run_instance', u'_context_remote_address': u'127.0.0.1'} _safe_log /usr/lib/python2.7/dist-packages/nova/openstack/common/rpc/common.py:277
2014-04-03 15:08:56.183 16144 DEBUG nova.openstack.common.rpc.amqp [-] unpacked context: {'read_deleted': u'no', 'project_name': u'admin', 'user_id': u'51ec78d3acd54e49a159516bb4979dc4', 'roles': [u'admin'], 'timestamp': u'2014-04-03T09:38:55.676883', 'auth_token': '<SANITIZED>', 'remote_address': u'127.0.0.1', 'quota_class': None, 'is_admin': True, 'user': u'51ec78d3acd54e49a159516bb4979dc4', 'service_catalog': [], 'request_id': u'req-55f4156f-aa91-4b04-bc06-c6267c155e56', 'instance_lock_checked': False, 'project_id': u'fd2b05cbcbd2418a9767633d0130e127', 'user_name': u'admin', 'tenant': u'fd2b05cbcbd2418a9767633d0130e127'} _safe_log /usr/lib/python2.7/dist-packages/nova/openstack/common/rpc/common.py:277
2014-04-03 15:08:56.185 16144 DEBUG stevedore.extension [-] found extension EntryPoint.parse('file = nova.image.download.file') _load_plugins /usr/lib/python2.7/dist-packages/stevedore/extension.py:84
2014-04-03 15:08:56.190 16144 DEBUG stevedore.extension [-] found extension EntryPoint.parse('file = nova.image.download.file') _load_plugins /usr/lib/python2.7/dist-packages/stevedore/extension.py:84
2014-04-03 15:08:56.231 16144 INFO nova.scheduler.filter_scheduler [req-55f4156f-aa91-4b04-bc06-c6267c155e56 51ec78d3acd54e49a159516bb4979dc4 fd2b05cbcbd2418a9767633d0130e127] Attempting to build 1 instance(s) uuids: [u'b18a0b79-1c5a-460a-bb7e-fc82258f78f2']
2014-04-03 15:08:56.231 16144 DEBUG nova.scheduler.filter_scheduler [req-55f4156f-aa91-4b04-bc06-c6267c155e56 51ec78d3acd54e49a159516bb4979dc4 fd2b05cbcbd2418a9767633d0130e127] Request Spec: {u'num_instances': 1, u'block_device_mapping': [{u'instance_uuid': u'b18a0b79-1c5a-460a-bb7e-fc82258f78f2', u'guest_format': None, u'boot_index': 0, u'delete_on_termination': True, u'no_device': None, u'connection_info': None, u'snapshot_id': None, u'device_name': None, u'disk_bus': None, u'image_id': u'eeda37d3-f5ca-4f10-a03b-d9ef9959765c', u'source_type': u'image', u'device_type': u'disk', u'volume_id': None, u'destination_type': u'local', u'volume_size': None}], u'image': {u'status': u'active', u'name': u'CirrOS 0.3.1', u'deleted': False, u'container_format': u'bare', u'created_at': u'2014-03-11T14:48:18.000000', u'disk_format': u'qcow2', u'updated_at': u'2014-03-11T14:48:21.000000', u'id': u'eeda37d3-f5ca-4f10-a03b-d9ef9959765c', u'owner': u'fd2b05cbcbd2418a9767633d0130e127', u'min_ram': 0, u'checksum': u'd972013792949d0d3ba628fbe8685bce', u'min_disk': 0, u'is_public': True, u'deleted_at': None, u'properties': {}, u'size': 13147648}, u'instance_type': {u'root_gb': 0, u'name': u'myflavor', u'ephemeral_gb': 0, u'memory_mb': 50, u'vcpus': 1, u'extra_specs': {}, u'swap': 0, u'rxtx_factor': 1.0, u'flavorid': u'6', u'vcpu_weight': None, u'id': 6}, u'instance_properties': {u'vm_state': u'building', u'availability_zone': None, u'terminated_at': None, u'ephemeral_gb': 0, u'instance_type_id': 6, u'user_data': None, u'cleaned': False, u'vm_mode': None, u'deleted_at': None, u'reservation_id': u'r-ijk07yx8', u'id': 13, u'security_groups': {u'objects': []}, u'disable_terminate': False, u'display_name': u'mymachine2', u'uuid': u'b18a0b79-1c5a-460a-bb7e-fc82258f78f2', u'default_swap_device': None, u'info_cache': {u'instance_uuid': u'b18a0b79-1c5a-460a-bb7e-fc82258f78f2', u'network_info': []}, u'hostname': u'mymachine2', u'launched_on': None, u'display_description': u'mymachine2', u'key_data': None, u'kernel_id': u'', u'power_state': 0, u'default_ephemeral_device': None, u'progress': 0, u'project_id': u'fd2b05cbcbd2418a9767633d0130e127', u'launched_at': None, u'config_drive': u'', u'node': None, u'ramdisk_id': u'', u'access_ip_v6': None, u'access_ip_v4': None, u'deleted': False, u'key_name': None, u'updated_at': None, u'host': None, u'architecture': None, u'user_id': u'51ec78d3acd54e49a159516bb4979dc4', u'system_metadata': {u'image_min_disk': 0, u'instance_type_memory_mb': 50, u'instance_type_swap': 0, u'instance_type_vcpu_weight': None, u'instance_type_root_gb': 0, u'instance_type_id': 6, u'instance_type_name': u'myflavor', u'instance_type_ephemeral_gb': 0, u'instance_type_rxtx_factor': 1.0, u'instance_type_flavorid': u'6', u'image_container_format': u'bare', u'instance_type_vcpus': 1, u'image_min_ram': 0, u'image_disk_format': u'qcow2', u'image_base_image_ref': u'eeda37d3-f5ca-4f10-a03b-d9ef9959765c'}, u'task_state': u'scheduling', u'shutdown_terminate': False, u'cell_name': None, u'root_gb': 0, u'locked': False, u'name': u'instance-0000000d', u'created_at': u'2014-04-03T09:38:55.999777', u'locked_by': None, u'launch_index': 0, u'metadata': {}, u'memory_mb': 50, u'vcpus': 1, u'image_ref': u'eeda37d3-f5ca-4f10-a03b-d9ef9959765c', u'root_device_name': None, u'auto_disk_config': False, u'os_type': None, u'scheduled_at': None}, u'security_group': [u'default'], u'instance_uuids': [u'b18a0b79-1c5a-460a-bb7e-fc82258f78f2']} schedule_run_instance /usr/lib/python2.7/dist-packages/nova/scheduler/filter_scheduler.py:82
2014-04-03 15:08:56.253 16144 DEBUG nova.filters [req-55f4156f-aa91-4b04-bc06-c6267c155e56 51ec78d3acd54e49a159516bb4979dc4 fd2b05cbcbd2418a9767633d0130e127] Starting with 1 host(s) get_filtered_objects /usr/lib/python2.7/dist-packages/nova/filters.py:70
2014-04-03 15:08:56.257 16144 DEBUG nova.scheduler.filters.retry_filter [req-55f4156f-aa91-4b04-bc06-c6267c155e56 51ec78d3acd54e49a159516bb4979dc4 fd2b05cbcbd2418a9767633d0130e127] Host [u'compute1', u'compute1'] passes.  Previously tried hosts: [] host_passes /usr/lib/python2.7/dist-packages/nova/scheduler/filters/retry_filter.py:45
2014-04-03 15:08:56.257 16144 DEBUG nova.filters [req-55f4156f-aa91-4b04-bc06-c6267c155e56 51ec78d3acd54e49a159516bb4979dc4 fd2b05cbcbd2418a9767633d0130e127] Filter RetryFilter returned 1 host(s) get_filtered_objects /usr/lib/python2.7/dist-packages/nova/filters.py:85
2014-04-03 15:08:56.258 16144 DEBUG nova.filters [req-55f4156f-aa91-4b04-bc06-c6267c155e56 51ec78d3acd54e49a159516bb4979dc4 fd2b05cbcbd2418a9767633d0130e127] Filter AvailabilityZoneFilter returned 1 host(s) get_filtered_objects /usr/lib/python2.7/dist-packages/nova/filters.py:85
2014-04-03 15:08:56.261 16144 DEBUG nova.filters [req-55f4156f-aa91-4b04-bc06-c6267c155e56 51ec78d3acd54e49a159516bb4979dc4 fd2b05cbcbd2418a9767633d0130e127] Filter RamFilter returned 1 host(s) get_filtered_objects /usr/lib/python2.7/dist-packages/nova/filters.py:85
2014-04-03 15:08:56.261 16144 DEBUG nova.servicegroup.api [req-55f4156f-aa91-4b04-bc06-c6267c155e56 51ec78d3acd54e49a159516bb4979dc4 fd2b05cbcbd2418a9767633d0130e127] Check if the given member [{u'binary': u'nova-compute', u'deleted': 0L, u'created_at': datetime.datetime(2014, 3, 12, 5, 5, 46), u'updated_at': datetime.datetime(2014, 4, 3, 9, 38, 49), u'report_count': 84209L, u'topic': u'compute', u'host': u'compute1', u'disabled': False, u'deleted_at': None, u'disabled_reason': None, u'id': 5L}] is part of the ServiceGroup, is up service_is_up /usr/lib/python2.7/dist-packages/nova/servicegroup/api.py:94
2014-04-03 15:08:56.262 16144 DEBUG nova.servicegroup.drivers.db [req-55f4156f-aa91-4b04-bc06-c6267c155e56 51ec78d3acd54e49a159516bb4979dc4 fd2b05cbcbd2418a9767633d0130e127] DB_Driver.is_up last_heartbeat = 2014-04-03 09:38:49 elapsed = 7.262075 is_up /usr/lib/python2.7/dist-packages/nova/servicegroup/drivers/db.py:71
2014-04-03 15:08:56.262 16144 DEBUG nova.filters [req-55f4156f-aa91-4b04-bc06-c6267c155e56 51ec78d3acd54e49a159516bb4979dc4 fd2b05cbcbd2418a9767633d0130e127] Filter ComputeFilter returned 1 host(s) get_filtered_objects /usr/lib/python2.7/dist-packages/nova/filters.py:85
2014-04-03 15:08:56.268 16144 DEBUG nova.filters [req-55f4156f-aa91-4b04-bc06-c6267c155e56 51ec78d3acd54e49a159516bb4979dc4 fd2b05cbcbd2418a9767633d0130e127] Filter ComputeCapabilitiesFilter returned 1 host(s) get_filtered_objects /usr/lib/python2.7/dist-packages/nova/filters.py:85
2014-04-03 15:08:56.269 16144 DEBUG nova.filters [req-55f4156f-aa91-4b04-bc06-c6267c155e56 51ec78d3acd54e49a159516bb4979dc4 fd2b05cbcbd2418a9767633d0130e127] Filter ImagePropertiesFilter returned 1 host(s) get_filtered_objects /usr/lib/python2.7/dist-packages/nova/filters.py:85
2014-04-03 15:08:56.273 16144 DEBUG nova.scheduler.filter_scheduler [req-55f4156f-aa91-4b04-bc06-c6267c155e56 51ec78d3acd54e49a159516bb4979dc4 fd2b05cbcbd2418a9767633d0130e127] Filtered [(compute1, compute1) ram:1328 disk:10240 io_ops:0 instances:1] _schedule /usr/lib/python2.7/dist-packages/nova/scheduler/filter_scheduler.py:339
2014-04-03 15:08:56.273 16144 DEBUG nova.scheduler.filter_scheduler [req-55f4156f-aa91-4b04-bc06-c6267c155e56 51ec78d3acd54e49a159516bb4979dc4 fd2b05cbcbd2418a9767633d0130e127] Weighed [WeighedHost [host: compute1, weight: 1328.0]] _schedule /usr/lib/python2.7/dist-packages/nova/scheduler/filter_scheduler.py:344
2014-04-03 15:08:56.274 16144 INFO nova.scheduler.filter_scheduler [req-55f4156f-aa91-4b04-bc06-c6267c155e56 51ec78d3acd54e49a159516bb4979dc4 fd2b05cbcbd2418a9767633d0130e127] Choosing host WeighedHost [host: compute1, weight: 1328.0] for instance b18a0b79-1c5a-460a-bb7e-fc82258f78f2
2014-04-03 15:08:56.470 16144 DEBUG nova.openstack.common.rpc.amqp [req-55f4156f-aa91-4b04-bc06-c6267c155e56 51ec78d3acd54e49a159516bb4979dc4 fd2b05cbcbd2418a9767633d0130e127] Making asynchronous cast on compute.compute1... cast /usr/lib/python2.7/dist-packages/nova/openstack/common/rpc/amqp.py:582
2014-04-03 15:08:56.477 16144 DEBUG nova.openstack.common.rpc.amqp [req-55f4156f-aa91-4b04-bc06-c6267c155e56 51ec78d3acd54e49a159516bb4979dc4 fd2b05cbcbd2418a9767633d0130e127] UNIQUE_ID is 559579b2d74e48b7844b01ade6fe5ebe. _add_unique_id /usr/lib/python2.7/dist-packages/nova/openstack/common/rpc/amqp.py:341
2014-04-03 15:08:56.477 16144 DEBUG nova.openstack.common.rpc.amqp [req-55f4156f-aa91-4b04-bc06-c6267c155e56 51ec78d3acd54e49a159516bb4979dc4 fd2b05cbcbd2418a9767633d0130e127] Pool creating new connection create /usr/lib/python2.7/dist-packages/nova/openstack/common/rpc/amqp.py:75
2014-04-03 15:08:56.496 16144 DEBUG amqp [-] Start from server, version: 0.9, properties: {u'information': u'Licensed under the MPL.  See http://www.rabbitmq.com/', u'product': u'RabbitMQ', u'copyright': u'Copyright (C) 2007-2011 VMware, Inc.', u'capabilities': {u'exchange_exchange_bindings': True, u'consumer_cancel_notify': True, u'publisher_confirms': True, u'basic.nack': True}, u'platform': u'Erlang/OTP', u'version': u'2.7.1'}, mechanisms: [u'PLAIN', u'AMQPLAIN'], locales: [u'en_US'] _start /usr/lib/python2.7/dist-packages/amqp/connection.py:706
2014-04-03 15:08:56.501 16144 DEBUG amqp [-] Open OK! _open_ok /usr/lib/python2.7/dist-packages/amqp/connection.py:592
2014-04-03 15:08:56.501 16144 DEBUG amqp [-] using channel_id: 1 __init__ /usr/lib/python2.7/dist-packages/amqp/channel.py:70
2014-04-03 15:08:56.502 16144 DEBUG amqp [-] Channel open _open_ok /usr/lib/python2.7/dist-packages/amqp/channel.py:420
2014-04-03 15:08:56.503 16144 INFO nova.openstack.common.rpc.common [req-55f4156f-aa91-4b04-bc06-c6267c155e56 51ec78d3acd54e49a159516bb4979dc4 fd2b05cbcbd2418a9767633d0130e127] Connected to AMQP server on controller:5672
2014-04-03 15:08:56.511 16144 DEBUG amqp [-] Closed channel #1 _do_close /usr/lib/python2.7/dist-packages/amqp/channel.py:88
2014-04-03 15:08:56.512 16144 DEBUG amqp [-] using channel_id: 1 __init__ /usr/lib/python2.7/dist-packages/amqp/channel.py:70
2014-04-03 15:08:56.513 16144 DEBUG amqp [-] Channel open _open_ok /usr/lib/python2.7/dist-packages/amqp/channel.py:420
2014-04-03 15:09:01.061 16144 DEBUG nova.openstack.common.periodic_task [-] Running periodic task SchedulerManager._expire_reservations run_periodic_tasks /usr/lib/python2.7/dist-packages/nova/openstack/common/periodic_task.py:176
2014-04-03 15:09:01.071 16144 DEBUG nova.openstack.common.loopingcall [-] Dynamic looping call sleeping for 60.00 seconds _inner /usr/lib/python2.7/dist-packages/nova/openstack/common/loopingcall.py:132
2014-04-03 15:10:01.073 16144 DEBUG nova.openstack.common.periodic_task [-] Running periodic task SchedulerManager._expire_reservations run_periodic_tasks /usr/lib/python2.7/dist-packages/nova/openstack/common/periodic_task.py:176
2014-04-03 15:10:01.078 16144 DEBUG nova.openstack.common.loopingcall [-] Dynamic looping call sleeping for 60.00 seconds _inner /usr/lib/python2.7/dist-packages/nova/openstack/common/loopingcall.py:132
