2014-04-03 15:07:11.803 16359 DEBUG glance.common.config [-] Loading glance-registry-keystone from /etc/glance/glance-registry-paste.ini load_paste_app /usr/lib/python2.7/dist-packages/glance/common/config.py:223
2014-04-03 15:07:14.652 16359 DEBUG routes.middleware [-] Initialized with method overriding = True, and path info altering = True __init__ /usr/lib/python2.7/dist-packages/routes/middleware.py:41
2014-04-03 15:07:14.659 16359 INFO keystoneclient.middleware.auth_token [-] Starting keystone auth_token middleware
2014-04-03 15:07:14.687 16359 INFO keystoneclient.middleware.auth_token [-] Using /tmp/keystone-signing-UQDikx as cache directory for signing certificate
2014-04-03 15:07:14.696 16359 DEBUG glance.common.config [-] ******************************************************************************** log_opt_values /usr/lib/python2.7/dist-packages/oslo/config/cfg.py:1928
2014-04-03 15:07:14.713 16359 DEBUG glance.common.config [-] Configuration options gathered from: log_opt_values /usr/lib/python2.7/dist-packages/oslo/config/cfg.py:1929
2014-04-03 15:07:14.721 16359 DEBUG glance.common.config [-] command line args: [] log_opt_values /usr/lib/python2.7/dist-packages/oslo/config/cfg.py:1930
2014-04-03 15:07:14.725 16359 DEBUG glance.common.config [-] config files: ['/etc/glance/glance-registry.conf'] log_opt_values /usr/lib/python2.7/dist-packages/oslo/config/cfg.py:1931
2014-04-03 15:07:14.728 16359 DEBUG glance.common.config [-] ================================================================================ log_opt_values /usr/lib/python2.7/dist-packages/oslo/config/cfg.py:1932
2014-04-03 15:07:14.731 16359 DEBUG glance.common.config [-] admin_role                     = admin log_opt_values /usr/lib/python2.7/dist-packages/oslo/config/cfg.py:1941
2014-04-03 15:07:14.737 16359 DEBUG glance.common.config [-] allow_additional_image_properties = True log_opt_values /usr/lib/python2.7/dist-packages/oslo/config/cfg.py:1941
2014-04-03 15:07:14.739 16359 DEBUG glance.common.config [-] allow_anonymous_access         = False log_opt_values /usr/lib/python2.7/dist-packages/oslo/config/cfg.py:1941
2014-04-03 15:07:14.749 16359 DEBUG glance.common.config [-] api_limit_max                  = 1000 log_opt_values /usr/lib/python2.7/dist-packages/oslo/config/cfg.py:1941
2014-04-03 15:07:14.758 16359 DEBUG glance.common.config [-] backlog                        = 4096 log_opt_values /usr/lib/python2.7/dist-packages/oslo/config/cfg.py:1941
2014-04-03 15:07:14.767 16359 DEBUG glance.common.config [-] bind_host                      = 0.0.0.0 log_opt_values /usr/lib/python2.7/dist-packages/oslo/config/cfg.py:1941
2014-04-03 15:07:14.774 16359 DEBUG glance.common.config [-] bind_port                      = 9191 log_opt_values /usr/lib/python2.7/dist-packages/oslo/config/cfg.py:1941
2014-04-03 15:07:14.781 16359 DEBUG glance.common.config [-] ca_file                        = None log_opt_values /usr/lib/python2.7/dist-packages/oslo/config/cfg.py:1941
2014-04-03 15:07:14.789 16359 DEBUG glance.common.config [-] cert_file                      = None log_opt_values /usr/lib/python2.7/dist-packages/oslo/config/cfg.py:1941
2014-04-03 15:07:14.796 16359 DEBUG glance.common.config [-] config_dir                     = None log_opt_values /usr/lib/python2.7/dist-packages/oslo/config/cfg.py:1941
2014-04-03 15:07:14.801 16359 DEBUG glance.common.config [-] config_file                    = ['/etc/glance/glance-registry.conf'] log_opt_values /usr/lib/python2.7/dist-packages/oslo/config/cfg.py:1941
2014-04-03 15:07:14.803 16359 DEBUG glance.common.config [-] container_formats              = ['ami', 'ari', 'aki', 'bare', 'ovf'] log_opt_values /usr/lib/python2.7/dist-packages/oslo/config/cfg.py:1941
2014-04-03 15:07:14.808 16359 DEBUG glance.common.config [-] data_api                       = glance.db.sqlalchemy.api log_opt_values /usr/lib/python2.7/dist-packages/oslo/config/cfg.py:1941
2014-04-03 15:07:14.813 16359 DEBUG glance.common.config [-] db_auto_create                 = False log_opt_values /usr/lib/python2.7/dist-packages/oslo/config/cfg.py:1941
2014-04-03 15:07:14.827 16359 DEBUG glance.common.config [-] debug                          = True log_opt_values /usr/lib/python2.7/dist-packages/oslo/config/cfg.py:1941
2014-04-03 15:07:14.837 16359 DEBUG glance.common.config [-] default_log_levels             = ['amqplib=WARN', 'sqlalchemy=WARN', 'boto=WARN', 'suds=INFO', 'keystone=INFO', 'eventlet.wsgi.server=WARN'] log_opt_values /usr/lib/python2.7/dist-packages/oslo/config/cfg.py:1941
2014-04-03 15:07:14.843 16359 DEBUG glance.common.config [-] disk_formats                   = ['ami', 'ari', 'aki', 'vhd', 'vmdk', 'raw', 'qcow2', 'vdi', 'iso'] log_opt_values /usr/lib/python2.7/dist-packages/oslo/config/cfg.py:1941
2014-04-03 15:07:14.845 16359 DEBUG glance.common.config [-] enable_v1_api                  = True log_opt_values /usr/lib/python2.7/dist-packages/oslo/config/cfg.py:1941
2014-04-03 15:07:14.851 16359 DEBUG glance.common.config [-] enable_v2_api                  = True log_opt_values /usr/lib/python2.7/dist-packages/oslo/config/cfg.py:1941
2014-04-03 15:07:14.852 16359 DEBUG glance.common.config [-] eventlet_hub                   = poll log_opt_values /usr/lib/python2.7/dist-packages/oslo/config/cfg.py:1941
2014-04-03 15:07:14.865 16359 DEBUG glance.common.config [-] fatal_deprecations             = False log_opt_values /usr/lib/python2.7/dist-packages/oslo/config/cfg.py:1941
2014-04-03 15:07:14.877 16359 DEBUG glance.common.config [-] image_size_cap                 = 1099511627776 log_opt_values /usr/lib/python2.7/dist-packages/oslo/config/cfg.py:1941
2014-04-03 15:07:14.882 16359 DEBUG glance.common.config [-] instance_format                = [instance: %(uuid)s]  log_opt_values /usr/lib/python2.7/dist-packages/oslo/config/cfg.py:1941
2014-04-03 15:07:14.885 16359 DEBUG glance.common.config [-] instance_uuid_format           = [instance: %(uuid)s]  log_opt_values /usr/lib/python2.7/dist-packages/oslo/config/cfg.py:1941
2014-04-03 15:07:14.887 16359 DEBUG glance.common.config [-] key_file                       = None log_opt_values /usr/lib/python2.7/dist-packages/oslo/config/cfg.py:1941
2014-04-03 15:07:14.889 16359 DEBUG glance.common.config [-] limit_param_default            = 25 log_opt_values /usr/lib/python2.7/dist-packages/oslo/config/cfg.py:1941
2014-04-03 15:07:14.894 16359 DEBUG glance.common.config [-] log_config                     = None log_opt_values /usr/lib/python2.7/dist-packages/oslo/config/cfg.py:1941
2014-04-03 15:07:14.901 16359 DEBUG glance.common.config [-] log_date_format                = %Y-%m-%d %H:%M:%S log_opt_values /usr/lib/python2.7/dist-packages/oslo/config/cfg.py:1941
2014-04-03 15:07:14.906 16359 DEBUG glance.common.config [-] log_dir                        = None log_opt_values /usr/lib/python2.7/dist-packages/oslo/config/cfg.py:1941
2014-04-03 15:07:14.919 16359 DEBUG glance.common.config [-] log_file                       = /var/log/glance/registry.log log_opt_values /usr/lib/python2.7/dist-packages/oslo/config/cfg.py:1941
2014-04-03 15:07:14.925 16359 DEBUG glance.common.config [-] log_format                     = None log_opt_values /usr/lib/python2.7/dist-packages/oslo/config/cfg.py:1941
2014-04-03 15:07:14.926 16359 DEBUG glance.common.config [-] logging_context_format_string  = %(asctime)s.%(msecs)03d %(process)d %(levelname)s %(name)s [%(request_id)s %(user)s %(tenant)s] %(instance)s%(message)s log_opt_values /usr/lib/python2.7/dist-packages/oslo/config/cfg.py:1941
2014-04-03 15:07:14.938 16359 DEBUG glance.common.config [-] logging_debug_format_suffix    = %(funcName)s %(pathname)s:%(lineno)d log_opt_values /usr/lib/python2.7/dist-packages/oslo/config/cfg.py:1941
2014-04-03 15:07:14.941 16359 DEBUG glance.common.config [-] logging_default_format_string  = %(asctime)s.%(msecs)03d %(process)d %(levelname)s %(name)s [-] %(instance)s%(message)s log_opt_values /usr/lib/python2.7/dist-packages/oslo/config/cfg.py:1941
2014-04-03 15:07:14.943 16359 DEBUG glance.common.config [-] logging_exception_prefix       = %(asctime)s.%(msecs)03d %(process)d TRACE %(name)s %(instance)s log_opt_values /usr/lib/python2.7/dist-packages/oslo/config/cfg.py:1941
2014-04-03 15:07:14.949 16359 DEBUG glance.common.config [-] memcached_servers              = None log_opt_values /usr/lib/python2.7/dist-packages/oslo/config/cfg.py:1941
2014-04-03 15:07:14.957 16359 DEBUG glance.common.config [-] metadata_encryption_key        = **** log_opt_values /usr/lib/python2.7/dist-packages/oslo/config/cfg.py:1941
2014-04-03 15:07:14.961 16359 DEBUG glance.common.config [-] owner_is_tenant                = True log_opt_values /usr/lib/python2.7/dist-packages/oslo/config/cfg.py:1941
2014-04-03 15:07:14.967 16359 DEBUG glance.common.config [-] policy_default_rule            = default log_opt_values /usr/lib/python2.7/dist-packages/oslo/config/cfg.py:1941
2014-04-03 15:07:14.968 16359 DEBUG glance.common.config [-] policy_file                    = policy.json log_opt_values /usr/lib/python2.7/dist-packages/oslo/config/cfg.py:1941
2014-04-03 15:07:14.973 16359 DEBUG glance.common.config [-] publish_errors                 = False log_opt_values /usr/lib/python2.7/dist-packages/oslo/config/cfg.py:1941
2014-04-03 15:07:14.978 16359 DEBUG glance.common.config [-] pydev_worker_debug_host        = None log_opt_values /usr/lib/python2.7/dist-packages/oslo/config/cfg.py:1941
2014-04-03 15:07:14.985 16359 DEBUG glance.common.config [-] pydev_worker_debug_port        = 5678 log_opt_values /usr/lib/python2.7/dist-packages/oslo/config/cfg.py:1941
2014-04-03 15:07:15.001 16359 DEBUG glance.common.config [-] registry_host                  = 0.0.0.0 log_opt_values /usr/lib/python2.7/dist-packages/oslo/config/cfg.py:1941
2014-04-03 15:07:15.005 16359 DEBUG glance.common.config [-] registry_port                  = 9191 log_opt_values /usr/lib/python2.7/dist-packages/oslo/config/cfg.py:1941
2014-04-03 15:07:15.007 16359 DEBUG glance.common.config [-] show_image_direct_url          = False log_opt_values /usr/lib/python2.7/dist-packages/oslo/config/cfg.py:1941
2014-04-03 15:07:15.013 16359 DEBUG glance.common.config [-] show_multiple_locations        = False log_opt_values /usr/lib/python2.7/dist-packages/oslo/config/cfg.py:1941
2014-04-03 15:07:15.017 16359 DEBUG glance.common.config [-] sql_connection                 = *************************************** log_opt_values /usr/lib/python2.7/dist-packages/oslo/config/cfg.py:1941
2014-04-03 15:07:15.018 16359 DEBUG glance.common.config [-] sql_idle_timeout               = 3600 log_opt_values /usr/lib/python2.7/dist-packages/oslo/config/cfg.py:1941
2014-04-03 15:07:15.027 16359 DEBUG glance.common.config [-] sql_max_retries                = 60 log_opt_values /usr/lib/python2.7/dist-packages/oslo/config/cfg.py:1941
2014-04-03 15:07:15.037 16359 DEBUG glance.common.config [-] sql_retry_interval             = 1 log_opt_values /usr/lib/python2.7/dist-packages/oslo/config/cfg.py:1941
2014-04-03 15:07:15.043 16359 DEBUG glance.common.config [-] sqlalchemy_debug               = False log_opt_values /usr/lib/python2.7/dist-packages/oslo/config/cfg.py:1941
2014-04-03 15:07:15.046 16359 DEBUG glance.common.config [-] syslog_log_facility            = LOG_USER log_opt_values /usr/lib/python2.7/dist-packages/oslo/config/cfg.py:1941
2014-04-03 15:07:15.047 16359 DEBUG glance.common.config [-] tcp_keepidle                   = 600 log_opt_values /usr/lib/python2.7/dist-packages/oslo/config/cfg.py:1941
2014-04-03 15:07:15.049 16359 DEBUG glance.common.config [-] use_stderr                     = True log_opt_values /usr/lib/python2.7/dist-packages/oslo/config/cfg.py:1941
2014-04-03 15:07:15.061 16359 DEBUG glance.common.config [-] use_syslog                     = False log_opt_values /usr/lib/python2.7/dist-packages/oslo/config/cfg.py:1941
2014-04-03 15:07:15.065 16359 DEBUG glance.common.config [-] use_tpool                      = False log_opt_values /usr/lib/python2.7/dist-packages/oslo/config/cfg.py:1941
2014-04-03 15:07:15.069 16359 DEBUG glance.common.config [-] user_storage_quota             = 0 log_opt_values /usr/lib/python2.7/dist-packages/oslo/config/cfg.py:1941
2014-04-03 15:07:15.081 16359 DEBUG glance.common.config [-] verbose                        = True log_opt_values /usr/lib/python2.7/dist-packages/oslo/config/cfg.py:1941
2014-04-03 15:07:15.083 16359 DEBUG glance.common.config [-] workers                        = 1 log_opt_values /usr/lib/python2.7/dist-packages/oslo/config/cfg.py:1941
2014-04-03 15:07:15.089 16359 DEBUG glance.common.config [-] paste_deploy.config_file       = None log_opt_values /usr/lib/python2.7/dist-packages/oslo/config/cfg.py:1949
2014-04-03 15:07:15.094 16359 DEBUG glance.common.config [-] paste_deploy.flavor            = keystone log_opt_values /usr/lib/python2.7/dist-packages/oslo/config/cfg.py:1949
2014-04-03 15:07:15.101 16359 DEBUG glance.common.config [-] keystone_authtoken.admin_password = ****** log_opt_values /usr/lib/python2.7/dist-packages/oslo/config/cfg.py:1949
2014-04-03 15:07:15.110 16359 DEBUG glance.common.config [-] keystone_authtoken.admin_tenant_name = service log_opt_values /usr/lib/python2.7/dist-packages/oslo/config/cfg.py:1949
2014-04-03 15:07:15.113 16359 DEBUG glance.common.config [-] keystone_authtoken.admin_token = **** log_opt_values /usr/lib/python2.7/dist-packages/oslo/config/cfg.py:1949
2014-04-03 15:07:15.117 16359 DEBUG glance.common.config [-] keystone_authtoken.admin_user  = glance log_opt_values /usr/lib/python2.7/dist-packages/oslo/config/cfg.py:1949
2014-04-03 15:07:15.120 16359 DEBUG glance.common.config [-] keystone_authtoken.auth_admin_prefix =  log_opt_values /usr/lib/python2.7/dist-packages/oslo/config/cfg.py:1949
2014-04-03 15:07:15.127 16359 DEBUG glance.common.config [-] keystone_authtoken.auth_host   = controller log_opt_values /usr/lib/python2.7/dist-packages/oslo/config/cfg.py:1949
2014-04-03 15:07:15.137 16359 DEBUG glance.common.config [-] keystone_authtoken.auth_port   = 35357 log_opt_values /usr/lib/python2.7/dist-packages/oslo/config/cfg.py:1949
2014-04-03 15:07:15.141 16359 DEBUG glance.common.config [-] keystone_authtoken.auth_protocol = http log_opt_values /usr/lib/python2.7/dist-packages/oslo/config/cfg.py:1949
2014-04-03 15:07:15.149 16359 DEBUG glance.common.config [-] keystone_authtoken.auth_uri    = http://controller:5000 log_opt_values /usr/lib/python2.7/dist-packages/oslo/config/cfg.py:1949
2014-04-03 15:07:15.152 16359 DEBUG glance.common.config [-] keystone_authtoken.auth_version = None log_opt_values /usr/lib/python2.7/dist-packages/oslo/config/cfg.py:1949
2014-04-03 15:07:15.153 16359 DEBUG glance.common.config [-] keystone_authtoken.cache       = None log_opt_values /usr/lib/python2.7/dist-packages/oslo/config/cfg.py:1949
2014-04-03 15:07:15.162 16359 DEBUG glance.common.config [-] keystone_authtoken.certfile    = None log_opt_values /usr/lib/python2.7/dist-packages/oslo/config/cfg.py:1949
2014-04-03 15:07:15.165 16359 DEBUG glance.common.config [-] keystone_authtoken.delay_auth_decision = False log_opt_values /usr/lib/python2.7/dist-packages/oslo/config/cfg.py:1949
2014-04-03 15:07:15.168 16359 DEBUG glance.common.config [-] keystone_authtoken.http_connect_timeout = None log_opt_values /usr/lib/python2.7/dist-packages/oslo/config/cfg.py:1949
2014-04-03 15:07:15.173 16359 DEBUG glance.common.config [-] keystone_authtoken.http_handler = None log_opt_values /usr/lib/python2.7/dist-packages/oslo/config/cfg.py:1949
2014-04-03 15:07:15.178 16359 DEBUG glance.common.config [-] keystone_authtoken.keyfile     = None log_opt_values /usr/lib/python2.7/dist-packages/oslo/config/cfg.py:1949
2014-04-03 15:07:15.184 16359 DEBUG glance.common.config [-] keystone_authtoken.memcache_secret_key = **** log_opt_values /usr/lib/python2.7/dist-packages/oslo/config/cfg.py:1949
2014-04-03 15:07:15.193 16359 DEBUG glance.common.config [-] keystone_authtoken.memcache_security_strategy = None log_opt_values /usr/lib/python2.7/dist-packages/oslo/config/cfg.py:1949
2014-04-03 15:07:15.195 16359 DEBUG glance.common.config [-] keystone_authtoken.memcached_servers = None log_opt_values /usr/lib/python2.7/dist-packages/oslo/config/cfg.py:1949
2014-04-03 15:07:15.205 16359 DEBUG glance.common.config [-] keystone_authtoken.revocation_cache_time = 1 log_opt_values /usr/lib/python2.7/dist-packages/oslo/config/cfg.py:1949
2014-04-03 15:07:15.210 16359 DEBUG glance.common.config [-] keystone_authtoken.signing_dir = None log_opt_values /usr/lib/python2.7/dist-packages/oslo/config/cfg.py:1949
2014-04-03 15:07:15.218 16359 DEBUG glance.common.config [-] keystone_authtoken.token_cache_time = 300 log_opt_values /usr/lib/python2.7/dist-packages/oslo/config/cfg.py:1949
2014-04-03 15:07:15.221 16359 DEBUG glance.common.config [-] ******************************************************************************** log_opt_values /usr/lib/python2.7/dist-packages/oslo/config/cfg.py:1951
2014-04-03 15:08:55.227 16413 DEBUG keystoneclient.middleware.auth_token [-] Authenticating user token __call__ /usr/lib/python2.7/dist-packages/keystoneclient/middleware/auth_token.py:526
2014-04-03 15:08:55.229 16413 DEBUG keystoneclient.middleware.auth_token [-] Removing headers from request environment: X-Identity-Status,X-Domain-Id,X-Domain-Name,X-Project-Id,X-Project-Name,X-Project-Domain-Id,X-Project-Domain-Name,X-User-Id,X-User-Name,X-User-Domain-Id,X-User-Domain-Name,X-Roles,X-Service-Catalog,X-User,X-Tenant-Id,X-Tenant-Name,X-Tenant,X-Role _remove_auth_headers /usr/lib/python2.7/dist-packages/keystoneclient/middleware/auth_token.py:585
2014-04-03 15:08:55.539 16413 DEBUG keystoneclient.middleware.auth_token [-] Storing 74c24c1c0ca24c64a02677eff2391b21 token in memcache _cache_put /usr/lib/python2.7/dist-packages/keystoneclient/middleware/auth_token.py:1036
2014-04-03 15:08:55.546 16413 DEBUG routes.middleware [-] Matched GET /images/eeda37d3-f5ca-4f10-a03b-d9ef9959765c __call__ /usr/lib/python2.7/dist-packages/routes/middleware.py:100
2014-04-03 15:08:55.547 16413 DEBUG routes.middleware [-] Route path: '/images/{id}', defaults: {'action': u'show', 'controller': <glance.common.wsgi.Resource object at 0x23dbad0>} __call__ /usr/lib/python2.7/dist-packages/routes/middleware.py:102
2014-04-03 15:08:55.547 16413 DEBUG routes.middleware [-] Match dict: {'action': u'show', 'controller': <glance.common.wsgi.Resource object at 0x23dbad0>, 'id': u'eeda37d3-f5ca-4f10-a03b-d9ef9959765c'} __call__ /usr/lib/python2.7/dist-packages/routes/middleware.py:103
2014-04-03 15:08:55.564 16413 INFO glance.db.sqlalchemy.api [9c4ca1dd-cbd0-4112-91ef-0a7907b08c01 51ec78d3acd54e49a159516bb4979dc4 fd2b05cbcbd2418a9767633d0130e127] not auto-creating glance registry DB
2014-04-03 15:08:55.591 16413 INFO glance.registry.api.v1.images [9c4ca1dd-cbd0-4112-91ef-0a7907b08c01 51ec78d3acd54e49a159516bb4979dc4 fd2b05cbcbd2418a9767633d0130e127] Successfully retrieved image eeda37d3-f5ca-4f10-a03b-d9ef9959765c
2014-04-03 15:08:55.612 16413 DEBUG keystoneclient.middleware.auth_token [-] Authenticating user token __call__ /usr/lib/python2.7/dist-packages/keystoneclient/middleware/auth_token.py:526
2014-04-03 15:08:55.612 16413 DEBUG keystoneclient.middleware.auth_token [-] Removing headers from request environment: X-Identity-Status,X-Domain-Id,X-Domain-Name,X-Project-Id,X-Project-Name,X-Project-Domain-Id,X-Project-Domain-Name,X-User-Id,X-User-Name,X-User-Domain-Id,X-User-Domain-Name,X-Roles,X-Service-Catalog,X-User,X-Tenant-Id,X-Tenant-Name,X-Tenant,X-Role _remove_auth_headers /usr/lib/python2.7/dist-packages/keystoneclient/middleware/auth_token.py:585
2014-04-03 15:08:55.613 16413 DEBUG keystoneclient.middleware.auth_token [-] Returning cached token 74c24c1c0ca24c64a02677eff2391b21 _cache_get /usr/lib/python2.7/dist-packages/keystoneclient/middleware/auth_token.py:976
2014-04-03 15:08:55.614 16413 DEBUG routes.middleware [-] Matched GET /images/eeda37d3-f5ca-4f10-a03b-d9ef9959765c __call__ /usr/lib/python2.7/dist-packages/routes/middleware.py:100
2014-04-03 15:08:55.614 16413 DEBUG routes.middleware [-] Route path: '/images/{id}', defaults: {'action': u'show', 'controller': <glance.common.wsgi.Resource object at 0x23dbad0>} __call__ /usr/lib/python2.7/dist-packages/routes/middleware.py:102
2014-04-03 15:08:55.614 16413 DEBUG routes.middleware [-] Match dict: {'action': u'show', 'controller': <glance.common.wsgi.Resource object at 0x23dbad0>, 'id': u'eeda37d3-f5ca-4f10-a03b-d9ef9959765c'} __call__ /usr/lib/python2.7/dist-packages/routes/middleware.py:103
2014-04-03 15:08:55.635 16413 INFO glance.registry.api.v1.images [44c0bec9-af9b-4c54-9fd9-aff9eec20c86 51ec78d3acd54e49a159516bb4979dc4 fd2b05cbcbd2418a9767633d0130e127] Successfully retrieved image eeda37d3-f5ca-4f10-a03b-d9ef9959765c
2014-04-03 15:08:55.709 16413 DEBUG keystoneclient.middleware.auth_token [-] Authenticating user token __call__ /usr/lib/python2.7/dist-packages/keystoneclient/middleware/auth_token.py:526
2014-04-03 15:08:55.710 16413 DEBUG keystoneclient.middleware.auth_token [-] Removing headers from request environment: X-Identity-Status,X-Domain-Id,X-Domain-Name,X-Project-Id,X-Project-Name,X-Project-Domain-Id,X-Project-Domain-Name,X-User-Id,X-User-Name,X-User-Domain-Id,X-User-Domain-Name,X-Roles,X-Service-Catalog,X-User,X-Tenant-Id,X-Tenant-Name,X-Tenant,X-Role _remove_auth_headers /usr/lib/python2.7/dist-packages/keystoneclient/middleware/auth_token.py:585
2014-04-03 15:08:55.710 16413 DEBUG keystoneclient.middleware.auth_token [-] Returning cached token 74c24c1c0ca24c64a02677eff2391b21 _cache_get /usr/lib/python2.7/dist-packages/keystoneclient/middleware/auth_token.py:976
2014-04-03 15:08:55.711 16413 DEBUG routes.middleware [-] Matched GET /images/eeda37d3-f5ca-4f10-a03b-d9ef9959765c __call__ /usr/lib/python2.7/dist-packages/routes/middleware.py:100
2014-04-03 15:08:55.711 16413 DEBUG routes.middleware [-] Route path: '/images/{id}', defaults: {'action': u'show', 'controller': <glance.common.wsgi.Resource object at 0x23dbad0>} __call__ /usr/lib/python2.7/dist-packages/routes/middleware.py:102
2014-04-03 15:08:55.711 16413 DEBUG routes.middleware [-] Match dict: {'action': u'show', 'controller': <glance.common.wsgi.Resource object at 0x23dbad0>, 'id': u'eeda37d3-f5ca-4f10-a03b-d9ef9959765c'} __call__ /usr/lib/python2.7/dist-packages/routes/middleware.py:103
2014-04-03 15:08:55.720 16413 INFO glance.registry.api.v1.images [f80009d4-c8ac-4c53-87f1-28d4eb24c6ba 51ec78d3acd54e49a159516bb4979dc4 fd2b05cbcbd2418a9767633d0130e127] Successfully retrieved image eeda37d3-f5ca-4f10-a03b-d9ef9959765c
2014-04-03 15:08:55.737 16413 DEBUG keystoneclient.middleware.auth_token [-] Authenticating user token __call__ /usr/lib/python2.7/dist-packages/keystoneclient/middleware/auth_token.py:526
2014-04-03 15:08:55.737 16413 DEBUG keystoneclient.middleware.auth_token [-] Removing headers from request environment: X-Identity-Status,X-Domain-Id,X-Domain-Name,X-Project-Id,X-Project-Name,X-Project-Domain-Id,X-Project-Domain-Name,X-User-Id,X-User-Name,X-User-Domain-Id,X-User-Domain-Name,X-Roles,X-Service-Catalog,X-User,X-Tenant-Id,X-Tenant-Name,X-Tenant,X-Role _remove_auth_headers /usr/lib/python2.7/dist-packages/keystoneclient/middleware/auth_token.py:585
2014-04-03 15:08:55.738 16413 DEBUG keystoneclient.middleware.auth_token [-] Returning cached token 74c24c1c0ca24c64a02677eff2391b21 _cache_get /usr/lib/python2.7/dist-packages/keystoneclient/middleware/auth_token.py:976
2014-04-03 15:08:55.739 16413 DEBUG routes.middleware [-] Matched GET /images/eeda37d3-f5ca-4f10-a03b-d9ef9959765c __call__ /usr/lib/python2.7/dist-packages/routes/middleware.py:100
2014-04-03 15:08:55.739 16413 DEBUG routes.middleware [-] Route path: '/images/{id}', defaults: {'action': u'show', 'controller': <glance.common.wsgi.Resource object at 0x23dbad0>} __call__ /usr/lib/python2.7/dist-packages/routes/middleware.py:102
2014-04-03 15:08:55.739 16413 DEBUG routes.middleware [-] Match dict: {'action': u'show', 'controller': <glance.common.wsgi.Resource object at 0x23dbad0>, 'id': u'eeda37d3-f5ca-4f10-a03b-d9ef9959765c'} __call__ /usr/lib/python2.7/dist-packages/routes/middleware.py:103
2014-04-03 15:08:55.749 16413 INFO glance.registry.api.v1.images [fdfbf6a0-1773-4006-8811-c096b9856663 51ec78d3acd54e49a159516bb4979dc4 fd2b05cbcbd2418a9767633d0130e127] Successfully retrieved image eeda37d3-f5ca-4f10-a03b-d9ef9959765c
2014-04-03 15:08:56.546 16413 DEBUG keystoneclient.middleware.auth_token [-] Authenticating user token __call__ /usr/lib/python2.7/dist-packages/keystoneclient/middleware/auth_token.py:526
2014-04-03 15:08:56.547 16413 DEBUG keystoneclient.middleware.auth_token [-] Removing headers from request environment: X-Identity-Status,X-Domain-Id,X-Domain-Name,X-Project-Id,X-Project-Name,X-Project-Domain-Id,X-Project-Domain-Name,X-User-Id,X-User-Name,X-User-Domain-Id,X-User-Domain-Name,X-Roles,X-Service-Catalog,X-User,X-Tenant-Id,X-Tenant-Name,X-Tenant,X-Role _remove_auth_headers /usr/lib/python2.7/dist-packages/keystoneclient/middleware/auth_token.py:585
2014-04-03 15:08:56.547 16413 DEBUG keystoneclient.middleware.auth_token [-] Returning cached token 74c24c1c0ca24c64a02677eff2391b21 _cache_get /usr/lib/python2.7/dist-packages/keystoneclient/middleware/auth_token.py:976
2014-04-03 15:08:56.548 16413 DEBUG routes.middleware [-] Matched GET /images/eeda37d3-f5ca-4f10-a03b-d9ef9959765c __call__ /usr/lib/python2.7/dist-packages/routes/middleware.py:100
2014-04-03 15:08:56.548 16413 DEBUG routes.middleware [-] Route path: '/images/{id}', defaults: {'action': u'show', 'controller': <glance.common.wsgi.Resource object at 0x23dbad0>} __call__ /usr/lib/python2.7/dist-packages/routes/middleware.py:102
2014-04-03 15:08:56.549 16413 DEBUG routes.middleware [-] Match dict: {'action': u'show', 'controller': <glance.common.wsgi.Resource object at 0x23dbad0>, 'id': u'eeda37d3-f5ca-4f10-a03b-d9ef9959765c'} __call__ /usr/lib/python2.7/dist-packages/routes/middleware.py:103
2014-04-03 15:08:56.694 16413 INFO glance.registry.api.v1.images [f2b0fe82-f2ae-47bb-bc49-f8c11d741b25 51ec78d3acd54e49a159516bb4979dc4 fd2b05cbcbd2418a9767633d0130e127] Successfully retrieved image eeda37d3-f5ca-4f10-a03b-d9ef9959765c
2014-04-03 15:08:56.720 16413 DEBUG keystoneclient.middleware.auth_token [-] Authenticating user token __call__ /usr/lib/python2.7/dist-packages/keystoneclient/middleware/auth_token.py:526
2014-04-03 15:08:56.720 16413 DEBUG keystoneclient.middleware.auth_token [-] Removing headers from request environment: X-Identity-Status,X-Domain-Id,X-Domain-Name,X-Project-Id,X-Project-Name,X-Project-Domain-Id,X-Project-Domain-Name,X-User-Id,X-User-Name,X-User-Domain-Id,X-User-Domain-Name,X-Roles,X-Service-Catalog,X-User,X-Tenant-Id,X-Tenant-Name,X-Tenant,X-Role _remove_auth_headers /usr/lib/python2.7/dist-packages/keystoneclient/middleware/auth_token.py:585
2014-04-03 15:08:56.720 16413 DEBUG keystoneclient.middleware.auth_token [-] Returning cached token 74c24c1c0ca24c64a02677eff2391b21 _cache_get /usr/lib/python2.7/dist-packages/keystoneclient/middleware/auth_token.py:976
2014-04-03 15:08:56.721 16413 DEBUG routes.middleware [-] Matched GET /images/eeda37d3-f5ca-4f10-a03b-d9ef9959765c __call__ /usr/lib/python2.7/dist-packages/routes/middleware.py:100
2014-04-03 15:08:56.721 16413 DEBUG routes.middleware [-] Route path: '/images/{id}', defaults: {'action': u'show', 'controller': <glance.common.wsgi.Resource object at 0x23dbad0>} __call__ /usr/lib/python2.7/dist-packages/routes/middleware.py:102
2014-04-03 15:08:56.722 16413 DEBUG routes.middleware [-] Match dict: {'action': u'show', 'controller': <glance.common.wsgi.Resource object at 0x23dbad0>, 'id': u'eeda37d3-f5ca-4f10-a03b-d9ef9959765c'} __call__ /usr/lib/python2.7/dist-packages/routes/middleware.py:103
2014-04-03 15:08:56.735 16413 INFO glance.registry.api.v1.images [4a2e2b88-f806-43d2-8550-697bdaac7c2c 51ec78d3acd54e49a159516bb4979dc4 fd2b05cbcbd2418a9767633d0130e127] Successfully retrieved image eeda37d3-f5ca-4f10-a03b-d9ef9959765c
2014-04-03 15:08:56.830 16413 DEBUG keystoneclient.middleware.auth_token [-] Authenticating user token __call__ /usr/lib/python2.7/dist-packages/keystoneclient/middleware/auth_token.py:526
2014-04-03 15:08:56.830 16413 DEBUG keystoneclient.middleware.auth_token [-] Removing headers from request environment: X-Identity-Status,X-Domain-Id,X-Domain-Name,X-Project-Id,X-Project-Name,X-Project-Domain-Id,X-Project-Domain-Name,X-User-Id,X-User-Name,X-User-Domain-Id,X-User-Domain-Name,X-Roles,X-Service-Catalog,X-User,X-Tenant-Id,X-Tenant-Name,X-Tenant,X-Role _remove_auth_headers /usr/lib/python2.7/dist-packages/keystoneclient/middleware/auth_token.py:585
2014-04-03 15:08:56.831 16413 DEBUG keystoneclient.middleware.auth_token [-] Returning cached token 74c24c1c0ca24c64a02677eff2391b21 _cache_get /usr/lib/python2.7/dist-packages/keystoneclient/middleware/auth_token.py:976
2014-04-03 15:08:56.832 16413 DEBUG routes.middleware [-] Matched GET /images/eeda37d3-f5ca-4f10-a03b-d9ef9959765c __call__ /usr/lib/python2.7/dist-packages/routes/middleware.py:100
2014-04-03 15:08:56.833 16413 DEBUG routes.middleware [-] Route path: '/images/{id}', defaults: {'action': u'show', 'controller': <glance.common.wsgi.Resource object at 0x23dbad0>} __call__ /usr/lib/python2.7/dist-packages/routes/middleware.py:102
2014-04-03 15:08:56.833 16413 DEBUG routes.middleware [-] Match dict: {'action': u'show', 'controller': <glance.common.wsgi.Resource object at 0x23dbad0>, 'id': u'eeda37d3-f5ca-4f10-a03b-d9ef9959765c'} __call__ /usr/lib/python2.7/dist-packages/routes/middleware.py:103
2014-04-03 15:08:56.842 16413 INFO glance.registry.api.v1.images [6f0a088d-5b54-410d-9a69-5c5f15a7190e 51ec78d3acd54e49a159516bb4979dc4 fd2b05cbcbd2418a9767633d0130e127] Successfully retrieved image eeda37d3-f5ca-4f10-a03b-d9ef9959765c
2014-04-03 15:08:56.869 16413 DEBUG keystoneclient.middleware.auth_token [-] Authenticating user token __call__ /usr/lib/python2.7/dist-packages/keystoneclient/middleware/auth_token.py:526
2014-04-03 15:08:56.869 16413 DEBUG keystoneclient.middleware.auth_token [-] Removing headers from request environment: X-Identity-Status,X-Domain-Id,X-Domain-Name,X-Project-Id,X-Project-Name,X-Project-Domain-Id,X-Project-Domain-Name,X-User-Id,X-User-Name,X-User-Domain-Id,X-User-Domain-Name,X-Roles,X-Service-Catalog,X-User,X-Tenant-Id,X-Tenant-Name,X-Tenant,X-Role _remove_auth_headers /usr/lib/python2.7/dist-packages/keystoneclient/middleware/auth_token.py:585
2014-04-03 15:08:56.870 16413 DEBUG keystoneclient.middleware.auth_token [-] Returning cached token 74c24c1c0ca24c64a02677eff2391b21 _cache_get /usr/lib/python2.7/dist-packages/keystoneclient/middleware/auth_token.py:976
2014-04-03 15:08:56.871 16413 DEBUG routes.middleware [-] Matched GET /images/eeda37d3-f5ca-4f10-a03b-d9ef9959765c __call__ /usr/lib/python2.7/dist-packages/routes/middleware.py:100
2014-04-03 15:08:56.871 16413 DEBUG routes.middleware [-] Route path: '/images/{id}', defaults: {'action': u'show', 'controller': <glance.common.wsgi.Resource object at 0x23dbad0>} __call__ /usr/lib/python2.7/dist-packages/routes/middleware.py:102
2014-04-03 15:08:56.871 16413 DEBUG routes.middleware [-] Match dict: {'action': u'show', 'controller': <glance.common.wsgi.Resource object at 0x23dbad0>, 'id': u'eeda37d3-f5ca-4f10-a03b-d9ef9959765c'} __call__ /usr/lib/python2.7/dist-packages/routes/middleware.py:103
2014-04-03 15:08:56.881 16413 INFO glance.registry.api.v1.images [cabb7435-b3a4-4489-82a6-53ad2216ca21 51ec78d3acd54e49a159516bb4979dc4 fd2b05cbcbd2418a9767633d0130e127] Successfully retrieved image eeda37d3-f5ca-4f10-a03b-d9ef9959765c
